2020-07-27 16:20:07.428 [main] INFO  com.chz.DBTest - The following profiles are active: dev
2020-07-27 16:20:08.426 [main] INFO  o.s.d.r.config.RepositoryConfigurationDelegate - Multiple Spring Data modules found, entering strict repository configuration mode!
2020-07-27 16:20:08.431 [main] INFO  o.s.d.r.config.RepositoryConfigurationDelegate - Bootstrapping Spring Data Redis repositories in DEFAULT mode.
2020-07-27 16:20:08.474 [main] INFO  o.s.d.r.config.RepositoryConfigurationDelegate - Finished Spring Data repository scanning in 23ms. Found 0 Redis repository interfaces.
2020-07-27 16:20:08.936 [main] INFO  o.springframework.cloud.context.scope.GenericScope - BeanFactory id=0d674bb2-cf87-3876-b882-ed4736994d70
2020-07-27 16:20:09.639 [main] INFO  o.s.c.s.PostProcessorRegistrationDelegate$BeanPostProcessorChecker - Bean 'redisConfig' of type [com.chz.servicebase.config.RedisConfig$$EnhancerBySpringCGLIB$$fd7cf06a] is not eligible for getting processed by all BeanPostProcessors (for example: not eligible for auto-proxying)
2020-07-27 16:20:09.731 [main] INFO  o.s.c.s.PostProcessorRegistrationDelegate$BeanPostProcessorChecker - Bean 'org.springframework.cloud.autoconfigure.ConfigurationPropertiesRebinderAutoConfiguration' of type [org.springframework.cloud.autoconfigure.ConfigurationPropertiesRebinderAutoConfiguration] is not eligible for getting processed by all BeanPostProcessors (for example: not eligible for auto-proxying)
2020-07-27 16:20:13.352 [main] INFO  s.d.s.w.PropertySourcedRequestMappingHandlerMapping - Mapped URL path [/v2/api-docs] onto method [springfox.documentation.swagger2.web.Swagger2Controller#getDocumentation(String, HttpServletRequest)]
2020-07-27 16:20:13.626 [main] INFO  com.netflix.config.sources.URLConfigurationSource - To enable URLs as dynamic configuration sources, define System property archaius.configurationSource.additionalUrls or make config.properties available on classpath.
2020-07-27 16:20:13.649 [main] INFO  com.netflix.config.sources.URLConfigurationSource - To enable URLs as dynamic configuration sources, define System property archaius.configurationSource.additionalUrls or make config.properties available on classpath.
2020-07-27 16:20:13.979 [main] INFO  o.s.scheduling.concurrent.ThreadPoolTaskExecutor - Initializing ExecutorService 'applicationTaskExecutor'
2020-07-27 16:20:15.454 [main] INFO  o.s.scheduling.concurrent.ThreadPoolTaskScheduler - Initializing ExecutorService
2020-07-27 16:20:17.384 [main] INFO  s.d.s.web.plugins.DocumentationPluginsBootstrapper - Context refreshed
2020-07-27 16:20:17.438 [main] INFO  s.d.s.web.plugins.DocumentationPluginsBootstrapper - Found 1 custom documentation plugin(s)
2020-07-27 16:20:17.495 [main] INFO  s.d.spring.web.scanners.ApiListingReferenceScanner - Scanning for api listing references
2020-07-27 16:20:18.082 [main] INFO  com.chz.DBTest - Started DBTest in 13.333 seconds (JVM running for 15.152)
2020-07-27 16:20:18.790 [main] INFO  com.zaxxer.hikari.HikariDataSource - HikariPool - Starting...
2020-07-27 16:20:19.993 [main] INFO  com.zaxxer.hikari.HikariDataSource - HikariPool - Start completed.
2020-07-27 16:20:20.090 [SpringContextShutdownHook] INFO  o.s.scheduling.concurrent.ThreadPoolTaskExecutor - Shutting down ExecutorService 'applicationTaskExecutor'
2020-07-27 16:20:20.119 [SpringContextShutdownHook] INFO  com.zaxxer.hikari.HikariDataSource - HikariPool - Shutdown initiated...
2020-07-27 16:20:20.129 [SpringContextShutdownHook] INFO  com.zaxxer.hikari.HikariDataSource - HikariPool - Shutdown completed.
2020-07-27 16:24:31.325 [main] INFO  com.chz.DBTest - The following profiles are active: dev
2020-07-27 16:24:32.418 [main] INFO  o.s.d.r.config.RepositoryConfigurationDelegate - Multiple Spring Data modules found, entering strict repository configuration mode!
2020-07-27 16:24:32.421 [main] INFO  o.s.d.r.config.RepositoryConfigurationDelegate - Bootstrapping Spring Data Redis repositories in DEFAULT mode.
2020-07-27 16:24:32.462 [main] INFO  o.s.d.r.config.RepositoryConfigurationDelegate - Finished Spring Data repository scanning in 24ms. Found 0 Redis repository interfaces.
2020-07-27 16:24:32.870 [main] INFO  o.springframework.cloud.context.scope.GenericScope - BeanFactory id=0d674bb2-cf87-3876-b882-ed4736994d70
2020-07-27 16:24:33.370 [main] INFO  o.s.c.s.PostProcessorRegistrationDelegate$BeanPostProcessorChecker - Bean 'redisConfig' of type [com.chz.servicebase.config.RedisConfig$$EnhancerBySpringCGLIB$$910b9584] is not eligible for getting processed by all BeanPostProcessors (for example: not eligible for auto-proxying)
2020-07-27 16:24:33.452 [main] INFO  o.s.c.s.PostProcessorRegistrationDelegate$BeanPostProcessorChecker - Bean 'org.springframework.cloud.autoconfigure.ConfigurationPropertiesRebinderAutoConfiguration' of type [org.springframework.cloud.autoconfigure.ConfigurationPropertiesRebinderAutoConfiguration] is not eligible for getting processed by all BeanPostProcessors (for example: not eligible for auto-proxying)
2020-07-27 16:24:36.852 [main] INFO  s.d.s.w.PropertySourcedRequestMappingHandlerMapping - Mapped URL path [/v2/api-docs] onto method [springfox.documentation.swagger2.web.Swagger2Controller#getDocumentation(String, HttpServletRequest)]
2020-07-27 16:24:37.095 [main] INFO  com.netflix.config.sources.URLConfigurationSource - To enable URLs as dynamic configuration sources, define System property archaius.configurationSource.additionalUrls or make config.properties available on classpath.
2020-07-27 16:24:37.106 [main] INFO  com.netflix.config.sources.URLConfigurationSource - To enable URLs as dynamic configuration sources, define System property archaius.configurationSource.additionalUrls or make config.properties available on classpath.
2020-07-27 16:24:37.410 [main] INFO  o.s.scheduling.concurrent.ThreadPoolTaskExecutor - Initializing ExecutorService 'applicationTaskExecutor'
2020-07-27 16:24:38.905 [main] INFO  o.s.scheduling.concurrent.ThreadPoolTaskScheduler - Initializing ExecutorService
2020-07-27 16:24:40.525 [main] INFO  s.d.s.web.plugins.DocumentationPluginsBootstrapper - Context refreshed
2020-07-27 16:24:40.571 [main] INFO  s.d.s.web.plugins.DocumentationPluginsBootstrapper - Found 1 custom documentation plugin(s)
2020-07-27 16:24:40.636 [main] INFO  s.d.spring.web.scanners.ApiListingReferenceScanner - Scanning for api listing references
2020-07-27 16:24:41.257 [main] INFO  com.chz.DBTest - Started DBTest in 12.832 seconds (JVM running for 14.353)
2020-07-27 16:24:41.661 [main] INFO  com.zaxxer.hikari.HikariDataSource - HikariPool - Starting...
2020-07-27 16:24:42.756 [main] INFO  com.zaxxer.hikari.HikariDataSource - HikariPool - Start completed.
2020-07-27 16:24:42.969 [SpringContextShutdownHook] INFO  o.s.scheduling.concurrent.ThreadPoolTaskExecutor - Shutting down ExecutorService 'applicationTaskExecutor'
2020-07-27 16:24:42.994 [SpringContextShutdownHook] INFO  com.zaxxer.hikari.HikariDataSource - HikariPool - Shutdown initiated...
2020-07-27 16:24:43.002 [SpringContextShutdownHook] INFO  com.zaxxer.hikari.HikariDataSource - HikariPool - Shutdown completed.
2020-07-27 16:25:39.279 [main] INFO  com.chz.DBTest - The following profiles are active: dev
2020-07-27 16:25:40.589 [main] INFO  o.s.d.r.config.RepositoryConfigurationDelegate - Multiple Spring Data modules found, entering strict repository configuration mode!
2020-07-27 16:25:40.595 [main] INFO  o.s.d.r.config.RepositoryConfigurationDelegate - Bootstrapping Spring Data Redis repositories in DEFAULT mode.
2020-07-27 16:25:40.666 [main] INFO  o.s.d.r.config.RepositoryConfigurationDelegate - Finished Spring Data repository scanning in 43ms. Found 0 Redis repository interfaces.
2020-07-27 16:25:41.338 [main] INFO  o.springframework.cloud.context.scope.GenericScope - BeanFactory id=0d674bb2-cf87-3876-b882-ed4736994d70
2020-07-27 16:25:41.877 [main] INFO  o.s.c.s.PostProcessorRegistrationDelegate$BeanPostProcessorChecker - Bean 'redisConfig' of type [com.chz.servicebase.config.RedisConfig$$EnhancerBySpringCGLIB$$40085890] is not eligible for getting processed by all BeanPostProcessors (for example: not eligible for auto-proxying)
2020-07-27 16:25:41.963 [main] INFO  o.s.c.s.PostProcessorRegistrationDelegate$BeanPostProcessorChecker - Bean 'org.springframework.cloud.autoconfigure.ConfigurationPropertiesRebinderAutoConfiguration' of type [org.springframework.cloud.autoconfigure.ConfigurationPropertiesRebinderAutoConfiguration] is not eligible for getting processed by all BeanPostProcessors (for example: not eligible for auto-proxying)
2020-07-27 16:25:45.288 [main] INFO  s.d.s.w.PropertySourcedRequestMappingHandlerMapping - Mapped URL path [/v2/api-docs] onto method [springfox.documentation.swagger2.web.Swagger2Controller#getDocumentation(String, HttpServletRequest)]
2020-07-27 16:25:45.507 [main] INFO  com.netflix.config.sources.URLConfigurationSource - To enable URLs as dynamic configuration sources, define System property archaius.configurationSource.additionalUrls or make config.properties available on classpath.
2020-07-27 16:25:45.518 [main] INFO  com.netflix.config.sources.URLConfigurationSource - To enable URLs as dynamic configuration sources, define System property archaius.configurationSource.additionalUrls or make config.properties available on classpath.
2020-07-27 16:25:45.844 [main] INFO  o.s.scheduling.concurrent.ThreadPoolTaskExecutor - Initializing ExecutorService 'applicationTaskExecutor'
2020-07-27 16:25:47.275 [main] INFO  o.s.scheduling.concurrent.ThreadPoolTaskScheduler - Initializing ExecutorService
2020-07-27 16:25:48.848 [main] INFO  s.d.s.web.plugins.DocumentationPluginsBootstrapper - Context refreshed
2020-07-27 16:25:48.891 [main] INFO  s.d.s.web.plugins.DocumentationPluginsBootstrapper - Found 1 custom documentation plugin(s)
2020-07-27 16:25:48.944 [main] INFO  s.d.spring.web.scanners.ApiListingReferenceScanner - Scanning for api listing references
2020-07-27 16:25:49.466 [main] INFO  com.chz.DBTest - Started DBTest in 13.224 seconds (JVM running for 14.999)
2020-07-27 16:25:49.824 [main] INFO  com.zaxxer.hikari.HikariDataSource - HikariPool - Starting...
2020-07-27 16:25:50.842 [main] INFO  com.zaxxer.hikari.HikariDataSource - HikariPool - Start completed.
2020-07-27 16:25:50.973 [SpringContextShutdownHook] INFO  o.s.scheduling.concurrent.ThreadPoolTaskExecutor - Shutting down ExecutorService 'applicationTaskExecutor'
2020-07-27 16:25:51.002 [SpringContextShutdownHook] INFO  com.zaxxer.hikari.HikariDataSource - HikariPool - Shutdown initiated...
2020-07-27 16:25:51.009 [SpringContextShutdownHook] INFO  com.zaxxer.hikari.HikariDataSource - HikariPool - Shutdown completed.
2020-07-27 16:27:18.502 [main] INFO  com.chz.DBTest - The following profiles are active: dev
2020-07-27 16:27:19.467 [main] INFO  o.s.d.r.config.RepositoryConfigurationDelegate - Multiple Spring Data modules found, entering strict repository configuration mode!
2020-07-27 16:27:19.471 [main] INFO  o.s.d.r.config.RepositoryConfigurationDelegate - Bootstrapping Spring Data Redis repositories in DEFAULT mode.
2020-07-27 16:27:19.508 [main] INFO  o.s.d.r.config.RepositoryConfigurationDelegate - Finished Spring Data repository scanning in 22ms. Found 0 Redis repository interfaces.
2020-07-27 16:27:19.932 [main] INFO  o.springframework.cloud.context.scope.GenericScope - BeanFactory id=0d674bb2-cf87-3876-b882-ed4736994d70
2020-07-27 16:27:20.455 [main] INFO  o.s.c.s.PostProcessorRegistrationDelegate$BeanPostProcessorChecker - Bean 'redisConfig' of type [com.chz.servicebase.config.RedisConfig$$EnhancerBySpringCGLIB$$910b9584] is not eligible for getting processed by all BeanPostProcessors (for example: not eligible for auto-proxying)
2020-07-27 16:27:20.536 [main] INFO  o.s.c.s.PostProcessorRegistrationDelegate$BeanPostProcessorChecker - Bean 'org.springframework.cloud.autoconfigure.ConfigurationPropertiesRebinderAutoConfiguration' of type [org.springframework.cloud.autoconfigure.ConfigurationPropertiesRebinderAutoConfiguration] is not eligible for getting processed by all BeanPostProcessors (for example: not eligible for auto-proxying)
2020-07-27 16:27:24.239 [main] INFO  s.d.s.w.PropertySourcedRequestMappingHandlerMapping - Mapped URL path [/v2/api-docs] onto method [springfox.documentation.swagger2.web.Swagger2Controller#getDocumentation(String, HttpServletRequest)]
2020-07-27 16:27:24.475 [main] INFO  com.netflix.config.sources.URLConfigurationSource - To enable URLs as dynamic configuration sources, define System property archaius.configurationSource.additionalUrls or make config.properties available on classpath.
2020-07-27 16:27:24.487 [main] INFO  com.netflix.config.sources.URLConfigurationSource - To enable URLs as dynamic configuration sources, define System property archaius.configurationSource.additionalUrls or make config.properties available on classpath.
2020-07-27 16:27:24.962 [main] INFO  o.s.scheduling.concurrent.ThreadPoolTaskExecutor - Initializing ExecutorService 'applicationTaskExecutor'
2020-07-27 16:27:26.443 [main] INFO  o.s.scheduling.concurrent.ThreadPoolTaskScheduler - Initializing ExecutorService
2020-07-27 16:27:28.118 [main] INFO  s.d.s.web.plugins.DocumentationPluginsBootstrapper - Context refreshed
2020-07-27 16:27:28.171 [main] INFO  s.d.s.web.plugins.DocumentationPluginsBootstrapper - Found 1 custom documentation plugin(s)
2020-07-27 16:27:28.253 [main] INFO  s.d.spring.web.scanners.ApiListingReferenceScanner - Scanning for api listing references
2020-07-27 16:27:29.080 [main] INFO  com.chz.DBTest - Started DBTest in 13.283 seconds (JVM running for 15.024)
2020-07-27 16:27:29.719 [main] INFO  com.zaxxer.hikari.HikariDataSource - HikariPool - Starting...
2020-07-27 16:27:30.945 [main] INFO  com.zaxxer.hikari.HikariDataSource - HikariPool - Start completed.
2020-07-27 16:27:31.134 [SpringContextShutdownHook] INFO  o.s.scheduling.concurrent.ThreadPoolTaskExecutor - Shutting down ExecutorService 'applicationTaskExecutor'
2020-07-27 16:27:31.163 [SpringContextShutdownHook] INFO  com.zaxxer.hikari.HikariDataSource - HikariPool - Shutdown initiated...
2020-07-27 16:27:31.171 [SpringContextShutdownHook] INFO  com.zaxxer.hikari.HikariDataSource - HikariPool - Shutdown completed.
2020-07-28 15:55:09.185 [main] INFO  com.chz.DBTest - The following profiles are active: dev
2020-07-28 15:55:12.159 [main] INFO  o.s.d.r.config.RepositoryConfigurationDelegate - Multiple Spring Data modules found, entering strict repository configuration mode!
2020-07-28 15:55:12.173 [main] INFO  o.s.d.r.config.RepositoryConfigurationDelegate - Bootstrapping Spring Data Redis repositories in DEFAULT mode.
2020-07-28 15:55:12.271 [main] INFO  o.s.d.r.config.RepositoryConfigurationDelegate - Finished Spring Data repository scanning in 54ms. Found 0 Redis repository interfaces.
2020-07-28 15:55:12.994 [main] INFO  o.springframework.cloud.context.scope.GenericScope - BeanFactory id=0d674bb2-cf87-3876-b882-ed4736994d70
2020-07-28 15:55:13.968 [main] INFO  o.s.c.s.PostProcessorRegistrationDelegate$BeanPostProcessorChecker - Bean 'redisConfig' of type [com.chz.servicebase.config.RedisConfig$$EnhancerBySpringCGLIB$$cbc6a8e5] is not eligible for getting processed by all BeanPostProcessors (for example: not eligible for auto-proxying)
2020-07-28 15:55:14.106 [main] INFO  o.s.c.s.PostProcessorRegistrationDelegate$BeanPostProcessorChecker - Bean 'org.springframework.cloud.autoconfigure.ConfigurationPropertiesRebinderAutoConfiguration' of type [org.springframework.cloud.autoconfigure.ConfigurationPropertiesRebinderAutoConfiguration] is not eligible for getting processed by all BeanPostProcessors (for example: not eligible for auto-proxying)
2020-07-28 15:55:18.095 [main] INFO  s.d.s.w.PropertySourcedRequestMappingHandlerMapping - Mapped URL path [/v2/api-docs] onto method [springfox.documentation.swagger2.web.Swagger2Controller#getDocumentation(String, HttpServletRequest)]
2020-07-28 15:55:18.505 [main] INFO  com.netflix.config.sources.URLConfigurationSource - To enable URLs as dynamic configuration sources, define System property archaius.configurationSource.additionalUrls or make config.properties available on classpath.
2020-07-28 15:55:18.524 [main] INFO  com.netflix.config.sources.URLConfigurationSource - To enable URLs as dynamic configuration sources, define System property archaius.configurationSource.additionalUrls or make config.properties available on classpath.
2020-07-28 15:55:18.883 [main] INFO  o.s.scheduling.concurrent.ThreadPoolTaskExecutor - Initializing ExecutorService 'applicationTaskExecutor'
2020-07-28 15:55:20.326 [main] INFO  o.s.scheduling.concurrent.ThreadPoolTaskScheduler - Initializing ExecutorService
2020-07-28 15:55:21.852 [main] INFO  s.d.s.web.plugins.DocumentationPluginsBootstrapper - Context refreshed
2020-07-28 15:55:21.924 [main] INFO  s.d.s.web.plugins.DocumentationPluginsBootstrapper - Found 1 custom documentation plugin(s)
2020-07-28 15:55:22.000 [main] INFO  s.d.spring.web.scanners.ApiListingReferenceScanner - Scanning for api listing references
2020-07-28 15:55:22.636 [main] INFO  com.chz.DBTest - Started DBTest in 16.412 seconds (JVM running for 19.239)
2020-07-28 15:55:23.233 [SpringContextShutdownHook] INFO  o.s.scheduling.concurrent.ThreadPoolTaskExecutor - Shutting down ExecutorService 'applicationTaskExecutor'
