2020-07-11 16:51:14.681 [main] INFO  com.chz.DBTest - Starting DBTest on DESKTOP-I2J9OJP with PID 4908 (started by 82341 in D:\workspace_for_idea\谷粒学院\guli_parent\service\service_edu)
2020-07-11 16:51:14.684 [main] INFO  com.chz.DBTest - The following profiles are active: dev
2020-07-11 16:51:16.908 [main] INFO  o.s.d.r.config.RepositoryConfigurationDelegate - Multiple Spring Data modules found, entering strict repository configuration mode!
2020-07-11 16:51:16.921 [main] INFO  o.s.d.r.config.RepositoryConfigurationDelegate - Bootstrapping Spring Data Redis repositories in DEFAULT mode.
2020-07-11 16:51:17.053 [main] INFO  o.s.d.r.config.RepositoryConfigurationDelegate - Finished Spring Data repository scanning in 86ms. Found 0 Redis repository interfaces.
2020-07-11 16:51:21.207 [main] INFO  s.d.s.w.PropertySourcedRequestMappingHandlerMapping - Mapped URL path [/v2/api-docs] onto method [springfox.documentation.swagger2.web.Swagger2Controller#getDocumentation(String, HttpServletRequest)]
2020-07-11 16:51:21.821 [main] INFO  o.s.scheduling.concurrent.ThreadPoolTaskExecutor - Initializing ExecutorService 'applicationTaskExecutor'
2020-07-11 16:51:23.156 [main] INFO  s.d.s.web.plugins.DocumentationPluginsBootstrapper - Context refreshed
2020-07-11 16:51:23.220 [main] INFO  s.d.s.web.plugins.DocumentationPluginsBootstrapper - Found 1 custom documentation plugin(s)
2020-07-11 16:51:23.283 [main] INFO  s.d.spring.web.scanners.ApiListingReferenceScanner - Scanning for api listing references
2020-07-11 16:51:23.548 [main] INFO  com.chz.DBTest - Started DBTest in 10.475 seconds (JVM running for 13.117)
2020-07-11 16:51:24.139 [SpringContextShutdownHook] INFO  o.s.scheduling.concurrent.ThreadPoolTaskExecutor - Shutting down ExecutorService 'applicationTaskExecutor'
2020-07-11 17:09:51.056 [main] INFO  com.chz.DBTest - Starting DBTest on DESKTOP-I2J9OJP with PID 16036 (started by 82341 in D:\workspace_for_idea\谷粒学院\guli_parent\service\service_edu)
2020-07-11 17:09:51.058 [main] INFO  com.chz.DBTest - The following profiles are active: dev
2020-07-11 17:09:52.305 [main] INFO  o.s.d.r.config.RepositoryConfigurationDelegate - Multiple Spring Data modules found, entering strict repository configuration mode!
2020-07-11 17:09:52.311 [main] INFO  o.s.d.r.config.RepositoryConfigurationDelegate - Bootstrapping Spring Data Redis repositories in DEFAULT mode.
2020-07-11 17:09:52.382 [main] INFO  o.s.d.r.config.RepositoryConfigurationDelegate - Finished Spring Data repository scanning in 42ms. Found 0 Redis repository interfaces.
2020-07-11 17:09:55.735 [main] INFO  s.d.s.w.PropertySourcedRequestMappingHandlerMapping - Mapped URL path [/v2/api-docs] onto method [springfox.documentation.swagger2.web.Swagger2Controller#getDocumentation(String, HttpServletRequest)]
2020-07-11 17:09:56.119 [main] INFO  o.s.scheduling.concurrent.ThreadPoolTaskExecutor - Initializing ExecutorService 'applicationTaskExecutor'
2020-07-11 17:09:56.915 [main] INFO  s.d.s.web.plugins.DocumentationPluginsBootstrapper - Context refreshed
2020-07-11 17:09:56.966 [main] INFO  s.d.s.web.plugins.DocumentationPluginsBootstrapper - Found 1 custom documentation plugin(s)
2020-07-11 17:09:57.016 [main] INFO  s.d.spring.web.scanners.ApiListingReferenceScanner - Scanning for api listing references
2020-07-11 17:09:57.281 [main] INFO  com.chz.DBTest - Started DBTest in 6.786 seconds (JVM running for 8.22)
2020-07-11 17:09:57.576 [SpringContextShutdownHook] INFO  o.s.scheduling.concurrent.ThreadPoolTaskExecutor - Shutting down ExecutorService 'applicationTaskExecutor'
2020-07-11 17:10:07.421 [main] INFO  com.chz.DBTest - Starting DBTest on DESKTOP-I2J9OJP with PID 15924 (started by 82341 in D:\workspace_for_idea\谷粒学院\guli_parent\service\service_edu)
2020-07-11 17:10:07.423 [main] INFO  com.chz.DBTest - The following profiles are active: dev
2020-07-11 17:10:08.671 [main] INFO  o.s.d.r.config.RepositoryConfigurationDelegate - Multiple Spring Data modules found, entering strict repository configuration mode!
2020-07-11 17:10:08.676 [main] INFO  o.s.d.r.config.RepositoryConfigurationDelegate - Bootstrapping Spring Data Redis repositories in DEFAULT mode.
2020-07-11 17:10:08.734 [main] INFO  o.s.d.r.config.RepositoryConfigurationDelegate - Finished Spring Data repository scanning in 37ms. Found 0 Redis repository interfaces.
2020-07-11 17:10:11.877 [main] INFO  s.d.s.w.PropertySourcedRequestMappingHandlerMapping - Mapped URL path [/v2/api-docs] onto method [springfox.documentation.swagger2.web.Swagger2Controller#getDocumentation(String, HttpServletRequest)]
2020-07-11 17:10:12.312 [main] INFO  o.s.scheduling.concurrent.ThreadPoolTaskExecutor - Initializing ExecutorService 'applicationTaskExecutor'
2020-07-11 17:10:13.306 [main] INFO  s.d.s.web.plugins.DocumentationPluginsBootstrapper - Context refreshed
2020-07-11 17:10:13.335 [main] INFO  s.d.s.web.plugins.DocumentationPluginsBootstrapper - Found 1 custom documentation plugin(s)
2020-07-11 17:10:13.413 [main] INFO  s.d.spring.web.scanners.ApiListingReferenceScanner - Scanning for api listing references
2020-07-11 17:10:13.657 [main] INFO  com.chz.DBTest - Started DBTest in 6.77 seconds (JVM running for 8.101)
2020-07-11 17:10:13.928 [SpringContextShutdownHook] INFO  o.s.scheduling.concurrent.ThreadPoolTaskExecutor - Shutting down ExecutorService 'applicationTaskExecutor'
2020-07-11 23:02:39.270 [main] INFO  com.chz.DBTest - Starting DBTest on DESKTOP-I2J9OJP with PID 12692 (started by 82341 in D:\workspace_for_idea\谷粒学院\guli_parent\service\service_edu)
2020-07-11 23:02:39.273 [main] INFO  com.chz.DBTest - The following profiles are active: dev
2020-07-11 23:02:40.779 [main] INFO  o.s.d.r.config.RepositoryConfigurationDelegate - Multiple Spring Data modules found, entering strict repository configuration mode!
2020-07-11 23:02:40.783 [main] INFO  o.s.d.r.config.RepositoryConfigurationDelegate - Bootstrapping Spring Data Redis repositories in DEFAULT mode.
2020-07-11 23:02:40.829 [main] INFO  o.s.d.r.config.RepositoryConfigurationDelegate - Finished Spring Data repository scanning in 30ms. Found 0 Redis repository interfaces.
2020-07-11 23:02:44.036 [main] INFO  s.d.s.w.PropertySourcedRequestMappingHandlerMapping - Mapped URL path [/v2/api-docs] onto method [springfox.documentation.swagger2.web.Swagger2Controller#getDocumentation(String, HttpServletRequest)]
2020-07-11 23:02:44.459 [main] INFO  o.s.scheduling.concurrent.ThreadPoolTaskExecutor - Initializing ExecutorService 'applicationTaskExecutor'
2020-07-11 23:02:45.407 [main] INFO  s.d.s.web.plugins.DocumentationPluginsBootstrapper - Context refreshed
2020-07-11 23:02:45.438 [main] INFO  s.d.s.web.plugins.DocumentationPluginsBootstrapper - Found 1 custom documentation plugin(s)
2020-07-11 23:02:45.489 [main] INFO  s.d.spring.web.scanners.ApiListingReferenceScanner - Scanning for api listing references
2020-07-11 23:02:45.751 [main] INFO  com.chz.DBTest - Started DBTest in 7.04 seconds (JVM running for 8.603)
2020-07-11 23:02:46.038 [main] INFO  com.zaxxer.hikari.HikariDataSource - HikariPool - Starting...
2020-07-11 23:02:47.678 [main] INFO  com.zaxxer.hikari.HikariDataSource - HikariPool - Start completed.
2020-07-11 23:02:47.879 [SpringContextShutdownHook] INFO  o.s.scheduling.concurrent.ThreadPoolTaskExecutor - Shutting down ExecutorService 'applicationTaskExecutor'
2020-07-11 23:02:47.883 [SpringContextShutdownHook] INFO  com.zaxxer.hikari.HikariDataSource - HikariPool - Shutdown initiated...
2020-07-11 23:02:47.893 [SpringContextShutdownHook] INFO  com.zaxxer.hikari.HikariDataSource - HikariPool - Shutdown completed.
2020-07-11 23:05:55.486 [main] INFO  com.chz.DBTest - Starting DBTest on DESKTOP-I2J9OJP with PID 14020 (started by 82341 in D:\workspace_for_idea\谷粒学院\guli_parent\service\service_edu)
2020-07-11 23:05:55.487 [main] INFO  com.chz.DBTest - The following profiles are active: dev
2020-07-11 23:05:56.709 [main] INFO  o.s.d.r.config.RepositoryConfigurationDelegate - Multiple Spring Data modules found, entering strict repository configuration mode!
2020-07-11 23:05:56.714 [main] INFO  o.s.d.r.config.RepositoryConfigurationDelegate - Bootstrapping Spring Data Redis repositories in DEFAULT mode.
2020-07-11 23:05:56.765 [main] INFO  o.s.d.r.config.RepositoryConfigurationDelegate - Finished Spring Data repository scanning in 30ms. Found 0 Redis repository interfaces.
2020-07-11 23:06:00.065 [main] INFO  s.d.s.w.PropertySourcedRequestMappingHandlerMapping - Mapped URL path [/v2/api-docs] onto method [springfox.documentation.swagger2.web.Swagger2Controller#getDocumentation(String, HttpServletRequest)]
2020-07-11 23:06:00.533 [main] INFO  o.s.scheduling.concurrent.ThreadPoolTaskExecutor - Initializing ExecutorService 'applicationTaskExecutor'
2020-07-11 23:06:01.402 [main] INFO  s.d.s.web.plugins.DocumentationPluginsBootstrapper - Context refreshed
2020-07-11 23:06:01.439 [main] INFO  s.d.s.web.plugins.DocumentationPluginsBootstrapper - Found 1 custom documentation plugin(s)
2020-07-11 23:06:01.517 [main] INFO  s.d.spring.web.scanners.ApiListingReferenceScanner - Scanning for api listing references
2020-07-11 23:06:01.779 [main] INFO  com.chz.DBTest - Started DBTest in 6.854 seconds (JVM running for 8.298)
2020-07-11 23:06:02.043 [main] INFO  com.zaxxer.hikari.HikariDataSource - HikariPool - Starting...
2020-07-11 23:06:03.707 [main] INFO  com.zaxxer.hikari.HikariDataSource - HikariPool - Start completed.
2020-07-11 23:06:03.858 [SpringContextShutdownHook] INFO  o.s.scheduling.concurrent.ThreadPoolTaskExecutor - Shutting down ExecutorService 'applicationTaskExecutor'
2020-07-11 23:06:03.862 [SpringContextShutdownHook] INFO  com.zaxxer.hikari.HikariDataSource - HikariPool - Shutdown initiated...
2020-07-11 23:06:03.873 [SpringContextShutdownHook] INFO  com.zaxxer.hikari.HikariDataSource - HikariPool - Shutdown completed.
2020-07-11 23:09:24.888 [main] INFO  com.chz.DBTest - Starting DBTest on DESKTOP-I2J9OJP with PID 11068 (started by 82341 in D:\workspace_for_idea\谷粒学院\guli_parent\service\service_edu)
2020-07-11 23:09:24.891 [main] INFO  com.chz.DBTest - The following profiles are active: dev
2020-07-11 23:09:26.116 [main] INFO  o.s.d.r.config.RepositoryConfigurationDelegate - Multiple Spring Data modules found, entering strict repository configuration mode!
2020-07-11 23:09:26.120 [main] INFO  o.s.d.r.config.RepositoryConfigurationDelegate - Bootstrapping Spring Data Redis repositories in DEFAULT mode.
2020-07-11 23:09:26.161 [main] INFO  o.s.d.r.config.RepositoryConfigurationDelegate - Finished Spring Data repository scanning in 26ms. Found 0 Redis repository interfaces.
2020-07-11 23:09:29.801 [main] INFO  s.d.s.w.PropertySourcedRequestMappingHandlerMapping - Mapped URL path [/v2/api-docs] onto method [springfox.documentation.swagger2.web.Swagger2Controller#getDocumentation(String, HttpServletRequest)]
2020-07-11 23:09:30.218 [main] INFO  o.s.scheduling.concurrent.ThreadPoolTaskExecutor - Initializing ExecutorService 'applicationTaskExecutor'
2020-07-11 23:09:31.085 [main] INFO  s.d.s.web.plugins.DocumentationPluginsBootstrapper - Context refreshed
2020-07-11 23:09:31.137 [main] INFO  s.d.s.web.plugins.DocumentationPluginsBootstrapper - Found 1 custom documentation plugin(s)
2020-07-11 23:09:31.186 [main] INFO  s.d.spring.web.scanners.ApiListingReferenceScanner - Scanning for api listing references
2020-07-11 23:09:31.426 [main] INFO  com.chz.DBTest - Started DBTest in 7.339 seconds (JVM running for 8.602)
2020-07-11 23:09:31.708 [main] INFO  com.zaxxer.hikari.HikariDataSource - HikariPool - Starting...
2020-07-11 23:09:33.345 [main] INFO  com.zaxxer.hikari.HikariDataSource - HikariPool - Start completed.
2020-07-11 23:09:33.495 [SpringContextShutdownHook] INFO  o.s.scheduling.concurrent.ThreadPoolTaskExecutor - Shutting down ExecutorService 'applicationTaskExecutor'
2020-07-11 23:09:33.499 [SpringContextShutdownHook] INFO  com.zaxxer.hikari.HikariDataSource - HikariPool - Shutdown initiated...
2020-07-11 23:09:33.506 [SpringContextShutdownHook] INFO  com.zaxxer.hikari.HikariDataSource - HikariPool - Shutdown completed.
