2020-07-10 20:56:40.304 [main] INFO  com.chz.DBTest - Starting DBTest on DESKTOP-I2J9OJP with PID 6524 (started by 82341 in D:\workspace_for_idea\谷粒学院\guli_parent\service\service_edu)
2020-07-10 20:56:40.310 [main] INFO  com.chz.DBTest - The following profiles are active: dev
2020-07-10 20:56:41.920 [main] INFO  o.s.d.r.config.RepositoryConfigurationDelegate - Multiple Spring Data modules found, entering strict repository configuration mode!
2020-07-10 20:56:41.923 [main] INFO  o.s.d.r.config.RepositoryConfigurationDelegate - Bootstrapping Spring Data Redis repositories in DEFAULT mode.
2020-07-10 20:56:42.082 [main] INFO  o.s.d.r.config.RepositoryConfigurationDelegate - Finished Spring Data repository scanning in 145ms. Found 0 Redis repository interfaces.
2020-07-10 20:56:45.742 [main] INFO  s.d.s.w.PropertySourcedRequestMappingHandlerMapping - Mapped URL path [/v2/api-docs] onto method [springfox.documentation.swagger2.web.Swagger2Controller#getDocumentation(String, HttpServletRequest)]
2020-07-10 20:56:46.191 [main] INFO  o.s.scheduling.concurrent.ThreadPoolTaskExecutor - Initializing ExecutorService 'applicationTaskExecutor'
2020-07-10 20:56:47.052 [main] INFO  s.d.s.web.plugins.DocumentationPluginsBootstrapper - Context refreshed
2020-07-10 20:56:47.095 [main] INFO  s.d.s.web.plugins.DocumentationPluginsBootstrapper - Found 1 custom documentation plugin(s)
2020-07-10 20:56:47.147 [main] INFO  s.d.spring.web.scanners.ApiListingReferenceScanner - Scanning for api listing references
2020-07-10 20:56:47.450 [main] INFO  com.chz.DBTest - Started DBTest in 7.817 seconds (JVM running for 10.039)
2020-07-10 20:56:47.863 [main] INFO  com.zaxxer.hikari.HikariDataSource - HikariPool - Starting...
2020-07-10 20:56:50.722 [main] INFO  com.zaxxer.hikari.HikariDataSource - HikariPool - Start completed.
2020-07-10 20:56:50.848 [SpringContextShutdownHook] INFO  o.s.scheduling.concurrent.ThreadPoolTaskExecutor - Shutting down ExecutorService 'applicationTaskExecutor'
2020-07-10 20:56:50.852 [SpringContextShutdownHook] INFO  com.zaxxer.hikari.HikariDataSource - HikariPool - Shutdown initiated...
2020-07-10 20:56:50.861 [SpringContextShutdownHook] INFO  com.zaxxer.hikari.HikariDataSource - HikariPool - Shutdown completed.
2020-07-10 21:11:42.866 [main] INFO  com.chz.DBTest - Starting DBTest on DESKTOP-I2J9OJP with PID 12324 (started by 82341 in D:\workspace_for_idea\谷粒学院\guli_parent\service\service_edu)
2020-07-10 21:11:42.868 [main] INFO  com.chz.DBTest - The following profiles are active: dev
2020-07-10 21:11:44.011 [main] INFO  o.s.d.r.config.RepositoryConfigurationDelegate - Multiple Spring Data modules found, entering strict repository configuration mode!
2020-07-10 21:11:44.015 [main] INFO  o.s.d.r.config.RepositoryConfigurationDelegate - Bootstrapping Spring Data Redis repositories in DEFAULT mode.
2020-07-10 21:11:44.070 [main] INFO  o.s.d.r.config.RepositoryConfigurationDelegate - Finished Spring Data repository scanning in 35ms. Found 0 Redis repository interfaces.
2020-07-10 21:11:47.161 [main] INFO  s.d.s.w.PropertySourcedRequestMappingHandlerMapping - Mapped URL path [/v2/api-docs] onto method [springfox.documentation.swagger2.web.Swagger2Controller#getDocumentation(String, HttpServletRequest)]
2020-07-10 21:11:47.544 [main] INFO  o.s.scheduling.concurrent.ThreadPoolTaskExecutor - Initializing ExecutorService 'applicationTaskExecutor'
2020-07-10 21:11:48.359 [main] INFO  s.d.s.web.plugins.DocumentationPluginsBootstrapper - Context refreshed
2020-07-10 21:11:48.385 [main] INFO  s.d.s.web.plugins.DocumentationPluginsBootstrapper - Found 1 custom documentation plugin(s)
2020-07-10 21:11:48.426 [main] INFO  s.d.spring.web.scanners.ApiListingReferenceScanner - Scanning for api listing references
2020-07-10 21:11:48.658 [main] INFO  com.chz.DBTest - Started DBTest in 6.354 seconds (JVM running for 7.697)
2020-07-10 21:11:48.944 [main] INFO  com.zaxxer.hikari.HikariDataSource - HikariPool - Starting...
2020-07-10 21:11:50.520 [main] INFO  com.zaxxer.hikari.HikariDataSource - HikariPool - Start completed.
2020-07-10 21:11:50.644 [SpringContextShutdownHook] INFO  o.s.scheduling.concurrent.ThreadPoolTaskExecutor - Shutting down ExecutorService 'applicationTaskExecutor'
2020-07-10 21:11:50.646 [SpringContextShutdownHook] INFO  com.zaxxer.hikari.HikariDataSource - HikariPool - Shutdown initiated...
2020-07-10 21:11:50.656 [SpringContextShutdownHook] INFO  com.zaxxer.hikari.HikariDataSource - HikariPool - Shutdown completed.
2020-07-10 22:03:51.629 [main] INFO  com.chz.DBTest - Starting DBTest on DESKTOP-I2J9OJP with PID 13676 (started by 82341 in D:\workspace_for_idea\谷粒学院\guli_parent\service\service_edu)
2020-07-10 22:03:51.631 [main] INFO  com.chz.DBTest - The following profiles are active: dev
2020-07-10 22:03:52.813 [main] INFO  o.s.d.r.config.RepositoryConfigurationDelegate - Multiple Spring Data modules found, entering strict repository configuration mode!
2020-07-10 22:03:52.817 [main] INFO  o.s.d.r.config.RepositoryConfigurationDelegate - Bootstrapping Spring Data Redis repositories in DEFAULT mode.
2020-07-10 22:03:52.874 [main] INFO  o.s.d.r.config.RepositoryConfigurationDelegate - Finished Spring Data repository scanning in 38ms. Found 0 Redis repository interfaces.
2020-07-10 22:03:55.923 [main] INFO  s.d.s.w.PropertySourcedRequestMappingHandlerMapping - Mapped URL path [/v2/api-docs] onto method [springfox.documentation.swagger2.web.Swagger2Controller#getDocumentation(String, HttpServletRequest)]
2020-07-10 22:03:56.320 [main] INFO  o.s.scheduling.concurrent.ThreadPoolTaskExecutor - Initializing ExecutorService 'applicationTaskExecutor'
2020-07-10 22:03:57.159 [main] INFO  s.d.s.web.plugins.DocumentationPluginsBootstrapper - Context refreshed
2020-07-10 22:03:57.184 [main] INFO  s.d.s.web.plugins.DocumentationPluginsBootstrapper - Found 1 custom documentation plugin(s)
2020-07-10 22:03:57.231 [main] INFO  s.d.spring.web.scanners.ApiListingReferenceScanner - Scanning for api listing references
2020-07-10 22:03:57.461 [main] INFO  com.chz.DBTest - Started DBTest in 6.379 seconds (JVM running for 7.675)
2020-07-10 22:03:57.775 [main] INFO  com.zaxxer.hikari.HikariDataSource - HikariPool - Starting...
2020-07-10 22:03:59.353 [main] INFO  com.zaxxer.hikari.HikariDataSource - HikariPool - Start completed.
2020-07-10 22:03:59.480 [SpringContextShutdownHook] INFO  o.s.scheduling.concurrent.ThreadPoolTaskExecutor - Shutting down ExecutorService 'applicationTaskExecutor'
2020-07-10 22:03:59.484 [SpringContextShutdownHook] INFO  com.zaxxer.hikari.HikariDataSource - HikariPool - Shutdown initiated...
2020-07-10 22:03:59.492 [SpringContextShutdownHook] INFO  com.zaxxer.hikari.HikariDataSource - HikariPool - Shutdown completed.
2020-07-10 22:04:17.706 [main] INFO  com.chz.DBTest - Starting DBTest on DESKTOP-I2J9OJP with PID 13864 (started by 82341 in D:\workspace_for_idea\谷粒学院\guli_parent\service\service_edu)
2020-07-10 22:04:17.708 [main] INFO  com.chz.DBTest - The following profiles are active: dev
2020-07-10 22:04:18.828 [main] INFO  o.s.d.r.config.RepositoryConfigurationDelegate - Multiple Spring Data modules found, entering strict repository configuration mode!
2020-07-10 22:04:18.831 [main] INFO  o.s.d.r.config.RepositoryConfigurationDelegate - Bootstrapping Spring Data Redis repositories in DEFAULT mode.
2020-07-10 22:04:18.870 [main] INFO  o.s.d.r.config.RepositoryConfigurationDelegate - Finished Spring Data repository scanning in 24ms. Found 0 Redis repository interfaces.
2020-07-10 22:04:22.333 [main] INFO  s.d.s.w.PropertySourcedRequestMappingHandlerMapping - Mapped URL path [/v2/api-docs] onto method [springfox.documentation.swagger2.web.Swagger2Controller#getDocumentation(String, HttpServletRequest)]
2020-07-10 22:04:22.739 [main] INFO  o.s.scheduling.concurrent.ThreadPoolTaskExecutor - Initializing ExecutorService 'applicationTaskExecutor'
2020-07-10 22:04:23.561 [main] INFO  s.d.s.web.plugins.DocumentationPluginsBootstrapper - Context refreshed
2020-07-10 22:04:23.613 [main] INFO  s.d.s.web.plugins.DocumentationPluginsBootstrapper - Found 1 custom documentation plugin(s)
2020-07-10 22:04:23.654 [main] INFO  s.d.spring.web.scanners.ApiListingReferenceScanner - Scanning for api listing references
2020-07-10 22:04:23.888 [main] INFO  com.chz.DBTest - Started DBTest in 6.901 seconds (JVM running for 8.179)
2020-07-10 22:04:24.176 [main] INFO  com.zaxxer.hikari.HikariDataSource - HikariPool - Starting...
2020-07-10 22:04:25.711 [main] INFO  com.zaxxer.hikari.HikariDataSource - HikariPool - Start completed.
2020-07-10 22:04:25.836 [SpringContextShutdownHook] INFO  o.s.scheduling.concurrent.ThreadPoolTaskExecutor - Shutting down ExecutorService 'applicationTaskExecutor'
2020-07-10 22:04:25.838 [SpringContextShutdownHook] INFO  com.zaxxer.hikari.HikariDataSource - HikariPool - Shutdown initiated...
2020-07-10 22:04:25.849 [SpringContextShutdownHook] INFO  com.zaxxer.hikari.HikariDataSource - HikariPool - Shutdown completed.
2020-07-10 22:14:12.592 [main] INFO  com.chz.DBTest - Starting DBTest on DESKTOP-I2J9OJP with PID 6724 (started by 82341 in D:\workspace_for_idea\谷粒学院\guli_parent\service\service_edu)
2020-07-10 22:14:12.594 [main] INFO  com.chz.DBTest - The following profiles are active: dev
2020-07-10 22:14:13.871 [main] INFO  o.s.d.r.config.RepositoryConfigurationDelegate - Multiple Spring Data modules found, entering strict repository configuration mode!
2020-07-10 22:14:13.875 [main] INFO  o.s.d.r.config.RepositoryConfigurationDelegate - Bootstrapping Spring Data Redis repositories in DEFAULT mode.
2020-07-10 22:14:13.934 [main] INFO  o.s.d.r.config.RepositoryConfigurationDelegate - Finished Spring Data repository scanning in 38ms. Found 0 Redis repository interfaces.
2020-07-10 22:14:17.223 [main] INFO  s.d.s.w.PropertySourcedRequestMappingHandlerMapping - Mapped URL path [/v2/api-docs] onto method [springfox.documentation.swagger2.web.Swagger2Controller#getDocumentation(String, HttpServletRequest)]
2020-07-10 22:14:17.655 [main] INFO  o.s.scheduling.concurrent.ThreadPoolTaskExecutor - Initializing ExecutorService 'applicationTaskExecutor'
2020-07-10 22:14:18.593 [main] INFO  s.d.s.web.plugins.DocumentationPluginsBootstrapper - Context refreshed
2020-07-10 22:14:18.624 [main] INFO  s.d.s.web.plugins.DocumentationPluginsBootstrapper - Found 1 custom documentation plugin(s)
2020-07-10 22:14:18.675 [main] INFO  s.d.spring.web.scanners.ApiListingReferenceScanner - Scanning for api listing references
2020-07-10 22:14:18.928 [main] INFO  com.chz.DBTest - Started DBTest in 6.914 seconds (JVM running for 8.371)
2020-07-10 22:14:19.233 [main] INFO  com.zaxxer.hikari.HikariDataSource - HikariPool - Starting...
2020-07-10 22:14:20.840 [main] INFO  com.zaxxer.hikari.HikariDataSource - HikariPool - Start completed.
2020-07-10 22:14:21.003 [SpringContextShutdownHook] INFO  o.s.scheduling.concurrent.ThreadPoolTaskExecutor - Shutting down ExecutorService 'applicationTaskExecutor'
2020-07-10 22:14:21.006 [SpringContextShutdownHook] INFO  com.zaxxer.hikari.HikariDataSource - HikariPool - Shutdown initiated...
2020-07-10 22:14:21.015 [SpringContextShutdownHook] INFO  com.zaxxer.hikari.HikariDataSource - HikariPool - Shutdown completed.
2020-07-10 22:27:46.701 [main] INFO  com.chz.DBTest - Starting DBTest on DESKTOP-I2J9OJP with PID 16816 (started by 82341 in D:\workspace_for_idea\谷粒学院\guli_parent\service\service_edu)
2020-07-10 22:27:46.703 [main] INFO  com.chz.DBTest - The following profiles are active: dev
2020-07-10 22:27:47.903 [main] INFO  o.s.d.r.config.RepositoryConfigurationDelegate - Multiple Spring Data modules found, entering strict repository configuration mode!
2020-07-10 22:27:47.907 [main] INFO  o.s.d.r.config.RepositoryConfigurationDelegate - Bootstrapping Spring Data Redis repositories in DEFAULT mode.
2020-07-10 22:27:47.970 [main] INFO  o.s.d.r.config.RepositoryConfigurationDelegate - Finished Spring Data repository scanning in 43ms. Found 0 Redis repository interfaces.
2020-07-10 22:27:51.330 [main] INFO  s.d.s.w.PropertySourcedRequestMappingHandlerMapping - Mapped URL path [/v2/api-docs] onto method [springfox.documentation.swagger2.web.Swagger2Controller#getDocumentation(String, HttpServletRequest)]
2020-07-10 22:27:51.768 [main] INFO  o.s.scheduling.concurrent.ThreadPoolTaskExecutor - Initializing ExecutorService 'applicationTaskExecutor'
2020-07-10 22:27:52.709 [main] INFO  s.d.s.web.plugins.DocumentationPluginsBootstrapper - Context refreshed
2020-07-10 22:27:52.736 [main] INFO  s.d.s.web.plugins.DocumentationPluginsBootstrapper - Found 1 custom documentation plugin(s)
2020-07-10 22:27:52.779 [main] INFO  s.d.spring.web.scanners.ApiListingReferenceScanner - Scanning for api listing references
2020-07-10 22:27:53.045 [main] INFO  com.chz.DBTest - Started DBTest in 6.934 seconds (JVM running for 8.284)
2020-07-10 22:27:53.418 [main] INFO  com.zaxxer.hikari.HikariDataSource - HikariPool - Starting...
2020-07-10 22:27:55.036 [main] INFO  com.zaxxer.hikari.HikariDataSource - HikariPool - Start completed.
2020-07-10 22:27:55.141 [SpringContextShutdownHook] INFO  o.s.scheduling.concurrent.ThreadPoolTaskExecutor - Shutting down ExecutorService 'applicationTaskExecutor'
2020-07-10 22:27:55.145 [SpringContextShutdownHook] INFO  com.zaxxer.hikari.HikariDataSource - HikariPool - Shutdown initiated...
2020-07-10 22:27:55.161 [SpringContextShutdownHook] INFO  com.zaxxer.hikari.HikariDataSource - HikariPool - Shutdown completed.
2020-07-10 22:29:53.271 [main] INFO  com.chz.DBTest - Starting DBTest on DESKTOP-I2J9OJP with PID 6152 (started by 82341 in D:\workspace_for_idea\谷粒学院\guli_parent\service\service_edu)
2020-07-10 22:29:53.273 [main] INFO  com.chz.DBTest - The following profiles are active: dev
2020-07-10 22:29:54.652 [main] INFO  o.s.d.r.config.RepositoryConfigurationDelegate - Multiple Spring Data modules found, entering strict repository configuration mode!
2020-07-10 22:29:54.656 [main] INFO  o.s.d.r.config.RepositoryConfigurationDelegate - Bootstrapping Spring Data Redis repositories in DEFAULT mode.
2020-07-10 22:29:54.708 [main] INFO  o.s.d.r.config.RepositoryConfigurationDelegate - Finished Spring Data repository scanning in 33ms. Found 0 Redis repository interfaces.
2020-07-10 22:29:58.266 [main] INFO  s.d.s.w.PropertySourcedRequestMappingHandlerMapping - Mapped URL path [/v2/api-docs] onto method [springfox.documentation.swagger2.web.Swagger2Controller#getDocumentation(String, HttpServletRequest)]
2020-07-10 22:29:58.798 [main] INFO  o.s.scheduling.concurrent.ThreadPoolTaskExecutor - Initializing ExecutorService 'applicationTaskExecutor'
2020-07-10 22:29:59.723 [main] INFO  s.d.s.web.plugins.DocumentationPluginsBootstrapper - Context refreshed
2020-07-10 22:29:59.755 [main] INFO  s.d.s.web.plugins.DocumentationPluginsBootstrapper - Found 1 custom documentation plugin(s)
2020-07-10 22:29:59.804 [main] INFO  s.d.spring.web.scanners.ApiListingReferenceScanner - Scanning for api listing references
2020-07-10 22:30:00.081 [main] INFO  com.chz.DBTest - Started DBTest in 7.682 seconds (JVM running for 9.152)
2020-07-10 22:30:00.361 [main] INFO  com.zaxxer.hikari.HikariDataSource - HikariPool - Starting...
2020-07-10 22:30:01.982 [main] INFO  com.zaxxer.hikari.HikariDataSource - HikariPool - Start completed.
2020-07-10 22:30:02.080 [SpringContextShutdownHook] INFO  o.s.scheduling.concurrent.ThreadPoolTaskExecutor - Shutting down ExecutorService 'applicationTaskExecutor'
2020-07-10 22:30:02.082 [SpringContextShutdownHook] INFO  com.zaxxer.hikari.HikariDataSource - HikariPool - Shutdown initiated...
2020-07-10 22:30:02.085 [SpringContextShutdownHook] INFO  com.zaxxer.hikari.HikariDataSource - HikariPool - Shutdown completed.
2020-07-10 22:30:34.327 [main] INFO  com.chz.DBTest - Starting DBTest on DESKTOP-I2J9OJP with PID 12680 (started by 82341 in D:\workspace_for_idea\谷粒学院\guli_parent\service\service_edu)
2020-07-10 22:30:34.330 [main] INFO  com.chz.DBTest - The following profiles are active: dev
2020-07-10 22:30:35.482 [main] INFO  o.s.d.r.config.RepositoryConfigurationDelegate - Multiple Spring Data modules found, entering strict repository configuration mode!
2020-07-10 22:30:35.486 [main] INFO  o.s.d.r.config.RepositoryConfigurationDelegate - Bootstrapping Spring Data Redis repositories in DEFAULT mode.
2020-07-10 22:30:35.535 [main] INFO  o.s.d.r.config.RepositoryConfigurationDelegate - Finished Spring Data repository scanning in 31ms. Found 0 Redis repository interfaces.
2020-07-10 22:30:38.970 [main] INFO  s.d.s.w.PropertySourcedRequestMappingHandlerMapping - Mapped URL path [/v2/api-docs] onto method [springfox.documentation.swagger2.web.Swagger2Controller#getDocumentation(String, HttpServletRequest)]
2020-07-10 22:30:39.429 [main] INFO  o.s.scheduling.concurrent.ThreadPoolTaskExecutor - Initializing ExecutorService 'applicationTaskExecutor'
2020-07-10 22:30:40.363 [main] INFO  s.d.s.web.plugins.DocumentationPluginsBootstrapper - Context refreshed
2020-07-10 22:30:40.399 [main] INFO  s.d.s.web.plugins.DocumentationPluginsBootstrapper - Found 1 custom documentation plugin(s)
2020-07-10 22:30:40.452 [main] INFO  s.d.spring.web.scanners.ApiListingReferenceScanner - Scanning for api listing references
2020-07-10 22:30:40.727 [main] INFO  com.chz.DBTest - Started DBTest in 6.968 seconds (JVM running for 8.377)
2020-07-10 22:30:41.031 [main] INFO  com.zaxxer.hikari.HikariDataSource - HikariPool - Starting...
2020-07-10 22:30:42.671 [main] INFO  com.zaxxer.hikari.HikariDataSource - HikariPool - Start completed.
2020-07-10 22:30:42.789 [SpringContextShutdownHook] INFO  o.s.scheduling.concurrent.ThreadPoolTaskExecutor - Shutting down ExecutorService 'applicationTaskExecutor'
2020-07-10 22:30:42.794 [SpringContextShutdownHook] INFO  com.zaxxer.hikari.HikariDataSource - HikariPool - Shutdown initiated...
2020-07-10 22:30:42.808 [SpringContextShutdownHook] INFO  com.zaxxer.hikari.HikariDataSource - HikariPool - Shutdown completed.
2020-07-10 22:32:47.940 [main] INFO  com.chz.DBTest - Starting DBTest on DESKTOP-I2J9OJP with PID 1140 (started by 82341 in D:\workspace_for_idea\谷粒学院\guli_parent\service\service_edu)
2020-07-10 22:32:47.943 [main] INFO  com.chz.DBTest - The following profiles are active: dev
2020-07-10 22:32:49.183 [main] INFO  o.s.d.r.config.RepositoryConfigurationDelegate - Multiple Spring Data modules found, entering strict repository configuration mode!
2020-07-10 22:32:49.188 [main] INFO  o.s.d.r.config.RepositoryConfigurationDelegate - Bootstrapping Spring Data Redis repositories in DEFAULT mode.
2020-07-10 22:32:49.245 [main] INFO  o.s.d.r.config.RepositoryConfigurationDelegate - Finished Spring Data repository scanning in 34ms. Found 0 Redis repository interfaces.
2020-07-10 22:32:52.458 [main] INFO  s.d.s.w.PropertySourcedRequestMappingHandlerMapping - Mapped URL path [/v2/api-docs] onto method [springfox.documentation.swagger2.web.Swagger2Controller#getDocumentation(String, HttpServletRequest)]
2020-07-10 22:32:52.893 [main] INFO  o.s.scheduling.concurrent.ThreadPoolTaskExecutor - Initializing ExecutorService 'applicationTaskExecutor'
2020-07-10 22:32:53.871 [main] INFO  s.d.s.web.plugins.DocumentationPluginsBootstrapper - Context refreshed
2020-07-10 22:32:53.902 [main] INFO  s.d.s.web.plugins.DocumentationPluginsBootstrapper - Found 1 custom documentation plugin(s)
2020-07-10 22:32:53.948 [main] INFO  s.d.spring.web.scanners.ApiListingReferenceScanner - Scanning for api listing references
2020-07-10 22:32:54.185 [main] INFO  com.chz.DBTest - Started DBTest in 6.817 seconds (JVM running for 8.212)
2020-07-10 22:32:54.496 [main] INFO  com.zaxxer.hikari.HikariDataSource - HikariPool - Starting...
2020-07-10 22:32:56.126 [main] INFO  com.zaxxer.hikari.HikariDataSource - HikariPool - Start completed.
2020-07-10 22:32:56.239 [SpringContextShutdownHook] INFO  o.s.scheduling.concurrent.ThreadPoolTaskExecutor - Shutting down ExecutorService 'applicationTaskExecutor'
2020-07-10 22:32:56.242 [SpringContextShutdownHook] INFO  com.zaxxer.hikari.HikariDataSource - HikariPool - Shutdown initiated...
2020-07-10 22:32:56.252 [SpringContextShutdownHook] INFO  com.zaxxer.hikari.HikariDataSource - HikariPool - Shutdown completed.
2020-07-10 22:34:21.111 [main] INFO  com.chz.DBTest - Starting DBTest on DESKTOP-I2J9OJP with PID 14724 (started by 82341 in D:\workspace_for_idea\谷粒学院\guli_parent\service\service_edu)
2020-07-10 22:34:21.113 [main] INFO  com.chz.DBTest - The following profiles are active: dev
2020-07-10 22:34:22.405 [main] INFO  o.s.d.r.config.RepositoryConfigurationDelegate - Multiple Spring Data modules found, entering strict repository configuration mode!
2020-07-10 22:34:22.408 [main] INFO  o.s.d.r.config.RepositoryConfigurationDelegate - Bootstrapping Spring Data Redis repositories in DEFAULT mode.
2020-07-10 22:34:22.457 [main] INFO  o.s.d.r.config.RepositoryConfigurationDelegate - Finished Spring Data repository scanning in 30ms. Found 0 Redis repository interfaces.
2020-07-10 22:34:26.066 [main] INFO  s.d.s.w.PropertySourcedRequestMappingHandlerMapping - Mapped URL path [/v2/api-docs] onto method [springfox.documentation.swagger2.web.Swagger2Controller#getDocumentation(String, HttpServletRequest)]
2020-07-10 22:34:26.503 [main] INFO  o.s.scheduling.concurrent.ThreadPoolTaskExecutor - Initializing ExecutorService 'applicationTaskExecutor'
2020-07-10 22:34:27.479 [main] INFO  s.d.s.web.plugins.DocumentationPluginsBootstrapper - Context refreshed
2020-07-10 22:34:27.507 [main] INFO  s.d.s.web.plugins.DocumentationPluginsBootstrapper - Found 1 custom documentation plugin(s)
2020-07-10 22:34:27.562 [main] INFO  s.d.spring.web.scanners.ApiListingReferenceScanner - Scanning for api listing references
2020-07-10 22:34:27.827 [main] INFO  com.chz.DBTest - Started DBTest in 7.619 seconds (JVM running for 8.974)
2020-07-10 22:34:28.154 [main] INFO  com.zaxxer.hikari.HikariDataSource - HikariPool - Starting...
2020-07-10 22:34:29.810 [main] INFO  com.zaxxer.hikari.HikariDataSource - HikariPool - Start completed.
2020-07-10 22:34:29.923 [SpringContextShutdownHook] INFO  o.s.scheduling.concurrent.ThreadPoolTaskExecutor - Shutting down ExecutorService 'applicationTaskExecutor'
2020-07-10 22:34:29.927 [SpringContextShutdownHook] INFO  com.zaxxer.hikari.HikariDataSource - HikariPool - Shutdown initiated...
2020-07-10 22:34:29.933 [SpringContextShutdownHook] INFO  com.zaxxer.hikari.HikariDataSource - HikariPool - Shutdown completed.
2020-07-10 22:38:43.061 [main] INFO  com.chz.DBTest - Starting DBTest on DESKTOP-I2J9OJP with PID 8944 (started by 82341 in D:\workspace_for_idea\谷粒学院\guli_parent\service\service_edu)
2020-07-10 22:38:43.064 [main] INFO  com.chz.DBTest - The following profiles are active: dev
2020-07-10 22:38:44.302 [main] INFO  o.s.d.r.config.RepositoryConfigurationDelegate - Multiple Spring Data modules found, entering strict repository configuration mode!
2020-07-10 22:38:44.305 [main] INFO  o.s.d.r.config.RepositoryConfigurationDelegate - Bootstrapping Spring Data Redis repositories in DEFAULT mode.
2020-07-10 22:38:44.349 [main] INFO  o.s.d.r.config.RepositoryConfigurationDelegate - Finished Spring Data repository scanning in 29ms. Found 0 Redis repository interfaces.
2020-07-10 22:38:47.970 [main] INFO  s.d.s.w.PropertySourcedRequestMappingHandlerMapping - Mapped URL path [/v2/api-docs] onto method [springfox.documentation.swagger2.web.Swagger2Controller#getDocumentation(String, HttpServletRequest)]
2020-07-10 22:38:48.428 [main] INFO  o.s.scheduling.concurrent.ThreadPoolTaskExecutor - Initializing ExecutorService 'applicationTaskExecutor'
2020-07-10 22:38:49.392 [main] INFO  s.d.s.web.plugins.DocumentationPluginsBootstrapper - Context refreshed
2020-07-10 22:38:49.423 [main] INFO  s.d.s.web.plugins.DocumentationPluginsBootstrapper - Found 1 custom documentation plugin(s)
2020-07-10 22:38:49.476 [main] INFO  s.d.spring.web.scanners.ApiListingReferenceScanner - Scanning for api listing references
2020-07-10 22:38:49.732 [main] INFO  com.chz.DBTest - Started DBTest in 7.582 seconds (JVM running for 9.206)
2020-07-10 22:38:50.103 [main] INFO  com.zaxxer.hikari.HikariDataSource - HikariPool - Starting...
2020-07-10 22:38:51.774 [main] INFO  com.zaxxer.hikari.HikariDataSource - HikariPool - Start completed.
2020-07-10 22:38:51.873 [SpringContextShutdownHook] INFO  o.s.scheduling.concurrent.ThreadPoolTaskExecutor - Shutting down ExecutorService 'applicationTaskExecutor'
2020-07-10 22:38:51.875 [SpringContextShutdownHook] INFO  com.zaxxer.hikari.HikariDataSource - HikariPool - Shutdown initiated...
2020-07-10 22:38:51.893 [SpringContextShutdownHook] INFO  com.zaxxer.hikari.HikariDataSource - HikariPool - Shutdown completed.
2020-07-10 22:39:07.379 [main] INFO  com.chz.DBTest - Starting DBTest on DESKTOP-I2J9OJP with PID 10656 (started by 82341 in D:\workspace_for_idea\谷粒学院\guli_parent\service\service_edu)
2020-07-10 22:39:07.382 [main] INFO  com.chz.DBTest - The following profiles are active: dev
2020-07-10 22:39:08.885 [main] INFO  o.s.d.r.config.RepositoryConfigurationDelegate - Multiple Spring Data modules found, entering strict repository configuration mode!
2020-07-10 22:39:08.890 [main] INFO  o.s.d.r.config.RepositoryConfigurationDelegate - Bootstrapping Spring Data Redis repositories in DEFAULT mode.
2020-07-10 22:39:08.953 [main] INFO  o.s.d.r.config.RepositoryConfigurationDelegate - Finished Spring Data repository scanning in 38ms. Found 0 Redis repository interfaces.
2020-07-10 22:39:12.322 [main] INFO  s.d.s.w.PropertySourcedRequestMappingHandlerMapping - Mapped URL path [/v2/api-docs] onto method [springfox.documentation.swagger2.web.Swagger2Controller#getDocumentation(String, HttpServletRequest)]
2020-07-10 22:39:12.781 [main] INFO  o.s.scheduling.concurrent.ThreadPoolTaskExecutor - Initializing ExecutorService 'applicationTaskExecutor'
2020-07-10 22:39:13.735 [main] INFO  s.d.s.web.plugins.DocumentationPluginsBootstrapper - Context refreshed
2020-07-10 22:39:13.789 [main] INFO  s.d.s.web.plugins.DocumentationPluginsBootstrapper - Found 1 custom documentation plugin(s)
2020-07-10 22:39:13.839 [main] INFO  s.d.spring.web.scanners.ApiListingReferenceScanner - Scanning for api listing references
2020-07-10 22:39:14.105 [main] INFO  com.chz.DBTest - Started DBTest in 7.344 seconds (JVM running for 8.808)
2020-07-10 22:39:14.412 [main] INFO  com.zaxxer.hikari.HikariDataSource - HikariPool - Starting...
2020-07-10 22:39:16.127 [main] INFO  com.zaxxer.hikari.HikariDataSource - HikariPool - Start completed.
2020-07-10 22:39:16.241 [SpringContextShutdownHook] INFO  o.s.scheduling.concurrent.ThreadPoolTaskExecutor - Shutting down ExecutorService 'applicationTaskExecutor'
2020-07-10 22:39:16.248 [SpringContextShutdownHook] INFO  com.zaxxer.hikari.HikariDataSource - HikariPool - Shutdown initiated...
2020-07-10 22:39:16.255 [SpringContextShutdownHook] INFO  com.zaxxer.hikari.HikariDataSource - HikariPool - Shutdown completed.
2020-07-10 22:40:35.355 [main] INFO  com.chz.DBTest - Starting DBTest on DESKTOP-I2J9OJP with PID 10388 (started by 82341 in D:\workspace_for_idea\谷粒学院\guli_parent\service\service_edu)
2020-07-10 22:40:35.358 [main] INFO  com.chz.DBTest - The following profiles are active: dev
2020-07-10 22:40:36.704 [main] INFO  o.s.d.r.config.RepositoryConfigurationDelegate - Multiple Spring Data modules found, entering strict repository configuration mode!
2020-07-10 22:40:36.708 [main] INFO  o.s.d.r.config.RepositoryConfigurationDelegate - Bootstrapping Spring Data Redis repositories in DEFAULT mode.
2020-07-10 22:40:36.754 [main] INFO  o.s.d.r.config.RepositoryConfigurationDelegate - Finished Spring Data repository scanning in 28ms. Found 0 Redis repository interfaces.
2020-07-10 22:40:41.507 [main] INFO  s.d.s.w.PropertySourcedRequestMappingHandlerMapping - Mapped URL path [/v2/api-docs] onto method [springfox.documentation.swagger2.web.Swagger2Controller#getDocumentation(String, HttpServletRequest)]
2020-07-10 22:40:42.202 [main] INFO  o.s.scheduling.concurrent.ThreadPoolTaskExecutor - Initializing ExecutorService 'applicationTaskExecutor'
2020-07-10 22:40:43.306 [main] INFO  s.d.s.web.plugins.DocumentationPluginsBootstrapper - Context refreshed
2020-07-10 22:40:43.354 [main] INFO  s.d.s.web.plugins.DocumentationPluginsBootstrapper - Found 1 custom documentation plugin(s)
2020-07-10 22:40:43.459 [main] INFO  s.d.spring.web.scanners.ApiListingReferenceScanner - Scanning for api listing references
2020-07-10 22:40:43.975 [main] INFO  com.chz.DBTest - Started DBTest in 9.494 seconds (JVM running for 11.135)
2020-07-10 22:40:44.490 [main] INFO  com.zaxxer.hikari.HikariDataSource - HikariPool - Starting...
2020-07-10 22:40:46.646 [main] INFO  com.zaxxer.hikari.HikariDataSource - HikariPool - Start completed.
2020-07-10 22:40:46.817 [SpringContextShutdownHook] INFO  o.s.scheduling.concurrent.ThreadPoolTaskExecutor - Shutting down ExecutorService 'applicationTaskExecutor'
2020-07-10 22:40:46.820 [SpringContextShutdownHook] INFO  com.zaxxer.hikari.HikariDataSource - HikariPool - Shutdown initiated...
2020-07-10 22:40:46.843 [SpringContextShutdownHook] INFO  com.zaxxer.hikari.HikariDataSource - HikariPool - Shutdown completed.
2020-07-10 22:41:48.409 [main] INFO  com.chz.DBTest - Starting DBTest on DESKTOP-I2J9OJP with PID 17040 (started by 82341 in D:\workspace_for_idea\谷粒学院\guli_parent\service\service_edu)
2020-07-10 22:41:48.411 [main] INFO  com.chz.DBTest - The following profiles are active: dev
2020-07-10 22:41:49.631 [main] INFO  o.s.d.r.config.RepositoryConfigurationDelegate - Multiple Spring Data modules found, entering strict repository configuration mode!
2020-07-10 22:41:49.633 [main] INFO  o.s.d.r.config.RepositoryConfigurationDelegate - Bootstrapping Spring Data Redis repositories in DEFAULT mode.
2020-07-10 22:41:49.676 [main] INFO  o.s.d.r.config.RepositoryConfigurationDelegate - Finished Spring Data repository scanning in 26ms. Found 0 Redis repository interfaces.
2020-07-10 22:41:52.928 [main] INFO  s.d.s.w.PropertySourcedRequestMappingHandlerMapping - Mapped URL path [/v2/api-docs] onto method [springfox.documentation.swagger2.web.Swagger2Controller#getDocumentation(String, HttpServletRequest)]
2020-07-10 22:41:53.358 [main] INFO  o.s.scheduling.concurrent.ThreadPoolTaskExecutor - Initializing ExecutorService 'applicationTaskExecutor'
2020-07-10 22:41:54.611 [main] INFO  s.d.s.web.plugins.DocumentationPluginsBootstrapper - Context refreshed
2020-07-10 22:41:54.647 [main] INFO  s.d.s.web.plugins.DocumentationPluginsBootstrapper - Found 1 custom documentation plugin(s)
2020-07-10 22:41:54.708 [main] INFO  s.d.spring.web.scanners.ApiListingReferenceScanner - Scanning for api listing references
2020-07-10 22:41:54.979 [main] INFO  com.chz.DBTest - Started DBTest in 7.347 seconds (JVM running for 8.771)
2020-07-10 22:41:55.292 [main] INFO  com.zaxxer.hikari.HikariDataSource - HikariPool - Starting...
2020-07-10 22:41:56.937 [main] INFO  com.zaxxer.hikari.HikariDataSource - HikariPool - Start completed.
2020-07-10 22:41:57.033 [SpringContextShutdownHook] INFO  o.s.scheduling.concurrent.ThreadPoolTaskExecutor - Shutting down ExecutorService 'applicationTaskExecutor'
2020-07-10 22:41:57.034 [SpringContextShutdownHook] INFO  com.zaxxer.hikari.HikariDataSource - HikariPool - Shutdown initiated...
2020-07-10 22:41:57.039 [SpringContextShutdownHook] INFO  com.zaxxer.hikari.HikariDataSource - HikariPool - Shutdown completed.
2020-07-10 22:43:00.292 [main] INFO  com.chz.DBTest - Starting DBTest on DESKTOP-I2J9OJP with PID 14124 (started by 82341 in D:\workspace_for_idea\谷粒学院\guli_parent\service\service_edu)
2020-07-10 22:43:00.294 [main] INFO  com.chz.DBTest - The following profiles are active: dev
2020-07-10 22:43:01.476 [main] INFO  o.s.d.r.config.RepositoryConfigurationDelegate - Multiple Spring Data modules found, entering strict repository configuration mode!
2020-07-10 22:43:01.480 [main] INFO  o.s.d.r.config.RepositoryConfigurationDelegate - Bootstrapping Spring Data Redis repositories in DEFAULT mode.
2020-07-10 22:43:01.524 [main] INFO  o.s.d.r.config.RepositoryConfigurationDelegate - Finished Spring Data repository scanning in 29ms. Found 0 Redis repository interfaces.
2020-07-10 22:43:05.365 [main] INFO  s.d.s.w.PropertySourcedRequestMappingHandlerMapping - Mapped URL path [/v2/api-docs] onto method [springfox.documentation.swagger2.web.Swagger2Controller#getDocumentation(String, HttpServletRequest)]
2020-07-10 22:43:05.789 [main] INFO  o.s.scheduling.concurrent.ThreadPoolTaskExecutor - Initializing ExecutorService 'applicationTaskExecutor'
2020-07-10 22:43:06.729 [main] INFO  s.d.s.web.plugins.DocumentationPluginsBootstrapper - Context refreshed
2020-07-10 22:43:06.760 [main] INFO  s.d.s.web.plugins.DocumentationPluginsBootstrapper - Found 1 custom documentation plugin(s)
2020-07-10 22:43:06.807 [main] INFO  s.d.spring.web.scanners.ApiListingReferenceScanner - Scanning for api listing references
2020-07-10 22:43:07.123 [main] INFO  com.chz.DBTest - Started DBTest in 7.702 seconds (JVM running for 9.166)
2020-07-10 22:43:07.441 [main] INFO  com.zaxxer.hikari.HikariDataSource - HikariPool - Starting...
2020-07-10 22:43:09.134 [main] INFO  com.zaxxer.hikari.HikariDataSource - HikariPool - Start completed.
2020-07-10 22:43:09.231 [SpringContextShutdownHook] INFO  o.s.scheduling.concurrent.ThreadPoolTaskExecutor - Shutting down ExecutorService 'applicationTaskExecutor'
2020-07-10 22:43:09.234 [SpringContextShutdownHook] INFO  com.zaxxer.hikari.HikariDataSource - HikariPool - Shutdown initiated...
2020-07-10 22:43:09.237 [SpringContextShutdownHook] INFO  com.zaxxer.hikari.HikariDataSource - HikariPool - Shutdown completed.
2020-07-10 22:47:52.050 [main] INFO  com.chz.DBTest - Starting DBTest on DESKTOP-I2J9OJP with PID 14120 (started by 82341 in D:\workspace_for_idea\谷粒学院\guli_parent\service\service_edu)
2020-07-10 22:47:52.052 [main] INFO  com.chz.DBTest - The following profiles are active: dev
2020-07-10 22:47:53.043 [main] INFO  o.s.d.r.config.RepositoryConfigurationDelegate - Multiple Spring Data modules found, entering strict repository configuration mode!
2020-07-10 22:47:53.046 [main] INFO  o.s.d.r.config.RepositoryConfigurationDelegate - Bootstrapping Spring Data Redis repositories in DEFAULT mode.
2020-07-10 22:47:53.088 [main] INFO  o.s.d.r.config.RepositoryConfigurationDelegate - Finished Spring Data repository scanning in 27ms. Found 0 Redis repository interfaces.
2020-07-10 22:47:56.501 [main] INFO  s.d.s.w.PropertySourcedRequestMappingHandlerMapping - Mapped URL path [/v2/api-docs] onto method [springfox.documentation.swagger2.web.Swagger2Controller#getDocumentation(String, HttpServletRequest)]
2020-07-10 22:47:57.020 [main] INFO  o.s.scheduling.concurrent.ThreadPoolTaskExecutor - Initializing ExecutorService 'applicationTaskExecutor'
2020-07-10 22:47:58.003 [main] INFO  s.d.s.web.plugins.DocumentationPluginsBootstrapper - Context refreshed
2020-07-10 22:47:58.044 [main] INFO  s.d.s.web.plugins.DocumentationPluginsBootstrapper - Found 1 custom documentation plugin(s)
2020-07-10 22:47:58.119 [main] INFO  s.d.spring.web.scanners.ApiListingReferenceScanner - Scanning for api listing references
2020-07-10 22:47:58.468 [main] INFO  com.chz.DBTest - Started DBTest in 7.073 seconds (JVM running for 9.289)
2020-07-10 22:47:58.890 [main] INFO  com.zaxxer.hikari.HikariDataSource - HikariPool - Starting...
2020-07-10 22:48:00.580 [main] INFO  com.zaxxer.hikari.HikariDataSource - HikariPool - Start completed.
2020-07-10 22:48:00.692 [SpringContextShutdownHook] INFO  o.s.scheduling.concurrent.ThreadPoolTaskExecutor - Shutting down ExecutorService 'applicationTaskExecutor'
2020-07-10 22:48:00.695 [SpringContextShutdownHook] INFO  com.zaxxer.hikari.HikariDataSource - HikariPool - Shutdown initiated...
2020-07-10 22:48:00.702 [SpringContextShutdownHook] INFO  com.zaxxer.hikari.HikariDataSource - HikariPool - Shutdown completed.
2020-07-10 22:52:03.490 [main] INFO  com.chz.DBTest - Starting DBTest on DESKTOP-I2J9OJP with PID 10168 (started by 82341 in D:\workspace_for_idea\谷粒学院\guli_parent\service\service_edu)
2020-07-10 22:52:03.494 [main] INFO  com.chz.DBTest - The following profiles are active: dev
2020-07-10 22:52:04.898 [main] INFO  o.s.d.r.config.RepositoryConfigurationDelegate - Multiple Spring Data modules found, entering strict repository configuration mode!
2020-07-10 22:52:04.902 [main] INFO  o.s.d.r.config.RepositoryConfigurationDelegate - Bootstrapping Spring Data Redis repositories in DEFAULT mode.
2020-07-10 22:52:04.954 [main] INFO  o.s.d.r.config.RepositoryConfigurationDelegate - Finished Spring Data repository scanning in 31ms. Found 0 Redis repository interfaces.
2020-07-10 22:52:08.545 [main] INFO  s.d.s.w.PropertySourcedRequestMappingHandlerMapping - Mapped URL path [/v2/api-docs] onto method [springfox.documentation.swagger2.web.Swagger2Controller#getDocumentation(String, HttpServletRequest)]
2020-07-10 22:52:09.101 [main] INFO  o.s.scheduling.concurrent.ThreadPoolTaskExecutor - Initializing ExecutorService 'applicationTaskExecutor'
2020-07-10 22:52:10.266 [main] INFO  s.d.s.web.plugins.DocumentationPluginsBootstrapper - Context refreshed
2020-07-10 22:52:10.300 [main] INFO  s.d.s.web.plugins.DocumentationPluginsBootstrapper - Found 1 custom documentation plugin(s)
2020-07-10 22:52:10.356 [main] INFO  s.d.spring.web.scanners.ApiListingReferenceScanner - Scanning for api listing references
2020-07-10 22:52:10.628 [main] INFO  com.chz.DBTest - Started DBTest in 7.803 seconds (JVM running for 9.495)
2020-07-10 22:52:10.916 [main] INFO  com.zaxxer.hikari.HikariDataSource - HikariPool - Starting...
2020-07-10 22:52:12.550 [main] INFO  com.zaxxer.hikari.HikariDataSource - HikariPool - Start completed.
2020-07-10 22:52:12.651 [SpringContextShutdownHook] INFO  o.s.scheduling.concurrent.ThreadPoolTaskExecutor - Shutting down ExecutorService 'applicationTaskExecutor'
2020-07-10 22:52:12.655 [SpringContextShutdownHook] INFO  com.zaxxer.hikari.HikariDataSource - HikariPool - Shutdown initiated...
2020-07-10 22:52:12.670 [SpringContextShutdownHook] INFO  com.zaxxer.hikari.HikariDataSource - HikariPool - Shutdown completed.
2020-07-10 22:54:35.346 [main] INFO  com.chz.DBTest - Starting DBTest on DESKTOP-I2J9OJP with PID 3900 (started by 82341 in D:\workspace_for_idea\谷粒学院\guli_parent\service\service_edu)
2020-07-10 22:54:35.349 [main] INFO  com.chz.DBTest - The following profiles are active: dev
2020-07-10 22:54:36.332 [main] INFO  o.s.d.r.config.RepositoryConfigurationDelegate - Multiple Spring Data modules found, entering strict repository configuration mode!
2020-07-10 22:54:36.334 [main] INFO  o.s.d.r.config.RepositoryConfigurationDelegate - Bootstrapping Spring Data Redis repositories in DEFAULT mode.
2020-07-10 22:54:36.373 [main] INFO  o.s.d.r.config.RepositoryConfigurationDelegate - Finished Spring Data repository scanning in 24ms. Found 0 Redis repository interfaces.
2020-07-10 22:54:39.830 [main] INFO  s.d.s.w.PropertySourcedRequestMappingHandlerMapping - Mapped URL path [/v2/api-docs] onto method [springfox.documentation.swagger2.web.Swagger2Controller#getDocumentation(String, HttpServletRequest)]
2020-07-10 22:54:40.395 [main] INFO  o.s.scheduling.concurrent.ThreadPoolTaskExecutor - Initializing ExecutorService 'applicationTaskExecutor'
2020-07-10 22:54:41.361 [main] INFO  s.d.s.web.plugins.DocumentationPluginsBootstrapper - Context refreshed
2020-07-10 22:54:41.414 [main] INFO  s.d.s.web.plugins.DocumentationPluginsBootstrapper - Found 1 custom documentation plugin(s)
2020-07-10 22:54:41.463 [main] INFO  s.d.spring.web.scanners.ApiListingReferenceScanner - Scanning for api listing references
2020-07-10 22:54:41.721 [main] INFO  com.chz.DBTest - Started DBTest in 7.152 seconds (JVM running for 8.804)
2020-07-10 22:54:42.068 [main] INFO  com.zaxxer.hikari.HikariDataSource - HikariPool - Starting...
2020-07-10 22:54:43.673 [main] INFO  com.zaxxer.hikari.HikariDataSource - HikariPool - Start completed.
2020-07-10 22:54:43.792 [SpringContextShutdownHook] INFO  o.s.scheduling.concurrent.ThreadPoolTaskExecutor - Shutting down ExecutorService 'applicationTaskExecutor'
2020-07-10 22:54:43.794 [SpringContextShutdownHook] INFO  com.zaxxer.hikari.HikariDataSource - HikariPool - Shutdown initiated...
2020-07-10 22:54:43.811 [SpringContextShutdownHook] INFO  com.zaxxer.hikari.HikariDataSource - HikariPool - Shutdown completed.
2020-07-10 22:55:46.062 [main] INFO  com.chz.DBTest - Starting DBTest on DESKTOP-I2J9OJP with PID 11608 (started by 82341 in D:\workspace_for_idea\谷粒学院\guli_parent\service\service_edu)
2020-07-10 22:55:46.064 [main] INFO  com.chz.DBTest - The following profiles are active: dev
2020-07-10 22:55:47.210 [main] INFO  o.s.d.r.config.RepositoryConfigurationDelegate - Multiple Spring Data modules found, entering strict repository configuration mode!
2020-07-10 22:55:47.212 [main] INFO  o.s.d.r.config.RepositoryConfigurationDelegate - Bootstrapping Spring Data Redis repositories in DEFAULT mode.
2020-07-10 22:55:47.253 [main] INFO  o.s.d.r.config.RepositoryConfigurationDelegate - Finished Spring Data repository scanning in 24ms. Found 0 Redis repository interfaces.
2020-07-10 22:55:50.852 [main] INFO  s.d.s.w.PropertySourcedRequestMappingHandlerMapping - Mapped URL path [/v2/api-docs] onto method [springfox.documentation.swagger2.web.Swagger2Controller#getDocumentation(String, HttpServletRequest)]
2020-07-10 22:55:51.311 [main] INFO  o.s.scheduling.concurrent.ThreadPoolTaskExecutor - Initializing ExecutorService 'applicationTaskExecutor'
2020-07-10 22:55:52.245 [main] INFO  s.d.s.web.plugins.DocumentationPluginsBootstrapper - Context refreshed
2020-07-10 22:55:52.274 [main] INFO  s.d.s.web.plugins.DocumentationPluginsBootstrapper - Found 1 custom documentation plugin(s)
2020-07-10 22:55:52.318 [main] INFO  s.d.spring.web.scanners.ApiListingReferenceScanner - Scanning for api listing references
2020-07-10 22:55:52.581 [main] INFO  com.chz.DBTest - Started DBTest in 7.264 seconds (JVM running for 8.764)
2020-07-10 22:55:52.877 [main] INFO  com.zaxxer.hikari.HikariDataSource - HikariPool - Starting...
2020-07-10 22:55:54.511 [main] INFO  com.zaxxer.hikari.HikariDataSource - HikariPool - Start completed.
2020-07-10 22:55:54.655 [SpringContextShutdownHook] INFO  o.s.scheduling.concurrent.ThreadPoolTaskExecutor - Shutting down ExecutorService 'applicationTaskExecutor'
2020-07-10 22:55:54.657 [SpringContextShutdownHook] INFO  com.zaxxer.hikari.HikariDataSource - HikariPool - Shutdown initiated...
2020-07-10 22:55:54.665 [SpringContextShutdownHook] INFO  com.zaxxer.hikari.HikariDataSource - HikariPool - Shutdown completed.
2020-07-10 22:56:17.873 [main] INFO  com.chz.DBTest - Starting DBTest on DESKTOP-I2J9OJP with PID 6168 (started by 82341 in D:\workspace_for_idea\谷粒学院\guli_parent\service\service_edu)
2020-07-10 22:56:17.875 [main] INFO  com.chz.DBTest - The following profiles are active: dev
2020-07-10 22:56:19.065 [main] INFO  o.s.d.r.config.RepositoryConfigurationDelegate - Multiple Spring Data modules found, entering strict repository configuration mode!
2020-07-10 22:56:19.071 [main] INFO  o.s.d.r.config.RepositoryConfigurationDelegate - Bootstrapping Spring Data Redis repositories in DEFAULT mode.
2020-07-10 22:56:19.135 [main] INFO  o.s.d.r.config.RepositoryConfigurationDelegate - Finished Spring Data repository scanning in 41ms. Found 0 Redis repository interfaces.
2020-07-10 22:56:22.464 [main] INFO  s.d.s.w.PropertySourcedRequestMappingHandlerMapping - Mapped URL path [/v2/api-docs] onto method [springfox.documentation.swagger2.web.Swagger2Controller#getDocumentation(String, HttpServletRequest)]
2020-07-10 22:56:22.876 [main] INFO  o.s.scheduling.concurrent.ThreadPoolTaskExecutor - Initializing ExecutorService 'applicationTaskExecutor'
2020-07-10 22:56:23.773 [main] INFO  s.d.s.web.plugins.DocumentationPluginsBootstrapper - Context refreshed
2020-07-10 22:56:23.810 [main] INFO  s.d.s.web.plugins.DocumentationPluginsBootstrapper - Found 1 custom documentation plugin(s)
2020-07-10 22:56:23.861 [main] INFO  s.d.spring.web.scanners.ApiListingReferenceScanner - Scanning for api listing references
2020-07-10 22:56:24.114 [main] INFO  com.chz.DBTest - Started DBTest in 6.818 seconds (JVM running for 8.209)
2020-07-10 22:56:24.414 [main] INFO  com.zaxxer.hikari.HikariDataSource - HikariPool - Starting...
2020-07-10 22:56:26.038 [main] INFO  com.zaxxer.hikari.HikariDataSource - HikariPool - Start completed.
2020-07-10 22:56:26.166 [SpringContextShutdownHook] INFO  o.s.scheduling.concurrent.ThreadPoolTaskExecutor - Shutting down ExecutorService 'applicationTaskExecutor'
2020-07-10 22:56:26.172 [SpringContextShutdownHook] INFO  com.zaxxer.hikari.HikariDataSource - HikariPool - Shutdown initiated...
2020-07-10 22:56:26.188 [SpringContextShutdownHook] INFO  com.zaxxer.hikari.HikariDataSource - HikariPool - Shutdown completed.
2020-07-10 22:57:17.846 [main] INFO  com.chz.DBTest - Starting DBTest on DESKTOP-I2J9OJP with PID 9700 (started by 82341 in D:\workspace_for_idea\谷粒学院\guli_parent\service\service_edu)
2020-07-10 22:57:17.848 [main] INFO  com.chz.DBTest - The following profiles are active: dev
2020-07-10 22:57:18.973 [main] INFO  o.s.d.r.config.RepositoryConfigurationDelegate - Multiple Spring Data modules found, entering strict repository configuration mode!
2020-07-10 22:57:18.975 [main] INFO  o.s.d.r.config.RepositoryConfigurationDelegate - Bootstrapping Spring Data Redis repositories in DEFAULT mode.
2020-07-10 22:57:19.023 [main] INFO  o.s.d.r.config.RepositoryConfigurationDelegate - Finished Spring Data repository scanning in 32ms. Found 0 Redis repository interfaces.
2020-07-10 22:57:22.120 [main] INFO  s.d.s.w.PropertySourcedRequestMappingHandlerMapping - Mapped URL path [/v2/api-docs] onto method [springfox.documentation.swagger2.web.Swagger2Controller#getDocumentation(String, HttpServletRequest)]
2020-07-10 22:57:22.560 [main] INFO  o.s.scheduling.concurrent.ThreadPoolTaskExecutor - Initializing ExecutorService 'applicationTaskExecutor'
2020-07-10 22:57:23.584 [main] INFO  s.d.s.web.plugins.DocumentationPluginsBootstrapper - Context refreshed
2020-07-10 22:57:23.620 [main] INFO  s.d.s.web.plugins.DocumentationPluginsBootstrapper - Found 1 custom documentation plugin(s)
2020-07-10 22:57:23.682 [main] INFO  s.d.spring.web.scanners.ApiListingReferenceScanner - Scanning for api listing references
2020-07-10 22:57:23.977 [main] INFO  com.chz.DBTest - Started DBTest in 6.934 seconds (JVM running for 8.372)
2020-07-10 22:57:24.298 [main] INFO  com.zaxxer.hikari.HikariDataSource - HikariPool - Starting...
2020-07-10 22:57:25.994 [main] INFO  com.zaxxer.hikari.HikariDataSource - HikariPool - Start completed.
2020-07-10 22:57:26.148 [SpringContextShutdownHook] INFO  o.s.scheduling.concurrent.ThreadPoolTaskExecutor - Shutting down ExecutorService 'applicationTaskExecutor'
2020-07-10 22:57:26.154 [SpringContextShutdownHook] INFO  com.zaxxer.hikari.HikariDataSource - HikariPool - Shutdown initiated...
2020-07-10 22:57:26.164 [SpringContextShutdownHook] INFO  com.zaxxer.hikari.HikariDataSource - HikariPool - Shutdown completed.
2020-07-10 22:57:48.716 [main] INFO  com.chz.DBTest - Starting DBTest on DESKTOP-I2J9OJP with PID 3256 (started by 82341 in D:\workspace_for_idea\谷粒学院\guli_parent\service\service_edu)
2020-07-10 22:57:48.717 [main] INFO  com.chz.DBTest - The following profiles are active: dev
2020-07-10 22:57:50.353 [main] INFO  o.s.d.r.config.RepositoryConfigurationDelegate - Multiple Spring Data modules found, entering strict repository configuration mode!
2020-07-10 22:57:50.359 [main] INFO  o.s.d.r.config.RepositoryConfigurationDelegate - Bootstrapping Spring Data Redis repositories in DEFAULT mode.
2020-07-10 22:57:50.442 [main] INFO  o.s.d.r.config.RepositoryConfigurationDelegate - Finished Spring Data repository scanning in 61ms. Found 0 Redis repository interfaces.
2020-07-10 22:57:54.079 [main] INFO  s.d.s.w.PropertySourcedRequestMappingHandlerMapping - Mapped URL path [/v2/api-docs] onto method [springfox.documentation.swagger2.web.Swagger2Controller#getDocumentation(String, HttpServletRequest)]
2020-07-10 22:57:54.503 [main] INFO  o.s.scheduling.concurrent.ThreadPoolTaskExecutor - Initializing ExecutorService 'applicationTaskExecutor'
2020-07-10 22:57:55.530 [main] INFO  s.d.s.web.plugins.DocumentationPluginsBootstrapper - Context refreshed
2020-07-10 22:57:55.565 [main] INFO  s.d.s.web.plugins.DocumentationPluginsBootstrapper - Found 1 custom documentation plugin(s)
2020-07-10 22:57:55.608 [main] INFO  s.d.spring.web.scanners.ApiListingReferenceScanner - Scanning for api listing references
2020-07-10 22:57:55.878 [main] INFO  com.chz.DBTest - Started DBTest in 7.769 seconds (JVM running for 9.238)
2020-07-10 22:57:56.217 [main] INFO  com.zaxxer.hikari.HikariDataSource - HikariPool - Starting...
2020-07-10 22:57:58.053 [main] INFO  com.zaxxer.hikari.HikariDataSource - HikariPool - Start completed.
2020-07-10 22:57:58.203 [SpringContextShutdownHook] INFO  o.s.scheduling.concurrent.ThreadPoolTaskExecutor - Shutting down ExecutorService 'applicationTaskExecutor'
2020-07-10 22:57:58.210 [SpringContextShutdownHook] INFO  com.zaxxer.hikari.HikariDataSource - HikariPool - Shutdown initiated...
2020-07-10 22:57:58.224 [SpringContextShutdownHook] INFO  com.zaxxer.hikari.HikariDataSource - HikariPool - Shutdown completed.
2020-07-10 23:08:47.265 [main] INFO  com.chz.DBTest - Starting DBTest on DESKTOP-I2J9OJP with PID 9700 (started by 82341 in D:\workspace_for_idea\谷粒学院\guli_parent\service\service_edu)
2020-07-10 23:08:47.267 [main] INFO  com.chz.DBTest - The following profiles are active: dev
2020-07-10 23:08:48.551 [main] INFO  o.s.d.r.config.RepositoryConfigurationDelegate - Multiple Spring Data modules found, entering strict repository configuration mode!
2020-07-10 23:08:48.556 [main] INFO  o.s.d.r.config.RepositoryConfigurationDelegate - Bootstrapping Spring Data Redis repositories in DEFAULT mode.
2020-07-10 23:08:48.613 [main] INFO  o.s.d.r.config.RepositoryConfigurationDelegate - Finished Spring Data repository scanning in 33ms. Found 0 Redis repository interfaces.
2020-07-10 23:08:52.041 [main] INFO  s.d.s.w.PropertySourcedRequestMappingHandlerMapping - Mapped URL path [/v2/api-docs] onto method [springfox.documentation.swagger2.web.Swagger2Controller#getDocumentation(String, HttpServletRequest)]
2020-07-10 23:08:52.531 [main] INFO  o.s.scheduling.concurrent.ThreadPoolTaskExecutor - Initializing ExecutorService 'applicationTaskExecutor'
2020-07-10 23:08:53.588 [main] INFO  s.d.s.web.plugins.DocumentationPluginsBootstrapper - Context refreshed
2020-07-10 23:08:53.620 [main] INFO  s.d.s.web.plugins.DocumentationPluginsBootstrapper - Found 1 custom documentation plugin(s)
2020-07-10 23:08:53.669 [main] INFO  s.d.spring.web.scanners.ApiListingReferenceScanner - Scanning for api listing references
2020-07-10 23:08:53.954 [main] INFO  com.chz.DBTest - Started DBTest in 7.253 seconds (JVM running for 8.655)
2020-07-10 23:08:54.248 [main] INFO  com.zaxxer.hikari.HikariDataSource - HikariPool - Starting...
2020-07-10 23:08:55.856 [main] INFO  com.zaxxer.hikari.HikariDataSource - HikariPool - Start completed.
2020-07-10 23:08:56.012 [SpringContextShutdownHook] INFO  o.s.scheduling.concurrent.ThreadPoolTaskExecutor - Shutting down ExecutorService 'applicationTaskExecutor'
2020-07-10 23:08:56.015 [SpringContextShutdownHook] INFO  com.zaxxer.hikari.HikariDataSource - HikariPool - Shutdown initiated...
2020-07-10 23:08:56.025 [SpringContextShutdownHook] INFO  com.zaxxer.hikari.HikariDataSource - HikariPool - Shutdown completed.
2020-07-10 23:16:45.507 [main] INFO  com.chz.DBTest - Starting DBTest on DESKTOP-I2J9OJP with PID 13504 (started by 82341 in D:\workspace_for_idea\谷粒学院\guli_parent\service\service_edu)
2020-07-10 23:16:45.510 [main] INFO  com.chz.DBTest - The following profiles are active: dev
2020-07-10 23:16:46.934 [main] INFO  o.s.d.r.config.RepositoryConfigurationDelegate - Multiple Spring Data modules found, entering strict repository configuration mode!
2020-07-10 23:16:46.939 [main] INFO  o.s.d.r.config.RepositoryConfigurationDelegate - Bootstrapping Spring Data Redis repositories in DEFAULT mode.
2020-07-10 23:16:47.000 [main] INFO  o.s.d.r.config.RepositoryConfigurationDelegate - Finished Spring Data repository scanning in 39ms. Found 0 Redis repository interfaces.
2020-07-10 23:16:51.126 [main] INFO  s.d.s.w.PropertySourcedRequestMappingHandlerMapping - Mapped URL path [/v2/api-docs] onto method [springfox.documentation.swagger2.web.Swagger2Controller#getDocumentation(String, HttpServletRequest)]
2020-07-10 23:16:51.750 [main] INFO  o.s.scheduling.concurrent.ThreadPoolTaskExecutor - Initializing ExecutorService 'applicationTaskExecutor'
2020-07-10 23:16:52.660 [main] INFO  s.d.s.web.plugins.DocumentationPluginsBootstrapper - Context refreshed
2020-07-10 23:16:52.694 [main] INFO  s.d.s.web.plugins.DocumentationPluginsBootstrapper - Found 1 custom documentation plugin(s)
2020-07-10 23:16:52.748 [main] INFO  s.d.spring.web.scanners.ApiListingReferenceScanner - Scanning for api listing references
2020-07-10 23:16:53.014 [main] INFO  com.chz.DBTest - Started DBTest in 8.139 seconds (JVM running for 9.588)
2020-07-10 23:16:53.297 [main] INFO  com.zaxxer.hikari.HikariDataSource - HikariPool - Starting...
2020-07-10 23:16:54.943 [main] INFO  com.zaxxer.hikari.HikariDataSource - HikariPool - Start completed.
2020-07-10 23:16:55.076 [SpringContextShutdownHook] INFO  o.s.scheduling.concurrent.ThreadPoolTaskExecutor - Shutting down ExecutorService 'applicationTaskExecutor'
2020-07-10 23:16:55.079 [SpringContextShutdownHook] INFO  com.zaxxer.hikari.HikariDataSource - HikariPool - Shutdown initiated...
2020-07-10 23:16:55.096 [SpringContextShutdownHook] INFO  com.zaxxer.hikari.HikariDataSource - HikariPool - Shutdown completed.
