2020-07-07 22:44:00.399 [main] INFO  com.chz.DBTest - Starting DBTest on DESKTOP-I2J9OJP with PID 9908 (started by 82341 in D:\workspace_for_idea\谷粒学院\guli_parent\service\service_edu)
2020-07-07 22:44:00.402 [main] INFO  com.chz.DBTest - The following profiles are active: dev
2020-07-07 22:44:02.861 [main] INFO  o.s.d.r.config.RepositoryConfigurationDelegate - Multiple Spring Data modules found, entering strict repository configuration mode!
2020-07-07 22:44:02.874 [main] INFO  o.s.d.r.config.RepositoryConfigurationDelegate - Bootstrapping Spring Data Redis repositories in DEFAULT mode.
2020-07-07 22:44:03.002 [main] INFO  o.s.d.r.config.RepositoryConfigurationDelegate - Finished Spring Data repository scanning in 83ms. Found 0 Redis repository interfaces.
2020-07-07 22:44:07.357 [main] INFO  s.d.s.w.PropertySourcedRequestMappingHandlerMapping - Mapped URL path [/v2/api-docs] onto method [springfox.documentation.swagger2.web.Swagger2Controller#getDocumentation(String, HttpServletRequest)]
2020-07-07 22:44:07.939 [main] INFO  o.s.scheduling.concurrent.ThreadPoolTaskExecutor - Initializing ExecutorService 'applicationTaskExecutor'
2020-07-07 22:44:09.408 [main] INFO  s.d.s.web.plugins.DocumentationPluginsBootstrapper - Context refreshed
2020-07-07 22:44:09.456 [main] INFO  s.d.s.web.plugins.DocumentationPluginsBootstrapper - Found 1 custom documentation plugin(s)
2020-07-07 22:44:09.510 [main] INFO  s.d.spring.web.scanners.ApiListingReferenceScanner - Scanning for api listing references
2020-07-07 22:44:09.778 [main] INFO  com.chz.DBTest - Started DBTest in 11.131 seconds (JVM running for 13.843)
2020-07-07 22:44:10.447 [SpringContextShutdownHook] INFO  o.s.scheduling.concurrent.ThreadPoolTaskExecutor - Shutting down ExecutorService 'applicationTaskExecutor'
2020-07-07 22:45:31.604 [main] INFO  com.chz.DBTest - Starting DBTest on DESKTOP-I2J9OJP with PID 2440 (started by 82341 in D:\workspace_for_idea\谷粒学院\guli_parent\service\service_edu)
2020-07-07 22:45:31.606 [main] INFO  com.chz.DBTest - The following profiles are active: dev
2020-07-07 22:45:32.665 [main] INFO  o.s.d.r.config.RepositoryConfigurationDelegate - Multiple Spring Data modules found, entering strict repository configuration mode!
2020-07-07 22:45:32.669 [main] INFO  o.s.d.r.config.RepositoryConfigurationDelegate - Bootstrapping Spring Data Redis repositories in DEFAULT mode.
2020-07-07 22:45:32.710 [main] INFO  o.s.d.r.config.RepositoryConfigurationDelegate - Finished Spring Data repository scanning in 24ms. Found 0 Redis repository interfaces.
2020-07-07 22:45:36.215 [main] INFO  s.d.s.w.PropertySourcedRequestMappingHandlerMapping - Mapped URL path [/v2/api-docs] onto method [springfox.documentation.swagger2.web.Swagger2Controller#getDocumentation(String, HttpServletRequest)]
2020-07-07 22:45:36.680 [main] INFO  o.s.scheduling.concurrent.ThreadPoolTaskExecutor - Initializing ExecutorService 'applicationTaskExecutor'
2020-07-07 22:45:37.661 [main] INFO  s.d.s.web.plugins.DocumentationPluginsBootstrapper - Context refreshed
2020-07-07 22:45:37.689 [main] INFO  s.d.s.web.plugins.DocumentationPluginsBootstrapper - Found 1 custom documentation plugin(s)
2020-07-07 22:45:37.734 [main] INFO  s.d.spring.web.scanners.ApiListingReferenceScanner - Scanning for api listing references
2020-07-07 22:45:38.000 [main] INFO  com.chz.DBTest - Started DBTest in 7.149 seconds (JVM running for 8.573)
2020-07-07 22:45:38.372 [SpringContextShutdownHook] INFO  o.s.scheduling.concurrent.ThreadPoolTaskExecutor - Shutting down ExecutorService 'applicationTaskExecutor'
2020-07-07 22:47:12.842 [main] INFO  com.chz.DBTest - Starting DBTest on DESKTOP-I2J9OJP with PID 11168 (started by 82341 in D:\workspace_for_idea\谷粒学院\guli_parent\service\service_edu)
2020-07-07 22:47:12.844 [main] INFO  com.chz.DBTest - The following profiles are active: dev
2020-07-07 22:47:13.911 [main] INFO  o.s.d.r.config.RepositoryConfigurationDelegate - Multiple Spring Data modules found, entering strict repository configuration mode!
2020-07-07 22:47:13.916 [main] INFO  o.s.d.r.config.RepositoryConfigurationDelegate - Bootstrapping Spring Data Redis repositories in DEFAULT mode.
2020-07-07 22:47:13.979 [main] INFO  o.s.d.r.config.RepositoryConfigurationDelegate - Finished Spring Data repository scanning in 39ms. Found 0 Redis repository interfaces.
2020-07-07 22:47:17.254 [main] INFO  s.d.s.w.PropertySourcedRequestMappingHandlerMapping - Mapped URL path [/v2/api-docs] onto method [springfox.documentation.swagger2.web.Swagger2Controller#getDocumentation(String, HttpServletRequest)]
2020-07-07 22:47:17.651 [main] INFO  o.s.scheduling.concurrent.ThreadPoolTaskExecutor - Initializing ExecutorService 'applicationTaskExecutor'
2020-07-07 22:47:18.429 [main] INFO  s.d.s.web.plugins.DocumentationPluginsBootstrapper - Context refreshed
2020-07-07 22:47:18.457 [main] INFO  s.d.s.web.plugins.DocumentationPluginsBootstrapper - Found 1 custom documentation plugin(s)
2020-07-07 22:47:18.499 [main] INFO  s.d.spring.web.scanners.ApiListingReferenceScanner - Scanning for api listing references
2020-07-07 22:47:18.737 [main] INFO  com.chz.DBTest - Started DBTest in 6.433 seconds (JVM running for 7.817)
2020-07-07 22:47:19.080 [SpringContextShutdownHook] INFO  o.s.scheduling.concurrent.ThreadPoolTaskExecutor - Shutting down ExecutorService 'applicationTaskExecutor'
2020-07-07 22:55:39.269 [main] INFO  com.chz.DBTest - Starting DBTest on DESKTOP-I2J9OJP with PID 12940 (started by 82341 in D:\workspace_for_idea\谷粒学院\guli_parent\service\service_edu)
2020-07-07 22:55:39.272 [main] INFO  com.chz.DBTest - The following profiles are active: dev
2020-07-07 22:55:40.430 [main] INFO  o.s.d.r.config.RepositoryConfigurationDelegate - Multiple Spring Data modules found, entering strict repository configuration mode!
2020-07-07 22:55:40.434 [main] INFO  o.s.d.r.config.RepositoryConfigurationDelegate - Bootstrapping Spring Data Redis repositories in DEFAULT mode.
2020-07-07 22:55:40.488 [main] INFO  o.s.d.r.config.RepositoryConfigurationDelegate - Finished Spring Data repository scanning in 36ms. Found 0 Redis repository interfaces.
2020-07-07 22:55:43.660 [main] INFO  s.d.s.w.PropertySourcedRequestMappingHandlerMapping - Mapped URL path [/v2/api-docs] onto method [springfox.documentation.swagger2.web.Swagger2Controller#getDocumentation(String, HttpServletRequest)]
2020-07-07 22:55:44.038 [main] INFO  o.s.scheduling.concurrent.ThreadPoolTaskExecutor - Initializing ExecutorService 'applicationTaskExecutor'
2020-07-07 22:55:44.901 [main] INFO  s.d.s.web.plugins.DocumentationPluginsBootstrapper - Context refreshed
2020-07-07 22:55:44.928 [main] INFO  s.d.s.web.plugins.DocumentationPluginsBootstrapper - Found 1 custom documentation plugin(s)
2020-07-07 22:55:44.973 [main] INFO  s.d.spring.web.scanners.ApiListingReferenceScanner - Scanning for api listing references
2020-07-07 22:55:45.194 [main] INFO  com.chz.DBTest - Started DBTest in 6.499 seconds (JVM running for 7.803)
2020-07-07 22:55:45.497 [SpringContextShutdownHook] INFO  o.s.scheduling.concurrent.ThreadPoolTaskExecutor - Shutting down ExecutorService 'applicationTaskExecutor'
2020-07-07 22:56:12.351 [main] INFO  com.chz.DBTest - Starting DBTest on DESKTOP-I2J9OJP with PID 1728 (started by 82341 in D:\workspace_for_idea\谷粒学院\guli_parent\service\service_edu)
2020-07-07 22:56:12.352 [main] INFO  com.chz.DBTest - The following profiles are active: dev
2020-07-07 22:56:13.506 [main] INFO  o.s.d.r.config.RepositoryConfigurationDelegate - Multiple Spring Data modules found, entering strict repository configuration mode!
2020-07-07 22:56:13.511 [main] INFO  o.s.d.r.config.RepositoryConfigurationDelegate - Bootstrapping Spring Data Redis repositories in DEFAULT mode.
2020-07-07 22:56:13.575 [main] INFO  o.s.d.r.config.RepositoryConfigurationDelegate - Finished Spring Data repository scanning in 38ms. Found 0 Redis repository interfaces.
2020-07-07 22:56:16.788 [main] INFO  s.d.s.w.PropertySourcedRequestMappingHandlerMapping - Mapped URL path [/v2/api-docs] onto method [springfox.documentation.swagger2.web.Swagger2Controller#getDocumentation(String, HttpServletRequest)]
2020-07-07 22:56:17.182 [main] INFO  o.s.scheduling.concurrent.ThreadPoolTaskExecutor - Initializing ExecutorService 'applicationTaskExecutor'
2020-07-07 22:56:18.100 [main] INFO  s.d.s.web.plugins.DocumentationPluginsBootstrapper - Context refreshed
2020-07-07 22:56:18.129 [main] INFO  s.d.s.web.plugins.DocumentationPluginsBootstrapper - Found 1 custom documentation plugin(s)
2020-07-07 22:56:18.173 [main] INFO  s.d.spring.web.scanners.ApiListingReferenceScanner - Scanning for api listing references
2020-07-07 22:56:18.419 [main] INFO  com.chz.DBTest - Started DBTest in 6.616 seconds (JVM running for 7.963)
2020-07-07 22:56:18.794 [main] INFO  com.zaxxer.hikari.HikariDataSource - HikariPool - Starting...
2020-07-07 22:56:21.012 [main] INFO  com.zaxxer.hikari.HikariDataSource - HikariPool - Start completed.
2020-07-07 22:56:21.342 [SpringContextShutdownHook] INFO  o.s.scheduling.concurrent.ThreadPoolTaskExecutor - Shutting down ExecutorService 'applicationTaskExecutor'
2020-07-07 22:56:21.344 [SpringContextShutdownHook] INFO  com.zaxxer.hikari.HikariDataSource - HikariPool - Shutdown initiated...
2020-07-07 22:56:21.353 [SpringContextShutdownHook] INFO  com.zaxxer.hikari.HikariDataSource - HikariPool - Shutdown completed.
2020-07-07 23:00:52.607 [main] INFO  com.chz.DBTest - Starting DBTest on DESKTOP-I2J9OJP with PID 9276 (started by 82341 in D:\workspace_for_idea\谷粒学院\guli_parent\service\service_edu)
2020-07-07 23:00:52.609 [main] INFO  com.chz.DBTest - The following profiles are active: dev
2020-07-07 23:00:53.684 [main] INFO  o.s.d.r.config.RepositoryConfigurationDelegate - Multiple Spring Data modules found, entering strict repository configuration mode!
2020-07-07 23:00:53.688 [main] INFO  o.s.d.r.config.RepositoryConfigurationDelegate - Bootstrapping Spring Data Redis repositories in DEFAULT mode.
2020-07-07 23:00:53.748 [main] INFO  o.s.d.r.config.RepositoryConfigurationDelegate - Finished Spring Data repository scanning in 36ms. Found 0 Redis repository interfaces.
2020-07-07 23:00:56.892 [main] INFO  s.d.s.w.PropertySourcedRequestMappingHandlerMapping - Mapped URL path [/v2/api-docs] onto method [springfox.documentation.swagger2.web.Swagger2Controller#getDocumentation(String, HttpServletRequest)]
2020-07-07 23:00:57.286 [main] INFO  o.s.scheduling.concurrent.ThreadPoolTaskExecutor - Initializing ExecutorService 'applicationTaskExecutor'
2020-07-07 23:00:58.120 [main] INFO  s.d.s.web.plugins.DocumentationPluginsBootstrapper - Context refreshed
2020-07-07 23:00:58.146 [main] INFO  s.d.s.web.plugins.DocumentationPluginsBootstrapper - Found 1 custom documentation plugin(s)
2020-07-07 23:00:58.190 [main] INFO  s.d.spring.web.scanners.ApiListingReferenceScanner - Scanning for api listing references
2020-07-07 23:00:58.436 [main] INFO  com.chz.DBTest - Started DBTest in 6.356 seconds (JVM running for 7.607)
2020-07-07 23:00:58.713 [SpringContextShutdownHook] INFO  o.s.scheduling.concurrent.ThreadPoolTaskExecutor - Shutting down ExecutorService 'applicationTaskExecutor'
2020-07-07 23:10:55.575 [main] INFO  com.chz.DBTest - Starting DBTest on DESKTOP-I2J9OJP with PID 12572 (started by 82341 in D:\workspace_for_idea\谷粒学院\guli_parent\service\service_edu)
2020-07-07 23:10:55.577 [main] INFO  com.chz.DBTest - The following profiles are active: dev
2020-07-07 23:10:56.701 [main] INFO  o.s.d.r.config.RepositoryConfigurationDelegate - Multiple Spring Data modules found, entering strict repository configuration mode!
2020-07-07 23:10:56.704 [main] INFO  o.s.d.r.config.RepositoryConfigurationDelegate - Bootstrapping Spring Data Redis repositories in DEFAULT mode.
2020-07-07 23:10:56.744 [main] INFO  o.s.d.r.config.RepositoryConfigurationDelegate - Finished Spring Data repository scanning in 25ms. Found 0 Redis repository interfaces.
2020-07-07 23:11:00.267 [main] INFO  s.d.s.w.PropertySourcedRequestMappingHandlerMapping - Mapped URL path [/v2/api-docs] onto method [springfox.documentation.swagger2.web.Swagger2Controller#getDocumentation(String, HttpServletRequest)]
2020-07-07 23:11:00.635 [main] INFO  o.s.scheduling.concurrent.ThreadPoolTaskExecutor - Initializing ExecutorService 'applicationTaskExecutor'
2020-07-07 23:11:01.476 [main] INFO  s.d.s.web.plugins.DocumentationPluginsBootstrapper - Context refreshed
2020-07-07 23:11:01.507 [main] INFO  s.d.s.web.plugins.DocumentationPluginsBootstrapper - Found 1 custom documentation plugin(s)
2020-07-07 23:11:01.560 [main] INFO  s.d.spring.web.scanners.ApiListingReferenceScanner - Scanning for api listing references
2020-07-07 23:11:01.823 [main] INFO  com.chz.DBTest - Started DBTest in 6.952 seconds (JVM running for 8.226)
2020-07-07 23:11:02.110 [main] INFO  com.zaxxer.hikari.HikariDataSource - HikariPool - Starting...
2020-07-07 23:11:03.725 [main] INFO  com.zaxxer.hikari.HikariDataSource - HikariPool - Start completed.
2020-07-07 23:11:03.831 [SpringContextShutdownHook] INFO  o.s.scheduling.concurrent.ThreadPoolTaskExecutor - Shutting down ExecutorService 'applicationTaskExecutor'
2020-07-07 23:11:03.837 [SpringContextShutdownHook] INFO  com.zaxxer.hikari.HikariDataSource - HikariPool - Shutdown initiated...
2020-07-07 23:11:03.851 [SpringContextShutdownHook] INFO  com.zaxxer.hikari.HikariDataSource - HikariPool - Shutdown completed.
2020-07-07 23:14:34.635 [main] INFO  com.chz.DBTest - Starting DBTest on DESKTOP-I2J9OJP with PID 11076 (started by 82341 in D:\workspace_for_idea\谷粒学院\guli_parent\service\service_edu)
2020-07-07 23:14:34.638 [main] INFO  com.chz.DBTest - The following profiles are active: dev
2020-07-07 23:14:35.761 [main] INFO  o.s.d.r.config.RepositoryConfigurationDelegate - Multiple Spring Data modules found, entering strict repository configuration mode!
2020-07-07 23:14:35.764 [main] INFO  o.s.d.r.config.RepositoryConfigurationDelegate - Bootstrapping Spring Data Redis repositories in DEFAULT mode.
2020-07-07 23:14:35.804 [main] INFO  o.s.d.r.config.RepositoryConfigurationDelegate - Finished Spring Data repository scanning in 24ms. Found 0 Redis repository interfaces.
2020-07-07 23:14:39.256 [main] INFO  s.d.s.w.PropertySourcedRequestMappingHandlerMapping - Mapped URL path [/v2/api-docs] onto method [springfox.documentation.swagger2.web.Swagger2Controller#getDocumentation(String, HttpServletRequest)]
2020-07-07 23:14:39.645 [main] INFO  o.s.scheduling.concurrent.ThreadPoolTaskExecutor - Initializing ExecutorService 'applicationTaskExecutor'
2020-07-07 23:14:40.488 [main] INFO  s.d.s.web.plugins.DocumentationPluginsBootstrapper - Context refreshed
2020-07-07 23:14:40.538 [main] INFO  s.d.s.web.plugins.DocumentationPluginsBootstrapper - Found 1 custom documentation plugin(s)
2020-07-07 23:14:40.581 [main] INFO  s.d.spring.web.scanners.ApiListingReferenceScanner - Scanning for api listing references
2020-07-07 23:14:40.826 [main] INFO  com.chz.DBTest - Started DBTest in 6.91 seconds (JVM running for 8.161)
2020-07-07 23:14:41.158 [main] INFO  com.zaxxer.hikari.HikariDataSource - HikariPool - Starting...
2020-07-07 23:14:42.785 [main] INFO  com.zaxxer.hikari.HikariDataSource - HikariPool - Start completed.
2020-07-07 23:14:42.887 [SpringContextShutdownHook] INFO  o.s.scheduling.concurrent.ThreadPoolTaskExecutor - Shutting down ExecutorService 'applicationTaskExecutor'
2020-07-07 23:14:42.893 [SpringContextShutdownHook] INFO  com.zaxxer.hikari.HikariDataSource - HikariPool - Shutdown initiated...
2020-07-07 23:14:42.909 [SpringContextShutdownHook] INFO  com.zaxxer.hikari.HikariDataSource - HikariPool - Shutdown completed.
2020-07-07 23:15:08.105 [main] INFO  com.chz.DBTest - Starting DBTest on DESKTOP-I2J9OJP with PID 8224 (started by 82341 in D:\workspace_for_idea\谷粒学院\guli_parent\service\service_edu)
2020-07-07 23:15:08.107 [main] INFO  com.chz.DBTest - The following profiles are active: dev
2020-07-07 23:15:09.232 [main] INFO  o.s.d.r.config.RepositoryConfigurationDelegate - Multiple Spring Data modules found, entering strict repository configuration mode!
2020-07-07 23:15:09.237 [main] INFO  o.s.d.r.config.RepositoryConfigurationDelegate - Bootstrapping Spring Data Redis repositories in DEFAULT mode.
2020-07-07 23:15:09.292 [main] INFO  o.s.d.r.config.RepositoryConfigurationDelegate - Finished Spring Data repository scanning in 33ms. Found 0 Redis repository interfaces.
2020-07-07 23:15:12.495 [main] INFO  s.d.s.w.PropertySourcedRequestMappingHandlerMapping - Mapped URL path [/v2/api-docs] onto method [springfox.documentation.swagger2.web.Swagger2Controller#getDocumentation(String, HttpServletRequest)]
2020-07-07 23:15:12.910 [main] INFO  o.s.scheduling.concurrent.ThreadPoolTaskExecutor - Initializing ExecutorService 'applicationTaskExecutor'
2020-07-07 23:15:13.804 [main] INFO  s.d.s.web.plugins.DocumentationPluginsBootstrapper - Context refreshed
2020-07-07 23:15:13.856 [main] INFO  s.d.s.web.plugins.DocumentationPluginsBootstrapper - Found 1 custom documentation plugin(s)
2020-07-07 23:15:13.895 [main] INFO  s.d.spring.web.scanners.ApiListingReferenceScanner - Scanning for api listing references
2020-07-07 23:15:14.137 [main] INFO  com.chz.DBTest - Started DBTest in 6.585 seconds (JVM running for 7.854)
2020-07-07 23:15:14.385 [main] INFO  com.zaxxer.hikari.HikariDataSource - HikariPool - Starting...
2020-07-07 23:15:16.003 [main] INFO  com.zaxxer.hikari.HikariDataSource - HikariPool - Start completed.
2020-07-07 23:15:16.097 [SpringContextShutdownHook] INFO  o.s.scheduling.concurrent.ThreadPoolTaskExecutor - Shutting down ExecutorService 'applicationTaskExecutor'
2020-07-07 23:15:16.099 [SpringContextShutdownHook] INFO  com.zaxxer.hikari.HikariDataSource - HikariPool - Shutdown initiated...
2020-07-07 23:15:16.103 [SpringContextShutdownHook] INFO  com.zaxxer.hikari.HikariDataSource - HikariPool - Shutdown completed.
2020-07-07 23:17:04.838 [main] INFO  com.chz.DBTest - Starting DBTest on DESKTOP-I2J9OJP with PID 11016 (started by 82341 in D:\workspace_for_idea\谷粒学院\guli_parent\service\service_edu)
2020-07-07 23:17:04.840 [main] INFO  com.chz.DBTest - The following profiles are active: dev
2020-07-07 23:17:06.025 [main] INFO  o.s.d.r.config.RepositoryConfigurationDelegate - Multiple Spring Data modules found, entering strict repository configuration mode!
2020-07-07 23:17:06.029 [main] INFO  o.s.d.r.config.RepositoryConfigurationDelegate - Bootstrapping Spring Data Redis repositories in DEFAULT mode.
2020-07-07 23:17:06.075 [main] INFO  o.s.d.r.config.RepositoryConfigurationDelegate - Finished Spring Data repository scanning in 29ms. Found 0 Redis repository interfaces.
2020-07-07 23:17:09.929 [main] INFO  s.d.s.w.PropertySourcedRequestMappingHandlerMapping - Mapped URL path [/v2/api-docs] onto method [springfox.documentation.swagger2.web.Swagger2Controller#getDocumentation(String, HttpServletRequest)]
2020-07-07 23:17:10.323 [main] INFO  o.s.scheduling.concurrent.ThreadPoolTaskExecutor - Initializing ExecutorService 'applicationTaskExecutor'
2020-07-07 23:17:11.222 [main] INFO  s.d.s.web.plugins.DocumentationPluginsBootstrapper - Context refreshed
2020-07-07 23:17:11.250 [main] INFO  s.d.s.web.plugins.DocumentationPluginsBootstrapper - Found 1 custom documentation plugin(s)
2020-07-07 23:17:11.306 [main] INFO  s.d.spring.web.scanners.ApiListingReferenceScanner - Scanning for api listing references
2020-07-07 23:17:11.553 [main] INFO  com.chz.DBTest - Started DBTest in 7.441 seconds (JVM running for 8.732)
2020-07-07 23:17:11.893 [main] INFO  com.zaxxer.hikari.HikariDataSource - HikariPool - Starting...
2020-07-07 23:17:13.581 [main] INFO  com.zaxxer.hikari.HikariDataSource - HikariPool - Start completed.
2020-07-07 23:17:13.720 [SpringContextShutdownHook] INFO  o.s.scheduling.concurrent.ThreadPoolTaskExecutor - Shutting down ExecutorService 'applicationTaskExecutor'
2020-07-07 23:17:13.723 [SpringContextShutdownHook] INFO  com.zaxxer.hikari.HikariDataSource - HikariPool - Shutdown initiated...
2020-07-07 23:17:13.734 [SpringContextShutdownHook] INFO  com.zaxxer.hikari.HikariDataSource - HikariPool - Shutdown completed.
2020-07-07 23:17:45.801 [main] INFO  com.chz.DBTest - Starting DBTest on DESKTOP-I2J9OJP with PID 1972 (started by 82341 in D:\workspace_for_idea\谷粒学院\guli_parent\service\service_edu)
2020-07-07 23:17:45.804 [main] INFO  com.chz.DBTest - The following profiles are active: dev
2020-07-07 23:17:46.845 [main] INFO  o.s.d.r.config.RepositoryConfigurationDelegate - Multiple Spring Data modules found, entering strict repository configuration mode!
2020-07-07 23:17:46.850 [main] INFO  o.s.d.r.config.RepositoryConfigurationDelegate - Bootstrapping Spring Data Redis repositories in DEFAULT mode.
2020-07-07 23:17:46.893 [main] INFO  o.s.d.r.config.RepositoryConfigurationDelegate - Finished Spring Data repository scanning in 23ms. Found 0 Redis repository interfaces.
2020-07-07 23:17:50.340 [main] INFO  s.d.s.w.PropertySourcedRequestMappingHandlerMapping - Mapped URL path [/v2/api-docs] onto method [springfox.documentation.swagger2.web.Swagger2Controller#getDocumentation(String, HttpServletRequest)]
2020-07-07 23:17:50.721 [main] INFO  o.s.scheduling.concurrent.ThreadPoolTaskExecutor - Initializing ExecutorService 'applicationTaskExecutor'
2020-07-07 23:17:51.464 [main] INFO  s.d.s.web.plugins.DocumentationPluginsBootstrapper - Context refreshed
2020-07-07 23:17:51.500 [main] INFO  s.d.s.web.plugins.DocumentationPluginsBootstrapper - Found 1 custom documentation plugin(s)
2020-07-07 23:17:51.554 [main] INFO  s.d.spring.web.scanners.ApiListingReferenceScanner - Scanning for api listing references
2020-07-07 23:17:51.778 [main] INFO  com.chz.DBTest - Started DBTest in 6.672 seconds (JVM running for 7.89)
2020-07-07 23:17:52.123 [SpringContextShutdownHook] INFO  o.s.scheduling.concurrent.ThreadPoolTaskExecutor - Shutting down ExecutorService 'applicationTaskExecutor'
2020-07-07 23:20:20.568 [main] INFO  com.chz.DBTest - Starting DBTest on DESKTOP-I2J9OJP with PID 13472 (started by 82341 in D:\workspace_for_idea\谷粒学院\guli_parent\service\service_edu)
2020-07-07 23:20:20.570 [main] INFO  com.chz.DBTest - The following profiles are active: dev
2020-07-07 23:20:21.706 [main] INFO  o.s.d.r.config.RepositoryConfigurationDelegate - Multiple Spring Data modules found, entering strict repository configuration mode!
2020-07-07 23:20:21.709 [main] INFO  o.s.d.r.config.RepositoryConfigurationDelegate - Bootstrapping Spring Data Redis repositories in DEFAULT mode.
2020-07-07 23:20:21.745 [main] INFO  o.s.d.r.config.RepositoryConfigurationDelegate - Finished Spring Data repository scanning in 21ms. Found 0 Redis repository interfaces.
2020-07-07 23:20:24.868 [main] INFO  s.d.s.w.PropertySourcedRequestMappingHandlerMapping - Mapped URL path [/v2/api-docs] onto method [springfox.documentation.swagger2.web.Swagger2Controller#getDocumentation(String, HttpServletRequest)]
2020-07-07 23:20:25.289 [main] INFO  o.s.scheduling.concurrent.ThreadPoolTaskExecutor - Initializing ExecutorService 'applicationTaskExecutor'
2020-07-07 23:20:26.181 [main] INFO  s.d.s.web.plugins.DocumentationPluginsBootstrapper - Context refreshed
2020-07-07 23:20:26.209 [main] INFO  s.d.s.web.plugins.DocumentationPluginsBootstrapper - Found 1 custom documentation plugin(s)
2020-07-07 23:20:26.249 [main] INFO  s.d.spring.web.scanners.ApiListingReferenceScanner - Scanning for api listing references
2020-07-07 23:20:26.480 [main] INFO  com.chz.DBTest - Started DBTest in 6.645 seconds (JVM running for 8.029)
2020-07-07 23:20:26.761 [main] INFO  com.zaxxer.hikari.HikariDataSource - HikariPool - Starting...
2020-07-07 23:20:28.501 [main] INFO  com.zaxxer.hikari.HikariDataSource - HikariPool - Start completed.
2020-07-07 23:20:28.702 [SpringContextShutdownHook] INFO  o.s.scheduling.concurrent.ThreadPoolTaskExecutor - Shutting down ExecutorService 'applicationTaskExecutor'
2020-07-07 23:20:28.705 [SpringContextShutdownHook] INFO  com.zaxxer.hikari.HikariDataSource - HikariPool - Shutdown initiated...
2020-07-07 23:20:28.716 [SpringContextShutdownHook] INFO  com.zaxxer.hikari.HikariDataSource - HikariPool - Shutdown completed.
2020-07-07 23:20:59.174 [main] INFO  com.chz.DBTest - Starting DBTest on DESKTOP-I2J9OJP with PID 14184 (started by 82341 in D:\workspace_for_idea\谷粒学院\guli_parent\service\service_edu)
2020-07-07 23:20:59.176 [main] INFO  com.chz.DBTest - The following profiles are active: dev
2020-07-07 23:21:00.311 [main] INFO  o.s.d.r.config.RepositoryConfigurationDelegate - Multiple Spring Data modules found, entering strict repository configuration mode!
2020-07-07 23:21:00.315 [main] INFO  o.s.d.r.config.RepositoryConfigurationDelegate - Bootstrapping Spring Data Redis repositories in DEFAULT mode.
2020-07-07 23:21:00.367 [main] INFO  o.s.d.r.config.RepositoryConfigurationDelegate - Finished Spring Data repository scanning in 34ms. Found 0 Redis repository interfaces.
2020-07-07 23:21:03.539 [main] INFO  s.d.s.w.PropertySourcedRequestMappingHandlerMapping - Mapped URL path [/v2/api-docs] onto method [springfox.documentation.swagger2.web.Swagger2Controller#getDocumentation(String, HttpServletRequest)]
2020-07-07 23:21:04.000 [main] INFO  o.s.scheduling.concurrent.ThreadPoolTaskExecutor - Initializing ExecutorService 'applicationTaskExecutor'
2020-07-07 23:21:04.910 [main] INFO  s.d.s.web.plugins.DocumentationPluginsBootstrapper - Context refreshed
2020-07-07 23:21:04.939 [main] INFO  s.d.s.web.plugins.DocumentationPluginsBootstrapper - Found 1 custom documentation plugin(s)
2020-07-07 23:21:04.989 [main] INFO  s.d.spring.web.scanners.ApiListingReferenceScanner - Scanning for api listing references
2020-07-07 23:21:05.236 [main] INFO  com.chz.DBTest - Started DBTest in 6.623 seconds (JVM running for 7.883)
2020-07-07 23:21:05.508 [main] INFO  com.zaxxer.hikari.HikariDataSource - HikariPool - Starting...
2020-07-07 23:21:07.517 [main] INFO  com.zaxxer.hikari.HikariDataSource - HikariPool - Start completed.
2020-07-07 23:21:07.656 [SpringContextShutdownHook] INFO  o.s.scheduling.concurrent.ThreadPoolTaskExecutor - Shutting down ExecutorService 'applicationTaskExecutor'
2020-07-07 23:21:07.660 [SpringContextShutdownHook] INFO  com.zaxxer.hikari.HikariDataSource - HikariPool - Shutdown initiated...
2020-07-07 23:21:07.673 [SpringContextShutdownHook] INFO  com.zaxxer.hikari.HikariDataSource - HikariPool - Shutdown completed.
2020-07-07 23:22:08.909 [main] INFO  com.chz.DBTest - Starting DBTest on DESKTOP-I2J9OJP with PID 9852 (started by 82341 in D:\workspace_for_idea\谷粒学院\guli_parent\service\service_edu)
2020-07-07 23:22:08.910 [main] INFO  com.chz.DBTest - The following profiles are active: dev
2020-07-07 23:22:10.003 [main] INFO  o.s.d.r.config.RepositoryConfigurationDelegate - Multiple Spring Data modules found, entering strict repository configuration mode!
2020-07-07 23:22:10.007 [main] INFO  o.s.d.r.config.RepositoryConfigurationDelegate - Bootstrapping Spring Data Redis repositories in DEFAULT mode.
2020-07-07 23:22:10.065 [main] INFO  o.s.d.r.config.RepositoryConfigurationDelegate - Finished Spring Data repository scanning in 38ms. Found 0 Redis repository interfaces.
2020-07-07 23:22:13.193 [main] INFO  s.d.s.w.PropertySourcedRequestMappingHandlerMapping - Mapped URL path [/v2/api-docs] onto method [springfox.documentation.swagger2.web.Swagger2Controller#getDocumentation(String, HttpServletRequest)]
2020-07-07 23:22:13.584 [main] INFO  o.s.scheduling.concurrent.ThreadPoolTaskExecutor - Initializing ExecutorService 'applicationTaskExecutor'
2020-07-07 23:22:14.430 [main] INFO  s.d.s.web.plugins.DocumentationPluginsBootstrapper - Context refreshed
2020-07-07 23:22:14.454 [main] INFO  s.d.s.web.plugins.DocumentationPluginsBootstrapper - Found 1 custom documentation plugin(s)
2020-07-07 23:22:14.494 [main] INFO  s.d.spring.web.scanners.ApiListingReferenceScanner - Scanning for api listing references
2020-07-07 23:22:14.731 [main] INFO  com.chz.DBTest - Started DBTest in 6.424 seconds (JVM running for 7.661)
2020-07-07 23:22:15.001 [main] INFO  com.zaxxer.hikari.HikariDataSource - HikariPool - Starting...
2020-07-07 23:22:16.581 [main] INFO  com.zaxxer.hikari.HikariDataSource - HikariPool - Start completed.
2020-07-07 23:22:16.706 [SpringContextShutdownHook] INFO  o.s.scheduling.concurrent.ThreadPoolTaskExecutor - Shutting down ExecutorService 'applicationTaskExecutor'
2020-07-07 23:22:16.708 [SpringContextShutdownHook] INFO  com.zaxxer.hikari.HikariDataSource - HikariPool - Shutdown initiated...
2020-07-07 23:22:16.720 [SpringContextShutdownHook] INFO  com.zaxxer.hikari.HikariDataSource - HikariPool - Shutdown completed.
2020-07-07 23:26:23.159 [main] INFO  com.chz.DBTest - Starting DBTest on DESKTOP-I2J9OJP with PID 11008 (started by 82341 in D:\workspace_for_idea\谷粒学院\guli_parent\service\service_edu)
2020-07-07 23:26:23.162 [main] INFO  com.chz.DBTest - The following profiles are active: dev
2020-07-07 23:26:24.234 [main] INFO  o.s.d.r.config.RepositoryConfigurationDelegate - Multiple Spring Data modules found, entering strict repository configuration mode!
2020-07-07 23:26:24.239 [main] INFO  o.s.d.r.config.RepositoryConfigurationDelegate - Bootstrapping Spring Data Redis repositories in DEFAULT mode.
2020-07-07 23:26:24.298 [main] INFO  o.s.d.r.config.RepositoryConfigurationDelegate - Finished Spring Data repository scanning in 37ms. Found 0 Redis repository interfaces.
2020-07-07 23:26:27.424 [main] INFO  s.d.s.w.PropertySourcedRequestMappingHandlerMapping - Mapped URL path [/v2/api-docs] onto method [springfox.documentation.swagger2.web.Swagger2Controller#getDocumentation(String, HttpServletRequest)]
2020-07-07 23:26:27.824 [main] INFO  o.s.scheduling.concurrent.ThreadPoolTaskExecutor - Initializing ExecutorService 'applicationTaskExecutor'
2020-07-07 23:26:28.714 [main] INFO  s.d.s.web.plugins.DocumentationPluginsBootstrapper - Context refreshed
2020-07-07 23:26:28.741 [main] INFO  s.d.s.web.plugins.DocumentationPluginsBootstrapper - Found 1 custom documentation plugin(s)
2020-07-07 23:26:28.781 [main] INFO  s.d.spring.web.scanners.ApiListingReferenceScanner - Scanning for api listing references
2020-07-07 23:26:29.020 [main] INFO  com.chz.DBTest - Started DBTest in 6.406 seconds (JVM running for 7.643)
2020-07-07 23:26:29.305 [main] INFO  com.zaxxer.hikari.HikariDataSource - HikariPool - Starting...
2020-07-07 23:26:30.968 [main] INFO  com.zaxxer.hikari.HikariDataSource - HikariPool - Start completed.
2020-07-07 23:26:31.104 [SpringContextShutdownHook] INFO  o.s.scheduling.concurrent.ThreadPoolTaskExecutor - Shutting down ExecutorService 'applicationTaskExecutor'
2020-07-07 23:26:31.109 [SpringContextShutdownHook] INFO  com.zaxxer.hikari.HikariDataSource - HikariPool - Shutdown initiated...
2020-07-07 23:26:31.122 [SpringContextShutdownHook] INFO  com.zaxxer.hikari.HikariDataSource - HikariPool - Shutdown completed.
2020-07-07 23:34:03.833 [main] INFO  com.chz.DBTest - Starting DBTest on DESKTOP-I2J9OJP with PID 11012 (started by 82341 in D:\workspace_for_idea\谷粒学院\guli_parent\service\service_edu)
2020-07-07 23:34:03.835 [main] INFO  com.chz.DBTest - The following profiles are active: dev
2020-07-07 23:34:04.912 [main] INFO  o.s.d.r.config.RepositoryConfigurationDelegate - Multiple Spring Data modules found, entering strict repository configuration mode!
2020-07-07 23:34:04.916 [main] INFO  o.s.d.r.config.RepositoryConfigurationDelegate - Bootstrapping Spring Data Redis repositories in DEFAULT mode.
2020-07-07 23:34:04.985 [main] INFO  o.s.d.r.config.RepositoryConfigurationDelegate - Finished Spring Data repository scanning in 48ms. Found 0 Redis repository interfaces.
2020-07-07 23:34:08.135 [main] INFO  s.d.s.w.PropertySourcedRequestMappingHandlerMapping - Mapped URL path [/v2/api-docs] onto method [springfox.documentation.swagger2.web.Swagger2Controller#getDocumentation(String, HttpServletRequest)]
2020-07-07 23:34:08.596 [main] INFO  o.s.scheduling.concurrent.ThreadPoolTaskExecutor - Initializing ExecutorService 'applicationTaskExecutor'
2020-07-07 23:34:09.471 [main] INFO  s.d.s.web.plugins.DocumentationPluginsBootstrapper - Context refreshed
2020-07-07 23:34:09.500 [main] INFO  s.d.s.web.plugins.DocumentationPluginsBootstrapper - Found 1 custom documentation plugin(s)
2020-07-07 23:34:09.548 [main] INFO  s.d.spring.web.scanners.ApiListingReferenceScanner - Scanning for api listing references
2020-07-07 23:34:09.766 [main] INFO  com.chz.DBTest - Started DBTest in 6.494 seconds (JVM running for 7.728)
2020-07-07 23:34:10.043 [main] INFO  com.zaxxer.hikari.HikariDataSource - HikariPool - Starting...
2020-07-07 23:34:11.709 [main] INFO  com.zaxxer.hikari.HikariDataSource - HikariPool - Start completed.
2020-07-07 23:34:11.807 [SpringContextShutdownHook] INFO  o.s.scheduling.concurrent.ThreadPoolTaskExecutor - Shutting down ExecutorService 'applicationTaskExecutor'
2020-07-07 23:34:11.809 [SpringContextShutdownHook] INFO  com.zaxxer.hikari.HikariDataSource - HikariPool - Shutdown initiated...
2020-07-07 23:34:11.814 [SpringContextShutdownHook] INFO  com.zaxxer.hikari.HikariDataSource - HikariPool - Shutdown completed.
2020-07-07 23:40:23.311 [main] INFO  com.chz.DBTest - Starting DBTest on DESKTOP-I2J9OJP with PID 6656 (started by 82341 in D:\workspace_for_idea\谷粒学院\guli_parent\service\service_edu)
2020-07-07 23:40:23.312 [main] INFO  com.chz.DBTest - The following profiles are active: dev
2020-07-07 23:40:24.410 [main] INFO  o.s.d.r.config.RepositoryConfigurationDelegate - Multiple Spring Data modules found, entering strict repository configuration mode!
2020-07-07 23:40:24.415 [main] INFO  o.s.d.r.config.RepositoryConfigurationDelegate - Bootstrapping Spring Data Redis repositories in DEFAULT mode.
2020-07-07 23:40:24.474 [main] INFO  o.s.d.r.config.RepositoryConfigurationDelegate - Finished Spring Data repository scanning in 36ms. Found 0 Redis repository interfaces.
2020-07-07 23:40:27.561 [main] INFO  s.d.s.w.PropertySourcedRequestMappingHandlerMapping - Mapped URL path [/v2/api-docs] onto method [springfox.documentation.swagger2.web.Swagger2Controller#getDocumentation(String, HttpServletRequest)]
2020-07-07 23:40:27.966 [main] INFO  o.s.scheduling.concurrent.ThreadPoolTaskExecutor - Initializing ExecutorService 'applicationTaskExecutor'
2020-07-07 23:40:28.766 [main] INFO  s.d.s.web.plugins.DocumentationPluginsBootstrapper - Context refreshed
2020-07-07 23:40:28.799 [main] INFO  s.d.s.web.plugins.DocumentationPluginsBootstrapper - Found 1 custom documentation plugin(s)
2020-07-07 23:40:28.841 [main] INFO  s.d.spring.web.scanners.ApiListingReferenceScanner - Scanning for api listing references
2020-07-07 23:40:29.051 [main] INFO  com.chz.DBTest - Started DBTest in 6.316 seconds (JVM running for 7.501)
2020-07-07 23:40:29.315 [main] INFO  com.zaxxer.hikari.HikariDataSource - HikariPool - Starting...
2020-07-07 23:40:30.886 [main] INFO  com.zaxxer.hikari.HikariDataSource - HikariPool - Start completed.
2020-07-07 23:40:30.978 [SpringContextShutdownHook] INFO  o.s.scheduling.concurrent.ThreadPoolTaskExecutor - Shutting down ExecutorService 'applicationTaskExecutor'
2020-07-07 23:40:30.980 [SpringContextShutdownHook] INFO  com.zaxxer.hikari.HikariDataSource - HikariPool - Shutdown initiated...
2020-07-07 23:40:30.984 [SpringContextShutdownHook] INFO  com.zaxxer.hikari.HikariDataSource - HikariPool - Shutdown completed.
