2020-06-25 08:39:51.344 [main] INFO  com.chz.EduMock - Starting EduMock on DESKTOP-I2J9OJP with PID 9484 (started by 82341 in D:\workspace_for_idea\谷粒学院\guli_parent\service\service_edu)
2020-06-25 08:39:51.349 [main] INFO  com.chz.EduMock - The following profiles are active: dev
2020-06-25 08:39:53.961 [main] INFO  o.s.d.r.config.RepositoryConfigurationDelegate - Multiple Spring Data modules found, entering strict repository configuration mode!
2020-06-25 08:39:53.974 [main] INFO  o.s.d.r.config.RepositoryConfigurationDelegate - Bootstrapping Spring Data Redis repositories in DEFAULT mode.
2020-06-25 08:39:54.196 [main] INFO  o.s.d.r.config.RepositoryConfigurationDelegate - Finished Spring Data repository scanning in 152ms. Found 0 Redis repository interfaces.
2020-06-25 08:39:59.828 [main] INFO  s.d.s.w.PropertySourcedRequestMappingHandlerMapping - Mapped URL path [/v2/api-docs] onto method [springfox.documentation.swagger2.web.Swagger2Controller#getDocumentation(String, HttpServletRequest)]
2020-06-25 08:40:00.638 [main] INFO  o.s.scheduling.concurrent.ThreadPoolTaskExecutor - Initializing ExecutorService 'applicationTaskExecutor'
2020-06-25 08:40:02.344 [main] INFO  s.d.s.web.plugins.DocumentationPluginsBootstrapper - Context refreshed
2020-06-25 08:40:02.412 [main] INFO  s.d.s.web.plugins.DocumentationPluginsBootstrapper - Found 1 custom documentation plugin(s)
2020-06-25 08:40:02.469 [main] INFO  s.d.spring.web.scanners.ApiListingReferenceScanner - Scanning for api listing references
2020-06-25 08:40:02.726 [main] INFO  com.chz.EduMock - Started EduMock in 12.954 seconds (JVM running for 15.749)
2020-06-25 08:40:03.363 [main] INFO  org.springframework.mock.web.MockServletContext - Initializing Spring TestDispatcherServlet ''
2020-06-25 08:40:03.364 [main] INFO  o.s.test.web.servlet.TestDispatcherServlet - Initializing Servlet ''
2020-06-25 08:40:03.365 [main] INFO  o.s.test.web.servlet.TestDispatcherServlet - Completed initialization in 1 ms
2020-06-25 08:40:03.536 [main] INFO  com.zaxxer.hikari.HikariDataSource - HikariPool - Starting...
2020-06-25 08:40:06.274 [main] INFO  com.chz.EduMock - Starting EduMock on DESKTOP-I2J9OJP with PID 2324 (started by 82341 in D:\workspace_for_idea\谷粒学院\guli_parent\service\service_edu)
2020-06-25 08:40:06.276 [main] INFO  com.chz.EduMock - The following profiles are active: dev
2020-06-25 08:40:06.542 [main] INFO  com.zaxxer.hikari.HikariDataSource - HikariPool - Start completed.
2020-06-25 08:40:06.988 [SpringContextShutdownHook] INFO  o.s.scheduling.concurrent.ThreadPoolTaskExecutor - Shutting down ExecutorService 'applicationTaskExecutor'
2020-06-25 08:40:06.992 [SpringContextShutdownHook] INFO  com.zaxxer.hikari.HikariDataSource - HikariPool - Shutdown initiated...
2020-06-25 08:40:07.000 [SpringContextShutdownHook] INFO  com.zaxxer.hikari.HikariDataSource - HikariPool - Shutdown completed.
2020-06-25 08:40:07.637 [main] INFO  o.s.d.r.config.RepositoryConfigurationDelegate - Multiple Spring Data modules found, entering strict repository configuration mode!
2020-06-25 08:40:07.642 [main] INFO  o.s.d.r.config.RepositoryConfigurationDelegate - Bootstrapping Spring Data Redis repositories in DEFAULT mode.
2020-06-25 08:40:07.704 [main] INFO  o.s.d.r.config.RepositoryConfigurationDelegate - Finished Spring Data repository scanning in 42ms. Found 0 Redis repository interfaces.
2020-06-25 08:40:13.097 [main] INFO  s.d.s.w.PropertySourcedRequestMappingHandlerMapping - Mapped URL path [/v2/api-docs] onto method [springfox.documentation.swagger2.web.Swagger2Controller#getDocumentation(String, HttpServletRequest)]
2020-06-25 08:40:13.738 [main] INFO  o.s.scheduling.concurrent.ThreadPoolTaskExecutor - Initializing ExecutorService 'applicationTaskExecutor'
2020-06-25 08:40:14.654 [main] INFO  s.d.s.web.plugins.DocumentationPluginsBootstrapper - Context refreshed
2020-06-25 08:40:14.679 [main] INFO  s.d.s.web.plugins.DocumentationPluginsBootstrapper - Found 1 custom documentation plugin(s)
2020-06-25 08:40:14.718 [main] INFO  s.d.spring.web.scanners.ApiListingReferenceScanner - Scanning for api listing references
2020-06-25 08:40:14.940 [main] INFO  com.chz.EduMock - Started EduMock in 9.297 seconds (JVM running for 10.948)
2020-06-25 08:40:15.287 [main] INFO  org.springframework.mock.web.MockServletContext - Initializing Spring TestDispatcherServlet ''
2020-06-25 08:40:15.288 [main] INFO  o.s.test.web.servlet.TestDispatcherServlet - Initializing Servlet ''
2020-06-25 08:40:15.289 [main] INFO  o.s.test.web.servlet.TestDispatcherServlet - Completed initialization in 0 ms
2020-06-25 08:40:15.338 [SpringContextShutdownHook] INFO  o.s.scheduling.concurrent.ThreadPoolTaskExecutor - Shutting down ExecutorService 'applicationTaskExecutor'
2020-06-25 08:40:38.312 [main] INFO  com.chz.EduMock - Starting EduMock on DESKTOP-I2J9OJP with PID 1200 (started by 82341 in D:\workspace_for_idea\谷粒学院\guli_parent\service\service_edu)
2020-06-25 08:40:38.314 [main] INFO  com.chz.EduMock - The following profiles are active: dev
2020-06-25 08:40:39.480 [main] INFO  o.s.d.r.config.RepositoryConfigurationDelegate - Multiple Spring Data modules found, entering strict repository configuration mode!
2020-06-25 08:40:39.483 [main] INFO  o.s.d.r.config.RepositoryConfigurationDelegate - Bootstrapping Spring Data Redis repositories in DEFAULT mode.
2020-06-25 08:40:39.539 [main] INFO  o.s.d.r.config.RepositoryConfigurationDelegate - Finished Spring Data repository scanning in 34ms. Found 0 Redis repository interfaces.
2020-06-25 08:40:42.634 [main] INFO  s.d.s.w.PropertySourcedRequestMappingHandlerMapping - Mapped URL path [/v2/api-docs] onto method [springfox.documentation.swagger2.web.Swagger2Controller#getDocumentation(String, HttpServletRequest)]
2020-06-25 08:40:43.092 [main] INFO  o.s.scheduling.concurrent.ThreadPoolTaskExecutor - Initializing ExecutorService 'applicationTaskExecutor'
2020-06-25 08:40:43.943 [main] INFO  s.d.s.web.plugins.DocumentationPluginsBootstrapper - Context refreshed
2020-06-25 08:40:43.972 [main] INFO  s.d.s.web.plugins.DocumentationPluginsBootstrapper - Found 1 custom documentation plugin(s)
2020-06-25 08:40:44.037 [main] INFO  s.d.spring.web.scanners.ApiListingReferenceScanner - Scanning for api listing references
2020-06-25 08:40:44.247 [main] INFO  com.chz.EduMock - Started EduMock in 6.507 seconds (JVM running for 7.909)
2020-06-25 08:40:44.491 [main] INFO  org.springframework.mock.web.MockServletContext - Initializing Spring TestDispatcherServlet ''
2020-06-25 08:40:44.492 [main] INFO  o.s.test.web.servlet.TestDispatcherServlet - Initializing Servlet ''
2020-06-25 08:40:44.492 [main] INFO  o.s.test.web.servlet.TestDispatcherServlet - Completed initialization in 0 ms
2020-06-25 08:40:44.531 [SpringContextShutdownHook] INFO  o.s.scheduling.concurrent.ThreadPoolTaskExecutor - Shutting down ExecutorService 'applicationTaskExecutor'
2020-06-25 08:40:59.831 [main] INFO  com.chz.EduMock - Starting EduMock on DESKTOP-I2J9OJP with PID 9192 (started by 82341 in D:\workspace_for_idea\谷粒学院\guli_parent\service\service_edu)
2020-06-25 08:40:59.833 [main] INFO  com.chz.EduMock - The following profiles are active: dev
2020-06-25 08:41:00.938 [main] INFO  o.s.d.r.config.RepositoryConfigurationDelegate - Multiple Spring Data modules found, entering strict repository configuration mode!
2020-06-25 08:41:00.941 [main] INFO  o.s.d.r.config.RepositoryConfigurationDelegate - Bootstrapping Spring Data Redis repositories in DEFAULT mode.
2020-06-25 08:41:00.981 [main] INFO  o.s.d.r.config.RepositoryConfigurationDelegate - Finished Spring Data repository scanning in 25ms. Found 0 Redis repository interfaces.
2020-06-25 08:41:04.059 [main] INFO  s.d.s.w.PropertySourcedRequestMappingHandlerMapping - Mapped URL path [/v2/api-docs] onto method [springfox.documentation.swagger2.web.Swagger2Controller#getDocumentation(String, HttpServletRequest)]
2020-06-25 08:41:04.477 [main] INFO  o.s.scheduling.concurrent.ThreadPoolTaskExecutor - Initializing ExecutorService 'applicationTaskExecutor'
2020-06-25 08:41:05.327 [main] INFO  s.d.s.web.plugins.DocumentationPluginsBootstrapper - Context refreshed
2020-06-25 08:41:05.365 [main] INFO  s.d.s.web.plugins.DocumentationPluginsBootstrapper - Found 1 custom documentation plugin(s)
2020-06-25 08:41:05.415 [main] INFO  s.d.spring.web.scanners.ApiListingReferenceScanner - Scanning for api listing references
2020-06-25 08:41:05.629 [main] INFO  com.chz.EduMock - Started EduMock in 6.357 seconds (JVM running for 7.701)
2020-06-25 08:41:05.870 [main] INFO  org.springframework.mock.web.MockServletContext - Initializing Spring TestDispatcherServlet ''
2020-06-25 08:41:05.871 [main] INFO  o.s.test.web.servlet.TestDispatcherServlet - Initializing Servlet ''
2020-06-25 08:41:05.872 [main] INFO  o.s.test.web.servlet.TestDispatcherServlet - Completed initialization in 1 ms
2020-06-25 08:41:05.909 [SpringContextShutdownHook] INFO  o.s.scheduling.concurrent.ThreadPoolTaskExecutor - Shutting down ExecutorService 'applicationTaskExecutor'
