2020-07-31 01:18:20.696 [restartedMain] WARN  o.s.b.d.autoconfigure.OptionalLiveReloadServer - Unable to start LiveReload server
2020-07-31 01:18:21.685 [restartedMain] WARN  com.netflix.config.sources.URLConfigurationSource - No URLs will be polled as dynamic configuration sources.
2020-07-31 01:18:21.692 [restartedMain] WARN  com.netflix.config.sources.URLConfigurationSource - No URLs will be polled as dynamic configuration sources.
2020-07-31 01:18:28.447 [http-nio-8001-exec-1] WARN  com.zaxxer.hikari.HikariConfig - HikariPool - idleTimeout is close to or more than maxLifetime, disabling it.
2020-07-31 01:57:43.679 [restartedMain] WARN  com.netflix.config.sources.URLConfigurationSource - No URLs will be polled as dynamic configuration sources.
2020-07-31 01:57:43.687 [restartedMain] WARN  com.netflix.config.sources.URLConfigurationSource - No URLs will be polled as dynamic configuration sources.
2020-07-31 01:57:43.982 [restartedMain] WARN  o.s.b.d.autoconfigure.OptionalLiveReloadServer - Unable to start LiveReload server
2020-07-31 01:58:11.944 [http-nio-8150-exec-1] WARN  com.zaxxer.hikari.HikariConfig - HikariPool - idleTimeout is close to or more than maxLifetime, disabling it.
2020-07-31 15:33:34.495 [restartedMain] WARN  com.netflix.config.sources.URLConfigurationSource - No URLs will be polled as dynamic configuration sources.
2020-07-31 15:33:34.508 [restartedMain] WARN  com.netflix.config.sources.URLConfigurationSource - No URLs will be polled as dynamic configuration sources.
2020-07-31 15:33:57.852 [restartedMain] WARN  o.s.b.d.autoconfigure.OptionalLiveReloadServer - Unable to start LiveReload server
2020-07-31 15:33:58.586 [restartedMain] WARN  com.netflix.config.sources.URLConfigurationSource - No URLs will be polled as dynamic configuration sources.
2020-07-31 15:33:58.591 [restartedMain] WARN  com.netflix.config.sources.URLConfigurationSource - No URLs will be polled as dynamic configuration sources.
2020-07-31 15:36:07.312 [http-nio-8001-exec-1] WARN  com.zaxxer.hikari.HikariConfig - HikariPool - idleTimeout is close to or more than maxLifetime, disabling it.
2020-07-31 15:36:12.527 [http-nio-8150-exec-1] WARN  com.zaxxer.hikari.HikariConfig - HikariPool - idleTimeout is close to or more than maxLifetime, disabling it.
2020-07-31 16:25:28.835 [http-nio-8150-exec-5] WARN  o.s.w.s.m.m.a.ExceptionHandlerExceptionResolver - Resolved [java.lang.NullPointerException]
2020-07-31 16:25:36.144 [restartedMain] WARN  com.netflix.config.sources.URLConfigurationSource - No URLs will be polled as dynamic configuration sources.
2020-07-31 16:26:03.236 [http-nio-8150-exec-2] WARN  com.zaxxer.hikari.HikariConfig - HikariPool - idleTimeout is close to or more than maxLifetime, disabling it.
2020-07-31 16:26:04.954 [com.alibaba.nacos.naming.push.receiver] WARN  com.alibaba.nacos.client.naming - write DEFAULT_GROUP%40%40service-ucenter conflict;retry time: 1
2020-07-31 16:26:08.360 [restartedMain] WARN  com.netflix.config.sources.URLConfigurationSource - No URLs will be polled as dynamic configuration sources.
2020-07-31 16:26:12.411 [com.alibaba.nacos.naming.push.receiver] WARN  com.alibaba.nacos.client.naming - write DEFAULT_GROUP%40%40service-ucenter conflict;retry time: 1
2020-07-31 16:26:22.180 [com.alibaba.nacos.naming.push.receiver] WARN  com.alibaba.nacos.client.naming - write DEFAULT_GROUP%40%40service-ucenter conflict;retry time: 1
2020-07-31 16:26:25.848 [restartedMain] WARN  com.netflix.config.sources.URLConfigurationSource - No URLs will be polled as dynamic configuration sources.
2020-07-31 16:26:29.478 [com.alibaba.nacos.naming.push.receiver] WARN  com.alibaba.nacos.client.naming - write DEFAULT_GROUP%40%40service-ucenter conflict;retry time: 1
2020-07-31 16:26:29.478 [com.alibaba.nacos.naming.push.receiver] WARN  com.alibaba.nacos.client.naming - write DEFAULT_GROUP%40%40service-ucenter conflict;retry time: 1
2020-07-31 16:26:29.500 [com.alibaba.nacos.naming.push.receiver] WARN  com.alibaba.nacos.client.naming - write DEFAULT_GROUP%40%40service-ucenter conflict;retry time: 2
2020-07-31 16:33:05.283 [http-nio-8150-exec-2] WARN  com.zaxxer.hikari.HikariConfig - HikariPool - idleTimeout is close to or more than maxLifetime, disabling it.
2020-07-31 17:06:55.902 [http-nio-8150-exec-2] WARN  o.s.w.s.m.m.a.ExceptionHandlerExceptionResolver - Resolved [java.lang.NullPointerException]
2020-07-31 17:34:19.628 [http-nio-8150-exec-7] WARN  o.s.w.s.m.m.a.ExceptionHandlerExceptionResolver - Resolved [java.lang.NullPointerException]
2020-07-31 17:56:24.088 [com.alibaba.nacos.naming.push.receiver] WARN  com.alibaba.nacos.client.naming - write DEFAULT_GROUP%40%40service-order conflict;retry time: 1
2020-07-31 17:56:26.526 [com.alibaba.nacos.naming.push.receiver] WARN  com.alibaba.nacos.client.naming - write DEFAULT_GROUP%40%40service-edu conflict;retry time: 1
2020-07-31 17:56:26.526 [com.alibaba.nacos.naming.push.receiver] WARN  com.alibaba.nacos.client.naming - write DEFAULT_GROUP%40%40service-edu conflict;retry time: 1
2020-07-31 17:56:26.526 [com.alibaba.nacos.naming.push.receiver] WARN  com.alibaba.nacos.client.naming - write DEFAULT_GROUP%40%40service-edu conflict;retry time: 1
2020-07-31 17:56:26.547 [com.alibaba.nacos.naming.push.receiver] WARN  com.alibaba.nacos.client.naming - write DEFAULT_GROUP%40%40service-edu conflict;retry time: 2
2020-07-31 17:56:30.732 [restartedMain] WARN  o.s.b.d.autoconfigure.OptionalLiveReloadServer - Unable to start LiveReload server
2020-07-31 17:56:31.146 [restartedMain] WARN  com.netflix.config.sources.URLConfigurationSource - No URLs will be polled as dynamic configuration sources.
2020-07-31 17:56:32.357 [com.alibaba.nacos.naming.push.receiver] WARN  com.alibaba.nacos.client.naming - write DEFAULT_GROUP%40%40service-order conflict;retry time: 1
2020-07-31 17:56:32.357 [com.alibaba.nacos.naming.push.receiver] WARN  com.alibaba.nacos.client.naming - write DEFAULT_GROUP%40%40service-order conflict;retry time: 1
2020-07-31 17:56:32.378 [com.alibaba.nacos.naming.push.receiver] WARN  com.alibaba.nacos.client.naming - write DEFAULT_GROUP%40%40service-order conflict;retry time: 2
2020-07-31 17:56:34.781 [com.alibaba.nacos.naming.push.receiver] WARN  com.alibaba.nacos.client.naming - write DEFAULT_GROUP%40%40service-edu conflict;retry time: 1
2020-07-31 17:56:34.781 [com.alibaba.nacos.naming.push.receiver] WARN  com.alibaba.nacos.client.naming - write DEFAULT_GROUP%40%40service-edu conflict;retry time: 1
2020-07-31 17:56:34.781 [com.alibaba.nacos.naming.push.receiver] WARN  com.alibaba.nacos.client.naming - write DEFAULT_GROUP%40%40service-edu conflict;retry time: 1
2020-07-31 17:56:34.802 [com.alibaba.nacos.naming.push.receiver] WARN  com.alibaba.nacos.client.naming - write DEFAULT_GROUP%40%40service-edu conflict;retry time: 2
2020-07-31 17:56:56.461 [http-nio-8001-exec-1] WARN  com.zaxxer.hikari.HikariConfig - HikariPool - idleTimeout is close to or more than maxLifetime, disabling it.
2020-07-31 17:57:00.242 [com.alibaba.nacos.naming.push.receiver] WARN  com.alibaba.nacos.client.naming - write DEFAULT_GROUP%40%40service-order conflict;retry time: 1
2020-07-31 17:57:00.244 [com.alibaba.nacos.naming.push.receiver] WARN  com.alibaba.nacos.client.naming - write DEFAULT_GROUP%40%40service-order conflict;retry time: 1
2020-07-31 17:57:00.245 [com.alibaba.nacos.naming.push.receiver] WARN  com.alibaba.nacos.client.naming - write DEFAULT_GROUP%40%40service-order conflict;retry time: 1
2020-07-31 17:57:00.247 [com.alibaba.nacos.naming.push.receiver] WARN  com.alibaba.nacos.client.naming - write DEFAULT_GROUP%40%40service-order conflict;retry time: 1
2020-07-31 17:57:07.489 [com.alibaba.nacos.naming.push.receiver] WARN  com.alibaba.nacos.client.naming - write DEFAULT_GROUP%40%40service-order conflict;retry time: 1
2020-07-31 17:57:07.489 [com.alibaba.nacos.naming.push.receiver] WARN  com.alibaba.nacos.client.naming - write DEFAULT_GROUP%40%40service-order conflict;retry time: 1
2020-07-31 17:57:07.489 [com.alibaba.nacos.naming.push.receiver] WARN  com.alibaba.nacos.client.naming - write DEFAULT_GROUP%40%40service-order conflict;retry time: 1
2020-07-31 17:57:07.489 [com.alibaba.nacos.naming.push.receiver] WARN  com.alibaba.nacos.client.naming - write DEFAULT_GROUP%40%40service-order conflict;retry time: 1
2020-07-31 17:57:07.509 [com.alibaba.nacos.naming.push.receiver] WARN  com.alibaba.nacos.client.naming - write DEFAULT_GROUP%40%40service-order conflict;retry time: 2
2020-07-31 17:57:07.509 [com.alibaba.nacos.naming.push.receiver] WARN  com.alibaba.nacos.client.naming - write DEFAULT_GROUP%40%40service-order conflict;retry time: 2
2020-07-31 18:02:54.300 [restartedMain] WARN  o.s.b.d.autoconfigure.OptionalLiveReloadServer - Unable to start LiveReload server
2020-07-31 18:02:54.942 [restartedMain] WARN  com.netflix.config.sources.URLConfigurationSource - No URLs will be polled as dynamic configuration sources.
2020-07-31 18:02:54.945 [restartedMain] WARN  com.netflix.config.sources.URLConfigurationSource - No URLs will be polled as dynamic configuration sources.
2020-07-31 18:03:18.075 [http-nio-8001-exec-1] WARN  com.zaxxer.hikari.HikariConfig - HikariPool - idleTimeout is close to or more than maxLifetime, disabling it.
2020-07-31 18:04:09.351 [com.alibaba.nacos.naming.push.receiver] WARN  com.alibaba.nacos.client.naming - write DEFAULT_GROUP%40%40service-edu conflict;retry time: 1
2020-07-31 18:04:09.351 [com.alibaba.nacos.naming.push.receiver] WARN  com.alibaba.nacos.client.naming - write DEFAULT_GROUP%40%40service-edu conflict;retry time: 1
2020-07-31 18:04:12.852 [restartedMain] WARN  o.s.b.d.autoconfigure.OptionalLiveReloadServer - Unable to start LiveReload server
2020-07-31 18:04:13.135 [restartedMain] WARN  com.netflix.config.sources.URLConfigurationSource - No URLs will be polled as dynamic configuration sources.
2020-07-31 18:04:16.707 [com.alibaba.nacos.naming.push.receiver] WARN  com.alibaba.nacos.client.naming - write DEFAULT_GROUP%40%40service-edu conflict;retry time: 1
2020-07-31 18:04:16.707 [com.alibaba.nacos.naming.push.receiver] WARN  com.alibaba.nacos.client.naming - write DEFAULT_GROUP%40%40service-edu conflict;retry time: 1
2020-07-31 18:04:21.682 [http-nio-8001-exec-2] WARN  com.zaxxer.hikari.HikariConfig - HikariPool - idleTimeout is close to or more than maxLifetime, disabling it.
2020-07-31 18:05:13.947 [com.alibaba.nacos.naming.push.receiver] WARN  com.alibaba.nacos.client.naming - write DEFAULT_GROUP%40%40service-order conflict;retry time: 1
2020-07-31 18:05:20.652 [com.alibaba.nacos.naming.push.receiver] WARN  com.alibaba.nacos.client.naming - write DEFAULT_GROUP%40%40service-order conflict;retry time: 1
2020-07-31 18:05:20.652 [com.alibaba.nacos.naming.push.receiver] WARN  com.alibaba.nacos.client.naming - write DEFAULT_GROUP%40%40service-order conflict;retry time: 1
2020-07-31 18:05:20.652 [com.alibaba.nacos.naming.push.receiver] WARN  com.alibaba.nacos.client.naming - write DEFAULT_GROUP%40%40service-order conflict;retry time: 1
2020-07-31 18:05:20.652 [com.alibaba.nacos.naming.push.receiver] WARN  com.alibaba.nacos.client.naming - write DEFAULT_GROUP%40%40service-order conflict;retry time: 1
2020-07-31 18:05:20.673 [com.alibaba.nacos.naming.push.receiver] WARN  com.alibaba.nacos.client.naming - write DEFAULT_GROUP%40%40service-order conflict;retry time: 2
2020-07-31 18:05:20.673 [com.alibaba.nacos.naming.push.receiver] WARN  com.alibaba.nacos.client.naming - write DEFAULT_GROUP%40%40service-order conflict;retry time: 2
2020-07-31 18:05:20.705 [com.alibaba.nacos.naming.push.receiver] WARN  com.alibaba.nacos.client.naming - write DEFAULT_GROUP%40%40service-order conflict;retry time: 3
2020-07-31 18:05:39.675 [restartedMain] WARN  com.netflix.config.sources.URLConfigurationSource - No URLs will be polled as dynamic configuration sources.
2020-07-31 18:05:39.683 [restartedMain] WARN  com.netflix.config.sources.URLConfigurationSource - No URLs will be polled as dynamic configuration sources.
2020-07-31 18:05:46.674 [restartedMain] WARN  com.netflix.config.sources.URLConfigurationSource - No URLs will be polled as dynamic configuration sources.
2020-07-31 18:05:46.678 [restartedMain] WARN  com.netflix.config.sources.URLConfigurationSource - No URLs will be polled as dynamic configuration sources.
2020-07-31 18:05:46.893 [restartedMain] WARN  o.s.b.d.autoconfigure.OptionalLiveReloadServer - Unable to start LiveReload server
2020-07-31 18:05:58.693 [http-nio-8001-exec-1] WARN  com.zaxxer.hikari.HikariConfig - HikariPool - idleTimeout is close to or more than maxLifetime, disabling it.
2020-07-31 18:06:02.183 [http-nio-8150-exec-1] WARN  com.zaxxer.hikari.HikariConfig - HikariPool - idleTimeout is close to or more than maxLifetime, disabling it.
2020-07-31 20:50:03.102 [restartedMain] WARN  com.netflix.config.sources.URLConfigurationSource - No URLs will be polled as dynamic configuration sources.
2020-07-31 20:50:22.532 [http-nio-8001-exec-1] WARN  com.zaxxer.hikari.HikariConfig - HikariPool - idleTimeout is close to or more than maxLifetime, disabling it.
2020-07-31 20:55:11.479 [restartedMain] WARN  com.netflix.config.sources.URLConfigurationSource - No URLs will be polled as dynamic configuration sources.
2020-07-31 20:55:14.883 [com.alibaba.nacos.naming.push.receiver] WARN  com.alibaba.nacos.client.naming - write DEFAULT_GROUP%40%40service-edu conflict;retry time: 1
2020-07-31 20:55:43.572 [restartedMain] WARN  com.netflix.config.sources.URLConfigurationSource - No URLs will be polled as dynamic configuration sources.
2020-07-31 20:55:47.078 [com.alibaba.nacos.naming.push.receiver] WARN  com.alibaba.nacos.client.naming - write DEFAULT_GROUP%40%40service-edu conflict;retry time: 1
2020-07-31 20:55:47.078 [com.alibaba.nacos.naming.push.receiver] WARN  com.alibaba.nacos.client.naming - write DEFAULT_GROUP%40%40service-edu conflict;retry time: 1
2020-07-31 20:55:49.225 [http-nio-8001-exec-1] WARN  com.zaxxer.hikari.HikariConfig - HikariPool - idleTimeout is close to or more than maxLifetime, disabling it.
2020-07-31 20:59:07.456 [com.alibaba.nacos.naming.push.receiver] WARN  com.alibaba.nacos.client.naming - write DEFAULT_GROUP%40%40service-order conflict;retry time: 1
2020-07-31 20:59:59.556 [com.alibaba.nacos.naming.push.receiver] WARN  com.alibaba.nacos.client.naming - write DEFAULT_GROUP%40%40service-order conflict;retry time: 1
2020-07-31 20:59:59.556 [com.alibaba.nacos.naming.push.receiver] WARN  com.alibaba.nacos.client.naming - write DEFAULT_GROUP%40%40service-order conflict;retry time: 1
2020-07-31 20:59:59.556 [com.alibaba.nacos.naming.push.receiver] WARN  com.alibaba.nacos.client.naming - write DEFAULT_GROUP%40%40service-order conflict;retry time: 1
2020-07-31 20:59:59.577 [com.alibaba.nacos.naming.push.receiver] WARN  com.alibaba.nacos.client.naming - write DEFAULT_GROUP%40%40service-order conflict;retry time: 2
2020-07-31 20:59:59.577 [com.alibaba.nacos.naming.push.receiver] WARN  com.alibaba.nacos.client.naming - write DEFAULT_GROUP%40%40service-order conflict;retry time: 2
2020-07-31 20:59:59.608 [com.alibaba.nacos.naming.push.receiver] WARN  com.alibaba.nacos.client.naming - write DEFAULT_GROUP%40%40service-order conflict;retry time: 3
2020-07-31 21:02:31.120 [restartedMain] WARN  com.netflix.config.sources.URLConfigurationSource - No URLs will be polled as dynamic configuration sources.
2020-07-31 21:02:31.124 [restartedMain] WARN  com.netflix.config.sources.URLConfigurationSource - No URLs will be polled as dynamic configuration sources.
2020-07-31 21:02:31.314 [restartedMain] WARN  o.s.b.d.autoconfigure.OptionalLiveReloadServer - Unable to start LiveReload server
