2020-07-22 17:15:30.568 [restartedMain] WARN  com.netflix.config.sources.URLConfigurationSource - No URLs will be polled as dynamic configuration sources.
2020-07-22 17:15:30.576 [restartedMain] WARN  com.netflix.config.sources.URLConfigurationSource - No URLs will be polled as dynamic configuration sources.
2020-07-22 17:17:17.533 [http-nio-8004-exec-1] WARN  i.s.m.parameters.AbstractSerializableParameter - Illegal DefaultValue null for parameter type integer
java.lang.NumberFormatException: For input string: ""
	at java.lang.NumberFormatException.forInputString(NumberFormatException.java:65)
	at java.lang.Long.parseLong(Long.java:601)
	at java.lang.Long.valueOf(Long.java:803)
	at io.swagger.models.parameters.AbstractSerializableParameter.getExample(AbstractSerializableParameter.java:412)
	at sun.reflect.NativeMethodAccessorImpl.invoke0(Native Method)
	at sun.reflect.NativeMethodAccessorImpl.invoke(NativeMethodAccessorImpl.java:62)
	at sun.reflect.DelegatingMethodAccessorImpl.invoke(DelegatingMethodAccessorImpl.java:43)
	at java.lang.reflect.Method.invoke(Method.java:498)
	at com.fasterxml.jackson.databind.ser.BeanPropertyWriter.serializeAsField(BeanPropertyWriter.java:688)
	at com.fasterxml.jackson.databind.ser.std.BeanSerializerBase.serializeFields(BeanSerializerBase.java:722)
	at com.fasterxml.jackson.databind.ser.BeanSerializer.serialize(BeanSerializer.java:166)
	at com.fasterxml.jackson.databind.ser.impl.IndexedListSerializer.serializeContents(IndexedListSerializer.java:119)
	at com.fasterxml.jackson.databind.ser.impl.IndexedListSerializer.serialize(IndexedListSerializer.java:79)
	at com.fasterxml.jackson.databind.ser.impl.IndexedListSerializer.serialize(IndexedListSerializer.java:18)
	at com.fasterxml.jackson.databind.ser.BeanPropertyWriter.serializeAsField(BeanPropertyWriter.java:727)
	at com.fasterxml.jackson.databind.ser.std.BeanSerializerBase.serializeFields(BeanSerializerBase.java:722)
	at com.fasterxml.jackson.databind.ser.BeanSerializer.serialize(BeanSerializer.java:166)
	at com.fasterxml.jackson.databind.ser.BeanPropertyWriter.serializeAsField(BeanPropertyWriter.java:727)
	at com.fasterxml.jackson.databind.ser.std.BeanSerializerBase.serializeFields(BeanSerializerBase.java:722)
	at com.fasterxml.jackson.databind.ser.BeanSerializer.serialize(BeanSerializer.java:166)
	at com.fasterxml.jackson.databind.ser.std.MapSerializer.serializeFields(MapSerializer.java:722)
	at com.fasterxml.jackson.databind.ser.std.MapSerializer.serialize(MapSerializer.java:643)
	at com.fasterxml.jackson.databind.ser.std.MapSerializer.serialize(MapSerializer.java:33)
	at com.fasterxml.jackson.databind.ser.BeanPropertyWriter.serializeAsField(BeanPropertyWriter.java:727)
	at com.fasterxml.jackson.databind.ser.std.BeanSerializerBase.serializeFields(BeanSerializerBase.java:722)
	at com.fasterxml.jackson.databind.ser.BeanSerializer.serialize(BeanSerializer.java:166)
	at com.fasterxml.jackson.databind.ser.DefaultSerializerProvider._serialize(DefaultSerializerProvider.java:480)
	at com.fasterxml.jackson.databind.ser.DefaultSerializerProvider.serializeValue(DefaultSerializerProvider.java:319)
	at com.fasterxml.jackson.databind.ObjectMapper._configAndWriteValue(ObjectMapper.java:4110)
	at com.fasterxml.jackson.databind.ObjectMapper.writeValueAsString(ObjectMapper.java:3413)
	at springfox.documentation.spring.web.json.JsonSerializer.toJson(JsonSerializer.java:38)
	at springfox.documentation.swagger2.web.Swagger2Controller.getDocumentation(Swagger2Controller.java:105)
	at sun.reflect.NativeMethodAccessorImpl.invoke0(Native Method)
	at sun.reflect.NativeMethodAccessorImpl.invoke(NativeMethodAccessorImpl.java:62)
	at sun.reflect.DelegatingMethodAccessorImpl.invoke(DelegatingMethodAccessorImpl.java:43)
	at java.lang.reflect.Method.invoke(Method.java:498)
	at org.springframework.web.method.support.InvocableHandlerMethod.doInvoke(InvocableHandlerMethod.java:190)
	at org.springframework.web.method.support.InvocableHandlerMethod.invokeForRequest(InvocableHandlerMethod.java:138)
	at org.springframework.web.servlet.mvc.method.annotation.ServletInvocableHandlerMethod.invokeAndHandle(ServletInvocableHandlerMethod.java:105)
	at org.springframework.web.servlet.mvc.method.annotation.RequestMappingHandlerAdapter.invokeHandlerMethod(RequestMappingHandlerAdapter.java:879)
	at org.springframework.web.servlet.mvc.method.annotation.RequestMappingHandlerAdapter.handleInternal(RequestMappingHandlerAdapter.java:793)
	at org.springframework.web.servlet.mvc.method.AbstractHandlerMethodAdapter.handle(AbstractHandlerMethodAdapter.java:87)
	at org.springframework.web.servlet.DispatcherServlet.doDispatch(DispatcherServlet.java:1040)
	at org.springframework.web.servlet.DispatcherServlet.doService(DispatcherServlet.java:943)
	at org.springframework.web.servlet.FrameworkServlet.processRequest(FrameworkServlet.java:1006)
	at org.springframework.web.servlet.FrameworkServlet.doGet(FrameworkServlet.java:898)
	at javax.servlet.http.HttpServlet.service(HttpServlet.java:634)
	at org.springframework.web.servlet.FrameworkServlet.service(FrameworkServlet.java:883)
	at javax.servlet.http.HttpServlet.service(HttpServlet.java:741)
	at org.apache.catalina.core.ApplicationFilterChain.internalDoFilter(ApplicationFilterChain.java:231)
	at org.apache.catalina.core.ApplicationFilterChain.doFilter(ApplicationFilterChain.java:166)
	at org.apache.tomcat.websocket.server.WsFilter.doFilter(WsFilter.java:53)
	at org.apache.catalina.core.ApplicationFilterChain.internalDoFilter(ApplicationFilterChain.java:193)
	at org.apache.catalina.core.ApplicationFilterChain.doFilter(ApplicationFilterChain.java:166)
	at org.springframework.web.filter.RequestContextFilter.doFilterInternal(RequestContextFilter.java:100)
	at org.springframework.web.filter.OncePerRequestFilter.doFilter(OncePerRequestFilter.java:119)
	at org.apache.catalina.core.ApplicationFilterChain.internalDoFilter(ApplicationFilterChain.java:193)
	at org.apache.catalina.core.ApplicationFilterChain.doFilter(ApplicationFilterChain.java:166)
	at org.springframework.web.filter.FormContentFilter.doFilterInternal(FormContentFilter.java:93)
	at org.springframework.web.filter.OncePerRequestFilter.doFilter(OncePerRequestFilter.java:119)
	at org.apache.catalina.core.ApplicationFilterChain.internalDoFilter(ApplicationFilterChain.java:193)
	at org.apache.catalina.core.ApplicationFilterChain.doFilter(ApplicationFilterChain.java:166)
	at org.springframework.web.filter.CharacterEncodingFilter.doFilterInternal(CharacterEncodingFilter.java:201)
	at org.springframework.web.filter.OncePerRequestFilter.doFilter(OncePerRequestFilter.java:119)
	at org.apache.catalina.core.ApplicationFilterChain.internalDoFilter(ApplicationFilterChain.java:193)
	at org.apache.catalina.core.ApplicationFilterChain.doFilter(ApplicationFilterChain.java:166)
	at org.apache.catalina.core.StandardWrapperValve.invoke(StandardWrapperValve.java:202)
	at org.apache.catalina.core.StandardContextValve.invoke(StandardContextValve.java:96)
	at org.apache.catalina.authenticator.AuthenticatorBase.invoke(AuthenticatorBase.java:541)
	at org.apache.catalina.core.StandardHostValve.invoke(StandardHostValve.java:139)
	at org.apache.catalina.valves.ErrorReportValve.invoke(ErrorReportValve.java:92)
	at org.apache.catalina.core.StandardEngineValve.invoke(StandardEngineValve.java:74)
	at org.apache.catalina.connector.CoyoteAdapter.service(CoyoteAdapter.java:343)
	at org.apache.coyote.http11.Http11Processor.service(Http11Processor.java:373)
	at org.apache.coyote.AbstractProcessorLight.process(AbstractProcessorLight.java:65)
	at org.apache.coyote.AbstractProtocol$ConnectionHandler.process(AbstractProtocol.java:868)
	at org.apache.tomcat.util.net.NioEndpoint$SocketProcessor.doRun(NioEndpoint.java:1590)
	at org.apache.tomcat.util.net.SocketProcessorBase.run(SocketProcessorBase.java:49)
	at java.util.concurrent.ThreadPoolExecutor.runWorker(ThreadPoolExecutor.java:1149)
	at java.util.concurrent.ThreadPoolExecutor$Worker.run(ThreadPoolExecutor.java:624)
	at org.apache.tomcat.util.threads.TaskThread$WrappingRunnable.run(TaskThread.java:61)
	at java.lang.Thread.run(Thread.java:748)
2020-07-22 17:17:17.535 [http-nio-8004-exec-1] WARN  i.s.m.parameters.AbstractSerializableParameter - Illegal DefaultValue null for parameter type integer
java.lang.NumberFormatException: For input string: ""
	at java.lang.NumberFormatException.forInputString(NumberFormatException.java:65)
	at java.lang.Long.parseLong(Long.java:601)
	at java.lang.Long.valueOf(Long.java:803)
	at io.swagger.models.parameters.AbstractSerializableParameter.getExample(AbstractSerializableParameter.java:412)
	at sun.reflect.NativeMethodAccessorImpl.invoke0(Native Method)
	at sun.reflect.NativeMethodAccessorImpl.invoke(NativeMethodAccessorImpl.java:62)
	at sun.reflect.DelegatingMethodAccessorImpl.invoke(DelegatingMethodAccessorImpl.java:43)
	at java.lang.reflect.Method.invoke(Method.java:498)
	at com.fasterxml.jackson.databind.ser.BeanPropertyWriter.serializeAsField(BeanPropertyWriter.java:688)
	at com.fasterxml.jackson.databind.ser.std.BeanSerializerBase.serializeFields(BeanSerializerBase.java:722)
	at com.fasterxml.jackson.databind.ser.BeanSerializer.serialize(BeanSerializer.java:166)
	at com.fasterxml.jackson.databind.ser.impl.IndexedListSerializer.serializeContents(IndexedListSerializer.java:119)
	at com.fasterxml.jackson.databind.ser.impl.IndexedListSerializer.serialize(IndexedListSerializer.java:79)
	at com.fasterxml.jackson.databind.ser.impl.IndexedListSerializer.serialize(IndexedListSerializer.java:18)
	at com.fasterxml.jackson.databind.ser.BeanPropertyWriter.serializeAsField(BeanPropertyWriter.java:727)
	at com.fasterxml.jackson.databind.ser.std.BeanSerializerBase.serializeFields(BeanSerializerBase.java:722)
	at com.fasterxml.jackson.databind.ser.BeanSerializer.serialize(BeanSerializer.java:166)
	at com.fasterxml.jackson.databind.ser.BeanPropertyWriter.serializeAsField(BeanPropertyWriter.java:727)
	at com.fasterxml.jackson.databind.ser.std.BeanSerializerBase.serializeFields(BeanSerializerBase.java:722)
	at com.fasterxml.jackson.databind.ser.BeanSerializer.serialize(BeanSerializer.java:166)
	at com.fasterxml.jackson.databind.ser.std.MapSerializer.serializeFields(MapSerializer.java:722)
	at com.fasterxml.jackson.databind.ser.std.MapSerializer.serialize(MapSerializer.java:643)
	at com.fasterxml.jackson.databind.ser.std.MapSerializer.serialize(MapSerializer.java:33)
	at com.fasterxml.jackson.databind.ser.BeanPropertyWriter.serializeAsField(BeanPropertyWriter.java:727)
	at com.fasterxml.jackson.databind.ser.std.BeanSerializerBase.serializeFields(BeanSerializerBase.java:722)
	at com.fasterxml.jackson.databind.ser.BeanSerializer.serialize(BeanSerializer.java:166)
	at com.fasterxml.jackson.databind.ser.DefaultSerializerProvider._serialize(DefaultSerializerProvider.java:480)
	at com.fasterxml.jackson.databind.ser.DefaultSerializerProvider.serializeValue(DefaultSerializerProvider.java:319)
	at com.fasterxml.jackson.databind.ObjectMapper._configAndWriteValue(ObjectMapper.java:4110)
	at com.fasterxml.jackson.databind.ObjectMapper.writeValueAsString(ObjectMapper.java:3413)
	at springfox.documentation.spring.web.json.JsonSerializer.toJson(JsonSerializer.java:38)
	at springfox.documentation.swagger2.web.Swagger2Controller.getDocumentation(Swagger2Controller.java:105)
	at sun.reflect.NativeMethodAccessorImpl.invoke0(Native Method)
	at sun.reflect.NativeMethodAccessorImpl.invoke(NativeMethodAccessorImpl.java:62)
	at sun.reflect.DelegatingMethodAccessorImpl.invoke(DelegatingMethodAccessorImpl.java:43)
	at java.lang.reflect.Method.invoke(Method.java:498)
	at org.springframework.web.method.support.InvocableHandlerMethod.doInvoke(InvocableHandlerMethod.java:190)
	at org.springframework.web.method.support.InvocableHandlerMethod.invokeForRequest(InvocableHandlerMethod.java:138)
	at org.springframework.web.servlet.mvc.method.annotation.ServletInvocableHandlerMethod.invokeAndHandle(ServletInvocableHandlerMethod.java:105)
	at org.springframework.web.servlet.mvc.method.annotation.RequestMappingHandlerAdapter.invokeHandlerMethod(RequestMappingHandlerAdapter.java:879)
	at org.springframework.web.servlet.mvc.method.annotation.RequestMappingHandlerAdapter.handleInternal(RequestMappingHandlerAdapter.java:793)
	at org.springframework.web.servlet.mvc.method.AbstractHandlerMethodAdapter.handle(AbstractHandlerMethodAdapter.java:87)
	at org.springframework.web.servlet.DispatcherServlet.doDispatch(DispatcherServlet.java:1040)
	at org.springframework.web.servlet.DispatcherServlet.doService(DispatcherServlet.java:943)
	at org.springframework.web.servlet.FrameworkServlet.processRequest(FrameworkServlet.java:1006)
	at org.springframework.web.servlet.FrameworkServlet.doGet(FrameworkServlet.java:898)
	at javax.servlet.http.HttpServlet.service(HttpServlet.java:634)
	at org.springframework.web.servlet.FrameworkServlet.service(FrameworkServlet.java:883)
	at javax.servlet.http.HttpServlet.service(HttpServlet.java:741)
	at org.apache.catalina.core.ApplicationFilterChain.internalDoFilter(ApplicationFilterChain.java:231)
	at org.apache.catalina.core.ApplicationFilterChain.doFilter(ApplicationFilterChain.java:166)
	at org.apache.tomcat.websocket.server.WsFilter.doFilter(WsFilter.java:53)
	at org.apache.catalina.core.ApplicationFilterChain.internalDoFilter(ApplicationFilterChain.java:193)
	at org.apache.catalina.core.ApplicationFilterChain.doFilter(ApplicationFilterChain.java:166)
	at org.springframework.web.filter.RequestContextFilter.doFilterInternal(RequestContextFilter.java:100)
	at org.springframework.web.filter.OncePerRequestFilter.doFilter(OncePerRequestFilter.java:119)
	at org.apache.catalina.core.ApplicationFilterChain.internalDoFilter(ApplicationFilterChain.java:193)
	at org.apache.catalina.core.ApplicationFilterChain.doFilter(ApplicationFilterChain.java:166)
	at org.springframework.web.filter.FormContentFilter.doFilterInternal(FormContentFilter.java:93)
	at org.springframework.web.filter.OncePerRequestFilter.doFilter(OncePerRequestFilter.java:119)
	at org.apache.catalina.core.ApplicationFilterChain.internalDoFilter(ApplicationFilterChain.java:193)
	at org.apache.catalina.core.ApplicationFilterChain.doFilter(ApplicationFilterChain.java:166)
	at org.springframework.web.filter.CharacterEncodingFilter.doFilterInternal(CharacterEncodingFilter.java:201)
	at org.springframework.web.filter.OncePerRequestFilter.doFilter(OncePerRequestFilter.java:119)
	at org.apache.catalina.core.ApplicationFilterChain.internalDoFilter(ApplicationFilterChain.java:193)
	at org.apache.catalina.core.ApplicationFilterChain.doFilter(ApplicationFilterChain.java:166)
	at org.apache.catalina.core.StandardWrapperValve.invoke(StandardWrapperValve.java:202)
	at org.apache.catalina.core.StandardContextValve.invoke(StandardContextValve.java:96)
	at org.apache.catalina.authenticator.AuthenticatorBase.invoke(AuthenticatorBase.java:541)
	at org.apache.catalina.core.StandardHostValve.invoke(StandardHostValve.java:139)
	at org.apache.catalina.valves.ErrorReportValve.invoke(ErrorReportValve.java:92)
	at org.apache.catalina.core.StandardEngineValve.invoke(StandardEngineValve.java:74)
	at org.apache.catalina.connector.CoyoteAdapter.service(CoyoteAdapter.java:343)
	at org.apache.coyote.http11.Http11Processor.service(Http11Processor.java:373)
	at org.apache.coyote.AbstractProcessorLight.process(AbstractProcessorLight.java:65)
	at org.apache.coyote.AbstractProtocol$ConnectionHandler.process(AbstractProtocol.java:868)
	at org.apache.tomcat.util.net.NioEndpoint$SocketProcessor.doRun(NioEndpoint.java:1590)
	at org.apache.tomcat.util.net.SocketProcessorBase.run(SocketProcessorBase.java:49)
	at java.util.concurrent.ThreadPoolExecutor.runWorker(ThreadPoolExecutor.java:1149)
	at java.util.concurrent.ThreadPoolExecutor$Worker.run(ThreadPoolExecutor.java:624)
	at org.apache.tomcat.util.threads.TaskThread$WrappingRunnable.run(TaskThread.java:61)
	at java.lang.Thread.run(Thread.java:748)
2020-07-22 17:17:27.449 [http-nio-8004-exec-10] WARN  o.s.w.s.m.m.a.ExceptionHandlerExceptionResolver - Resolved [org.springframework.dao.QueryTimeoutException: Redis command timed out; nested exception is io.lettuce.core.RedisCommandTimeoutException: Command timed out after no timeout]
2020-07-22 17:19:29.631 [http-nio-8004-exec-4] WARN  o.s.w.s.m.m.a.ExceptionHandlerExceptionResolver - Resolved [org.springframework.dao.QueryTimeoutException: Redis command timed out; nested exception is io.lettuce.core.RedisCommandTimeoutException: Command timed out after no timeout]
2020-07-22 17:21:45.915 [restartedMain] WARN  com.netflix.config.sources.URLConfigurationSource - No URLs will be polled as dynamic configuration sources.
2020-07-22 17:21:45.920 [restartedMain] WARN  com.netflix.config.sources.URLConfigurationSource - No URLs will be polled as dynamic configuration sources.
2020-07-22 17:22:22.825 [http-nio-8004-exec-1] WARN  o.s.w.s.m.m.a.ExceptionHandlerExceptionResolver - Resolved [org.apache.ibatis.binding.BindingException: Invalid bound statement (not found): com.chz.edusmc.service.BannerService.getBannersTopDESC]
2020-07-22 17:24:21.622 [http-nio-8004-exec-3] WARN  o.s.w.s.m.m.a.ExceptionHandlerExceptionResolver - Resolved [org.apache.ibatis.binding.BindingException: Invalid bound statement (not found): com.chz.edusmc.service.BannerService.getBannersTopDESC]
2020-07-22 17:24:22.356 [http-nio-8004-exec-4] WARN  o.s.w.s.m.m.a.ExceptionHandlerExceptionResolver - Resolved [org.apache.ibatis.binding.BindingException: Invalid bound statement (not found): com.chz.edusmc.service.BannerService.getBannersTopDESC]
2020-07-22 17:25:26.272 [restartedMain] WARN  com.netflix.config.sources.URLConfigurationSource - No URLs will be polled as dynamic configuration sources.
2020-07-22 17:25:26.277 [restartedMain] WARN  com.netflix.config.sources.URLConfigurationSource - No URLs will be polled as dynamic configuration sources.
2020-07-22 17:25:37.385 [http-nio-8004-exec-2] WARN  com.zaxxer.hikari.HikariConfig - HikariPool - idleTimeout is close to or more than maxLifetime, disabling it.
2020-07-22 17:26:07.144 [http-nio-8004-exec-3] WARN  o.s.w.s.m.m.a.ExceptionHandlerExceptionResolver - Resolved [org.springframework.data.redis.serializer.SerializationException: Could not read JSON: Cannot construct instance of `java.time.LocalDateTime` (no Creators, like default construct, exist): cannot deserialize from Object value (no delegate- or property-based Creator)
 at [Source: (byte[])"["java.util.ArrayList",[["com.chz.edusmc.entity.domain.Banner",{"id":"2","title":"test4","imageUrl":"https://gulied-program.oss-cn-beijing.aliyuncs.com/banner/banner-2-blue.jpg","linkUrl":"","sort":4,"deleted":false,"gmtCreate":{"date":{"year":2020,"month":"JULY","day":15,"dayOfMonth":15,"monthValue":7,"dayOfWeek":"WEDNESDAY","era":["java.time.chrono.IsoEra","CE"],"dayOfYear":197,"leapYear":true,"chronology":{"id":"ISO","calendarType":"iso8601"},"prolepticMonth":24246},"time":{"hour":16,"minute""[truncated 4671 bytes]; line: 1, column: 230] (through reference chain: java.util.ArrayList[0]->com.chz.edusmc.entity.domain.Banner["gmtCreate"]); nested exception is com.fasterxml.jackson.databind.exc.InvalidDefinitionException: Cannot construct instance of `java.time.LocalDateTime` (no Creators, like default construct, exist): cannot deserialize from Object value (no delegate- or property-based Creator)
 at [Source: (byte[])"["java.util.ArrayList",[["com.chz.edusmc.entity.domain.Banner",{"id":"2","title":"test4","imageUrl":"https://gulied-program.oss-cn-beijing.aliyuncs.com/banner/banner-2-blue.jpg","linkUrl":"","sort":4,"deleted":false,"gmtCreate":{"date":{"year":2020,"month":"JULY","day":15,"dayOfMonth":15,"monthValue":7,"dayOfWeek":"WEDNESDAY","era":["java.time.chrono.IsoEra","CE"],"dayOfYear":197,"leapYear":true,"chronology":{"id":"ISO","calendarType":"iso8601"},"prolepticMonth":24246},"time":{"hour":16,"minute""[truncated 4671 bytes]; line: 1, column: 230] (through reference chain: java.util.ArrayList[0]->com.chz.edusmc.entity.domain.Banner["gmtCreate"])]
2020-07-22 17:26:07.659 [http-nio-8004-exec-4] WARN  o.s.w.s.m.m.a.ExceptionHandlerExceptionResolver - Resolved [org.springframework.data.redis.serializer.SerializationException: Could not read JSON: Cannot construct instance of `java.time.LocalDateTime` (no Creators, like default construct, exist): cannot deserialize from Object value (no delegate- or property-based Creator)
 at [Source: (byte[])"["java.util.ArrayList",[["com.chz.edusmc.entity.domain.Banner",{"id":"2","title":"test4","imageUrl":"https://gulied-program.oss-cn-beijing.aliyuncs.com/banner/banner-2-blue.jpg","linkUrl":"","sort":4,"deleted":false,"gmtCreate":{"date":{"year":2020,"month":"JULY","day":15,"dayOfMonth":15,"monthValue":7,"dayOfWeek":"WEDNESDAY","era":["java.time.chrono.IsoEra","CE"],"dayOfYear":197,"leapYear":true,"chronology":{"id":"ISO","calendarType":"iso8601"},"prolepticMonth":24246},"time":{"hour":16,"minute""[truncated 4671 bytes]; line: 1, column: 230] (through reference chain: java.util.ArrayList[0]->com.chz.edusmc.entity.domain.Banner["gmtCreate"]); nested exception is com.fasterxml.jackson.databind.exc.InvalidDefinitionException: Cannot construct instance of `java.time.LocalDateTime` (no Creators, like default construct, exist): cannot deserialize from Object value (no delegate- or property-based Creator)
 at [Source: (byte[])"["java.util.ArrayList",[["com.chz.edusmc.entity.domain.Banner",{"id":"2","title":"test4","imageUrl":"https://gulied-program.oss-cn-beijing.aliyuncs.com/banner/banner-2-blue.jpg","linkUrl":"","sort":4,"deleted":false,"gmtCreate":{"date":{"year":2020,"month":"JULY","day":15,"dayOfMonth":15,"monthValue":7,"dayOfWeek":"WEDNESDAY","era":["java.time.chrono.IsoEra","CE"],"dayOfYear":197,"leapYear":true,"chronology":{"id":"ISO","calendarType":"iso8601"},"prolepticMonth":24246},"time":{"hour":16,"minute""[truncated 4671 bytes]; line: 1, column: 230] (through reference chain: java.util.ArrayList[0]->com.chz.edusmc.entity.domain.Banner["gmtCreate"])]
2020-07-22 17:31:20.494 [restartedMain] WARN  com.netflix.config.sources.URLConfigurationSource - No URLs will be polled as dynamic configuration sources.
2020-07-22 17:31:20.499 [restartedMain] WARN  com.netflix.config.sources.URLConfigurationSource - No URLs will be polled as dynamic configuration sources.
2020-07-22 17:31:57.406 [http-nio-8004-exec-2] WARN  com.zaxxer.hikari.HikariConfig - HikariPool - idleTimeout is close to or more than maxLifetime, disabling it.
2020-07-22 17:32:03.760 [http-nio-8004-exec-3] WARN  o.s.w.s.m.m.a.ExceptionHandlerExceptionResolver - Resolved [org.springframework.data.redis.serializer.SerializationException: Could not read JSON: Cannot construct instance of `java.time.LocalDateTime` (no Creators, like default construct, exist): cannot deserialize from Object value (no delegate- or property-based Creator)
 at [Source: (byte[])"["java.util.ArrayList",[["com.chz.edusmc.entity.domain.Banner",{"id":"2","title":"test4","imageUrl":"https://gulied-program.oss-cn-beijing.aliyuncs.com/banner/banner-2-blue.jpg","linkUrl":"","sort":4,"deleted":false,"gmtCreate":{"date":{"year":2020,"month":"JULY","day":15,"dayOfMonth":15,"monthValue":7,"dayOfWeek":"WEDNESDAY","era":["java.time.chrono.IsoEra","CE"],"dayOfYear":197,"leapYear":true,"chronology":{"id":"ISO","calendarType":"iso8601"},"prolepticMonth":24246},"time":{"hour":16,"minute""[truncated 4671 bytes]; line: 1, column: 230] (through reference chain: java.util.ArrayList[0]->com.chz.edusmc.entity.domain.Banner["gmtCreate"]); nested exception is com.fasterxml.jackson.databind.exc.InvalidDefinitionException: Cannot construct instance of `java.time.LocalDateTime` (no Creators, like default construct, exist): cannot deserialize from Object value (no delegate- or property-based Creator)
 at [Source: (byte[])"["java.util.ArrayList",[["com.chz.edusmc.entity.domain.Banner",{"id":"2","title":"test4","imageUrl":"https://gulied-program.oss-cn-beijing.aliyuncs.com/banner/banner-2-blue.jpg","linkUrl":"","sort":4,"deleted":false,"gmtCreate":{"date":{"year":2020,"month":"JULY","day":15,"dayOfMonth":15,"monthValue":7,"dayOfWeek":"WEDNESDAY","era":["java.time.chrono.IsoEra","CE"],"dayOfYear":197,"leapYear":true,"chronology":{"id":"ISO","calendarType":"iso8601"},"prolepticMonth":24246},"time":{"hour":16,"minute""[truncated 4671 bytes]; line: 1, column: 230] (through reference chain: java.util.ArrayList[0]->com.chz.edusmc.entity.domain.Banner["gmtCreate"])]
2020-07-22 17:32:04.068 [http-nio-8004-exec-4] WARN  o.s.w.s.m.m.a.ExceptionHandlerExceptionResolver - Resolved [org.springframework.data.redis.serializer.SerializationException: Could not read JSON: Cannot construct instance of `java.time.LocalDateTime` (no Creators, like default construct, exist): cannot deserialize from Object value (no delegate- or property-based Creator)
 at [Source: (byte[])"["java.util.ArrayList",[["com.chz.edusmc.entity.domain.Banner",{"id":"2","title":"test4","imageUrl":"https://gulied-program.oss-cn-beijing.aliyuncs.com/banner/banner-2-blue.jpg","linkUrl":"","sort":4,"deleted":false,"gmtCreate":{"date":{"year":2020,"month":"JULY","day":15,"dayOfMonth":15,"monthValue":7,"dayOfWeek":"WEDNESDAY","era":["java.time.chrono.IsoEra","CE"],"dayOfYear":197,"leapYear":true,"chronology":{"id":"ISO","calendarType":"iso8601"},"prolepticMonth":24246},"time":{"hour":16,"minute""[truncated 4671 bytes]; line: 1, column: 230] (through reference chain: java.util.ArrayList[0]->com.chz.edusmc.entity.domain.Banner["gmtCreate"]); nested exception is com.fasterxml.jackson.databind.exc.InvalidDefinitionException: Cannot construct instance of `java.time.LocalDateTime` (no Creators, like default construct, exist): cannot deserialize from Object value (no delegate- or property-based Creator)
 at [Source: (byte[])"["java.util.ArrayList",[["com.chz.edusmc.entity.domain.Banner",{"id":"2","title":"test4","imageUrl":"https://gulied-program.oss-cn-beijing.aliyuncs.com/banner/banner-2-blue.jpg","linkUrl":"","sort":4,"deleted":false,"gmtCreate":{"date":{"year":2020,"month":"JULY","day":15,"dayOfMonth":15,"monthValue":7,"dayOfWeek":"WEDNESDAY","era":["java.time.chrono.IsoEra","CE"],"dayOfYear":197,"leapYear":true,"chronology":{"id":"ISO","calendarType":"iso8601"},"prolepticMonth":24246},"time":{"hour":16,"minute""[truncated 4671 bytes]; line: 1, column: 230] (through reference chain: java.util.ArrayList[0]->com.chz.edusmc.entity.domain.Banner["gmtCreate"])]
2020-07-22 17:32:23.109 [http-nio-8004-exec-5] WARN  o.s.w.s.m.m.a.ExceptionHandlerExceptionResolver - Resolved [org.springframework.data.redis.serializer.SerializationException: Could not read JSON: Cannot construct instance of `java.time.LocalDateTime` (no Creators, like default construct, exist): cannot deserialize from Object value (no delegate- or property-based Creator)
 at [Source: (byte[])"["java.util.ArrayList",[["com.chz.edusmc.entity.domain.Banner",{"id":"2","title":"test4","imageUrl":"https://gulied-program.oss-cn-beijing.aliyuncs.com/banner/banner-2-blue.jpg","linkUrl":"","sort":4,"deleted":false,"gmtCreate":{"date":{"year":2020,"month":"JULY","day":15,"dayOfMonth":15,"monthValue":7,"dayOfWeek":"WEDNESDAY","era":["java.time.chrono.IsoEra","CE"],"dayOfYear":197,"leapYear":true,"chronology":{"id":"ISO","calendarType":"iso8601"},"prolepticMonth":24246},"time":{"hour":16,"minute""[truncated 4671 bytes]; line: 1, column: 230] (through reference chain: java.util.ArrayList[0]->com.chz.edusmc.entity.domain.Banner["gmtCreate"]); nested exception is com.fasterxml.jackson.databind.exc.InvalidDefinitionException: Cannot construct instance of `java.time.LocalDateTime` (no Creators, like default construct, exist): cannot deserialize from Object value (no delegate- or property-based Creator)
 at [Source: (byte[])"["java.util.ArrayList",[["com.chz.edusmc.entity.domain.Banner",{"id":"2","title":"test4","imageUrl":"https://gulied-program.oss-cn-beijing.aliyuncs.com/banner/banner-2-blue.jpg","linkUrl":"","sort":4,"deleted":false,"gmtCreate":{"date":{"year":2020,"month":"JULY","day":15,"dayOfMonth":15,"monthValue":7,"dayOfWeek":"WEDNESDAY","era":["java.time.chrono.IsoEra","CE"],"dayOfYear":197,"leapYear":true,"chronology":{"id":"ISO","calendarType":"iso8601"},"prolepticMonth":24246},"time":{"hour":16,"minute""[truncated 4671 bytes]; line: 1, column: 230] (through reference chain: java.util.ArrayList[0]->com.chz.edusmc.entity.domain.Banner["gmtCreate"])]
2020-07-22 17:32:23.515 [http-nio-8004-exec-6] WARN  o.s.w.s.m.m.a.ExceptionHandlerExceptionResolver - Resolved [org.springframework.data.redis.serializer.SerializationException: Could not read JSON: Cannot construct instance of `java.time.LocalDateTime` (no Creators, like default construct, exist): cannot deserialize from Object value (no delegate- or property-based Creator)
 at [Source: (byte[])"["java.util.ArrayList",[["com.chz.edusmc.entity.domain.Banner",{"id":"2","title":"test4","imageUrl":"https://gulied-program.oss-cn-beijing.aliyuncs.com/banner/banner-2-blue.jpg","linkUrl":"","sort":4,"deleted":false,"gmtCreate":{"date":{"year":2020,"month":"JULY","day":15,"dayOfMonth":15,"monthValue":7,"dayOfWeek":"WEDNESDAY","era":["java.time.chrono.IsoEra","CE"],"dayOfYear":197,"leapYear":true,"chronology":{"id":"ISO","calendarType":"iso8601"},"prolepticMonth":24246},"time":{"hour":16,"minute""[truncated 4671 bytes]; line: 1, column: 230] (through reference chain: java.util.ArrayList[0]->com.chz.edusmc.entity.domain.Banner["gmtCreate"]); nested exception is com.fasterxml.jackson.databind.exc.InvalidDefinitionException: Cannot construct instance of `java.time.LocalDateTime` (no Creators, like default construct, exist): cannot deserialize from Object value (no delegate- or property-based Creator)
 at [Source: (byte[])"["java.util.ArrayList",[["com.chz.edusmc.entity.domain.Banner",{"id":"2","title":"test4","imageUrl":"https://gulied-program.oss-cn-beijing.aliyuncs.com/banner/banner-2-blue.jpg","linkUrl":"","sort":4,"deleted":false,"gmtCreate":{"date":{"year":2020,"month":"JULY","day":15,"dayOfMonth":15,"monthValue":7,"dayOfWeek":"WEDNESDAY","era":["java.time.chrono.IsoEra","CE"],"dayOfYear":197,"leapYear":true,"chronology":{"id":"ISO","calendarType":"iso8601"},"prolepticMonth":24246},"time":{"hour":16,"minute""[truncated 4671 bytes]; line: 1, column: 230] (through reference chain: java.util.ArrayList[0]->com.chz.edusmc.entity.domain.Banner["gmtCreate"])]
2020-07-22 17:33:13.045 [http-nio-8004-exec-8] WARN  o.s.w.s.m.m.a.ExceptionHandlerExceptionResolver - Resolved [org.springframework.data.redis.serializer.SerializationException: Could not read JSON: Cannot construct instance of `java.time.LocalDateTime` (no Creators, like default construct, exist): cannot deserialize from Object value (no delegate- or property-based Creator)
 at [Source: (byte[])"["java.util.ArrayList",[["com.chz.edusmc.entity.domain.Banner",{"id":"2","title":"test4","imageUrl":"https://gulied-program.oss-cn-beijing.aliyuncs.com/banner/banner-2-blue.jpg","linkUrl":"","sort":4,"deleted":false,"gmtCreate":{"date":{"year":2020,"month":"JULY","day":15,"dayOfMonth":15,"monthValue":7,"dayOfWeek":"WEDNESDAY","era":["java.time.chrono.IsoEra","CE"],"dayOfYear":197,"leapYear":true,"chronology":{"id":"ISO","calendarType":"iso8601"},"prolepticMonth":24246},"time":{"hour":16,"minute""[truncated 4671 bytes]; line: 1, column: 230] (through reference chain: java.util.ArrayList[0]->com.chz.edusmc.entity.domain.Banner["gmtCreate"]); nested exception is com.fasterxml.jackson.databind.exc.InvalidDefinitionException: Cannot construct instance of `java.time.LocalDateTime` (no Creators, like default construct, exist): cannot deserialize from Object value (no delegate- or property-based Creator)
 at [Source: (byte[])"["java.util.ArrayList",[["com.chz.edusmc.entity.domain.Banner",{"id":"2","title":"test4","imageUrl":"https://gulied-program.oss-cn-beijing.aliyuncs.com/banner/banner-2-blue.jpg","linkUrl":"","sort":4,"deleted":false,"gmtCreate":{"date":{"year":2020,"month":"JULY","day":15,"dayOfMonth":15,"monthValue":7,"dayOfWeek":"WEDNESDAY","era":["java.time.chrono.IsoEra","CE"],"dayOfYear":197,"leapYear":true,"chronology":{"id":"ISO","calendarType":"iso8601"},"prolepticMonth":24246},"time":{"hour":16,"minute""[truncated 4671 bytes]; line: 1, column: 230] (through reference chain: java.util.ArrayList[0]->com.chz.edusmc.entity.domain.Banner["gmtCreate"])]
2020-07-22 17:34:55.504 [http-nio-8004-exec-9] WARN  o.s.w.s.m.m.a.ExceptionHandlerExceptionResolver - Resolved [org.springframework.data.redis.serializer.SerializationException: Could not read JSON: Cannot construct instance of `java.time.LocalDateTime` (no Creators, like default construct, exist): cannot deserialize from Object value (no delegate- or property-based Creator)
 at [Source: (byte[])"["java.util.ArrayList",[["com.chz.edusmc.entity.domain.Banner",{"id":"2","title":"test4","imageUrl":"https://gulied-program.oss-cn-beijing.aliyuncs.com/banner/banner-2-blue.jpg","linkUrl":"","sort":4,"deleted":false,"gmtCreate":{"date":{"year":2020,"month":"JULY","day":15,"dayOfMonth":15,"monthValue":7,"dayOfWeek":"WEDNESDAY","era":["java.time.chrono.IsoEra","CE"],"dayOfYear":197,"leapYear":true,"chronology":{"id":"ISO","calendarType":"iso8601"},"prolepticMonth":24246},"time":{"hour":16,"minute""[truncated 4671 bytes]; line: 1, column: 230] (through reference chain: java.util.ArrayList[0]->com.chz.edusmc.entity.domain.Banner["gmtCreate"]); nested exception is com.fasterxml.jackson.databind.exc.InvalidDefinitionException: Cannot construct instance of `java.time.LocalDateTime` (no Creators, like default construct, exist): cannot deserialize from Object value (no delegate- or property-based Creator)
 at [Source: (byte[])"["java.util.ArrayList",[["com.chz.edusmc.entity.domain.Banner",{"id":"2","title":"test4","imageUrl":"https://gulied-program.oss-cn-beijing.aliyuncs.com/banner/banner-2-blue.jpg","linkUrl":"","sort":4,"deleted":false,"gmtCreate":{"date":{"year":2020,"month":"JULY","day":15,"dayOfMonth":15,"monthValue":7,"dayOfWeek":"WEDNESDAY","era":["java.time.chrono.IsoEra","CE"],"dayOfYear":197,"leapYear":true,"chronology":{"id":"ISO","calendarType":"iso8601"},"prolepticMonth":24246},"time":{"hour":16,"minute""[truncated 4671 bytes]; line: 1, column: 230] (through reference chain: java.util.ArrayList[0]->com.chz.edusmc.entity.domain.Banner["gmtCreate"])]
2020-07-22 17:34:56.228 [http-nio-8004-exec-10] WARN  o.s.w.s.m.m.a.ExceptionHandlerExceptionResolver - Resolved [org.springframework.data.redis.serializer.SerializationException: Could not read JSON: Cannot construct instance of `java.time.LocalDateTime` (no Creators, like default construct, exist): cannot deserialize from Object value (no delegate- or property-based Creator)
 at [Source: (byte[])"["java.util.ArrayList",[["com.chz.edusmc.entity.domain.Banner",{"id":"2","title":"test4","imageUrl":"https://gulied-program.oss-cn-beijing.aliyuncs.com/banner/banner-2-blue.jpg","linkUrl":"","sort":4,"deleted":false,"gmtCreate":{"date":{"year":2020,"month":"JULY","day":15,"dayOfMonth":15,"monthValue":7,"dayOfWeek":"WEDNESDAY","era":["java.time.chrono.IsoEra","CE"],"dayOfYear":197,"leapYear":true,"chronology":{"id":"ISO","calendarType":"iso8601"},"prolepticMonth":24246},"time":{"hour":16,"minute""[truncated 4671 bytes]; line: 1, column: 230] (through reference chain: java.util.ArrayList[0]->com.chz.edusmc.entity.domain.Banner["gmtCreate"]); nested exception is com.fasterxml.jackson.databind.exc.InvalidDefinitionException: Cannot construct instance of `java.time.LocalDateTime` (no Creators, like default construct, exist): cannot deserialize from Object value (no delegate- or property-based Creator)
 at [Source: (byte[])"["java.util.ArrayList",[["com.chz.edusmc.entity.domain.Banner",{"id":"2","title":"test4","imageUrl":"https://gulied-program.oss-cn-beijing.aliyuncs.com/banner/banner-2-blue.jpg","linkUrl":"","sort":4,"deleted":false,"gmtCreate":{"date":{"year":2020,"month":"JULY","day":15,"dayOfMonth":15,"monthValue":7,"dayOfWeek":"WEDNESDAY","era":["java.time.chrono.IsoEra","CE"],"dayOfYear":197,"leapYear":true,"chronology":{"id":"ISO","calendarType":"iso8601"},"prolepticMonth":24246},"time":{"hour":16,"minute""[truncated 4671 bytes]; line: 1, column: 230] (through reference chain: java.util.ArrayList[0]->com.chz.edusmc.entity.domain.Banner["gmtCreate"])]
2020-07-22 17:35:45.516 [http-nio-8004-exec-1] WARN  o.s.w.s.m.m.a.ExceptionHandlerExceptionResolver - Resolved [org.springframework.data.redis.serializer.SerializationException: Could not read JSON: Cannot construct instance of `java.time.LocalDateTime` (no Creators, like default construct, exist): cannot deserialize from Object value (no delegate- or property-based Creator)
 at [Source: (byte[])"["java.util.ArrayList",[["com.chz.edusmc.entity.domain.Banner",{"id":"2","title":"test4","imageUrl":"https://gulied-program.oss-cn-beijing.aliyuncs.com/banner/banner-2-blue.jpg","linkUrl":"","sort":4,"deleted":false,"gmtCreate":{"date":{"year":2020,"month":"JULY","day":15,"dayOfMonth":15,"monthValue":7,"dayOfWeek":"WEDNESDAY","era":["java.time.chrono.IsoEra","CE"],"dayOfYear":197,"leapYear":true,"chronology":{"id":"ISO","calendarType":"iso8601"},"prolepticMonth":24246},"time":{"hour":16,"minute""[truncated 4671 bytes]; line: 1, column: 230] (through reference chain: java.util.ArrayList[0]->com.chz.edusmc.entity.domain.Banner["gmtCreate"]); nested exception is com.fasterxml.jackson.databind.exc.InvalidDefinitionException: Cannot construct instance of `java.time.LocalDateTime` (no Creators, like default construct, exist): cannot deserialize from Object value (no delegate- or property-based Creator)
 at [Source: (byte[])"["java.util.ArrayList",[["com.chz.edusmc.entity.domain.Banner",{"id":"2","title":"test4","imageUrl":"https://gulied-program.oss-cn-beijing.aliyuncs.com/banner/banner-2-blue.jpg","linkUrl":"","sort":4,"deleted":false,"gmtCreate":{"date":{"year":2020,"month":"JULY","day":15,"dayOfMonth":15,"monthValue":7,"dayOfWeek":"WEDNESDAY","era":["java.time.chrono.IsoEra","CE"],"dayOfYear":197,"leapYear":true,"chronology":{"id":"ISO","calendarType":"iso8601"},"prolepticMonth":24246},"time":{"hour":16,"minute""[truncated 4671 bytes]; line: 1, column: 230] (through reference chain: java.util.ArrayList[0]->com.chz.edusmc.entity.domain.Banner["gmtCreate"])]
2020-07-22 17:35:46.101 [http-nio-8004-exec-2] WARN  o.s.w.s.m.m.a.ExceptionHandlerExceptionResolver - Resolved [org.springframework.data.redis.serializer.SerializationException: Could not read JSON: Cannot construct instance of `java.time.LocalDateTime` (no Creators, like default construct, exist): cannot deserialize from Object value (no delegate- or property-based Creator)
 at [Source: (byte[])"["java.util.ArrayList",[["com.chz.edusmc.entity.domain.Banner",{"id":"2","title":"test4","imageUrl":"https://gulied-program.oss-cn-beijing.aliyuncs.com/banner/banner-2-blue.jpg","linkUrl":"","sort":4,"deleted":false,"gmtCreate":{"date":{"year":2020,"month":"JULY","day":15,"dayOfMonth":15,"monthValue":7,"dayOfWeek":"WEDNESDAY","era":["java.time.chrono.IsoEra","CE"],"dayOfYear":197,"leapYear":true,"chronology":{"id":"ISO","calendarType":"iso8601"},"prolepticMonth":24246},"time":{"hour":16,"minute""[truncated 4671 bytes]; line: 1, column: 230] (through reference chain: java.util.ArrayList[0]->com.chz.edusmc.entity.domain.Banner["gmtCreate"]); nested exception is com.fasterxml.jackson.databind.exc.InvalidDefinitionException: Cannot construct instance of `java.time.LocalDateTime` (no Creators, like default construct, exist): cannot deserialize from Object value (no delegate- or property-based Creator)
 at [Source: (byte[])"["java.util.ArrayList",[["com.chz.edusmc.entity.domain.Banner",{"id":"2","title":"test4","imageUrl":"https://gulied-program.oss-cn-beijing.aliyuncs.com/banner/banner-2-blue.jpg","linkUrl":"","sort":4,"deleted":false,"gmtCreate":{"date":{"year":2020,"month":"JULY","day":15,"dayOfMonth":15,"monthValue":7,"dayOfWeek":"WEDNESDAY","era":["java.time.chrono.IsoEra","CE"],"dayOfYear":197,"leapYear":true,"chronology":{"id":"ISO","calendarType":"iso8601"},"prolepticMonth":24246},"time":{"hour":16,"minute""[truncated 4671 bytes]; line: 1, column: 230] (through reference chain: java.util.ArrayList[0]->com.chz.edusmc.entity.domain.Banner["gmtCreate"])]
2020-07-22 17:42:48.364 [restartedMain] WARN  com.netflix.config.sources.URLConfigurationSource - No URLs will be polled as dynamic configuration sources.
2020-07-22 17:42:48.370 [restartedMain] WARN  com.netflix.config.sources.URLConfigurationSource - No URLs will be polled as dynamic configuration sources.
2020-07-22 17:42:48.559 [restartedMain] WARN  o.s.b.d.autoconfigure.OptionalLiveReloadServer - Unable to start LiveReload server
2020-07-22 17:43:25.714 [http-nio-8004-exec-4] WARN  com.zaxxer.hikari.HikariConfig - HikariPool - idleTimeout is close to or more than maxLifetime, disabling it.
2020-07-22 17:43:36.254 [http-nio-8004-exec-3] WARN  o.s.w.s.m.m.a.ExceptionHandlerExceptionResolver - Resolved [org.springframework.data.redis.serializer.SerializationException: Could not read JSON: Cannot construct instance of `java.time.LocalDateTime` (no Creators, like default construct, exist): cannot deserialize from Object value (no delegate- or property-based Creator)
 at [Source: (byte[])"["java.util.ArrayList",[["com.chz.edusmc.entity.domain.Banner",{"id":"2","title":"test4","imageUrl":"https://gulied-program.oss-cn-beijing.aliyuncs.com/banner/banner-2-blue.jpg","linkUrl":"","sort":4,"deleted":false,"gmtCreate":{"date":{"year":2020,"month":"JULY","day":15,"dayOfMonth":15,"monthValue":7,"chronology":{"id":"ISO","calendarType":"iso8601"},"dayOfWeek":"WEDNESDAY","era":["java.time.chrono.IsoEra","CE"],"dayOfYear":197,"leapYear":true,"prolepticMonth":24246},"time":{"hour":16,"minute""[truncated 4671 bytes]; line: 1, column: 230] (through reference chain: java.util.ArrayList[0]->com.chz.edusmc.entity.domain.Banner["gmtCreate"]); nested exception is com.fasterxml.jackson.databind.exc.InvalidDefinitionException: Cannot construct instance of `java.time.LocalDateTime` (no Creators, like default construct, exist): cannot deserialize from Object value (no delegate- or property-based Creator)
 at [Source: (byte[])"["java.util.ArrayList",[["com.chz.edusmc.entity.domain.Banner",{"id":"2","title":"test4","imageUrl":"https://gulied-program.oss-cn-beijing.aliyuncs.com/banner/banner-2-blue.jpg","linkUrl":"","sort":4,"deleted":false,"gmtCreate":{"date":{"year":2020,"month":"JULY","day":15,"dayOfMonth":15,"monthValue":7,"chronology":{"id":"ISO","calendarType":"iso8601"},"dayOfWeek":"WEDNESDAY","era":["java.time.chrono.IsoEra","CE"],"dayOfYear":197,"leapYear":true,"prolepticMonth":24246},"time":{"hour":16,"minute""[truncated 4671 bytes]; line: 1, column: 230] (through reference chain: java.util.ArrayList[0]->com.chz.edusmc.entity.domain.Banner["gmtCreate"])]
2020-07-22 17:43:36.651 [http-nio-8004-exec-2] WARN  o.s.w.s.m.m.a.ExceptionHandlerExceptionResolver - Resolved [org.springframework.data.redis.serializer.SerializationException: Could not read JSON: Cannot construct instance of `java.time.LocalDateTime` (no Creators, like default construct, exist): cannot deserialize from Object value (no delegate- or property-based Creator)
 at [Source: (byte[])"["java.util.ArrayList",[["com.chz.edusmc.entity.domain.Banner",{"id":"2","title":"test4","imageUrl":"https://gulied-program.oss-cn-beijing.aliyuncs.com/banner/banner-2-blue.jpg","linkUrl":"","sort":4,"deleted":false,"gmtCreate":{"date":{"year":2020,"month":"JULY","day":15,"dayOfMonth":15,"monthValue":7,"chronology":{"id":"ISO","calendarType":"iso8601"},"dayOfWeek":"WEDNESDAY","era":["java.time.chrono.IsoEra","CE"],"dayOfYear":197,"leapYear":true,"prolepticMonth":24246},"time":{"hour":16,"minute""[truncated 4671 bytes]; line: 1, column: 230] (through reference chain: java.util.ArrayList[0]->com.chz.edusmc.entity.domain.Banner["gmtCreate"]); nested exception is com.fasterxml.jackson.databind.exc.InvalidDefinitionException: Cannot construct instance of `java.time.LocalDateTime` (no Creators, like default construct, exist): cannot deserialize from Object value (no delegate- or property-based Creator)
 at [Source: (byte[])"["java.util.ArrayList",[["com.chz.edusmc.entity.domain.Banner",{"id":"2","title":"test4","imageUrl":"https://gulied-program.oss-cn-beijing.aliyuncs.com/banner/banner-2-blue.jpg","linkUrl":"","sort":4,"deleted":false,"gmtCreate":{"date":{"year":2020,"month":"JULY","day":15,"dayOfMonth":15,"monthValue":7,"chronology":{"id":"ISO","calendarType":"iso8601"},"dayOfWeek":"WEDNESDAY","era":["java.time.chrono.IsoEra","CE"],"dayOfYear":197,"leapYear":true,"prolepticMonth":24246},"time":{"hour":16,"minute""[truncated 4671 bytes]; line: 1, column: 230] (through reference chain: java.util.ArrayList[0]->com.chz.edusmc.entity.domain.Banner["gmtCreate"])]
2020-07-22 17:44:54.804 [restartedMain] WARN  com.netflix.config.sources.URLConfigurationSource - No URLs will be polled as dynamic configuration sources.
2020-07-22 17:44:54.809 [restartedMain] WARN  com.netflix.config.sources.URLConfigurationSource - No URLs will be polled as dynamic configuration sources.
2020-07-22 17:44:54.993 [restartedMain] WARN  o.s.b.d.autoconfigure.OptionalLiveReloadServer - Unable to start LiveReload server
2020-07-22 17:45:05.914 [http-nio-8004-exec-10] WARN  i.s.m.parameters.AbstractSerializableParameter - Illegal DefaultValue null for parameter type integer
java.lang.NumberFormatException: For input string: ""
	at java.lang.NumberFormatException.forInputString(NumberFormatException.java:65)
	at java.lang.Long.parseLong(Long.java:601)
	at java.lang.Long.valueOf(Long.java:803)
	at io.swagger.models.parameters.AbstractSerializableParameter.getExample(AbstractSerializableParameter.java:412)
	at sun.reflect.NativeMethodAccessorImpl.invoke0(Native Method)
	at sun.reflect.NativeMethodAccessorImpl.invoke(NativeMethodAccessorImpl.java:62)
	at sun.reflect.DelegatingMethodAccessorImpl.invoke(DelegatingMethodAccessorImpl.java:43)
	at java.lang.reflect.Method.invoke(Method.java:498)
	at com.fasterxml.jackson.databind.ser.BeanPropertyWriter.serializeAsField(BeanPropertyWriter.java:688)
	at com.fasterxml.jackson.databind.ser.std.BeanSerializerBase.serializeFields(BeanSerializerBase.java:722)
	at com.fasterxml.jackson.databind.ser.BeanSerializer.serialize(BeanSerializer.java:166)
	at com.fasterxml.jackson.databind.ser.impl.IndexedListSerializer.serializeContents(IndexedListSerializer.java:119)
	at com.fasterxml.jackson.databind.ser.impl.IndexedListSerializer.serialize(IndexedListSerializer.java:79)
	at com.fasterxml.jackson.databind.ser.impl.IndexedListSerializer.serialize(IndexedListSerializer.java:18)
	at com.fasterxml.jackson.databind.ser.BeanPropertyWriter.serializeAsField(BeanPropertyWriter.java:727)
	at com.fasterxml.jackson.databind.ser.std.BeanSerializerBase.serializeFields(BeanSerializerBase.java:722)
	at com.fasterxml.jackson.databind.ser.BeanSerializer.serialize(BeanSerializer.java:166)
	at com.fasterxml.jackson.databind.ser.BeanPropertyWriter.serializeAsField(BeanPropertyWriter.java:727)
	at com.fasterxml.jackson.databind.ser.std.BeanSerializerBase.serializeFields(BeanSerializerBase.java:722)
	at com.fasterxml.jackson.databind.ser.BeanSerializer.serialize(BeanSerializer.java:166)
	at com.fasterxml.jackson.databind.ser.std.MapSerializer.serializeFields(MapSerializer.java:722)
	at com.fasterxml.jackson.databind.ser.std.MapSerializer.serialize(MapSerializer.java:643)
	at com.fasterxml.jackson.databind.ser.std.MapSerializer.serialize(MapSerializer.java:33)
	at com.fasterxml.jackson.databind.ser.BeanPropertyWriter.serializeAsField(BeanPropertyWriter.java:727)
	at com.fasterxml.jackson.databind.ser.std.BeanSerializerBase.serializeFields(BeanSerializerBase.java:722)
	at com.fasterxml.jackson.databind.ser.BeanSerializer.serialize(BeanSerializer.java:166)
	at com.fasterxml.jackson.databind.ser.DefaultSerializerProvider._serialize(DefaultSerializerProvider.java:480)
	at com.fasterxml.jackson.databind.ser.DefaultSerializerProvider.serializeValue(DefaultSerializerProvider.java:319)
	at com.fasterxml.jackson.databind.ObjectMapper._configAndWriteValue(ObjectMapper.java:4110)
	at com.fasterxml.jackson.databind.ObjectMapper.writeValueAsString(ObjectMapper.java:3413)
	at springfox.documentation.spring.web.json.JsonSerializer.toJson(JsonSerializer.java:38)
	at springfox.documentation.swagger2.web.Swagger2Controller.getDocumentation(Swagger2Controller.java:105)
	at sun.reflect.NativeMethodAccessorImpl.invoke0(Native Method)
	at sun.reflect.NativeMethodAccessorImpl.invoke(NativeMethodAccessorImpl.java:62)
	at sun.reflect.DelegatingMethodAccessorImpl.invoke(DelegatingMethodAccessorImpl.java:43)
	at java.lang.reflect.Method.invoke(Method.java:498)
	at org.springframework.web.method.support.InvocableHandlerMethod.doInvoke(InvocableHandlerMethod.java:190)
	at org.springframework.web.method.support.InvocableHandlerMethod.invokeForRequest(InvocableHandlerMethod.java:138)
	at org.springframework.web.servlet.mvc.method.annotation.ServletInvocableHandlerMethod.invokeAndHandle(ServletInvocableHandlerMethod.java:105)
	at org.springframework.web.servlet.mvc.method.annotation.RequestMappingHandlerAdapter.invokeHandlerMethod(RequestMappingHandlerAdapter.java:879)
	at org.springframework.web.servlet.mvc.method.annotation.RequestMappingHandlerAdapter.handleInternal(RequestMappingHandlerAdapter.java:793)
	at org.springframework.web.servlet.mvc.method.AbstractHandlerMethodAdapter.handle(AbstractHandlerMethodAdapter.java:87)
	at org.springframework.web.servlet.DispatcherServlet.doDispatch(DispatcherServlet.java:1040)
	at org.springframework.web.servlet.DispatcherServlet.doService(DispatcherServlet.java:943)
	at org.springframework.web.servlet.FrameworkServlet.processRequest(FrameworkServlet.java:1006)
	at org.springframework.web.servlet.FrameworkServlet.doGet(FrameworkServlet.java:898)
	at javax.servlet.http.HttpServlet.service(HttpServlet.java:634)
	at org.springframework.web.servlet.FrameworkServlet.service(FrameworkServlet.java:883)
	at javax.servlet.http.HttpServlet.service(HttpServlet.java:741)
	at org.apache.catalina.core.ApplicationFilterChain.internalDoFilter(ApplicationFilterChain.java:231)
	at org.apache.catalina.core.ApplicationFilterChain.doFilter(ApplicationFilterChain.java:166)
	at org.apache.tomcat.websocket.server.WsFilter.doFilter(WsFilter.java:53)
	at org.apache.catalina.core.ApplicationFilterChain.internalDoFilter(ApplicationFilterChain.java:193)
	at org.apache.catalina.core.ApplicationFilterChain.doFilter(ApplicationFilterChain.java:166)
	at org.springframework.web.filter.RequestContextFilter.doFilterInternal(RequestContextFilter.java:100)
	at org.springframework.web.filter.OncePerRequestFilter.doFilter(OncePerRequestFilter.java:119)
	at org.apache.catalina.core.ApplicationFilterChain.internalDoFilter(ApplicationFilterChain.java:193)
	at org.apache.catalina.core.ApplicationFilterChain.doFilter(ApplicationFilterChain.java:166)
	at org.springframework.web.filter.FormContentFilter.doFilterInternal(FormContentFilter.java:93)
	at org.springframework.web.filter.OncePerRequestFilter.doFilter(OncePerRequestFilter.java:119)
	at org.apache.catalina.core.ApplicationFilterChain.internalDoFilter(ApplicationFilterChain.java:193)
	at org.apache.catalina.core.ApplicationFilterChain.doFilter(ApplicationFilterChain.java:166)
	at org.springframework.web.filter.CharacterEncodingFilter.doFilterInternal(CharacterEncodingFilter.java:201)
	at org.springframework.web.filter.OncePerRequestFilter.doFilter(OncePerRequestFilter.java:119)
	at org.apache.catalina.core.ApplicationFilterChain.internalDoFilter(ApplicationFilterChain.java:193)
	at org.apache.catalina.core.ApplicationFilterChain.doFilter(ApplicationFilterChain.java:166)
	at org.apache.catalina.core.StandardWrapperValve.invoke(StandardWrapperValve.java:202)
	at org.apache.catalina.core.StandardContextValve.invoke(StandardContextValve.java:96)
	at org.apache.catalina.authenticator.AuthenticatorBase.invoke(AuthenticatorBase.java:541)
	at org.apache.catalina.core.StandardHostValve.invoke(StandardHostValve.java:139)
	at org.apache.catalina.valves.ErrorReportValve.invoke(ErrorReportValve.java:92)
	at org.apache.catalina.core.StandardEngineValve.invoke(StandardEngineValve.java:74)
	at org.apache.catalina.connector.CoyoteAdapter.service(CoyoteAdapter.java:343)
	at org.apache.coyote.http11.Http11Processor.service(Http11Processor.java:373)
	at org.apache.coyote.AbstractProcessorLight.process(AbstractProcessorLight.java:65)
	at org.apache.coyote.AbstractProtocol$ConnectionHandler.process(AbstractProtocol.java:868)
	at org.apache.tomcat.util.net.NioEndpoint$SocketProcessor.doRun(NioEndpoint.java:1590)
	at org.apache.tomcat.util.net.SocketProcessorBase.run(SocketProcessorBase.java:49)
	at java.util.concurrent.ThreadPoolExecutor.runWorker(ThreadPoolExecutor.java:1149)
	at java.util.concurrent.ThreadPoolExecutor$Worker.run(ThreadPoolExecutor.java:624)
	at org.apache.tomcat.util.threads.TaskThread$WrappingRunnable.run(TaskThread.java:61)
	at java.lang.Thread.run(Thread.java:748)
2020-07-22 17:45:05.915 [http-nio-8004-exec-10] WARN  i.s.m.parameters.AbstractSerializableParameter - Illegal DefaultValue null for parameter type integer
java.lang.NumberFormatException: For input string: ""
	at java.lang.NumberFormatException.forInputString(NumberFormatException.java:65)
	at java.lang.Long.parseLong(Long.java:601)
	at java.lang.Long.valueOf(Long.java:803)
	at io.swagger.models.parameters.AbstractSerializableParameter.getExample(AbstractSerializableParameter.java:412)
	at sun.reflect.NativeMethodAccessorImpl.invoke0(Native Method)
	at sun.reflect.NativeMethodAccessorImpl.invoke(NativeMethodAccessorImpl.java:62)
	at sun.reflect.DelegatingMethodAccessorImpl.invoke(DelegatingMethodAccessorImpl.java:43)
	at java.lang.reflect.Method.invoke(Method.java:498)
	at com.fasterxml.jackson.databind.ser.BeanPropertyWriter.serializeAsField(BeanPropertyWriter.java:688)
	at com.fasterxml.jackson.databind.ser.std.BeanSerializerBase.serializeFields(BeanSerializerBase.java:722)
	at com.fasterxml.jackson.databind.ser.BeanSerializer.serialize(BeanSerializer.java:166)
	at com.fasterxml.jackson.databind.ser.impl.IndexedListSerializer.serializeContents(IndexedListSerializer.java:119)
	at com.fasterxml.jackson.databind.ser.impl.IndexedListSerializer.serialize(IndexedListSerializer.java:79)
	at com.fasterxml.jackson.databind.ser.impl.IndexedListSerializer.serialize(IndexedListSerializer.java:18)
	at com.fasterxml.jackson.databind.ser.BeanPropertyWriter.serializeAsField(BeanPropertyWriter.java:727)
	at com.fasterxml.jackson.databind.ser.std.BeanSerializerBase.serializeFields(BeanSerializerBase.java:722)
	at com.fasterxml.jackson.databind.ser.BeanSerializer.serialize(BeanSerializer.java:166)
	at com.fasterxml.jackson.databind.ser.BeanPropertyWriter.serializeAsField(BeanPropertyWriter.java:727)
	at com.fasterxml.jackson.databind.ser.std.BeanSerializerBase.serializeFields(BeanSerializerBase.java:722)
	at com.fasterxml.jackson.databind.ser.BeanSerializer.serialize(BeanSerializer.java:166)
	at com.fasterxml.jackson.databind.ser.std.MapSerializer.serializeFields(MapSerializer.java:722)
	at com.fasterxml.jackson.databind.ser.std.MapSerializer.serialize(MapSerializer.java:643)
	at com.fasterxml.jackson.databind.ser.std.MapSerializer.serialize(MapSerializer.java:33)
	at com.fasterxml.jackson.databind.ser.BeanPropertyWriter.serializeAsField(BeanPropertyWriter.java:727)
	at com.fasterxml.jackson.databind.ser.std.BeanSerializerBase.serializeFields(BeanSerializerBase.java:722)
	at com.fasterxml.jackson.databind.ser.BeanSerializer.serialize(BeanSerializer.java:166)
	at com.fasterxml.jackson.databind.ser.DefaultSerializerProvider._serialize(DefaultSerializerProvider.java:480)
	at com.fasterxml.jackson.databind.ser.DefaultSerializerProvider.serializeValue(DefaultSerializerProvider.java:319)
	at com.fasterxml.jackson.databind.ObjectMapper._configAndWriteValue(ObjectMapper.java:4110)
	at com.fasterxml.jackson.databind.ObjectMapper.writeValueAsString(ObjectMapper.java:3413)
	at springfox.documentation.spring.web.json.JsonSerializer.toJson(JsonSerializer.java:38)
	at springfox.documentation.swagger2.web.Swagger2Controller.getDocumentation(Swagger2Controller.java:105)
	at sun.reflect.NativeMethodAccessorImpl.invoke0(Native Method)
	at sun.reflect.NativeMethodAccessorImpl.invoke(NativeMethodAccessorImpl.java:62)
	at sun.reflect.DelegatingMethodAccessorImpl.invoke(DelegatingMethodAccessorImpl.java:43)
	at java.lang.reflect.Method.invoke(Method.java:498)
	at org.springframework.web.method.support.InvocableHandlerMethod.doInvoke(InvocableHandlerMethod.java:190)
	at org.springframework.web.method.support.InvocableHandlerMethod.invokeForRequest(InvocableHandlerMethod.java:138)
	at org.springframework.web.servlet.mvc.method.annotation.ServletInvocableHandlerMethod.invokeAndHandle(ServletInvocableHandlerMethod.java:105)
	at org.springframework.web.servlet.mvc.method.annotation.RequestMappingHandlerAdapter.invokeHandlerMethod(RequestMappingHandlerAdapter.java:879)
	at org.springframework.web.servlet.mvc.method.annotation.RequestMappingHandlerAdapter.handleInternal(RequestMappingHandlerAdapter.java:793)
	at org.springframework.web.servlet.mvc.method.AbstractHandlerMethodAdapter.handle(AbstractHandlerMethodAdapter.java:87)
	at org.springframework.web.servlet.DispatcherServlet.doDispatch(DispatcherServlet.java:1040)
	at org.springframework.web.servlet.DispatcherServlet.doService(DispatcherServlet.java:943)
	at org.springframework.web.servlet.FrameworkServlet.processRequest(FrameworkServlet.java:1006)
	at org.springframework.web.servlet.FrameworkServlet.doGet(FrameworkServlet.java:898)
	at javax.servlet.http.HttpServlet.service(HttpServlet.java:634)
	at org.springframework.web.servlet.FrameworkServlet.service(FrameworkServlet.java:883)
	at javax.servlet.http.HttpServlet.service(HttpServlet.java:741)
	at org.apache.catalina.core.ApplicationFilterChain.internalDoFilter(ApplicationFilterChain.java:231)
	at org.apache.catalina.core.ApplicationFilterChain.doFilter(ApplicationFilterChain.java:166)
	at org.apache.tomcat.websocket.server.WsFilter.doFilter(WsFilter.java:53)
	at org.apache.catalina.core.ApplicationFilterChain.internalDoFilter(ApplicationFilterChain.java:193)
	at org.apache.catalina.core.ApplicationFilterChain.doFilter(ApplicationFilterChain.java:166)
	at org.springframework.web.filter.RequestContextFilter.doFilterInternal(RequestContextFilter.java:100)
	at org.springframework.web.filter.OncePerRequestFilter.doFilter(OncePerRequestFilter.java:119)
	at org.apache.catalina.core.ApplicationFilterChain.internalDoFilter(ApplicationFilterChain.java:193)
	at org.apache.catalina.core.ApplicationFilterChain.doFilter(ApplicationFilterChain.java:166)
	at org.springframework.web.filter.FormContentFilter.doFilterInternal(FormContentFilter.java:93)
	at org.springframework.web.filter.OncePerRequestFilter.doFilter(OncePerRequestFilter.java:119)
	at org.apache.catalina.core.ApplicationFilterChain.internalDoFilter(ApplicationFilterChain.java:193)
	at org.apache.catalina.core.ApplicationFilterChain.doFilter(ApplicationFilterChain.java:166)
	at org.springframework.web.filter.CharacterEncodingFilter.doFilterInternal(CharacterEncodingFilter.java:201)
	at org.springframework.web.filter.OncePerRequestFilter.doFilter(OncePerRequestFilter.java:119)
	at org.apache.catalina.core.ApplicationFilterChain.internalDoFilter(ApplicationFilterChain.java:193)
	at org.apache.catalina.core.ApplicationFilterChain.doFilter(ApplicationFilterChain.java:166)
	at org.apache.catalina.core.StandardWrapperValve.invoke(StandardWrapperValve.java:202)
	at org.apache.catalina.core.StandardContextValve.invoke(StandardContextValve.java:96)
	at org.apache.catalina.authenticator.AuthenticatorBase.invoke(AuthenticatorBase.java:541)
	at org.apache.catalina.core.StandardHostValve.invoke(StandardHostValve.java:139)
	at org.apache.catalina.valves.ErrorReportValve.invoke(ErrorReportValve.java:92)
	at org.apache.catalina.core.StandardEngineValve.invoke(StandardEngineValve.java:74)
	at org.apache.catalina.connector.CoyoteAdapter.service(CoyoteAdapter.java:343)
	at org.apache.coyote.http11.Http11Processor.service(Http11Processor.java:373)
	at org.apache.coyote.AbstractProcessorLight.process(AbstractProcessorLight.java:65)
	at org.apache.coyote.AbstractProtocol$ConnectionHandler.process(AbstractProtocol.java:868)
	at org.apache.tomcat.util.net.NioEndpoint$SocketProcessor.doRun(NioEndpoint.java:1590)
	at org.apache.tomcat.util.net.SocketProcessorBase.run(SocketProcessorBase.java:49)
	at java.util.concurrent.ThreadPoolExecutor.runWorker(ThreadPoolExecutor.java:1149)
	at java.util.concurrent.ThreadPoolExecutor$Worker.run(ThreadPoolExecutor.java:624)
	at org.apache.tomcat.util.threads.TaskThread$WrappingRunnable.run(TaskThread.java:61)
	at java.lang.Thread.run(Thread.java:748)
2020-07-22 17:46:28.781 [http-nio-8004-exec-4] WARN  o.s.w.s.m.m.a.ExceptionHandlerExceptionResolver - Resolved [org.springframework.data.redis.serializer.SerializationException: Could not read JSON: Cannot construct instance of `java.time.LocalDateTime` (no Creators, like default construct, exist): cannot deserialize from Object value (no delegate- or property-based Creator)
 at [Source: (byte[])"["java.util.ArrayList",[["com.chz.edusmc.entity.domain.Banner",{"id":"2","title":"test4","imageUrl":"https://gulied-program.oss-cn-beijing.aliyuncs.com/banner/banner-2-blue.jpg","linkUrl":"","sort":4,"deleted":false,"gmtCreate":{"date":{"year":2020,"month":"JULY","day":15,"dayOfMonth":15,"monthValue":7,"chronology":{"id":"ISO","calendarType":"iso8601"},"dayOfWeek":"WEDNESDAY","era":["java.time.chrono.IsoEra","CE"],"dayOfYear":197,"leapYear":true,"prolepticMonth":24246},"time":{"hour":16,"minute""[truncated 4671 bytes]; line: 1, column: 230] (through reference chain: java.util.ArrayList[0]->com.chz.edusmc.entity.domain.Banner["gmtCreate"]); nested exception is com.fasterxml.jackson.databind.exc.InvalidDefinitionException: Cannot construct instance of `java.time.LocalDateTime` (no Creators, like default construct, exist): cannot deserialize from Object value (no delegate- or property-based Creator)
 at [Source: (byte[])"["java.util.ArrayList",[["com.chz.edusmc.entity.domain.Banner",{"id":"2","title":"test4","imageUrl":"https://gulied-program.oss-cn-beijing.aliyuncs.com/banner/banner-2-blue.jpg","linkUrl":"","sort":4,"deleted":false,"gmtCreate":{"date":{"year":2020,"month":"JULY","day":15,"dayOfMonth":15,"monthValue":7,"chronology":{"id":"ISO","calendarType":"iso8601"},"dayOfWeek":"WEDNESDAY","era":["java.time.chrono.IsoEra","CE"],"dayOfYear":197,"leapYear":true,"prolepticMonth":24246},"time":{"hour":16,"minute""[truncated 4671 bytes]; line: 1, column: 230] (through reference chain: java.util.ArrayList[0]->com.chz.edusmc.entity.domain.Banner["gmtCreate"])]
2020-07-22 17:49:08.561 [restartedMain] WARN  com.netflix.config.sources.URLConfigurationSource - No URLs will be polled as dynamic configuration sources.
2020-07-22 17:49:08.565 [restartedMain] WARN  com.netflix.config.sources.URLConfigurationSource - No URLs will be polled as dynamic configuration sources.
2020-07-22 17:49:08.750 [restartedMain] WARN  o.s.b.d.autoconfigure.OptionalLiveReloadServer - Unable to start LiveReload server
2020-07-22 17:49:19.807 [http-nio-8004-exec-1] WARN  o.s.w.s.m.m.a.ExceptionHandlerExceptionResolver - Resolved [org.springframework.data.redis.serializer.SerializationException: Could not read JSON: Cannot construct instance of `java.time.LocalDateTime` (no Creators, like default construct, exist): cannot deserialize from Object value (no delegate- or property-based Creator)
 at [Source: (byte[])"["java.util.ArrayList",[["com.chz.edusmc.entity.domain.Banner",{"id":"2","title":"test4","imageUrl":"https://gulied-program.oss-cn-beijing.aliyuncs.com/banner/banner-2-blue.jpg","linkUrl":"","sort":4,"deleted":false,"gmtCreate":{"date":{"year":2020,"month":"JULY","day":15,"dayOfMonth":15,"monthValue":7,"chronology":{"id":"ISO","calendarType":"iso8601"},"dayOfWeek":"WEDNESDAY","era":["java.time.chrono.IsoEra","CE"],"dayOfYear":197,"leapYear":true,"prolepticMonth":24246},"time":{"hour":16,"minute""[truncated 4671 bytes]; line: 1, column: 230] (through reference chain: java.util.ArrayList[0]->com.chz.edusmc.entity.domain.Banner["gmtCreate"]); nested exception is com.fasterxml.jackson.databind.exc.InvalidDefinitionException: Cannot construct instance of `java.time.LocalDateTime` (no Creators, like default construct, exist): cannot deserialize from Object value (no delegate- or property-based Creator)
 at [Source: (byte[])"["java.util.ArrayList",[["com.chz.edusmc.entity.domain.Banner",{"id":"2","title":"test4","imageUrl":"https://gulied-program.oss-cn-beijing.aliyuncs.com/banner/banner-2-blue.jpg","linkUrl":"","sort":4,"deleted":false,"gmtCreate":{"date":{"year":2020,"month":"JULY","day":15,"dayOfMonth":15,"monthValue":7,"chronology":{"id":"ISO","calendarType":"iso8601"},"dayOfWeek":"WEDNESDAY","era":["java.time.chrono.IsoEra","CE"],"dayOfYear":197,"leapYear":true,"prolepticMonth":24246},"time":{"hour":16,"minute""[truncated 4671 bytes]; line: 1, column: 230] (through reference chain: java.util.ArrayList[0]->com.chz.edusmc.entity.domain.Banner["gmtCreate"])]
2020-07-22 17:49:46.527 [http-nio-8004-exec-2] WARN  com.zaxxer.hikari.HikariConfig - HikariPool - idleTimeout is close to or more than maxLifetime, disabling it.
2020-07-22 17:49:49.771 [http-nio-8004-exec-3] WARN  o.s.w.s.m.m.a.ExceptionHandlerExceptionResolver - Resolved [org.springframework.data.redis.serializer.SerializationException: Could not read JSON: Cannot construct instance of `java.time.LocalDateTime` (no Creators, like default construct, exist): cannot deserialize from Object value (no delegate- or property-based Creator)
 at [Source: (byte[])"["java.util.ArrayList",[["com.chz.edusmc.entity.domain.Banner",{"id":"2","title":"test4","imageUrl":"https://gulied-program.oss-cn-beijing.aliyuncs.com/banner/banner-2-blue.jpg","linkUrl":"","sort":4,"deleted":false,"gmtCreate":{"date":{"year":2020,"month":"JULY","day":15,"dayOfMonth":15,"monthValue":7,"dayOfWeek":"WEDNESDAY","era":["java.time.chrono.IsoEra","CE"],"dayOfYear":197,"leapYear":true,"chronology":{"id":"ISO","calendarType":"iso8601"},"prolepticMonth":24246},"time":{"hour":16,"minute""[truncated 4671 bytes]; line: 1, column: 230] (through reference chain: java.util.ArrayList[0]->com.chz.edusmc.entity.domain.Banner["gmtCreate"]); nested exception is com.fasterxml.jackson.databind.exc.InvalidDefinitionException: Cannot construct instance of `java.time.LocalDateTime` (no Creators, like default construct, exist): cannot deserialize from Object value (no delegate- or property-based Creator)
 at [Source: (byte[])"["java.util.ArrayList",[["com.chz.edusmc.entity.domain.Banner",{"id":"2","title":"test4","imageUrl":"https://gulied-program.oss-cn-beijing.aliyuncs.com/banner/banner-2-blue.jpg","linkUrl":"","sort":4,"deleted":false,"gmtCreate":{"date":{"year":2020,"month":"JULY","day":15,"dayOfMonth":15,"monthValue":7,"dayOfWeek":"WEDNESDAY","era":["java.time.chrono.IsoEra","CE"],"dayOfYear":197,"leapYear":true,"chronology":{"id":"ISO","calendarType":"iso8601"},"prolepticMonth":24246},"time":{"hour":16,"minute""[truncated 4671 bytes]; line: 1, column: 230] (through reference chain: java.util.ArrayList[0]->com.chz.edusmc.entity.domain.Banner["gmtCreate"])]
2020-07-22 17:49:51.324 [http-nio-8004-exec-4] WARN  o.s.w.s.m.m.a.ExceptionHandlerExceptionResolver - Resolved [org.springframework.data.redis.serializer.SerializationException: Could not read JSON: Cannot construct instance of `java.time.LocalDateTime` (no Creators, like default construct, exist): cannot deserialize from Object value (no delegate- or property-based Creator)
 at [Source: (byte[])"["java.util.ArrayList",[["com.chz.edusmc.entity.domain.Banner",{"id":"2","title":"test4","imageUrl":"https://gulied-program.oss-cn-beijing.aliyuncs.com/banner/banner-2-blue.jpg","linkUrl":"","sort":4,"deleted":false,"gmtCreate":{"date":{"year":2020,"month":"JULY","day":15,"dayOfMonth":15,"monthValue":7,"dayOfWeek":"WEDNESDAY","era":["java.time.chrono.IsoEra","CE"],"dayOfYear":197,"leapYear":true,"chronology":{"id":"ISO","calendarType":"iso8601"},"prolepticMonth":24246},"time":{"hour":16,"minute""[truncated 4671 bytes]; line: 1, column: 230] (through reference chain: java.util.ArrayList[0]->com.chz.edusmc.entity.domain.Banner["gmtCreate"]); nested exception is com.fasterxml.jackson.databind.exc.InvalidDefinitionException: Cannot construct instance of `java.time.LocalDateTime` (no Creators, like default construct, exist): cannot deserialize from Object value (no delegate- or property-based Creator)
 at [Source: (byte[])"["java.util.ArrayList",[["com.chz.edusmc.entity.domain.Banner",{"id":"2","title":"test4","imageUrl":"https://gulied-program.oss-cn-beijing.aliyuncs.com/banner/banner-2-blue.jpg","linkUrl":"","sort":4,"deleted":false,"gmtCreate":{"date":{"year":2020,"month":"JULY","day":15,"dayOfMonth":15,"monthValue":7,"dayOfWeek":"WEDNESDAY","era":["java.time.chrono.IsoEra","CE"],"dayOfYear":197,"leapYear":true,"chronology":{"id":"ISO","calendarType":"iso8601"},"prolepticMonth":24246},"time":{"hour":16,"minute""[truncated 4671 bytes]; line: 1, column: 230] (through reference chain: java.util.ArrayList[0]->com.chz.edusmc.entity.domain.Banner["gmtCreate"])]
2020-07-22 17:53:34.114 [restartedMain] WARN  com.netflix.config.sources.URLConfigurationSource - No URLs will be polled as dynamic configuration sources.
2020-07-22 17:53:34.238 [restartedMain] WARN  o.s.b.d.autoconfigure.OptionalLiveReloadServer - Unable to start LiveReload server
2020-07-22 17:53:52.645 [restartedMain] WARN  com.netflix.config.sources.URLConfigurationSource - No URLs will be polled as dynamic configuration sources.
2020-07-22 17:53:52.650 [restartedMain] WARN  com.netflix.config.sources.URLConfigurationSource - No URLs will be polled as dynamic configuration sources.
2020-07-22 17:53:52.838 [restartedMain] WARN  o.s.b.d.autoconfigure.OptionalLiveReloadServer - Unable to start LiveReload server
2020-07-22 17:54:17.074 [http-nio-8004-exec-1] WARN  com.zaxxer.hikari.HikariConfig - HikariPool - idleTimeout is close to or more than maxLifetime, disabling it.
2020-07-22 18:03:02.700 [restartedMain] WARN  com.netflix.config.sources.URLConfigurationSource - No URLs will be polled as dynamic configuration sources.
2020-07-22 18:03:02.780 [restartedMain] WARN  o.s.b.d.autoconfigure.OptionalLiveReloadServer - Unable to start LiveReload server
2020-07-22 18:24:50.656 [http-nio-8004-exec-1] WARN  com.zaxxer.hikari.HikariConfig - HikariPool - idleTimeout is close to or more than maxLifetime, disabling it.
2020-07-22 18:28:53.356 [com.alibaba.nacos.naming.push.receiver] WARN  com.alibaba.nacos.client.naming - write DEFAULT_GROUP%40%40service-edu conflict;retry time: 1
