2020-07-24 13:39:50.795 [restartedMain] WARN  com.netflix.config.sources.URLConfigurationSource - No URLs will be polled as dynamic configuration sources.
2020-07-24 13:39:50.810 [restartedMain] WARN  com.netflix.config.sources.URLConfigurationSource - No URLs will be polled as dynamic configuration sources.
2020-07-24 13:42:13.208 [http-nio-8006-exec-1] WARN  o.s.w.s.m.m.a.ExceptionHandlerExceptionResolver - Resolved [CusException(errorCode=20001)]
2020-07-24 14:32:47.949 [http-nio-8006-exec-4] WARN  com.zaxxer.hikari.HikariConfig - HikariPool - idleTimeout is close to or more than maxLifetime, disabling it.
2020-07-24 14:39:04.371 [http-nio-8006-exec-8] WARN  o.s.w.s.m.m.a.ExceptionHandlerExceptionResolver - Resolved [CusException(errorCode=20001)]
2020-07-24 14:43:50.981 [restartedMain] WARN  com.netflix.config.sources.URLConfigurationSource - No URLs will be polled as dynamic configuration sources.
2020-07-24 14:44:27.488 [restartedMain] WARN  com.netflix.config.sources.URLConfigurationSource - No URLs will be polled as dynamic configuration sources.
2020-07-24 14:44:30.663 [com.alibaba.nacos.naming.push.receiver] WARN  com.alibaba.nacos.client.naming - write DEFAULT_GROUP%40%40service-ucenter conflict;retry time: 1
2020-07-24 14:46:36.246 [restartedMain] WARN  com.netflix.config.sources.URLConfigurationSource - No URLs will be polled as dynamic configuration sources.
2020-07-24 14:46:39.592 [com.alibaba.nacos.naming.push.receiver] WARN  com.alibaba.nacos.client.naming - write DEFAULT_GROUP%40%40service-ucenter conflict;retry time: 1
2020-07-24 14:46:39.593 [com.alibaba.nacos.naming.push.receiver] WARN  com.alibaba.nacos.client.naming - write DEFAULT_GROUP%40%40service-ucenter conflict;retry time: 1
2020-07-24 14:48:16.976 [restartedMain] WARN  com.netflix.config.sources.URLConfigurationSource - No URLs will be polled as dynamic configuration sources.
2020-07-24 14:48:20.058 [com.alibaba.nacos.naming.push.receiver] WARN  com.alibaba.nacos.client.naming - write DEFAULT_GROUP%40%40service-ucenter conflict;retry time: 1
2020-07-24 14:48:20.058 [com.alibaba.nacos.naming.push.receiver] WARN  com.alibaba.nacos.client.naming - write DEFAULT_GROUP%40%40service-ucenter conflict;retry time: 1
2020-07-24 14:48:20.058 [com.alibaba.nacos.naming.push.receiver] WARN  com.alibaba.nacos.client.naming - write DEFAULT_GROUP%40%40service-ucenter conflict;retry time: 1
2020-07-24 14:48:20.080 [com.alibaba.nacos.naming.push.receiver] WARN  com.alibaba.nacos.client.naming - write DEFAULT_GROUP%40%40service-ucenter conflict;retry time: 2
2020-07-24 14:52:03.164 [restartedMain] WARN  com.netflix.config.sources.URLConfigurationSource - No URLs will be polled as dynamic configuration sources.
2020-07-24 14:52:06.523 [com.alibaba.nacos.naming.push.receiver] WARN  com.alibaba.nacos.client.naming - write DEFAULT_GROUP%40%40service-ucenter conflict;retry time: 1
2020-07-24 14:52:06.523 [com.alibaba.nacos.naming.push.receiver] WARN  com.alibaba.nacos.client.naming - write DEFAULT_GROUP%40%40service-ucenter conflict;retry time: 1
2020-07-24 14:52:06.523 [com.alibaba.nacos.naming.push.receiver] WARN  com.alibaba.nacos.client.naming - write DEFAULT_GROUP%40%40service-ucenter conflict;retry time: 1
2020-07-24 14:52:06.523 [com.alibaba.nacos.naming.push.receiver] WARN  com.alibaba.nacos.client.naming - write DEFAULT_GROUP%40%40service-ucenter conflict;retry time: 1
2020-07-24 14:52:06.545 [com.alibaba.nacos.naming.push.receiver] WARN  com.alibaba.nacos.client.naming - write DEFAULT_GROUP%40%40service-ucenter conflict;retry time: 2
2020-07-24 14:52:06.545 [com.alibaba.nacos.naming.push.receiver] WARN  com.alibaba.nacos.client.naming - write DEFAULT_GROUP%40%40service-ucenter conflict;retry time: 2
2020-07-24 14:52:06.576 [com.alibaba.nacos.naming.push.receiver] WARN  com.alibaba.nacos.client.naming - write DEFAULT_GROUP%40%40service-ucenter conflict;retry time: 3
2020-07-24 15:30:05.836 [restartedMain] WARN  com.netflix.config.sources.URLConfigurationSource - No URLs will be polled as dynamic configuration sources.
2020-07-24 15:30:05.840 [restartedMain] WARN  com.netflix.config.sources.URLConfigurationSource - No URLs will be polled as dynamic configuration sources.
2020-07-24 15:30:06.104 [restartedMain] WARN  o.s.b.d.autoconfigure.OptionalLiveReloadServer - Unable to start LiveReload server
2020-07-24 15:45:05.773 [http-nio-8006-exec-1] WARN  com.zaxxer.hikari.HikariConfig - HikariPool - idleTimeout is close to or more than maxLifetime, disabling it.
2020-07-24 15:45:06.581 [http-nio-8006-exec-1] WARN  o.s.w.s.m.m.a.ExceptionHandlerExceptionResolver - Resolved [CusException(errorCode=20001)]
2020-07-24 15:45:06.600 [http-nio-8006-exec-3] WARN  o.s.w.s.m.m.a.ExceptionHandlerExceptionResolver - Resolved [CusException(errorCode=20001)]
2020-07-24 17:30:37.826 [restartedMain] WARN  o.s.b.d.autoconfigure.OptionalLiveReloadServer - Unable to start LiveReload server
2020-07-24 17:30:38.696 [restartedMain] WARN  com.netflix.config.sources.URLConfigurationSource - No URLs will be polled as dynamic configuration sources.
2020-07-24 17:30:38.701 [restartedMain] WARN  com.netflix.config.sources.URLConfigurationSource - No URLs will be polled as dynamic configuration sources.
2020-07-24 17:30:57.836 [http-nio-8001-exec-1] WARN  com.zaxxer.hikari.HikariConfig - HikariPool - idleTimeout is close to or more than maxLifetime, disabling it.
2020-07-24 17:41:33.711 [restartedMain] WARN  com.netflix.config.sources.URLConfigurationSource - No URLs will be polled as dynamic configuration sources.
2020-07-24 17:41:33.716 [restartedMain] WARN  com.netflix.config.sources.URLConfigurationSource - No URLs will be polled as dynamic configuration sources.
2020-07-24 18:01:09.094 [restartedMain] WARN  com.netflix.config.sources.URLConfigurationSource - No URLs will be polled as dynamic configuration sources.
2020-07-24 18:01:09.100 [restartedMain] WARN  com.netflix.config.sources.URLConfigurationSource - No URLs will be polled as dynamic configuration sources.
2020-07-24 18:03:45.505 [restartedMain] WARN  com.netflix.config.sources.URLConfigurationSource - No URLs will be polled as dynamic configuration sources.
2020-07-24 18:04:15.572 [restartedMain] WARN  com.netflix.config.sources.URLConfigurationSource - No URLs will be polled as dynamic configuration sources.
2020-07-24 18:04:15.577 [restartedMain] WARN  com.netflix.config.sources.URLConfigurationSource - No URLs will be polled as dynamic configuration sources.
2020-07-24 18:04:53.868 [http-nio-8006-exec-2] WARN  com.zaxxer.hikari.HikariConfig - HikariPool - idleTimeout is close to or more than maxLifetime, disabling it.
2020-07-24 18:08:47.156 [restartedMain] WARN  com.netflix.config.sources.URLConfigurationSource - No URLs will be polled as dynamic configuration sources.
2020-07-24 18:18:56.088 [http-nio-8006-exec-2] WARN  com.zaxxer.hikari.HikariConfig - HikariPool - idleTimeout is close to or more than maxLifetime, disabling it.
2020-07-24 18:18:56.150 [http-nio-8006-exec-2] WARN  o.s.w.s.m.m.a.ExceptionHandlerExceptionResolver - Resolved [CusException(errorCode=20001)]
2020-07-24 18:19:03.621 [http-nio-8006-exec-3] WARN  o.s.w.s.m.m.a.ExceptionHandlerExceptionResolver - Resolved [CusException(errorCode=20001)]
2020-07-24 21:05:08.852 [restartedMain] WARN  com.netflix.config.sources.URLConfigurationSource - No URLs will be polled as dynamic configuration sources.
2020-07-24 21:05:12.178 [com.alibaba.nacos.naming.push.receiver] WARN  com.alibaba.nacos.client.naming - write DEFAULT_GROUP%40%40service-ucenter conflict;retry time: 1
2020-07-24 21:05:46.008 [restartedMain] WARN  com.netflix.config.sources.URLConfigurationSource - No URLs will be polled as dynamic configuration sources.
2020-07-24 21:05:49.416 [com.alibaba.nacos.naming.push.receiver] WARN  com.alibaba.nacos.client.naming - write DEFAULT_GROUP%40%40service-ucenter conflict;retry time: 1
2020-07-24 22:18:39.459 [restartedMain] WARN  com.netflix.config.sources.URLConfigurationSource - No URLs will be polled as dynamic configuration sources.
2020-07-24 22:18:39.464 [restartedMain] WARN  com.netflix.config.sources.URLConfigurationSource - No URLs will be polled as dynamic configuration sources.
2020-07-24 22:18:59.383 [http-nio-8006-exec-3] WARN  o.s.w.s.m.m.a.ExceptionHandlerExceptionResolver - Resolved [java.lang.NullPointerException]
2020-07-24 22:19:57.427 [restartedMain] WARN  com.netflix.config.sources.URLConfigurationSource - No URLs will be polled as dynamic configuration sources.
2020-07-24 22:20:11.503 [restartedMain] WARN  com.netflix.config.sources.URLConfigurationSource - No URLs will be polled as dynamic configuration sources.
2020-07-24 22:20:14.774 [com.alibaba.nacos.naming.push.receiver] WARN  com.alibaba.nacos.client.naming - write DEFAULT_GROUP%40%40service-ucenter conflict;retry time: 1
2020-07-24 22:20:27.066 [restartedMain] WARN  com.netflix.config.sources.URLConfigurationSource - No URLs will be polled as dynamic configuration sources.
2020-07-24 22:20:27.071 [restartedMain] WARN  com.netflix.config.sources.URLConfigurationSource - No URLs will be polled as dynamic configuration sources.
2020-07-24 22:20:39.147 [http-nio-8006-exec-1] WARN  o.s.w.s.m.m.a.ExceptionHandlerExceptionResolver - Resolved [java.lang.NullPointerException]
2020-07-24 22:21:43.288 [restartedMain] WARN  com.netflix.config.sources.URLConfigurationSource - No URLs will be polled as dynamic configuration sources.
2020-07-24 22:21:43.292 [restartedMain] WARN  com.netflix.config.sources.URLConfigurationSource - No URLs will be polled as dynamic configuration sources.
2020-07-24 22:21:52.508 [http-nio-8006-exec-1] WARN  o.s.w.s.m.m.a.ExceptionHandlerExceptionResolver - Resolved [java.lang.NullPointerException]
2020-07-24 22:23:25.138 [restartedMain] WARN  com.netflix.config.sources.URLConfigurationSource - No URLs will be polled as dynamic configuration sources.
2020-07-24 22:23:25.142 [restartedMain] WARN  com.netflix.config.sources.URLConfigurationSource - No URLs will be polled as dynamic configuration sources.
2020-07-24 22:28:06.988 [restartedMain] WARN  com.netflix.config.sources.URLConfigurationSource - No URLs will be polled as dynamic configuration sources.
2020-07-24 22:28:06.993 [restartedMain] WARN  com.netflix.config.sources.URLConfigurationSource - No URLs will be polled as dynamic configuration sources.
2020-07-24 22:28:10.391 [http-nio-8006-exec-1] WARN  org.apache.catalina.connector.Request - The fragment in dispatch path [ https://open.weixin.qq.com/connect/qrconnect?appid=wxed9954c01bb89b47&redirect_uri=http%3A%2F%2Fguli.shop%2Fapi%2Fucenter%2Fwx%2Fcallback&response_type=code&scope=snsapi_login&state=459b1980-ae4e-4c02-9954-1bcae46fac37#wechat_redirect] has been removed
2020-07-24 22:28:15.360 [http-nio-8006-exec-3] WARN  org.apache.catalina.connector.Request - The fragment in dispatch path [ https://open.weixin.qq.com/connect/qrconnect?appid=wxed9954c01bb89b47&redirect_uri=http%3A%2F%2Fguli.shop%2Fapi%2Fucenter%2Fwx%2Fcallback&response_type=code&scope=snsapi_login&state=38428ac9-58d0-4f5e-ba9a-b71eb53a010d#wechat_redirect] has been removed
2020-07-24 22:31:25.764 [restartedMain] WARN  com.netflix.config.sources.URLConfigurationSource - No URLs will be polled as dynamic configuration sources.
2020-07-24 22:31:25.770 [restartedMain] WARN  com.netflix.config.sources.URLConfigurationSource - No URLs will be polled as dynamic configuration sources.
2020-07-24 22:34:26.914 [restartedMain] WARN  com.netflix.config.sources.URLConfigurationSource - No URLs will be polled as dynamic configuration sources.
2020-07-24 22:34:26.922 [restartedMain] WARN  com.netflix.config.sources.URLConfigurationSource - No URLs will be polled as dynamic configuration sources.
2020-07-24 22:39:33.831 [restartedMain] WARN  com.netflix.config.sources.URLConfigurationSource - No URLs will be polled as dynamic configuration sources.
2020-07-24 22:39:33.837 [restartedMain] WARN  com.netflix.config.sources.URLConfigurationSource - No URLs will be polled as dynamic configuration sources.
2020-07-24 22:40:04.868 [http-nio-8006-exec-4] WARN  org.apache.catalina.connector.Request - The fragment in dispatch path [ https://open.weixin.qq.com/connect/qrconnect?appid=wxed9954c01bb89b47&redirect_uri=http%3A%2F%2Fguli.shop%2Fapi%2Fucenter%2Fwx%2Fcallback&response_type=code&scope=snsapi_login&state=7f7734c8-89dc-48cb-a89e-00713dbcb058#wechat_redirect] has been removed
2020-07-24 22:40:20.766 [http-nio-8006-exec-2] WARN  org.apache.catalina.connector.Request - The fragment in dispatch path [ https://open.weixin.qq.com/connect/qrconnect?appid=wxed9954c01bb89b47&redirect_uri=http%3A%2F%2Fguli.shop%2Fapi%2Fucenter%2Fwx%2Fcallback&response_type=code&scope=snsapi_login&state=fa7dab95-84b2-4e2e-aa90-072029dc0d9c#wechat_redirect] has been removed
2020-07-24 22:40:26.797 [restartedMain] WARN  com.netflix.config.sources.URLConfigurationSource - No URLs will be polled as dynamic configuration sources.
2020-07-24 22:41:10.913 [restartedMain] WARN  com.netflix.config.sources.URLConfigurationSource - No URLs will be polled as dynamic configuration sources.
2020-07-24 22:41:10.919 [restartedMain] WARN  com.netflix.config.sources.URLConfigurationSource - No URLs will be polled as dynamic configuration sources.
2020-07-24 22:41:21.642 [http-nio-8006-exec-1] WARN  org.apache.catalina.connector.Request - The fragment in dispatch path [ https://open.weixin.qq.com/connect/qrconnect?appid=wxed9954c01bb89b47&redirect_uri=http%3A%2F%2Fguli.shop%2Fapi%2Fucenter%2Fwx%2Fcallback&response_type=code&scope=snsapi_login&state=4b35fc5a-1b04-4a09-9858-932421e0f390#wechat_redirect] has been removed
2020-07-24 22:44:04.736 [restartedMain] WARN  com.netflix.config.sources.URLConfigurationSource - No URLs will be polled as dynamic configuration sources.
2020-07-24 22:44:04.740 [restartedMain] WARN  com.netflix.config.sources.URLConfigurationSource - No URLs will be polled as dynamic configuration sources.
2020-07-24 22:44:17.479 [http-nio-8006-exec-1] WARN  org.apache.catalina.connector.Request - The fragment in dispatch path [ https://open.weixin.qq.com/connect/qrconnect?appid=wxed9954c01bb89b47&redirect_uri=http%3A%2F%2Fguli.shop%2Fapi%2Fucenter%2Fwx%2Fcallback&response_type=code&scope=snsapi_login&state=6aec8f89-c912-45e5-a74b-4b1fc3d81e4e#wechat_redirect] has been removed
2020-07-24 22:45:00.154 [restartedMain] WARN  com.netflix.config.sources.URLConfigurationSource - No URLs will be polled as dynamic configuration sources.
2020-07-24 22:45:00.158 [restartedMain] WARN  com.netflix.config.sources.URLConfigurationSource - No URLs will be polled as dynamic configuration sources.
2020-07-24 22:45:58.295 [restartedMain] WARN  com.netflix.config.sources.URLConfigurationSource - No URLs will be polled as dynamic configuration sources.
2020-07-24 22:45:58.302 [restartedMain] WARN  com.netflix.config.sources.URLConfigurationSource - No URLs will be polled as dynamic configuration sources.
2020-07-24 22:47:43.397 [restartedMain] WARN  com.netflix.config.sources.URLConfigurationSource - No URLs will be polled as dynamic configuration sources.
2020-07-24 22:47:43.401 [restartedMain] WARN  com.netflix.config.sources.URLConfigurationSource - No URLs will be polled as dynamic configuration sources.
2020-07-24 22:51:38.158 [restartedMain] WARN  com.netflix.config.sources.URLConfigurationSource - No URLs will be polled as dynamic configuration sources.
2020-07-24 22:51:38.162 [restartedMain] WARN  com.netflix.config.sources.URLConfigurationSource - No URLs will be polled as dynamic configuration sources.
2020-07-24 23:33:59.597 [restartedMain] WARN  com.netflix.config.sources.URLConfigurationSource - No URLs will be polled as dynamic configuration sources.
2020-07-24 23:33:59.602 [restartedMain] WARN  com.netflix.config.sources.URLConfigurationSource - No URLs will be polled as dynamic configuration sources.
2020-07-24 23:39:02.029 [restartedMain] WARN  com.netflix.config.sources.URLConfigurationSource - No URLs will be polled as dynamic configuration sources.
2020-07-24 23:39:02.036 [restartedMain] WARN  com.netflix.config.sources.URLConfigurationSource - No URLs will be polled as dynamic configuration sources.
2020-07-24 23:40:58.107 [restartedMain] WARN  com.netflix.config.sources.URLConfigurationSource - No URLs will be polled as dynamic configuration sources.
2020-07-24 23:40:58.112 [restartedMain] WARN  com.netflix.config.sources.URLConfigurationSource - No URLs will be polled as dynamic configuration sources.
2020-07-24 23:42:13.156 [restartedMain] WARN  com.netflix.config.sources.URLConfigurationSource - No URLs will be polled as dynamic configuration sources.
2020-07-24 23:42:13.161 [restartedMain] WARN  com.netflix.config.sources.URLConfigurationSource - No URLs will be polled as dynamic configuration sources.
2020-07-24 23:42:50.031 [restartedMain] WARN  com.netflix.config.sources.URLConfigurationSource - No URLs will be polled as dynamic configuration sources.
2020-07-24 23:43:26.606 [restartedMain] WARN  com.netflix.config.sources.URLConfigurationSource - No URLs will be polled as dynamic configuration sources.
2020-07-24 23:43:26.612 [restartedMain] WARN  com.netflix.config.sources.URLConfigurationSource - No URLs will be polled as dynamic configuration sources.
2020-07-24 23:44:07.445 [restartedMain] WARN  com.netflix.config.sources.URLConfigurationSource - No URLs will be polled as dynamic configuration sources.
2020-07-24 23:44:07.450 [restartedMain] WARN  com.netflix.config.sources.URLConfigurationSource - No URLs will be polled as dynamic configuration sources.
2020-07-24 23:44:42.658 [restartedMain] WARN  com.netflix.config.sources.URLConfigurationSource - No URLs will be polled as dynamic configuration sources.
2020-07-24 23:44:58.403 [restartedMain] WARN  com.netflix.config.sources.URLConfigurationSource - No URLs will be polled as dynamic configuration sources.
2020-07-24 23:44:58.408 [restartedMain] WARN  com.netflix.config.sources.URLConfigurationSource - No URLs will be polled as dynamic configuration sources.
2020-07-24 23:45:36.634 [restartedMain] WARN  com.netflix.config.sources.URLConfigurationSource - No URLs will be polled as dynamic configuration sources.
2020-07-24 23:48:36.355 [restartedMain] WARN  com.netflix.config.sources.URLConfigurationSource - No URLs will be polled as dynamic configuration sources.
2020-07-24 23:48:36.359 [restartedMain] WARN  com.netflix.config.sources.URLConfigurationSource - No URLs will be polled as dynamic configuration sources.
2020-07-24 23:48:42.279 [http-nio-8006-exec-2] WARN  o.s.w.servlet.resource.ResourceHttpRequestHandler - Path represents URL or has "url:" prefix: [https:/open.weixin.qq.com/connect/qrconnect]
2020-07-24 23:49:04.371 [restartedMain] WARN  com.netflix.config.sources.URLConfigurationSource - No URLs will be polled as dynamic configuration sources.
2020-07-24 23:51:44.195 [restartedMain] WARN  com.netflix.config.sources.URLConfigurationSource - No URLs will be polled as dynamic configuration sources.
2020-07-24 23:51:44.200 [restartedMain] WARN  com.netflix.config.sources.URLConfigurationSource - No URLs will be polled as dynamic configuration sources.
2020-07-24 23:52:27.771 [restartedMain] WARN  com.netflix.config.sources.URLConfigurationSource - No URLs will be polled as dynamic configuration sources.
2020-07-24 23:52:27.776 [restartedMain] WARN  com.netflix.config.sources.URLConfigurationSource - No URLs will be polled as dynamic configuration sources.
2020-07-24 23:56:45.085 [restartedMain] WARN  com.netflix.config.sources.URLConfigurationSource - No URLs will be polled as dynamic configuration sources.
2020-07-24 23:56:45.090 [restartedMain] WARN  com.netflix.config.sources.URLConfigurationSource - No URLs will be polled as dynamic configuration sources.
2020-07-24 23:59:42.566 [restartedMain] WARN  com.netflix.config.sources.URLConfigurationSource - No URLs will be polled as dynamic configuration sources.
2020-07-24 23:59:42.574 [restartedMain] WARN  com.netflix.config.sources.URLConfigurationSource - No URLs will be polled as dynamic configuration sources.
