2020-07-17 15:26:22.608 [http-nio-8001-exec-7] WARN  com.zaxxer.hikari.HikariConfig - HikariPool - idleTimeout is close to or more than maxLifetime, disabling it.
2020-07-17 15:40:51.954 [restartedMain] WARN  org.mybatis.spring.mapper.ClassPathMapperScanner - No MyBatis mapper was found in '[com.chz]' package. Please check your configuration.
2020-07-17 15:40:52.215 [restartedMain] WARN  o.s.b.w.s.c.AnnotationConfigServletWebServerApplicationContext - Exception encountered during context initialization - cancelling refresh attempt: org.springframework.beans.factory.BeanCreationException: Error creating bean with name 'sqlSessionFactory' defined in class path resource [com/baomidou/mybatisplus/autoconfigure/MybatisPlusAutoConfiguration.class]: Bean instantiation via factory method failed; nested exception is org.springframework.beans.BeanInstantiationException: Failed to instantiate [org.apache.ibatis.session.SqlSessionFactory]: Factory method 'sqlSessionFactory' threw exception; nested exception is org.springframework.core.NestedIOException: Failed to parse mapping resource: 'file [D:\workspace_for_idea\谷粒学院\guli_parent\out\production\service_edu\com\chz\eduservice\mapper\xml\CourseDescriptionMapper.xml]'; nested exception is org.apache.ibatis.builder.BuilderException: Error parsing Mapper XML. The XML location is 'file [D:\workspace_for_idea\谷粒学院\guli_parent\out\production\service_edu\com\chz\eduservice\mapper\xml\CourseDescriptionMapper.xml]'. Cause: org.apache.ibatis.builder.BuilderException: Error resolving class. Cause: org.apache.ibatis.type.TypeException: Could not resolve type alias 'com.chz.eduservice.entity.domain.CourseDescription'.  Cause: java.lang.ClassNotFoundException: Cannot find class: com.chz.eduservice.entity.domain.CourseDescription
2020-07-17 15:40:55.083 [restartedMain] WARN  org.mybatis.spring.mapper.ClassPathMapperScanner - No MyBatis mapper was found in '[com.chz]' package. Please check your configuration.
2020-07-17 15:40:55.324 [restartedMain] WARN  o.s.b.w.s.c.AnnotationConfigServletWebServerApplicationContext - Exception encountered during context initialization - cancelling refresh attempt: org.springframework.beans.factory.BeanCreationException: Error creating bean with name 'sqlSessionFactory' defined in class path resource [com/baomidou/mybatisplus/autoconfigure/MybatisPlusAutoConfiguration.class]: Bean instantiation via factory method failed; nested exception is org.springframework.beans.BeanInstantiationException: Failed to instantiate [org.apache.ibatis.session.SqlSessionFactory]: Factory method 'sqlSessionFactory' threw exception; nested exception is org.springframework.core.NestedIOException: Failed to parse mapping resource: 'file [D:\workspace_for_idea\谷粒学院\guli_parent\out\production\service_edu\com\chz\eduservice\mapper\xml\CourseDescriptionMapper.xml]'; nested exception is org.apache.ibatis.builder.BuilderException: Error parsing Mapper XML. The XML location is 'file [D:\workspace_for_idea\谷粒学院\guli_parent\out\production\service_edu\com\chz\eduservice\mapper\xml\CourseDescriptionMapper.xml]'. Cause: org.apache.ibatis.builder.BuilderException: Error resolving class. Cause: org.apache.ibatis.type.TypeException: Could not resolve type alias 'com.chz.eduservice.entity.domain.CourseDescription'.  Cause: java.lang.ClassNotFoundException: Cannot find class: com.chz.eduservice.entity.domain.CourseDescription
2020-07-17 15:41:03.407 [restartedMain] WARN  org.mybatis.spring.mapper.ClassPathMapperScanner - No MyBatis mapper was found in '[com.chz.eduservice.mapper]' package. Please check your configuration.
2020-07-17 15:41:03.556 [restartedMain] WARN  o.s.b.w.s.c.AnnotationConfigServletWebServerApplicationContext - Exception encountered during context initialization - cancelling refresh attempt: org.springframework.beans.factory.UnsatisfiedDependencyException: Error creating bean with name 'chapterController': Unsatisfied dependency expressed through field 'chapterService'; nested exception is org.springframework.beans.factory.NoSuchBeanDefinitionException: No qualifying bean of type 'com.chz.eduservice.service.ChapterService' available: expected at least 1 bean which qualifies as autowire candidate. Dependency annotations: {@org.springframework.beans.factory.annotation.Autowired(required=true)}
2020-07-17 16:27:38.884 [http-nio-8001-exec-7] WARN  com.zaxxer.hikari.HikariConfig - HikariPool - idleTimeout is close to or more than maxLifetime, disabling it.
2020-07-17 16:28:40.382 [http-nio-8001-exec-5] WARN  o.s.w.s.m.m.a.ExceptionHandlerExceptionResolver - Resolved [java.lang.NullPointerException]
2020-07-17 16:28:45.814 [http-nio-8001-exec-8] WARN  o.s.w.s.m.m.a.ExceptionHandlerExceptionResolver - Resolved [java.lang.NullPointerException]
2020-07-17 16:29:16.945 [http-nio-8001-exec-9] WARN  o.s.w.s.m.m.a.ExceptionHandlerExceptionResolver - Resolved [java.lang.NullPointerException]
2020-07-17 16:29:21.795 [http-nio-8001-exec-1] WARN  o.s.w.s.m.m.a.ExceptionHandlerExceptionResolver - Resolved [java.lang.NullPointerException]
2020-07-17 16:31:07.996 [restartedMain] WARN  o.s.b.w.s.c.AnnotationConfigServletWebServerApplicationContext - Exception encountered during context initialization - cancelling refresh attempt: org.springframework.beans.factory.UnsatisfiedDependencyException: Error creating bean with name 'courseController': Unsatisfied dependency expressed through field 'courseService'; nested exception is org.springframework.beans.factory.NoSuchBeanDefinitionException: No qualifying bean of type 'com.chz.eduservice.service.CourseService' available: expected at least 1 bean which qualifies as autowire candidate. Dependency annotations: {@org.springframework.beans.factory.annotation.Autowired(required=true)}
2020-07-17 16:32:38.782 [http-nio-8001-exec-3] WARN  com.zaxxer.hikari.HikariConfig - HikariPool - idleTimeout is close to or more than maxLifetime, disabling it.
2020-07-17 16:33:49.554 [http-nio-8001-exec-2] WARN  com.zaxxer.hikari.HikariConfig - HikariPool - idleTimeout is close to or more than maxLifetime, disabling it.
2020-07-17 16:37:13.693 [http-nio-8001-exec-10] WARN  o.s.w.s.m.m.a.ExceptionHandlerExceptionResolver - Resolved [org.springframework.dao.TransientDataAccessResourceException: Error attempting to get column 'gmt_create' from result set.  Cause: java.sql.SQLException: Zero date value prohibited
; Zero date value prohibited; nested exception is java.sql.SQLException: Zero date value prohibited]
2020-07-17 16:43:07.902 [http-nio-8001-exec-3] WARN  com.zaxxer.hikari.HikariConfig - HikariPool - idleTimeout is close to or more than maxLifetime, disabling it.
2020-07-17 17:15:37.650 [restartedMain] WARN  o.s.b.w.s.c.AnnotationConfigServletWebServerApplicationContext - Exception encountered during context initialization - cancelling refresh attempt: org.springframework.beans.factory.UnsatisfiedDependencyException: Error creating bean with name 'courseController': Unsatisfied dependency expressed through field 'courseService'; nested exception is org.springframework.beans.factory.NoSuchBeanDefinitionException: No qualifying bean of type 'com.chz.eduservice.service.CourseService' available: expected at least 1 bean which qualifies as autowire candidate. Dependency annotations: {@org.springframework.beans.factory.annotation.Autowired(required=true)}
2020-07-17 17:17:32.337 [http-nio-8001-exec-4] WARN  com.zaxxer.hikari.HikariConfig - HikariPool - idleTimeout is close to or more than maxLifetime, disabling it.
2020-07-17 17:17:33.211 [http-nio-8001-exec-4] WARN  o.s.w.s.m.m.a.ExceptionHandlerExceptionResolver - Resolved [org.mybatis.spring.MyBatisSystemException: nested exception is org.apache.ibatis.exceptions.PersistenceException: 
### Error querying database.  Cause: com.baomidou.mybatisplus.core.exceptions.MybatisPlusException: Error: Method queryTotal execution error of sql : 
 SELECT COUNT(1) FROM edu_course ec LEFT JOIN edu_course_description ecd ON ec.id = ecd.id LEFT JOIN edu_teacher et ON ec.teacher_id = et.id LEFT JOIN edu_subject es1 ON ec.subject_parent_id = es1.id LEFT JOIN edu_subject es2 ON ec.subject_id = es2.id WHERE ec.is_delted = 0 

### The error may exist in file [D:\workspace_for_idea\谷粒学院\guli_parent\out\production\service_edu\com\chz\eduservice\mapper\xml\CourseMapper.xml]
### The error may involve defaultParameterMap
### The error occurred while setting parameters
### Cause: com.baomidou.mybatisplus.core.exceptions.MybatisPlusException: Error: Method queryTotal execution error of sql : 
 SELECT COUNT(1) FROM edu_course ec LEFT JOIN edu_course_description ecd ON ec.id = ecd.id LEFT JOIN edu_teacher et ON ec.teacher_id = et.id LEFT JOIN edu_subject es1 ON ec.subject_parent_id = es1.id LEFT JOIN edu_subject es2 ON ec.subject_id = es2.id WHERE ec.is_delted = 0 
]
2020-07-17 17:18:59.747 [http-nio-8001-exec-2] WARN  com.zaxxer.hikari.HikariConfig - HikariPool - idleTimeout is close to or more than maxLifetime, disabling it.
2020-07-17 17:24:29.968 [http-nio-8001-exec-3] WARN  com.zaxxer.hikari.HikariConfig - HikariPool - idleTimeout is close to or more than maxLifetime, disabling it.
2020-07-17 22:27:03.098 [restartedMain] WARN  o.s.b.d.autoconfigure.OptionalLiveReloadServer - Unable to start LiveReload server
2020-07-17 22:27:19.638 [http-nio-8001-exec-8] WARN  o.s.w.s.m.m.a.ExceptionHandlerExceptionResolver - Resolved [org.apache.ibatis.binding.BindingException: Invalid bound statement (not found): com.chz.eduservice.mapper.CourseMapper.pageCourseAllInfo]
2020-07-17 22:27:19.729 [http-nio-8001-exec-9] WARN  com.zaxxer.hikari.HikariConfig - HikariPool - idleTimeout is close to or more than maxLifetime, disabling it.
2020-07-17 22:27:31.118 [http-nio-8001-exec-2] WARN  o.s.w.s.m.m.a.ExceptionHandlerExceptionResolver - Resolved [org.apache.ibatis.binding.BindingException: Invalid bound statement (not found): com.chz.eduservice.mapper.CourseMapper.pageCourseAllInfo]
2020-07-17 22:29:35.810 [http-nio-8001-exec-9] WARN  o.s.w.s.m.m.a.ExceptionHandlerExceptionResolver - Resolved [org.apache.ibatis.binding.BindingException: Invalid bound statement (not found): com.chz.eduservice.mapper.CourseMapper.pageCourseAllInfo]
2020-07-17 22:36:47.914 [http-nio-8001-exec-2] WARN  o.s.w.s.m.m.a.ExceptionHandlerExceptionResolver - Resolved [org.apache.ibatis.binding.BindingException: Invalid bound statement (not found): com.chz.eduservice.mapper.CourseMapper.pageCourseAllInfo]
2020-07-17 22:36:47.956 [http-nio-8001-exec-3] WARN  com.zaxxer.hikari.HikariConfig - HikariPool - idleTimeout is close to or more than maxLifetime, disabling it.
2020-07-17 22:43:10.963 [http-nio-8001-exec-2] WARN  o.s.w.s.m.m.a.ExceptionHandlerExceptionResolver - Resolved [org.apache.ibatis.binding.BindingException: Invalid bound statement (not found): com.chz.eduservice.mapper.CourseMapper.pageCourseAllInfo]
2020-07-17 22:43:11.008 [http-nio-8001-exec-3] WARN  com.zaxxer.hikari.HikariConfig - HikariPool - idleTimeout is close to or more than maxLifetime, disabling it.
2020-07-17 22:44:24.394 [http-nio-8001-exec-2] WARN  o.s.w.s.m.m.a.ExceptionHandlerExceptionResolver - Resolved [org.apache.ibatis.binding.BindingException: Invalid bound statement (not found): com.chz.eduservice.mapper.CourseMapper.pageCourseAllInfo]
2020-07-17 22:44:24.435 [http-nio-8001-exec-3] WARN  com.zaxxer.hikari.HikariConfig - HikariPool - idleTimeout is close to or more than maxLifetime, disabling it.
2020-07-17 22:46:37.948 [http-nio-8001-exec-2] WARN  o.s.w.s.m.m.a.ExceptionHandlerExceptionResolver - Resolved [org.apache.ibatis.binding.BindingException: Invalid bound statement (not found): com.chz.eduservice.mapper.CourseMapper.pageCourseAllInfo]
2020-07-17 22:46:37.989 [http-nio-8001-exec-3] WARN  com.zaxxer.hikari.HikariConfig - HikariPool - idleTimeout is close to or more than maxLifetime, disabling it.
2020-07-17 22:47:47.181 [http-nio-8001-exec-2] WARN  o.s.w.s.m.m.a.ExceptionHandlerExceptionResolver - Resolved [org.apache.ibatis.binding.BindingException: Invalid bound statement (not found): com.chz.eduservice.mapper.CourseMapper.pageCourseAllInfo]
2020-07-17 22:47:47.220 [http-nio-8001-exec-3] WARN  com.zaxxer.hikari.HikariConfig - HikariPool - idleTimeout is close to or more than maxLifetime, disabling it.
2020-07-17 22:48:51.699 [http-nio-8001-exec-2] WARN  o.s.w.s.m.m.a.ExceptionHandlerExceptionResolver - Resolved [org.apache.ibatis.binding.BindingException: Invalid bound statement (not found): com.chz.eduservice.mapper.CourseMapper.pageCourseAllInfo]
2020-07-17 22:48:51.753 [http-nio-8001-exec-3] WARN  com.zaxxer.hikari.HikariConfig - HikariPool - idleTimeout is close to or more than maxLifetime, disabling it.
2020-07-17 22:49:19.589 [restartedMain] WARN  org.mybatis.spring.mapper.ClassPathMapperScanner - No MyBatis mapper was found in '[com.chz]' package. Please check your configuration.
2020-07-17 22:52:10.021 [http-nio-8001-exec-3] WARN  com.zaxxer.hikari.HikariConfig - HikariPool - idleTimeout is close to or more than maxLifetime, disabling it.
2020-07-17 23:23:51.712 [http-nio-8001-exec-2] WARN  com.zaxxer.hikari.HikariConfig - HikariPool - idleTimeout is close to or more than maxLifetime, disabling it.
2020-07-17 23:33:41.023 [http-nio-8001-exec-3] WARN  com.zaxxer.hikari.HikariConfig - HikariPool - idleTimeout is close to or more than maxLifetime, disabling it.
2020-07-17 23:44:43.883 [restartedMain] WARN  o.s.b.d.autoconfigure.OptionalLiveReloadServer - Unable to start LiveReload server
2020-07-17 23:46:15.079 [http-nio-8001-exec-10] WARN  com.zaxxer.hikari.HikariConfig - HikariPool - idleTimeout is close to or more than maxLifetime, disabling it.
2020-07-17 23:49:50.891 [http-nio-8001-exec-6] WARN  com.zaxxer.hikari.HikariConfig - HikariPool - idleTimeout is close to or more than maxLifetime, disabling it.
2020-07-17 23:51:08.348 [http-nio-8001-exec-2] WARN  com.zaxxer.hikari.HikariConfig - HikariPool - idleTimeout is close to or more than maxLifetime, disabling it.
