2020-07-26 14:30:51.831 [restartedMain] WARN  com.netflix.config.sources.URLConfigurationSource - No URLs will be polled as dynamic configuration sources.
2020-07-26 14:30:51.845 [restartedMain] WARN  com.netflix.config.sources.URLConfigurationSource - No URLs will be polled as dynamic configuration sources.
2020-07-26 14:32:28.256 [http-nio-8150-exec-3] WARN  com.zaxxer.hikari.HikariConfig - HikariPool - idleTimeout is close to or more than maxLifetime, disabling it.
2020-07-26 14:32:29.072 [http-nio-8150-exec-3] WARN  o.s.w.s.m.m.a.ExceptionHandlerExceptionResolver - Resolved [java.lang.NullPointerException]
2020-07-26 14:33:18.521 [restartedMain] WARN  com.netflix.config.sources.URLConfigurationSource - No URLs will be polled as dynamic configuration sources.
2020-07-26 14:33:18.527 [restartedMain] WARN  com.netflix.config.sources.URLConfigurationSource - No URLs will be polled as dynamic configuration sources.
2020-07-26 14:33:32.116 [http-nio-8150-exec-1] WARN  com.zaxxer.hikari.HikariConfig - HikariPool - idleTimeout is close to or more than maxLifetime, disabling it.
2020-07-26 14:38:09.408 [restartedMain] WARN  o.s.b.w.s.c.AnnotationConfigServletWebServerApplicationContext - Exception encountered during context initialization - cancelling refresh attempt: org.springframework.beans.factory.UnsatisfiedDependencyException: Error creating bean with name 'memberController': Unsatisfied dependency expressed through field 'memberService'; nested exception is org.springframework.beans.factory.NoSuchBeanDefinitionException: No qualifying bean of type 'com.chz.edumember.service.MemberService' available: expected at least 1 bean which qualifies as autowire candidate. Dependency annotations: {@org.springframework.beans.factory.annotation.Autowired(required=true)}
2020-07-26 14:38:11.236 [ThreadPoolTaskScheduler-1] WARN  com.alibaba.nacos.client.naming - failed to request http://127.0.0.1:8848/nacos/v1/ns/service/list?pageSize=2147483647&groupName=DEFAULT_GROUP&encoding=UTF-8&namespaceId=public&pageNo=1 from 127.0.0.1
2020-07-26 14:38:43.252 [ThreadPoolTaskScheduler-1] WARN  com.alibaba.nacos.client.naming - failed to request http://127.0.0.1:8848/nacos/v1/ns/service/list?pageSize=2147483647&groupName=DEFAULT_GROUP&encoding=UTF-8&namespaceId=public&pageNo=1 from 127.0.0.1
2020-07-26 14:39:15.259 [ThreadPoolTaskScheduler-1] WARN  com.alibaba.nacos.client.naming - failed to request http://127.0.0.1:8848/nacos/v1/ns/service/list?pageSize=2147483647&groupName=DEFAULT_GROUP&encoding=UTF-8&namespaceId=public&pageNo=1 from 127.0.0.1
2020-07-26 14:39:47.268 [ThreadPoolTaskScheduler-1] WARN  com.alibaba.nacos.client.naming - failed to request http://127.0.0.1:8848/nacos/v1/ns/service/list?pageSize=2147483647&groupName=DEFAULT_GROUP&encoding=UTF-8&namespaceId=public&pageNo=1 from 127.0.0.1
2020-07-26 14:40:14.031 [restartedMain] WARN  o.s.b.w.s.c.AnnotationConfigServletWebServerApplicationContext - Exception encountered during context initialization - cancelling refresh attempt: org.springframework.beans.factory.UnsatisfiedDependencyException: Error creating bean with name 'memberController': Unsatisfied dependency expressed through field 'memberService'; nested exception is org.springframework.beans.factory.NoSuchBeanDefinitionException: No qualifying bean of type 'com.chz.edumember.service.MemberService' available: expected at least 1 bean which qualifies as autowire candidate. Dependency annotations: {@org.springframework.beans.factory.annotation.Autowired(required=true)}
2020-07-26 14:40:19.282 [ThreadPoolTaskScheduler-1] WARN  com.alibaba.nacos.client.naming - failed to request http://127.0.0.1:8848/nacos/v1/ns/service/list?pageSize=2147483647&groupName=DEFAULT_GROUP&encoding=UTF-8&namespaceId=public&pageNo=1 from 127.0.0.1
2020-07-26 14:40:51.300 [ThreadPoolTaskScheduler-1] WARN  com.alibaba.nacos.client.naming - failed to request http://127.0.0.1:8848/nacos/v1/ns/service/list?pageSize=2147483647&groupName=DEFAULT_GROUP&encoding=UTF-8&namespaceId=public&pageNo=1 from 127.0.0.1
2020-07-26 14:41:23.315 [ThreadPoolTaskScheduler-1] WARN  com.alibaba.nacos.client.naming - failed to request http://127.0.0.1:8848/nacos/v1/ns/service/list?pageSize=2147483647&groupName=DEFAULT_GROUP&encoding=UTF-8&namespaceId=public&pageNo=1 from 127.0.0.1
2020-07-26 14:41:55.332 [ThreadPoolTaskScheduler-1] WARN  com.alibaba.nacos.client.naming - failed to request http://127.0.0.1:8848/nacos/v1/ns/service/list?pageSize=2147483647&groupName=DEFAULT_GROUP&encoding=UTF-8&namespaceId=public&pageNo=1 from 127.0.0.1
2020-07-26 14:42:27.346 [ThreadPoolTaskScheduler-1] WARN  com.alibaba.nacos.client.naming - failed to request http://127.0.0.1:8848/nacos/v1/ns/service/list?pageSize=2147483647&groupName=DEFAULT_GROUP&encoding=UTF-8&namespaceId=public&pageNo=1 from 127.0.0.1
2020-07-26 14:42:53.052 [restartedMain] WARN  com.netflix.config.sources.URLConfigurationSource - No URLs will be polled as dynamic configuration sources.
2020-07-26 14:42:53.057 [restartedMain] WARN  com.netflix.config.sources.URLConfigurationSource - No URLs will be polled as dynamic configuration sources.
2020-07-26 14:43:26.266 [http-nio-8150-exec-3] WARN  com.zaxxer.hikari.HikariConfig - HikariPool - idleTimeout is close to or more than maxLifetime, disabling it.
2020-07-26 15:13:58.138 [restartedMain] WARN  com.netflix.config.sources.URLConfigurationSource - No URLs will be polled as dynamic configuration sources.
2020-07-26 15:13:58.143 [restartedMain] WARN  com.netflix.config.sources.URLConfigurationSource - No URLs will be polled as dynamic configuration sources.
2020-07-26 15:14:23.926 [http-nio-8150-exec-2] WARN  com.zaxxer.hikari.HikariConfig - HikariPool - idleTimeout is close to or more than maxLifetime, disabling it.
2020-07-26 15:17:01.236 [restartedMain] WARN  com.netflix.config.sources.URLConfigurationSource - No URLs will be polled as dynamic configuration sources.
2020-07-26 15:17:01.240 [restartedMain] WARN  com.netflix.config.sources.URLConfigurationSource - No URLs will be polled as dynamic configuration sources.
2020-07-26 15:17:21.337 [http-nio-8150-exec-2] WARN  com.zaxxer.hikari.HikariConfig - HikariPool - idleTimeout is close to or more than maxLifetime, disabling it.
2020-07-26 15:19:33.808 [http-nio-8150-exec-4] WARN  o.s.w.s.m.m.a.ExceptionHandlerExceptionResolver - Resolved [java.lang.NullPointerException]
2020-07-26 15:19:36.327 [http-nio-8150-exec-5] WARN  o.s.w.s.m.m.a.ExceptionHandlerExceptionResolver - Resolved [java.lang.NullPointerException]
2020-07-26 15:27:03.639 [restartedMain] WARN  com.netflix.config.sources.URLConfigurationSource - No URLs will be polled as dynamic configuration sources.
2020-07-26 15:27:03.644 [restartedMain] WARN  com.netflix.config.sources.URLConfigurationSource - No URLs will be polled as dynamic configuration sources.
2020-07-26 15:27:39.916 [http-nio-8150-exec-3] WARN  com.zaxxer.hikari.HikariConfig - HikariPool - idleTimeout is close to or more than maxLifetime, disabling it.
2020-07-26 15:29:46.472 [HikariPool housekeeper] WARN  com.zaxxer.hikari.pool.HikariPool - HikariPool - Thread starvation or clock leap detected (housekeeper delta=2m6s259ms794µs600ns).
2020-07-26 15:30:47.364 [HikariPool housekeeper] WARN  com.zaxxer.hikari.pool.HikariPool - HikariPool - Thread starvation or clock leap detected (housekeeper delta=1m892ms956µs).
2020-07-26 15:31:01.793 [restartedMain] WARN  com.netflix.config.sources.URLConfigurationSource - No URLs will be polled as dynamic configuration sources.
2020-07-26 15:31:01.800 [restartedMain] WARN  com.netflix.config.sources.URLConfigurationSource - No URLs will be polled as dynamic configuration sources.
2020-07-26 15:31:28.270 [http-nio-8150-exec-1] WARN  com.zaxxer.hikari.HikariConfig - HikariPool - idleTimeout is close to or more than maxLifetime, disabling it.
2020-07-26 15:40:36.751 [HikariPool housekeeper] WARN  com.zaxxer.hikari.pool.HikariPool - HikariPool - Thread starvation or clock leap detected (housekeeper delta=1m29s499ms528µs600ns).
2020-07-26 15:42:38.573 [restartedMain] WARN  com.netflix.config.sources.URLConfigurationSource - No URLs will be polled as dynamic configuration sources.
2020-07-26 15:42:38.580 [restartedMain] WARN  com.netflix.config.sources.URLConfigurationSource - No URLs will be polled as dynamic configuration sources.
2020-07-26 15:43:09.361 [http-nio-8150-exec-2] WARN  com.zaxxer.hikari.HikariConfig - HikariPool - idleTimeout is close to or more than maxLifetime, disabling it.
2020-07-26 16:06:42.553 [HikariPool housekeeper] WARN  com.zaxxer.hikari.pool.HikariPool - HikariPool - Thread starvation or clock leap detected (housekeeper delta=23m32s875ms199µs).
2020-07-26 16:06:43.208 [http-nio-8150-exec-3] WARN  o.s.w.s.m.m.a.ExceptionHandlerExceptionResolver - Failure in @ExceptionHandler com.chz.servicebase.exceptionhandler.GlobalExceptionHandler#errorHandler(Exception)
org.apache.catalina.connector.ClientAbortException: java.io.IOException: 你的主机中的软件中止了一个已建立的连接。
	at org.apache.catalina.connector.OutputBuffer.doFlush(OutputBuffer.java:309)
	at org.apache.catalina.connector.OutputBuffer.flush(OutputBuffer.java:272)
	at org.apache.catalina.connector.CoyoteOutputStream.flush(CoyoteOutputStream.java:118)
	at com.fasterxml.jackson.core.json.UTF8JsonGenerator.flush(UTF8JsonGenerator.java:1153)
	at com.fasterxml.jackson.databind.ObjectWriter.writeValue(ObjectWriter.java:923)
	at org.springframework.http.converter.json.AbstractJackson2HttpMessageConverter.writeInternal(AbstractJackson2HttpMessageConverter.java:287)
	at org.springframework.http.converter.AbstractGenericHttpMessageConverter.write(AbstractGenericHttpMessageConverter.java:104)
	at org.springframework.web.servlet.mvc.method.annotation.AbstractMessageConverterMethodProcessor.writeWithMessageConverters(AbstractMessageConverterMethodProcessor.java:287)
	at org.springframework.web.servlet.mvc.method.annotation.RequestResponseBodyMethodProcessor.handleReturnValue(RequestResponseBodyMethodProcessor.java:181)
	at org.springframework.web.method.support.HandlerMethodReturnValueHandlerComposite.handleReturnValue(HandlerMethodReturnValueHandlerComposite.java:82)
	at org.springframework.web.servlet.mvc.method.annotation.ServletInvocableHandlerMethod.invokeAndHandle(ServletInvocableHandlerMethod.java:123)
	at org.springframework.web.servlet.mvc.method.annotation.ExceptionHandlerExceptionResolver.doResolveHandlerMethodException(ExceptionHandlerExceptionResolver.java:403)
	at org.springframework.web.servlet.handler.AbstractHandlerMethodExceptionResolver.doResolveException(AbstractHandlerMethodExceptionResolver.java:61)
	at org.springframework.web.servlet.handler.AbstractHandlerExceptionResolver.resolveException(AbstractHandlerExceptionResolver.java:141)
	at org.springframework.web.servlet.handler.HandlerExceptionResolverComposite.resolveException(HandlerExceptionResolverComposite.java:80)
	at org.springframework.web.servlet.DispatcherServlet.processHandlerException(DispatcherServlet.java:1300)
	at org.springframework.web.servlet.DispatcherServlet.processDispatchResult(DispatcherServlet.java:1111)
	at org.springframework.web.servlet.DispatcherServlet.doDispatch(DispatcherServlet.java:1057)
	at org.springframework.web.servlet.DispatcherServlet.doService(DispatcherServlet.java:943)
	at org.springframework.web.servlet.FrameworkServlet.processRequest(FrameworkServlet.java:1006)
	at org.springframework.web.servlet.FrameworkServlet.doGet(FrameworkServlet.java:898)
	at javax.servlet.http.HttpServlet.service(HttpServlet.java:634)
	at org.springframework.web.servlet.FrameworkServlet.service(FrameworkServlet.java:883)
	at javax.servlet.http.HttpServlet.service(HttpServlet.java:741)
	at org.apache.catalina.core.ApplicationFilterChain.internalDoFilter(ApplicationFilterChain.java:231)
	at org.apache.catalina.core.ApplicationFilterChain.doFilter(ApplicationFilterChain.java:166)
	at org.apache.tomcat.websocket.server.WsFilter.doFilter(WsFilter.java:53)
	at org.apache.catalina.core.ApplicationFilterChain.internalDoFilter(ApplicationFilterChain.java:193)
	at org.apache.catalina.core.ApplicationFilterChain.doFilter(ApplicationFilterChain.java:166)
	at org.springframework.web.filter.RequestContextFilter.doFilterInternal(RequestContextFilter.java:100)
	at org.springframework.web.filter.OncePerRequestFilter.doFilter(OncePerRequestFilter.java:119)
	at org.apache.catalina.core.ApplicationFilterChain.internalDoFilter(ApplicationFilterChain.java:193)
	at org.apache.catalina.core.ApplicationFilterChain.doFilter(ApplicationFilterChain.java:166)
	at org.springframework.web.filter.FormContentFilter.doFilterInternal(FormContentFilter.java:93)
	at org.springframework.web.filter.OncePerRequestFilter.doFilter(OncePerRequestFilter.java:119)
	at org.apache.catalina.core.ApplicationFilterChain.internalDoFilter(ApplicationFilterChain.java:193)
	at org.apache.catalina.core.ApplicationFilterChain.doFilter(ApplicationFilterChain.java:166)
	at org.springframework.web.filter.CharacterEncodingFilter.doFilterInternal(CharacterEncodingFilter.java:201)
	at org.springframework.web.filter.OncePerRequestFilter.doFilter(OncePerRequestFilter.java:119)
	at org.apache.catalina.core.ApplicationFilterChain.internalDoFilter(ApplicationFilterChain.java:193)
	at org.apache.catalina.core.ApplicationFilterChain.doFilter(ApplicationFilterChain.java:166)
	at org.apache.catalina.core.StandardWrapperValve.invoke(StandardWrapperValve.java:202)
	at org.apache.catalina.core.StandardContextValve.invoke(StandardContextValve.java:96)
	at org.apache.catalina.authenticator.AuthenticatorBase.invoke(AuthenticatorBase.java:541)
	at org.apache.catalina.core.StandardHostValve.invoke(StandardHostValve.java:139)
	at org.apache.catalina.valves.ErrorReportValve.invoke(ErrorReportValve.java:92)
	at org.apache.catalina.core.StandardEngineValve.invoke(StandardEngineValve.java:74)
	at org.apache.catalina.connector.CoyoteAdapter.service(CoyoteAdapter.java:343)
	at org.apache.coyote.http11.Http11Processor.service(Http11Processor.java:373)
	at org.apache.coyote.AbstractProcessorLight.process(AbstractProcessorLight.java:65)
	at org.apache.coyote.AbstractProtocol$ConnectionHandler.process(AbstractProtocol.java:868)
	at org.apache.tomcat.util.net.NioEndpoint$SocketProcessor.doRun(NioEndpoint.java:1590)
	at org.apache.tomcat.util.net.SocketProcessorBase.run(SocketProcessorBase.java:49)
	at java.util.concurrent.ThreadPoolExecutor.runWorker(ThreadPoolExecutor.java:1149)
	at java.util.concurrent.ThreadPoolExecutor$Worker.run(ThreadPoolExecutor.java:624)
	at org.apache.tomcat.util.threads.TaskThread$WrappingRunnable.run(TaskThread.java:61)
	at java.lang.Thread.run(Thread.java:748)
Caused by: java.io.IOException: 你的主机中的软件中止了一个已建立的连接。
	at sun.nio.ch.SocketDispatcher.write0(Native Method)
	at sun.nio.ch.SocketDispatcher.write(SocketDispatcher.java:51)
	at sun.nio.ch.IOUtil.writeFromNativeBuffer(IOUtil.java:93)
	at sun.nio.ch.IOUtil.write(IOUtil.java:65)
	at sun.nio.ch.SocketChannelImpl.write(SocketChannelImpl.java:471)
	at org.apache.tomcat.util.net.NioChannel.write(NioChannel.java:138)
	at org.apache.tomcat.util.net.NioBlockingSelector.write(NioBlockingSelector.java:101)
	at org.apache.tomcat.util.net.NioSelectorPool.write(NioSelectorPool.java:152)
	at org.apache.tomcat.util.net.NioEndpoint$NioSocketWrapper.doWrite(NioEndpoint.java:1253)
	at org.apache.tomcat.util.net.SocketWrapperBase.doWrite(SocketWrapperBase.java:740)
	at org.apache.tomcat.util.net.SocketWrapperBase.flushBlocking(SocketWrapperBase.java:693)
	at org.apache.tomcat.util.net.SocketWrapperBase.flush(SocketWrapperBase.java:683)
	at org.apache.coyote.http11.Http11OutputBuffer$SocketOutputBuffer.flush(Http11OutputBuffer.java:564)
	at org.apache.coyote.http11.filters.IdentityOutputFilter.flush(IdentityOutputFilter.java:117)
	at org.apache.coyote.http11.Http11OutputBuffer.flush(Http11OutputBuffer.java:217)
	at org.apache.coyote.http11.Http11Processor.flush(Http11Processor.java:1155)
	at org.apache.coyote.AbstractProcessor.action(AbstractProcessor.java:399)
	at org.apache.coyote.Response.action(Response.java:209)
	at org.apache.catalina.connector.OutputBuffer.doFlush(OutputBuffer.java:305)
	... 56 common frames omitted
2020-07-26 16:06:43.213 [http-nio-8150-exec-5] WARN  o.s.w.s.m.m.a.ExceptionHandlerExceptionResolver - Failure in @ExceptionHandler com.chz.servicebase.exceptionhandler.GlobalExceptionHandler#errorHandler(Exception)
org.apache.catalina.connector.ClientAbortException: java.io.IOException: 你的主机中的软件中止了一个已建立的连接。
	at org.apache.catalina.connector.OutputBuffer.doFlush(OutputBuffer.java:309)
	at org.apache.catalina.connector.OutputBuffer.flush(OutputBuffer.java:272)
	at org.apache.catalina.connector.CoyoteOutputStream.flush(CoyoteOutputStream.java:118)
	at com.fasterxml.jackson.core.json.UTF8JsonGenerator.flush(UTF8JsonGenerator.java:1153)
	at com.fasterxml.jackson.databind.ObjectWriter.writeValue(ObjectWriter.java:923)
	at org.springframework.http.converter.json.AbstractJackson2HttpMessageConverter.writeInternal(AbstractJackson2HttpMessageConverter.java:287)
	at org.springframework.http.converter.AbstractGenericHttpMessageConverter.write(AbstractGenericHttpMessageConverter.java:104)
	at org.springframework.web.servlet.mvc.method.annotation.AbstractMessageConverterMethodProcessor.writeWithMessageConverters(AbstractMessageConverterMethodProcessor.java:287)
	at org.springframework.web.servlet.mvc.method.annotation.RequestResponseBodyMethodProcessor.handleReturnValue(RequestResponseBodyMethodProcessor.java:181)
	at org.springframework.web.method.support.HandlerMethodReturnValueHandlerComposite.handleReturnValue(HandlerMethodReturnValueHandlerComposite.java:82)
	at org.springframework.web.servlet.mvc.method.annotation.ServletInvocableHandlerMethod.invokeAndHandle(ServletInvocableHandlerMethod.java:123)
	at org.springframework.web.servlet.mvc.method.annotation.ExceptionHandlerExceptionResolver.doResolveHandlerMethodException(ExceptionHandlerExceptionResolver.java:403)
	at org.springframework.web.servlet.handler.AbstractHandlerMethodExceptionResolver.doResolveException(AbstractHandlerMethodExceptionResolver.java:61)
	at org.springframework.web.servlet.handler.AbstractHandlerExceptionResolver.resolveException(AbstractHandlerExceptionResolver.java:141)
	at org.springframework.web.servlet.handler.HandlerExceptionResolverComposite.resolveException(HandlerExceptionResolverComposite.java:80)
	at org.springframework.web.servlet.DispatcherServlet.processHandlerException(DispatcherServlet.java:1300)
	at org.springframework.web.servlet.DispatcherServlet.processDispatchResult(DispatcherServlet.java:1111)
	at org.springframework.web.servlet.DispatcherServlet.doDispatch(DispatcherServlet.java:1057)
	at org.springframework.web.servlet.DispatcherServlet.doService(DispatcherServlet.java:943)
	at org.springframework.web.servlet.FrameworkServlet.processRequest(FrameworkServlet.java:1006)
	at org.springframework.web.servlet.FrameworkServlet.doGet(FrameworkServlet.java:898)
	at javax.servlet.http.HttpServlet.service(HttpServlet.java:634)
	at org.springframework.web.servlet.FrameworkServlet.service(FrameworkServlet.java:883)
	at javax.servlet.http.HttpServlet.service(HttpServlet.java:741)
	at org.apache.catalina.core.ApplicationFilterChain.internalDoFilter(ApplicationFilterChain.java:231)
	at org.apache.catalina.core.ApplicationFilterChain.doFilter(ApplicationFilterChain.java:166)
	at org.apache.tomcat.websocket.server.WsFilter.doFilter(WsFilter.java:53)
	at org.apache.catalina.core.ApplicationFilterChain.internalDoFilter(ApplicationFilterChain.java:193)
	at org.apache.catalina.core.ApplicationFilterChain.doFilter(ApplicationFilterChain.java:166)
	at org.springframework.web.filter.RequestContextFilter.doFilterInternal(RequestContextFilter.java:100)
	at org.springframework.web.filter.OncePerRequestFilter.doFilter(OncePerRequestFilter.java:119)
	at org.apache.catalina.core.ApplicationFilterChain.internalDoFilter(ApplicationFilterChain.java:193)
	at org.apache.catalina.core.ApplicationFilterChain.doFilter(ApplicationFilterChain.java:166)
	at org.springframework.web.filter.FormContentFilter.doFilterInternal(FormContentFilter.java:93)
	at org.springframework.web.filter.OncePerRequestFilter.doFilter(OncePerRequestFilter.java:119)
	at org.apache.catalina.core.ApplicationFilterChain.internalDoFilter(ApplicationFilterChain.java:193)
	at org.apache.catalina.core.ApplicationFilterChain.doFilter(ApplicationFilterChain.java:166)
	at org.springframework.web.filter.CharacterEncodingFilter.doFilterInternal(CharacterEncodingFilter.java:201)
	at org.springframework.web.filter.OncePerRequestFilter.doFilter(OncePerRequestFilter.java:119)
	at org.apache.catalina.core.ApplicationFilterChain.internalDoFilter(ApplicationFilterChain.java:193)
	at org.apache.catalina.core.ApplicationFilterChain.doFilter(ApplicationFilterChain.java:166)
	at org.apache.catalina.core.StandardWrapperValve.invoke(StandardWrapperValve.java:202)
	at org.apache.catalina.core.StandardContextValve.invoke(StandardContextValve.java:96)
	at org.apache.catalina.authenticator.AuthenticatorBase.invoke(AuthenticatorBase.java:541)
	at org.apache.catalina.core.StandardHostValve.invoke(StandardHostValve.java:139)
	at org.apache.catalina.valves.ErrorReportValve.invoke(ErrorReportValve.java:92)
	at org.apache.catalina.core.StandardEngineValve.invoke(StandardEngineValve.java:74)
	at org.apache.catalina.connector.CoyoteAdapter.service(CoyoteAdapter.java:343)
	at org.apache.coyote.http11.Http11Processor.service(Http11Processor.java:373)
	at org.apache.coyote.AbstractProcessorLight.process(AbstractProcessorLight.java:65)
	at org.apache.coyote.AbstractProtocol$ConnectionHandler.process(AbstractProtocol.java:868)
	at org.apache.tomcat.util.net.NioEndpoint$SocketProcessor.doRun(NioEndpoint.java:1590)
	at org.apache.tomcat.util.net.SocketProcessorBase.run(SocketProcessorBase.java:49)
	at java.util.concurrent.ThreadPoolExecutor.runWorker(ThreadPoolExecutor.java:1149)
	at java.util.concurrent.ThreadPoolExecutor$Worker.run(ThreadPoolExecutor.java:624)
	at org.apache.tomcat.util.threads.TaskThread$WrappingRunnable.run(TaskThread.java:61)
	at java.lang.Thread.run(Thread.java:748)
Caused by: java.io.IOException: 你的主机中的软件中止了一个已建立的连接。
	at sun.nio.ch.SocketDispatcher.write0(Native Method)
	at sun.nio.ch.SocketDispatcher.write(SocketDispatcher.java:51)
	at sun.nio.ch.IOUtil.writeFromNativeBuffer(IOUtil.java:93)
	at sun.nio.ch.IOUtil.write(IOUtil.java:65)
	at sun.nio.ch.SocketChannelImpl.write(SocketChannelImpl.java:471)
	at org.apache.tomcat.util.net.NioChannel.write(NioChannel.java:138)
	at org.apache.tomcat.util.net.NioBlockingSelector.write(NioBlockingSelector.java:101)
	at org.apache.tomcat.util.net.NioSelectorPool.write(NioSelectorPool.java:152)
	at org.apache.tomcat.util.net.NioEndpoint$NioSocketWrapper.doWrite(NioEndpoint.java:1253)
	at org.apache.tomcat.util.net.SocketWrapperBase.doWrite(SocketWrapperBase.java:740)
	at org.apache.tomcat.util.net.SocketWrapperBase.flushBlocking(SocketWrapperBase.java:693)
	at org.apache.tomcat.util.net.SocketWrapperBase.flush(SocketWrapperBase.java:683)
	at org.apache.coyote.http11.Http11OutputBuffer$SocketOutputBuffer.flush(Http11OutputBuffer.java:564)
	at org.apache.coyote.http11.filters.IdentityOutputFilter.flush(IdentityOutputFilter.java:117)
	at org.apache.coyote.http11.Http11OutputBuffer.flush(Http11OutputBuffer.java:217)
	at org.apache.coyote.http11.Http11Processor.flush(Http11Processor.java:1155)
	at org.apache.coyote.AbstractProcessor.action(AbstractProcessor.java:399)
	at org.apache.coyote.Response.action(Response.java:209)
	at org.apache.catalina.connector.OutputBuffer.doFlush(OutputBuffer.java:305)
	... 56 common frames omitted
2020-07-26 16:10:34.143 [restartedMain] WARN  com.netflix.config.sources.URLConfigurationSource - No URLs will be polled as dynamic configuration sources.
2020-07-26 16:12:28.185 [restartedMain] WARN  com.netflix.config.sources.URLConfigurationSource - No URLs will be polled as dynamic configuration sources.
2020-07-26 16:12:31.332 [com.alibaba.nacos.naming.push.receiver] WARN  com.alibaba.nacos.client.naming - write DEFAULT_GROUP%40%40service-ucenter conflict;retry time: 1
2020-07-26 16:13:33.824 [restartedMain] WARN  com.netflix.config.sources.URLConfigurationSource - No URLs will be polled as dynamic configuration sources.
2020-07-26 16:13:37.226 [com.alibaba.nacos.naming.push.receiver] WARN  com.alibaba.nacos.client.naming - write DEFAULT_GROUP%40%40service-ucenter conflict;retry time: 1
2020-07-26 16:13:37.226 [com.alibaba.nacos.naming.push.receiver] WARN  com.alibaba.nacos.client.naming - write DEFAULT_GROUP%40%40service-ucenter conflict;retry time: 1
2020-07-26 16:13:37.248 [com.alibaba.nacos.naming.push.receiver] WARN  com.alibaba.nacos.client.naming - write DEFAULT_GROUP%40%40service-ucenter conflict;retry time: 2
2020-07-26 16:14:21.404 [restartedMain] WARN  com.netflix.config.sources.URLConfigurationSource - No URLs will be polled as dynamic configuration sources.
2020-07-26 16:14:24.569 [com.alibaba.nacos.naming.push.receiver] WARN  com.alibaba.nacos.client.naming - write DEFAULT_GROUP%40%40service-ucenter conflict;retry time: 1
2020-07-26 16:14:24.569 [com.alibaba.nacos.naming.push.receiver] WARN  com.alibaba.nacos.client.naming - write DEFAULT_GROUP%40%40service-ucenter conflict;retry time: 1
2020-07-26 16:14:24.569 [com.alibaba.nacos.naming.push.receiver] WARN  com.alibaba.nacos.client.naming - write DEFAULT_GROUP%40%40service-ucenter conflict;retry time: 1
2020-07-26 16:14:24.592 [com.alibaba.nacos.naming.push.receiver] WARN  com.alibaba.nacos.client.naming - write DEFAULT_GROUP%40%40service-ucenter conflict;retry time: 2
2020-07-26 16:15:19.872 [restartedMain] WARN  com.netflix.config.sources.URLConfigurationSource - No URLs will be polled as dynamic configuration sources.
2020-07-26 16:15:22.957 [com.alibaba.nacos.naming.push.receiver] WARN  com.alibaba.nacos.client.naming - write DEFAULT_GROUP%40%40service-ucenter conflict;retry time: 1
2020-07-26 16:15:22.959 [com.alibaba.nacos.naming.push.receiver] WARN  com.alibaba.nacos.client.naming - write DEFAULT_GROUP%40%40service-ucenter conflict;retry time: 1
2020-07-26 16:15:22.959 [com.alibaba.nacos.naming.push.receiver] WARN  com.alibaba.nacos.client.naming - write DEFAULT_GROUP%40%40service-ucenter conflict;retry time: 1
2020-07-26 16:15:22.979 [com.alibaba.nacos.naming.push.receiver] WARN  com.alibaba.nacos.client.naming - write DEFAULT_GROUP%40%40service-ucenter conflict;retry time: 2
2020-07-26 16:18:00.419 [restartedMain] WARN  com.netflix.config.sources.URLConfigurationSource - No URLs will be polled as dynamic configuration sources.
2020-07-26 16:18:03.604 [com.alibaba.nacos.naming.push.receiver] WARN  com.alibaba.nacos.client.naming - write DEFAULT_GROUP%40%40service-ucenter conflict;retry time: 1
2020-07-26 16:18:03.604 [com.alibaba.nacos.naming.push.receiver] WARN  com.alibaba.nacos.client.naming - write DEFAULT_GROUP%40%40service-ucenter conflict;retry time: 1
2020-07-26 16:18:03.604 [com.alibaba.nacos.naming.push.receiver] WARN  com.alibaba.nacos.client.naming - write DEFAULT_GROUP%40%40service-ucenter conflict;retry time: 1
2020-07-26 16:18:03.604 [com.alibaba.nacos.naming.push.receiver] WARN  com.alibaba.nacos.client.naming - write DEFAULT_GROUP%40%40service-ucenter conflict;retry time: 1
2020-07-26 16:18:03.626 [com.alibaba.nacos.naming.push.receiver] WARN  com.alibaba.nacos.client.naming - write DEFAULT_GROUP%40%40service-ucenter conflict;retry time: 2
2020-07-26 16:18:03.626 [com.alibaba.nacos.naming.push.receiver] WARN  com.alibaba.nacos.client.naming - write DEFAULT_GROUP%40%40service-ucenter conflict;retry time: 2
2020-07-26 16:18:03.657 [com.alibaba.nacos.naming.push.receiver] WARN  com.alibaba.nacos.client.naming - write DEFAULT_GROUP%40%40service-ucenter conflict;retry time: 3
2020-07-26 16:52:07.127 [restartedMain] WARN  com.netflix.config.sources.URLConfigurationSource - No URLs will be polled as dynamic configuration sources.
2020-07-26 16:52:07.131 [restartedMain] WARN  com.netflix.config.sources.URLConfigurationSource - No URLs will be polled as dynamic configuration sources.
2020-07-26 16:52:46.124 [http-nio-8001-exec-9] WARN  com.zaxxer.hikari.HikariConfig - HikariPool - idleTimeout is close to or more than maxLifetime, disabling it.
2020-07-26 16:58:17.480 [restartedMain] WARN  com.netflix.config.sources.URLConfigurationSource - No URLs will be polled as dynamic configuration sources.
2020-07-26 17:02:54.242 [http-nio-8001-exec-1] WARN  com.zaxxer.hikari.HikariConfig - HikariPool - idleTimeout is close to or more than maxLifetime, disabling it.
2020-07-26 17:16:06.627 [restartedMain] WARN  com.netflix.config.sources.URLConfigurationSource - No URLs will be polled as dynamic configuration sources.
2020-07-26 17:16:06.631 [restartedMain] WARN  com.netflix.config.sources.URLConfigurationSource - No URLs will be polled as dynamic configuration sources.
2020-07-26 17:16:15.979 [http-nio-8001-exec-1] WARN  com.zaxxer.hikari.HikariConfig - HikariPool - idleTimeout is close to or more than maxLifetime, disabling it.
2020-07-26 17:24:43.788 [restartedMain] WARN  com.netflix.config.sources.URLConfigurationSource - No URLs will be polled as dynamic configuration sources.
2020-07-26 17:24:43.792 [restartedMain] WARN  com.netflix.config.sources.URLConfigurationSource - No URLs will be polled as dynamic configuration sources.
2020-07-26 17:24:55.849 [http-nio-8001-exec-1] WARN  com.zaxxer.hikari.HikariConfig - HikariPool - idleTimeout is close to or more than maxLifetime, disabling it.
2020-07-26 17:40:32.294 [restartedMain] WARN  com.netflix.config.sources.URLConfigurationSource - No URLs will be polled as dynamic configuration sources.
2020-07-26 17:41:39.998 [restartedMain] WARN  com.netflix.config.sources.URLConfigurationSource - No URLs will be polled as dynamic configuration sources.
2020-07-26 17:41:54.547 [http-nio-8001-exec-1] WARN  com.zaxxer.hikari.HikariConfig - HikariPool - idleTimeout is close to or more than maxLifetime, disabling it.
2020-07-26 18:07:03.564 [restartedMain] WARN  com.netflix.config.sources.URLConfigurationSource - No URLs will be polled as dynamic configuration sources.
2020-07-26 18:07:03.573 [restartedMain] WARN  com.netflix.config.sources.URLConfigurationSource - No URLs will be polled as dynamic configuration sources.
2020-07-26 18:07:07.815 [http-nio-8001-exec-1] WARN  com.zaxxer.hikari.HikariConfig - HikariPool - idleTimeout is close to or more than maxLifetime, disabling it.
