2020-06-19 13:37:22.534 [restartedMain] INFO  com.chz.EduApplication - Starting EduApplication on DESKTOP-I2J9OJP with PID 15744 (D:\workspace_for_idea\谷粒学院\guli_parent\out\production\service_edu started by 82341 in D:\workspace_for_idea\谷粒学院\guli_parent)
2020-06-19 13:37:22.556 [restartedMain] INFO  com.chz.EduApplication - The following profiles are active: dev
2020-06-19 13:37:22.755 [restartedMain] INFO  o.s.b.d.env.DevToolsPropertyDefaultsPostProcessor - Devtools property defaults active! Set 'spring.devtools.add-properties' to 'false' to disable
2020-06-19 13:37:22.756 [restartedMain] INFO  o.s.b.d.env.DevToolsPropertyDefaultsPostProcessor - For additional web related logging consider setting the 'logging.level.web' property to 'DEBUG'
2020-06-19 13:37:28.716 [restartedMain] INFO  o.s.d.r.config.RepositoryConfigurationDelegate - Multiple Spring Data modules found, entering strict repository configuration mode!
2020-06-19 13:37:28.758 [restartedMain] INFO  o.s.d.r.config.RepositoryConfigurationDelegate - Bootstrapping Spring Data Redis repositories in DEFAULT mode.
2020-06-19 13:37:29.003 [restartedMain] INFO  o.s.d.r.config.RepositoryConfigurationDelegate - Finished Spring Data repository scanning in 131ms. Found 0 Redis repository interfaces.
2020-06-19 13:37:33.542 [restartedMain] INFO  o.s.boot.web.embedded.tomcat.TomcatWebServer - Tomcat initialized with port(s): 8081 (http)
2020-06-19 13:37:33.867 [restartedMain] INFO  org.apache.coyote.http11.Http11NioProtocol - Initializing ProtocolHandler ["http-nio-8081"]
2020-06-19 13:37:33.868 [restartedMain] INFO  org.apache.catalina.core.StandardService - Starting service [Tomcat]
2020-06-19 13:37:33.868 [restartedMain] INFO  org.apache.catalina.core.StandardEngine - Starting Servlet engine: [Apache Tomcat/9.0.34]
2020-06-19 13:37:34.498 [restartedMain] INFO  o.a.c.core.ContainerBase.[Tomcat].[localhost].[/] - Initializing Spring embedded WebApplicationContext
2020-06-19 13:37:34.499 [restartedMain] INFO  org.springframework.web.context.ContextLoader - Root WebApplicationContext: initialization completed in 11743 ms
2020-06-19 13:37:39.963 [restartedMain] INFO  s.d.s.w.PropertySourcedRequestMappingHandlerMapping - Mapped URL path [/v2/api-docs] onto method [springfox.documentation.swagger2.web.Swagger2Controller#getDocumentation(String, HttpServletRequest)]
2020-06-19 13:37:40.683 [restartedMain] INFO  o.s.scheduling.concurrent.ThreadPoolTaskExecutor - Initializing ExecutorService 'applicationTaskExecutor'
2020-06-19 13:37:41.031 [restartedMain] INFO  o.s.b.d.autoconfigure.OptionalLiveReloadServer - LiveReload server is running on port 35729
2020-06-19 13:37:44.676 [restartedMain] INFO  s.d.s.web.plugins.DocumentationPluginsBootstrapper - Context refreshed
2020-06-19 13:37:44.952 [restartedMain] INFO  s.d.s.web.plugins.DocumentationPluginsBootstrapper - Found 1 custom documentation plugin(s)
2020-06-19 13:37:45.127 [restartedMain] INFO  s.d.spring.web.scanners.ApiListingReferenceScanner - Scanning for api listing references
2020-06-19 13:37:46.194 [restartedMain] INFO  org.apache.coyote.http11.Http11NioProtocol - Starting ProtocolHandler ["http-nio-8081"]
2020-06-19 13:37:46.259 [restartedMain] INFO  o.s.boot.web.embedded.tomcat.TomcatWebServer - Tomcat started on port(s): 8081 (http) with context path ''
2020-06-19 13:37:46.262 [restartedMain] INFO  com.chz.EduApplication - Started EduApplication in 27.365 seconds (JVM running for 46.876)
2020-06-19 13:38:57.916 [http-nio-8081-exec-1] INFO  o.a.c.core.ContainerBase.[Tomcat].[localhost].[/] - Initializing Spring DispatcherServlet 'dispatcherServlet'
2020-06-19 13:38:57.917 [http-nio-8081-exec-1] INFO  org.springframework.web.servlet.DispatcherServlet - Initializing Servlet 'dispatcherServlet'
2020-06-19 13:38:57.925 [http-nio-8081-exec-1] INFO  org.springframework.web.servlet.DispatcherServlet - Completed initialization in 8 ms
2020-06-19 13:39:03.695 [http-nio-8081-exec-5] INFO  com.zaxxer.hikari.HikariDataSource - HikariPool - Starting...
2020-06-19 13:39:05.869 [http-nio-8081-exec-5] INFO  com.zaxxer.hikari.HikariDataSource - HikariPool - Start completed.
2020-06-19 13:51:30.379 [restartedMain] INFO  com.chz.EduApplication - Starting EduApplication on DESKTOP-I2J9OJP with PID 12824 (D:\workspace_for_idea\谷粒学院\guli_parent\out\production\service_edu started by 82341 in D:\workspace_for_idea\谷粒学院\guli_parent)
2020-06-19 13:51:30.383 [restartedMain] INFO  com.chz.EduApplication - The following profiles are active: dev
2020-06-19 13:51:30.429 [restartedMain] INFO  o.s.b.d.env.DevToolsPropertyDefaultsPostProcessor - Devtools property defaults active! Set 'spring.devtools.add-properties' to 'false' to disable
2020-06-19 13:51:30.429 [restartedMain] INFO  o.s.b.d.env.DevToolsPropertyDefaultsPostProcessor - For additional web related logging consider setting the 'logging.level.web' property to 'DEBUG'
2020-06-19 13:51:32.322 [restartedMain] INFO  o.s.d.r.config.RepositoryConfigurationDelegate - Multiple Spring Data modules found, entering strict repository configuration mode!
2020-06-19 13:51:32.324 [restartedMain] INFO  o.s.d.r.config.RepositoryConfigurationDelegate - Bootstrapping Spring Data Redis repositories in DEFAULT mode.
2020-06-19 13:51:32.353 [restartedMain] INFO  o.s.d.r.config.RepositoryConfigurationDelegate - Finished Spring Data repository scanning in 16ms. Found 0 Redis repository interfaces.
2020-06-19 13:51:32.986 [restartedMain] INFO  o.s.boot.web.embedded.tomcat.TomcatWebServer - Tomcat initialized with port(s): 8081 (http)
2020-06-19 13:51:32.995 [restartedMain] INFO  org.apache.coyote.http11.Http11NioProtocol - Initializing ProtocolHandler ["http-nio-8081"]
2020-06-19 13:51:32.996 [restartedMain] INFO  org.apache.catalina.core.StandardService - Starting service [Tomcat]
2020-06-19 13:51:32.996 [restartedMain] INFO  org.apache.catalina.core.StandardEngine - Starting Servlet engine: [Apache Tomcat/9.0.34]
2020-06-19 13:51:33.098 [restartedMain] INFO  o.a.c.core.ContainerBase.[Tomcat].[localhost].[/] - Initializing Spring embedded WebApplicationContext
2020-06-19 13:51:33.098 [restartedMain] INFO  org.springframework.web.context.ContextLoader - Root WebApplicationContext: initialization completed in 2668 ms
2020-06-19 13:51:34.781 [restartedMain] INFO  s.d.s.w.PropertySourcedRequestMappingHandlerMapping - Mapped URL path [/v2/api-docs] onto method [springfox.documentation.swagger2.web.Swagger2Controller#getDocumentation(String, HttpServletRequest)]
2020-06-19 13:51:34.913 [restartedMain] INFO  o.s.scheduling.concurrent.ThreadPoolTaskExecutor - Initializing ExecutorService 'applicationTaskExecutor'
2020-06-19 13:51:34.952 [restartedMain] INFO  o.s.b.d.autoconfigure.OptionalLiveReloadServer - LiveReload server is running on port 35729
2020-06-19 13:51:35.387 [restartedMain] INFO  s.d.s.web.plugins.DocumentationPluginsBootstrapper - Context refreshed
2020-06-19 13:51:35.404 [restartedMain] INFO  s.d.s.web.plugins.DocumentationPluginsBootstrapper - Found 1 custom documentation plugin(s)
2020-06-19 13:51:35.437 [restartedMain] INFO  s.d.spring.web.scanners.ApiListingReferenceScanner - Scanning for api listing references
2020-06-19 13:51:35.593 [restartedMain] INFO  org.apache.coyote.http11.Http11NioProtocol - Starting ProtocolHandler ["http-nio-8081"]
2020-06-19 13:51:35.619 [restartedMain] INFO  o.s.boot.web.embedded.tomcat.TomcatWebServer - Tomcat started on port(s): 8081 (http) with context path ''
2020-06-19 13:51:35.622 [restartedMain] INFO  com.chz.EduApplication - Started EduApplication in 5.783 seconds (JVM running for 7.364)
2020-06-19 13:51:42.847 [http-nio-8081-exec-1] INFO  o.a.c.core.ContainerBase.[Tomcat].[localhost].[/] - Initializing Spring DispatcherServlet 'dispatcherServlet'
2020-06-19 13:51:42.848 [http-nio-8081-exec-1] INFO  org.springframework.web.servlet.DispatcherServlet - Initializing Servlet 'dispatcherServlet'
2020-06-19 13:51:42.860 [http-nio-8081-exec-1] INFO  org.springframework.web.servlet.DispatcherServlet - Completed initialization in 12 ms
2020-06-19 13:51:43.260 [http-nio-8081-exec-2] INFO  com.zaxxer.hikari.HikariDataSource - HikariPool - Starting...
2020-06-19 13:51:44.004 [http-nio-8081-exec-2] INFO  com.zaxxer.hikari.HikariDataSource - HikariPool - Start completed.
2020-06-19 13:53:04.739 [restartedMain] INFO  com.chz.EduApplication - Starting EduApplication on DESKTOP-I2J9OJP with PID 7588 (D:\workspace_for_idea\谷粒学院\guli_parent\out\production\service_edu started by 82341 in D:\workspace_for_idea\谷粒学院\guli_parent)
2020-06-19 13:53:04.742 [restartedMain] INFO  com.chz.EduApplication - The following profiles are active: dev
2020-06-19 13:53:04.785 [restartedMain] INFO  o.s.b.d.env.DevToolsPropertyDefaultsPostProcessor - Devtools property defaults active! Set 'spring.devtools.add-properties' to 'false' to disable
2020-06-19 13:53:04.785 [restartedMain] INFO  o.s.b.d.env.DevToolsPropertyDefaultsPostProcessor - For additional web related logging consider setting the 'logging.level.web' property to 'DEBUG'
2020-06-19 13:53:06.369 [restartedMain] INFO  o.s.d.r.config.RepositoryConfigurationDelegate - Multiple Spring Data modules found, entering strict repository configuration mode!
2020-06-19 13:53:06.372 [restartedMain] INFO  o.s.d.r.config.RepositoryConfigurationDelegate - Bootstrapping Spring Data Redis repositories in DEFAULT mode.
2020-06-19 13:53:06.401 [restartedMain] INFO  o.s.d.r.config.RepositoryConfigurationDelegate - Finished Spring Data repository scanning in 15ms. Found 0 Redis repository interfaces.
2020-06-19 13:53:07.008 [restartedMain] INFO  o.s.boot.web.embedded.tomcat.TomcatWebServer - Tomcat initialized with port(s): 8081 (http)
2020-06-19 13:53:07.018 [restartedMain] INFO  org.apache.coyote.http11.Http11NioProtocol - Initializing ProtocolHandler ["http-nio-8081"]
2020-06-19 13:53:07.019 [restartedMain] INFO  org.apache.catalina.core.StandardService - Starting service [Tomcat]
2020-06-19 13:53:07.019 [restartedMain] INFO  org.apache.catalina.core.StandardEngine - Starting Servlet engine: [Apache Tomcat/9.0.34]
2020-06-19 13:53:07.122 [restartedMain] INFO  o.a.c.core.ContainerBase.[Tomcat].[localhost].[/] - Initializing Spring embedded WebApplicationContext
2020-06-19 13:53:07.123 [restartedMain] INFO  org.springframework.web.context.ContextLoader - Root WebApplicationContext: initialization completed in 2338 ms
2020-06-19 13:53:08.670 [restartedMain] INFO  s.d.s.w.PropertySourcedRequestMappingHandlerMapping - Mapped URL path [/v2/api-docs] onto method [springfox.documentation.swagger2.web.Swagger2Controller#getDocumentation(String, HttpServletRequest)]
2020-06-19 13:53:08.808 [restartedMain] INFO  o.s.scheduling.concurrent.ThreadPoolTaskExecutor - Initializing ExecutorService 'applicationTaskExecutor'
2020-06-19 13:53:08.852 [restartedMain] INFO  o.s.b.d.autoconfigure.OptionalLiveReloadServer - LiveReload server is running on port 35729
2020-06-19 13:53:09.296 [restartedMain] INFO  s.d.s.web.plugins.DocumentationPluginsBootstrapper - Context refreshed
2020-06-19 13:53:09.312 [restartedMain] INFO  s.d.s.web.plugins.DocumentationPluginsBootstrapper - Found 1 custom documentation plugin(s)
2020-06-19 13:53:09.346 [restartedMain] INFO  s.d.spring.web.scanners.ApiListingReferenceScanner - Scanning for api listing references
2020-06-19 13:53:09.486 [restartedMain] INFO  org.apache.coyote.http11.Http11NioProtocol - Starting ProtocolHandler ["http-nio-8081"]
2020-06-19 13:53:09.508 [restartedMain] INFO  o.s.boot.web.embedded.tomcat.TomcatWebServer - Tomcat started on port(s): 8081 (http) with context path ''
2020-06-19 13:53:09.511 [restartedMain] INFO  com.chz.EduApplication - Started EduApplication in 5.314 seconds (JVM running for 6.944)
2020-06-19 13:53:18.055 [http-nio-8081-exec-1] INFO  o.a.c.core.ContainerBase.[Tomcat].[localhost].[/] - Initializing Spring DispatcherServlet 'dispatcherServlet'
2020-06-19 13:53:18.056 [http-nio-8081-exec-1] INFO  org.springframework.web.servlet.DispatcherServlet - Initializing Servlet 'dispatcherServlet'
2020-06-19 13:53:18.070 [http-nio-8081-exec-1] INFO  org.springframework.web.servlet.DispatcherServlet - Completed initialization in 13 ms
2020-06-19 13:53:18.418 [http-nio-8081-exec-2] INFO  com.zaxxer.hikari.HikariDataSource - HikariPool - Starting...
2020-06-19 13:53:19.155 [http-nio-8081-exec-2] INFO  com.zaxxer.hikari.HikariDataSource - HikariPool - Start completed.
2020-06-19 13:58:25.838 [Thread-14] INFO  o.s.scheduling.concurrent.ThreadPoolTaskExecutor - Shutting down ExecutorService 'applicationTaskExecutor'
2020-06-19 13:58:25.840 [Thread-14] INFO  com.zaxxer.hikari.HikariDataSource - HikariPool - Shutdown initiated...
2020-06-19 13:58:25.842 [Thread-14] INFO  com.zaxxer.hikari.HikariDataSource - HikariPool - Shutdown completed.
2020-06-19 13:58:26.687 [restartedMain] INFO  com.chz.EduApplication - Starting EduApplication on DESKTOP-I2J9OJP with PID 7588 (D:\workspace_for_idea\谷粒学院\guli_parent\out\production\service_edu started by 82341 in D:\workspace_for_idea\谷粒学院\guli_parent)
2020-06-19 13:58:26.688 [restartedMain] INFO  com.chz.EduApplication - The following profiles are active: dev
2020-06-19 13:58:27.071 [restartedMain] INFO  o.s.d.r.config.RepositoryConfigurationDelegate - Multiple Spring Data modules found, entering strict repository configuration mode!
2020-06-19 13:58:27.071 [restartedMain] INFO  o.s.d.r.config.RepositoryConfigurationDelegate - Bootstrapping Spring Data Redis repositories in DEFAULT mode.
2020-06-19 13:58:27.078 [restartedMain] INFO  o.s.d.r.config.RepositoryConfigurationDelegate - Finished Spring Data repository scanning in 6ms. Found 0 Redis repository interfaces.
2020-06-19 13:58:27.247 [restartedMain] INFO  o.s.boot.web.embedded.tomcat.TomcatWebServer - Tomcat initialized with port(s): 8081 (http)
2020-06-19 13:58:27.248 [restartedMain] INFO  org.apache.coyote.http11.Http11NioProtocol - Initializing ProtocolHandler ["http-nio-8081"]
2020-06-19 13:58:27.248 [restartedMain] INFO  org.apache.catalina.core.StandardService - Starting service [Tomcat]
2020-06-19 13:58:27.248 [restartedMain] INFO  org.apache.catalina.core.StandardEngine - Starting Servlet engine: [Apache Tomcat/9.0.34]
2020-06-19 13:58:27.265 [restartedMain] INFO  o.a.c.core.ContainerBase.[Tomcat].[localhost].[/] - Initializing Spring embedded WebApplicationContext
2020-06-19 13:58:27.265 [restartedMain] INFO  org.springframework.web.context.ContextLoader - Root WebApplicationContext: initialization completed in 574 ms
2020-06-19 13:58:27.983 [restartedMain] INFO  s.d.s.w.PropertySourcedRequestMappingHandlerMapping - Mapped URL path [/v2/api-docs] onto method [springfox.documentation.swagger2.web.Swagger2Controller#getDocumentation(String, HttpServletRequest)]
2020-06-19 13:58:28.027 [restartedMain] INFO  o.s.scheduling.concurrent.ThreadPoolTaskExecutor - Initializing ExecutorService 'applicationTaskExecutor'
2020-06-19 13:58:28.039 [restartedMain] INFO  o.s.b.d.autoconfigure.OptionalLiveReloadServer - LiveReload server is running on port 35729
2020-06-19 13:58:28.125 [restartedMain] INFO  s.d.s.web.plugins.DocumentationPluginsBootstrapper - Context refreshed
2020-06-19 13:58:28.126 [restartedMain] INFO  s.d.s.web.plugins.DocumentationPluginsBootstrapper - Found 1 custom documentation plugin(s)
2020-06-19 13:58:28.132 [restartedMain] INFO  s.d.spring.web.scanners.ApiListingReferenceScanner - Scanning for api listing references
2020-06-19 13:58:28.170 [restartedMain] INFO  org.apache.coyote.http11.Http11NioProtocol - Starting ProtocolHandler ["http-nio-8081"]
2020-06-19 13:58:28.175 [restartedMain] INFO  o.s.boot.web.embedded.tomcat.TomcatWebServer - Tomcat started on port(s): 8081 (http) with context path ''
2020-06-19 13:58:28.176 [restartedMain] INFO  com.chz.EduApplication - Started EduApplication in 1.548 seconds (JVM running for 325.608)
2020-06-19 13:58:28.179 [restartedMain] INFO  o.s.b.d.a.ConditionEvaluationDeltaLoggingListener - Condition evaluation unchanged
2020-06-19 14:01:07.940 [http-nio-8081-exec-1] INFO  o.a.c.core.ContainerBase.[Tomcat].[localhost].[/] - Initializing Spring DispatcherServlet 'dispatcherServlet'
2020-06-19 14:01:07.941 [http-nio-8081-exec-1] INFO  org.springframework.web.servlet.DispatcherServlet - Initializing Servlet 'dispatcherServlet'
2020-06-19 14:01:07.951 [http-nio-8081-exec-1] INFO  org.springframework.web.servlet.DispatcherServlet - Completed initialization in 10 ms
2020-06-19 14:10:21.635 [http-nio-8081-exec-6] INFO  com.zaxxer.hikari.HikariDataSource - HikariPool - Starting...
2020-06-19 14:10:21.645 [http-nio-8081-exec-6] INFO  com.zaxxer.hikari.HikariDataSource - HikariPool - Start completed.
2020-06-19 14:35:29.457 [Thread-23] INFO  o.s.scheduling.concurrent.ThreadPoolTaskExecutor - Shutting down ExecutorService 'applicationTaskExecutor'
2020-06-19 14:35:29.460 [Thread-23] INFO  com.zaxxer.hikari.HikariDataSource - HikariPool - Shutdown initiated...
2020-06-19 14:35:29.467 [Thread-23] INFO  com.zaxxer.hikari.HikariDataSource - HikariPool - Shutdown completed.
2020-06-19 14:35:30.211 [restartedMain] INFO  com.chz.EduApplication - Starting EduApplication on DESKTOP-I2J9OJP with PID 7588 (D:\workspace_for_idea\谷粒学院\guli_parent\out\production\service_edu started by 82341 in D:\workspace_for_idea\谷粒学院\guli_parent)
2020-06-19 14:35:30.211 [restartedMain] INFO  com.chz.EduApplication - The following profiles are active: dev
2020-06-19 14:35:30.522 [restartedMain] INFO  o.s.d.r.config.RepositoryConfigurationDelegate - Multiple Spring Data modules found, entering strict repository configuration mode!
2020-06-19 14:35:30.522 [restartedMain] INFO  o.s.d.r.config.RepositoryConfigurationDelegate - Bootstrapping Spring Data Redis repositories in DEFAULT mode.
2020-06-19 14:35:30.527 [restartedMain] INFO  o.s.d.r.config.RepositoryConfigurationDelegate - Finished Spring Data repository scanning in 5ms. Found 0 Redis repository interfaces.
2020-06-19 14:35:30.653 [restartedMain] INFO  o.s.boot.web.embedded.tomcat.TomcatWebServer - Tomcat initialized with port(s): 8081 (http)
2020-06-19 14:35:30.653 [restartedMain] INFO  org.apache.coyote.http11.Http11NioProtocol - Initializing ProtocolHandler ["http-nio-8081"]
2020-06-19 14:35:30.654 [restartedMain] INFO  org.apache.catalina.core.StandardService - Starting service [Tomcat]
2020-06-19 14:35:30.654 [restartedMain] INFO  org.apache.catalina.core.StandardEngine - Starting Servlet engine: [Apache Tomcat/9.0.34]
2020-06-19 14:35:30.668 [restartedMain] INFO  o.a.c.core.ContainerBase.[Tomcat].[localhost].[/] - Initializing Spring embedded WebApplicationContext
2020-06-19 14:35:30.668 [restartedMain] INFO  org.springframework.web.context.ContextLoader - Root WebApplicationContext: initialization completed in 454 ms
2020-06-19 14:35:31.388 [restartedMain] INFO  s.d.s.w.PropertySourcedRequestMappingHandlerMapping - Mapped URL path [/v2/api-docs] onto method [springfox.documentation.swagger2.web.Swagger2Controller#getDocumentation(String, HttpServletRequest)]
2020-06-19 14:35:31.443 [restartedMain] INFO  o.s.scheduling.concurrent.ThreadPoolTaskExecutor - Initializing ExecutorService 'applicationTaskExecutor'
2020-06-19 14:35:31.454 [restartedMain] INFO  o.s.b.d.autoconfigure.OptionalLiveReloadServer - LiveReload server is running on port 35729
2020-06-19 14:35:31.526 [restartedMain] INFO  s.d.s.web.plugins.DocumentationPluginsBootstrapper - Context refreshed
2020-06-19 14:35:31.527 [restartedMain] INFO  s.d.s.web.plugins.DocumentationPluginsBootstrapper - Found 1 custom documentation plugin(s)
2020-06-19 14:35:31.532 [restartedMain] INFO  s.d.spring.web.scanners.ApiListingReferenceScanner - Scanning for api listing references
2020-06-19 14:35:31.559 [restartedMain] INFO  org.apache.coyote.http11.Http11NioProtocol - Starting ProtocolHandler ["http-nio-8081"]
2020-06-19 14:35:31.562 [restartedMain] INFO  o.s.boot.web.embedded.tomcat.TomcatWebServer - Tomcat started on port(s): 8081 (http) with context path ''
2020-06-19 14:35:31.562 [restartedMain] INFO  com.chz.EduApplication - Started EduApplication in 1.396 seconds (JVM running for 2548.995)
2020-06-19 14:35:31.564 [restartedMain] INFO  o.s.b.d.a.ConditionEvaluationDeltaLoggingListener - Condition evaluation unchanged
2020-06-19 14:37:42.420 [restartedMain] INFO  com.chz.EduApplication - Starting EduApplication on DESKTOP-I2J9OJP with PID 8128 (D:\workspace_for_idea\谷粒学院\guli_parent\out\production\service_edu started by 82341 in D:\workspace_for_idea\谷粒学院\guli_parent)
2020-06-19 14:37:42.423 [restartedMain] INFO  com.chz.EduApplication - The following profiles are active: dev
2020-06-19 14:37:42.465 [restartedMain] INFO  o.s.b.d.env.DevToolsPropertyDefaultsPostProcessor - Devtools property defaults active! Set 'spring.devtools.add-properties' to 'false' to disable
2020-06-19 14:37:42.466 [restartedMain] INFO  o.s.b.d.env.DevToolsPropertyDefaultsPostProcessor - For additional web related logging consider setting the 'logging.level.web' property to 'DEBUG'
2020-06-19 14:37:43.958 [restartedMain] INFO  o.s.d.r.config.RepositoryConfigurationDelegate - Multiple Spring Data modules found, entering strict repository configuration mode!
2020-06-19 14:37:43.962 [restartedMain] INFO  o.s.d.r.config.RepositoryConfigurationDelegate - Bootstrapping Spring Data Redis repositories in DEFAULT mode.
2020-06-19 14:37:44.004 [restartedMain] INFO  o.s.d.r.config.RepositoryConfigurationDelegate - Finished Spring Data repository scanning in 25ms. Found 0 Redis repository interfaces.
2020-06-19 14:37:44.691 [restartedMain] INFO  o.s.boot.web.embedded.tomcat.TomcatWebServer - Tomcat initialized with port(s): 8081 (http)
2020-06-19 14:37:44.700 [restartedMain] INFO  org.apache.coyote.http11.Http11NioProtocol - Initializing ProtocolHandler ["http-nio-8081"]
2020-06-19 14:37:44.701 [restartedMain] INFO  org.apache.catalina.core.StandardService - Starting service [Tomcat]
2020-06-19 14:37:44.701 [restartedMain] INFO  org.apache.catalina.core.StandardEngine - Starting Servlet engine: [Apache Tomcat/9.0.34]
2020-06-19 14:37:44.800 [restartedMain] INFO  o.a.c.core.ContainerBase.[Tomcat].[localhost].[/] - Initializing Spring embedded WebApplicationContext
2020-06-19 14:37:44.801 [restartedMain] INFO  org.springframework.web.context.ContextLoader - Root WebApplicationContext: initialization completed in 2335 ms
2020-06-19 14:37:46.337 [restartedMain] INFO  s.d.s.w.PropertySourcedRequestMappingHandlerMapping - Mapped URL path [/v2/api-docs] onto method [springfox.documentation.swagger2.web.Swagger2Controller#getDocumentation(String, HttpServletRequest)]
2020-06-19 14:37:46.465 [restartedMain] INFO  o.s.scheduling.concurrent.ThreadPoolTaskExecutor - Initializing ExecutorService 'applicationTaskExecutor'
2020-06-19 14:37:46.500 [restartedMain] INFO  o.s.b.d.autoconfigure.OptionalLiveReloadServer - LiveReload server is running on port 35729
2020-06-19 14:37:46.917 [restartedMain] INFO  s.d.s.web.plugins.DocumentationPluginsBootstrapper - Context refreshed
2020-06-19 14:37:46.932 [restartedMain] INFO  s.d.s.web.plugins.DocumentationPluginsBootstrapper - Found 1 custom documentation plugin(s)
2020-06-19 14:37:46.965 [restartedMain] INFO  s.d.spring.web.scanners.ApiListingReferenceScanner - Scanning for api listing references
2020-06-19 14:37:47.114 [restartedMain] INFO  org.apache.coyote.http11.Http11NioProtocol - Starting ProtocolHandler ["http-nio-8081"]
2020-06-19 14:37:47.137 [restartedMain] INFO  o.s.boot.web.embedded.tomcat.TomcatWebServer - Tomcat started on port(s): 8081 (http) with context path ''
2020-06-19 14:37:47.140 [restartedMain] INFO  com.chz.EduApplication - Started EduApplication in 5.231 seconds (JVM running for 6.589)
2020-06-19 14:37:57.567 [http-nio-8081-exec-1] INFO  o.a.c.core.ContainerBase.[Tomcat].[localhost].[/] - Initializing Spring DispatcherServlet 'dispatcherServlet'
2020-06-19 14:37:57.567 [http-nio-8081-exec-1] INFO  org.springframework.web.servlet.DispatcherServlet - Initializing Servlet 'dispatcherServlet'
2020-06-19 14:37:57.580 [http-nio-8081-exec-1] INFO  org.springframework.web.servlet.DispatcherServlet - Completed initialization in 12 ms
2020-06-19 14:37:57.943 [http-nio-8081-exec-2] INFO  com.zaxxer.hikari.HikariDataSource - HikariPool - Starting...
2020-06-19 14:37:58.700 [http-nio-8081-exec-2] INFO  com.zaxxer.hikari.HikariDataSource - HikariPool - Start completed.
2020-06-19 14:38:06.356 [http-nio-8081-exec-3] INFO  c.c.eduservice.config.MPConfig$MyMetaObjectHandler - autoFill ===> update
2020-06-19 14:39:27.700 [Thread-13] INFO  o.s.scheduling.concurrent.ThreadPoolTaskExecutor - Shutting down ExecutorService 'applicationTaskExecutor'
2020-06-19 14:39:27.702 [Thread-13] INFO  com.zaxxer.hikari.HikariDataSource - HikariPool - Shutdown initiated...
2020-06-19 14:39:27.711 [Thread-13] INFO  com.zaxxer.hikari.HikariDataSource - HikariPool - Shutdown completed.
2020-06-19 14:39:28.610 [restartedMain] INFO  com.chz.EduApplication - Starting EduApplication on DESKTOP-I2J9OJP with PID 8128 (D:\workspace_for_idea\谷粒学院\guli_parent\out\production\service_edu started by 82341 in D:\workspace_for_idea\谷粒学院\guli_parent)
2020-06-19 14:39:28.610 [restartedMain] INFO  com.chz.EduApplication - The following profiles are active: dev
2020-06-19 14:39:29.012 [restartedMain] INFO  o.s.d.r.config.RepositoryConfigurationDelegate - Multiple Spring Data modules found, entering strict repository configuration mode!
2020-06-19 14:39:29.012 [restartedMain] INFO  o.s.d.r.config.RepositoryConfigurationDelegate - Bootstrapping Spring Data Redis repositories in DEFAULT mode.
2020-06-19 14:39:29.019 [restartedMain] INFO  o.s.d.r.config.RepositoryConfigurationDelegate - Finished Spring Data repository scanning in 6ms. Found 0 Redis repository interfaces.
2020-06-19 14:39:29.174 [restartedMain] INFO  o.s.boot.web.embedded.tomcat.TomcatWebServer - Tomcat initialized with port(s): 8081 (http)
2020-06-19 14:39:29.174 [restartedMain] INFO  org.apache.coyote.http11.Http11NioProtocol - Initializing ProtocolHandler ["http-nio-8081"]
2020-06-19 14:39:29.175 [restartedMain] INFO  org.apache.catalina.core.StandardService - Starting service [Tomcat]
2020-06-19 14:39:29.175 [restartedMain] INFO  org.apache.catalina.core.StandardEngine - Starting Servlet engine: [Apache Tomcat/9.0.34]
2020-06-19 14:39:29.193 [restartedMain] INFO  o.a.c.core.ContainerBase.[Tomcat].[localhost].[/] - Initializing Spring embedded WebApplicationContext
2020-06-19 14:39:29.194 [restartedMain] INFO  org.springframework.web.context.ContextLoader - Root WebApplicationContext: initialization completed in 581 ms
2020-06-19 14:39:29.972 [restartedMain] INFO  s.d.s.w.PropertySourcedRequestMappingHandlerMapping - Mapped URL path [/v2/api-docs] onto method [springfox.documentation.swagger2.web.Swagger2Controller#getDocumentation(String, HttpServletRequest)]
2020-06-19 14:39:30.020 [restartedMain] INFO  o.s.scheduling.concurrent.ThreadPoolTaskExecutor - Initializing ExecutorService 'applicationTaskExecutor'
2020-06-19 14:39:30.027 [restartedMain] INFO  o.s.b.d.autoconfigure.OptionalLiveReloadServer - LiveReload server is running on port 35729
2020-06-19 14:39:30.120 [restartedMain] INFO  s.d.s.web.plugins.DocumentationPluginsBootstrapper - Context refreshed
2020-06-19 14:39:30.121 [restartedMain] INFO  s.d.s.web.plugins.DocumentationPluginsBootstrapper - Found 1 custom documentation plugin(s)
2020-06-19 14:39:30.129 [restartedMain] INFO  s.d.spring.web.scanners.ApiListingReferenceScanner - Scanning for api listing references
2020-06-19 14:39:30.174 [restartedMain] INFO  org.apache.coyote.http11.Http11NioProtocol - Starting ProtocolHandler ["http-nio-8081"]
2020-06-19 14:39:30.178 [restartedMain] INFO  o.s.boot.web.embedded.tomcat.TomcatWebServer - Tomcat started on port(s): 8081 (http) with context path ''
2020-06-19 14:39:30.179 [restartedMain] INFO  com.chz.EduApplication - Started EduApplication in 1.636 seconds (JVM running for 109.627)
2020-06-19 14:39:30.181 [restartedMain] INFO  o.s.b.d.a.ConditionEvaluationDeltaLoggingListener - Condition evaluation unchanged
2020-06-19 14:39:59.623 [Thread-23] INFO  o.s.scheduling.concurrent.ThreadPoolTaskExecutor - Shutting down ExecutorService 'applicationTaskExecutor'
2020-06-19 14:40:00.474 [restartedMain] INFO  com.chz.EduApplication - Starting EduApplication on DESKTOP-I2J9OJP with PID 8128 (D:\workspace_for_idea\谷粒学院\guli_parent\out\production\service_edu started by 82341 in D:\workspace_for_idea\谷粒学院\guli_parent)
2020-06-19 14:40:00.475 [restartedMain] INFO  com.chz.EduApplication - The following profiles are active: dev
2020-06-19 14:40:00.893 [restartedMain] INFO  o.s.d.r.config.RepositoryConfigurationDelegate - Multiple Spring Data modules found, entering strict repository configuration mode!
2020-06-19 14:40:00.893 [restartedMain] INFO  o.s.d.r.config.RepositoryConfigurationDelegate - Bootstrapping Spring Data Redis repositories in DEFAULT mode.
2020-06-19 14:40:00.899 [restartedMain] INFO  o.s.d.r.config.RepositoryConfigurationDelegate - Finished Spring Data repository scanning in 5ms. Found 0 Redis repository interfaces.
2020-06-19 14:40:01.048 [restartedMain] INFO  o.s.boot.web.embedded.tomcat.TomcatWebServer - Tomcat initialized with port(s): 8081 (http)
2020-06-19 14:40:01.049 [restartedMain] INFO  org.apache.coyote.http11.Http11NioProtocol - Initializing ProtocolHandler ["http-nio-8081"]
2020-06-19 14:40:01.049 [restartedMain] INFO  org.apache.catalina.core.StandardService - Starting service [Tomcat]
2020-06-19 14:40:01.049 [restartedMain] INFO  org.apache.catalina.core.StandardEngine - Starting Servlet engine: [Apache Tomcat/9.0.34]
2020-06-19 14:40:01.062 [restartedMain] INFO  o.a.c.core.ContainerBase.[Tomcat].[localhost].[/] - Initializing Spring embedded WebApplicationContext
2020-06-19 14:40:01.062 [restartedMain] INFO  org.springframework.web.context.ContextLoader - Root WebApplicationContext: initialization completed in 585 ms
2020-06-19 14:40:01.770 [restartedMain] INFO  s.d.s.w.PropertySourcedRequestMappingHandlerMapping - Mapped URL path [/v2/api-docs] onto method [springfox.documentation.swagger2.web.Swagger2Controller#getDocumentation(String, HttpServletRequest)]
2020-06-19 14:40:01.844 [restartedMain] INFO  o.s.scheduling.concurrent.ThreadPoolTaskExecutor - Initializing ExecutorService 'applicationTaskExecutor'
2020-06-19 14:40:01.855 [restartedMain] INFO  o.s.b.d.autoconfigure.OptionalLiveReloadServer - LiveReload server is running on port 35729
2020-06-19 14:40:01.943 [restartedMain] INFO  s.d.s.web.plugins.DocumentationPluginsBootstrapper - Context refreshed
2020-06-19 14:40:01.944 [restartedMain] INFO  s.d.s.web.plugins.DocumentationPluginsBootstrapper - Found 1 custom documentation plugin(s)
2020-06-19 14:40:01.949 [restartedMain] INFO  s.d.spring.web.scanners.ApiListingReferenceScanner - Scanning for api listing references
2020-06-19 14:40:02.006 [restartedMain] INFO  org.apache.coyote.http11.Http11NioProtocol - Starting ProtocolHandler ["http-nio-8081"]
2020-06-19 14:40:02.010 [restartedMain] INFO  o.s.boot.web.embedded.tomcat.TomcatWebServer - Tomcat started on port(s): 8081 (http) with context path ''
2020-06-19 14:40:02.011 [restartedMain] INFO  com.chz.EduApplication - Started EduApplication in 1.593 seconds (JVM running for 141.46)
2020-06-19 14:40:02.013 [restartedMain] INFO  o.s.b.d.a.ConditionEvaluationDeltaLoggingListener - Condition evaluation unchanged
2020-06-19 14:44:25.895 [http-nio-8081-exec-1] INFO  o.a.c.core.ContainerBase.[Tomcat].[localhost].[/] - Initializing Spring DispatcherServlet 'dispatcherServlet'
2020-06-19 14:44:25.897 [http-nio-8081-exec-1] INFO  org.springframework.web.servlet.DispatcherServlet - Initializing Servlet 'dispatcherServlet'
2020-06-19 14:44:25.902 [http-nio-8081-exec-1] INFO  org.springframework.web.servlet.DispatcherServlet - Completed initialization in 5 ms
2020-06-19 14:44:26.119 [http-nio-8081-exec-3] INFO  com.zaxxer.hikari.HikariDataSource - HikariPool - Starting...
2020-06-19 14:44:26.132 [http-nio-8081-exec-3] INFO  com.zaxxer.hikari.HikariDataSource - HikariPool - Start completed.
2020-06-19 16:55:29.761 [restartedMain] INFO  com.chz.EduApplication - Starting EduApplication on DESKTOP-I2J9OJP with PID 17720 (D:\workspace_for_idea\谷粒学院\guli_parent\out\production\service_edu started by 82341 in D:\workspace_for_idea\谷粒学院\guli_parent)
2020-06-19 16:55:29.764 [restartedMain] INFO  com.chz.EduApplication - The following profiles are active: dev
2020-06-19 16:55:29.817 [restartedMain] INFO  o.s.b.d.env.DevToolsPropertyDefaultsPostProcessor - Devtools property defaults active! Set 'spring.devtools.add-properties' to 'false' to disable
2020-06-19 16:55:29.818 [restartedMain] INFO  o.s.b.d.env.DevToolsPropertyDefaultsPostProcessor - For additional web related logging consider setting the 'logging.level.web' property to 'DEBUG'
2020-06-19 16:55:30.772 [restartedMain] INFO  o.s.d.r.config.RepositoryConfigurationDelegate - Multiple Spring Data modules found, entering strict repository configuration mode!
2020-06-19 16:55:30.775 [restartedMain] INFO  o.s.d.r.config.RepositoryConfigurationDelegate - Bootstrapping Spring Data Redis repositories in DEFAULT mode.
2020-06-19 16:55:30.807 [restartedMain] INFO  o.s.d.r.config.RepositoryConfigurationDelegate - Finished Spring Data repository scanning in 16ms. Found 0 Redis repository interfaces.
2020-06-19 16:55:31.595 [restartedMain] INFO  o.s.boot.web.embedded.tomcat.TomcatWebServer - Tomcat initialized with port(s): 8081 (http)
2020-06-19 16:55:31.605 [restartedMain] INFO  org.apache.coyote.http11.Http11NioProtocol - Initializing ProtocolHandler ["http-nio-8081"]
2020-06-19 16:55:31.606 [restartedMain] INFO  org.apache.catalina.core.StandardService - Starting service [Tomcat]
2020-06-19 16:55:31.607 [restartedMain] INFO  org.apache.catalina.core.StandardEngine - Starting Servlet engine: [Apache Tomcat/9.0.34]
2020-06-19 16:55:31.708 [restartedMain] INFO  o.a.c.core.ContainerBase.[Tomcat].[localhost].[/] - Initializing Spring embedded WebApplicationContext
2020-06-19 16:55:31.709 [restartedMain] INFO  org.springframework.web.context.ContextLoader - Root WebApplicationContext: initialization completed in 1891 ms
2020-06-19 16:55:33.354 [restartedMain] INFO  s.d.s.w.PropertySourcedRequestMappingHandlerMapping - Mapped URL path [/v2/api-docs] onto method [springfox.documentation.swagger2.web.Swagger2Controller#getDocumentation(String, HttpServletRequest)]
