2020-07-05 22:50:12.482 [restartedMain] INFO  com.chz.EduApplication - Starting EduApplication on DESKTOP-I2J9OJP with PID 16396 (D:\workspace_for_idea\谷粒学院\guli_parent\out\production\service_edu started by 82341 in D:\workspace_for_idea\谷粒学院\guli_parent)
2020-07-05 22:50:12.487 [restartedMain] INFO  com.chz.EduApplication - The following profiles are active: dev
2020-07-05 22:50:12.528 [restartedMain] INFO  o.s.b.d.env.DevToolsPropertyDefaultsPostProcessor - Devtools property defaults active! Set 'spring.devtools.add-properties' to 'false' to disable
2020-07-05 22:50:12.528 [restartedMain] INFO  o.s.b.d.env.DevToolsPropertyDefaultsPostProcessor - For additional web related logging consider setting the 'logging.level.web' property to 'DEBUG'
2020-07-05 22:50:17.417 [restartedMain] INFO  o.s.d.r.config.RepositoryConfigurationDelegate - Multiple Spring Data modules found, entering strict repository configuration mode!
2020-07-05 22:50:17.419 [restartedMain] INFO  o.s.d.r.config.RepositoryConfigurationDelegate - Bootstrapping Spring Data Redis repositories in DEFAULT mode.
2020-07-05 22:50:17.466 [restartedMain] INFO  o.s.d.r.config.RepositoryConfigurationDelegate - Finished Spring Data repository scanning in 35ms. Found 0 Redis repository interfaces.
2020-07-05 22:50:18.051 [restartedMain] INFO  o.s.boot.web.embedded.tomcat.TomcatWebServer - Tomcat initialized with port(s): 8001 (http)
2020-07-05 22:50:18.059 [restartedMain] INFO  org.apache.coyote.http11.Http11NioProtocol - Initializing ProtocolHandler ["http-nio-8001"]
2020-07-05 22:50:18.061 [restartedMain] INFO  org.apache.catalina.core.StandardService - Starting service [Tomcat]
2020-07-05 22:50:18.061 [restartedMain] INFO  org.apache.catalina.core.StandardEngine - Starting Servlet engine: [Apache Tomcat/9.0.34]
2020-07-05 22:50:18.141 [restartedMain] INFO  o.a.c.core.ContainerBase.[Tomcat].[localhost].[/] - Initializing Spring embedded WebApplicationContext
2020-07-05 22:50:18.141 [restartedMain] INFO  org.springframework.web.context.ContextLoader - Root WebApplicationContext: initialization completed in 5613 ms
2020-07-05 22:50:20.100 [restartedMain] INFO  s.d.s.w.PropertySourcedRequestMappingHandlerMapping - Mapped URL path [/v2/api-docs] onto method [springfox.documentation.swagger2.web.Swagger2Controller#getDocumentation(String, HttpServletRequest)]
2020-07-05 22:50:20.226 [restartedMain] INFO  o.s.scheduling.concurrent.ThreadPoolTaskExecutor - Initializing ExecutorService 'applicationTaskExecutor'
2020-07-05 22:50:20.260 [restartedMain] INFO  o.s.b.d.autoconfigure.OptionalLiveReloadServer - LiveReload server is running on port 35729
2020-07-05 22:50:20.656 [restartedMain] INFO  s.d.s.web.plugins.DocumentationPluginsBootstrapper - Context refreshed
2020-07-05 22:50:20.672 [restartedMain] INFO  s.d.s.web.plugins.DocumentationPluginsBootstrapper - Found 1 custom documentation plugin(s)
2020-07-05 22:50:20.706 [restartedMain] INFO  s.d.spring.web.scanners.ApiListingReferenceScanner - Scanning for api listing references
2020-07-05 22:50:20.869 [restartedMain] INFO  org.apache.coyote.http11.Http11NioProtocol - Starting ProtocolHandler ["http-nio-8001"]
2020-07-05 22:50:20.889 [restartedMain] INFO  o.s.boot.web.embedded.tomcat.TomcatWebServer - Tomcat started on port(s): 8001 (http) with context path ''
2020-07-05 22:50:20.891 [restartedMain] INFO  com.chz.EduApplication - Started EduApplication in 9.54 seconds (JVM running for 11.726)
2020-07-05 22:52:23.244 [http-nio-8001-exec-1] INFO  o.a.c.core.ContainerBase.[Tomcat].[localhost].[/] - Initializing Spring DispatcherServlet 'dispatcherServlet'
2020-07-05 22:52:23.245 [http-nio-8001-exec-1] INFO  org.springframework.web.servlet.DispatcherServlet - Initializing Servlet 'dispatcherServlet'
2020-07-05 22:52:23.253 [http-nio-8001-exec-1] INFO  org.springframework.web.servlet.DispatcherServlet - Completed initialization in 8 ms
2020-07-05 22:52:26.728 [http-nio-8001-exec-7] INFO  com.zaxxer.hikari.HikariDataSource - HikariPool - Starting...
2020-07-05 22:52:27.852 [http-nio-8001-exec-7] INFO  com.zaxxer.hikari.HikariDataSource - HikariPool - Start completed.
2020-07-05 22:52:48.603 [http-nio-8001-exec-9] INFO  c.c.eduservice.config.MPConfig$MyMetaObjectHandler - autoFill ===> insert
2020-07-05 22:52:48.728 [http-nio-8001-exec-9] INFO  c.c.eduservice.config.MPConfig$MyMetaObjectHandler - autoFill ===> insert
2020-07-05 22:52:58.098 [http-nio-8001-exec-6] INFO  c.c.eduservice.config.MPConfig$MyMetaObjectHandler - autoFill ===> update
2020-07-05 22:55:37.588 [http-nio-8001-exec-9] INFO  c.c.eduservice.config.MPConfig$MyMetaObjectHandler - autoFill ===> insert
2020-07-05 22:55:37.746 [http-nio-8001-exec-9] INFO  c.c.eduservice.config.MPConfig$MyMetaObjectHandler - autoFill ===> insert
2020-07-05 22:55:41.364 [http-nio-8001-exec-6] INFO  c.c.eduservice.config.MPConfig$MyMetaObjectHandler - autoFill ===> update
2020-07-05 22:58:27.884 [Thread-22] INFO  o.s.scheduling.concurrent.ThreadPoolTaskExecutor - Shutting down ExecutorService 'applicationTaskExecutor'
2020-07-05 22:58:27.886 [Thread-22] INFO  com.zaxxer.hikari.HikariDataSource - HikariPool - Shutdown initiated...
2020-07-05 22:58:27.892 [Thread-22] INFO  com.zaxxer.hikari.HikariDataSource - HikariPool - Shutdown completed.
2020-07-05 22:58:28.873 [restartedMain] INFO  com.chz.EduApplication - Starting EduApplication on DESKTOP-I2J9OJP with PID 16396 (D:\workspace_for_idea\谷粒学院\guli_parent\out\production\service_edu started by 82341 in D:\workspace_for_idea\谷粒学院\guli_parent)
2020-07-05 22:58:28.873 [restartedMain] INFO  com.chz.EduApplication - The following profiles are active: dev
2020-07-05 22:58:29.226 [restartedMain] INFO  o.s.d.r.config.RepositoryConfigurationDelegate - Multiple Spring Data modules found, entering strict repository configuration mode!
2020-07-05 22:58:29.226 [restartedMain] INFO  o.s.d.r.config.RepositoryConfigurationDelegate - Bootstrapping Spring Data Redis repositories in DEFAULT mode.
2020-07-05 22:58:29.236 [restartedMain] INFO  o.s.d.r.config.RepositoryConfigurationDelegate - Finished Spring Data repository scanning in 9ms. Found 0 Redis repository interfaces.
2020-07-05 22:58:29.403 [restartedMain] INFO  o.s.boot.web.embedded.tomcat.TomcatWebServer - Tomcat initialized with port(s): 8001 (http)
2020-07-05 22:58:29.404 [restartedMain] INFO  org.apache.coyote.http11.Http11NioProtocol - Initializing ProtocolHandler ["http-nio-8001"]
2020-07-05 22:58:29.404 [restartedMain] INFO  org.apache.catalina.core.StandardService - Starting service [Tomcat]
2020-07-05 22:58:29.404 [restartedMain] INFO  org.apache.catalina.core.StandardEngine - Starting Servlet engine: [Apache Tomcat/9.0.34]
2020-07-05 22:58:29.420 [restartedMain] INFO  o.a.c.core.ContainerBase.[Tomcat].[localhost].[/] - Initializing Spring embedded WebApplicationContext
2020-07-05 22:58:29.420 [restartedMain] INFO  org.springframework.web.context.ContextLoader - Root WebApplicationContext: initialization completed in 545 ms
2020-07-05 22:58:30.335 [restartedMain] INFO  s.d.s.w.PropertySourcedRequestMappingHandlerMapping - Mapped URL path [/v2/api-docs] onto method [springfox.documentation.swagger2.web.Swagger2Controller#getDocumentation(String, HttpServletRequest)]
2020-07-05 22:58:30.382 [restartedMain] INFO  o.s.scheduling.concurrent.ThreadPoolTaskExecutor - Initializing ExecutorService 'applicationTaskExecutor'
2020-07-05 22:58:30.395 [restartedMain] INFO  o.s.b.d.autoconfigure.OptionalLiveReloadServer - LiveReload server is running on port 35729
2020-07-05 22:58:30.498 [restartedMain] INFO  s.d.s.web.plugins.DocumentationPluginsBootstrapper - Context refreshed
2020-07-05 22:58:30.499 [restartedMain] INFO  s.d.s.web.plugins.DocumentationPluginsBootstrapper - Found 1 custom documentation plugin(s)
2020-07-05 22:58:30.510 [restartedMain] INFO  s.d.spring.web.scanners.ApiListingReferenceScanner - Scanning for api listing references
2020-07-05 22:58:30.581 [restartedMain] INFO  org.apache.coyote.http11.Http11NioProtocol - Starting ProtocolHandler ["http-nio-8001"]
2020-07-05 22:58:30.584 [restartedMain] INFO  o.s.boot.web.embedded.tomcat.TomcatWebServer - Tomcat started on port(s): 8001 (http) with context path ''
2020-07-05 22:58:30.585 [restartedMain] INFO  com.chz.EduApplication - Started EduApplication in 1.749 seconds (JVM running for 501.42)
2020-07-05 22:58:30.588 [restartedMain] INFO  o.s.b.d.a.ConditionEvaluationDeltaLoggingListener - Condition evaluation unchanged
2020-07-05 23:19:32.595 [http-nio-8001-exec-1] INFO  o.a.c.core.ContainerBase.[Tomcat].[localhost].[/] - Initializing Spring DispatcherServlet 'dispatcherServlet'
2020-07-05 23:19:32.596 [http-nio-8001-exec-1] INFO  org.springframework.web.servlet.DispatcherServlet - Initializing Servlet 'dispatcherServlet'
2020-07-05 23:19:32.599 [http-nio-8001-exec-1] INFO  org.springframework.web.servlet.DispatcherServlet - Completed initialization in 3 ms
2020-07-05 23:19:32.614 [http-nio-8001-exec-1] INFO  com.zaxxer.hikari.HikariDataSource - HikariPool - Starting...
2020-07-05 23:19:32.622 [http-nio-8001-exec-1] INFO  com.zaxxer.hikari.HikariDataSource - HikariPool - Start completed.
2020-07-05 23:24:04.744 [Thread-31] INFO  o.s.scheduling.concurrent.ThreadPoolTaskExecutor - Shutting down ExecutorService 'applicationTaskExecutor'
2020-07-05 23:24:04.747 [Thread-31] INFO  com.zaxxer.hikari.HikariDataSource - HikariPool - Shutdown initiated...
2020-07-05 23:24:04.753 [Thread-31] INFO  com.zaxxer.hikari.HikariDataSource - HikariPool - Shutdown completed.
2020-07-05 23:24:05.601 [restartedMain] INFO  com.chz.EduApplication - Starting EduApplication on DESKTOP-I2J9OJP with PID 16396 (D:\workspace_for_idea\谷粒学院\guli_parent\out\production\service_edu started by 82341 in D:\workspace_for_idea\谷粒学院\guli_parent)
2020-07-05 23:24:05.601 [restartedMain] INFO  com.chz.EduApplication - The following profiles are active: dev
2020-07-05 23:24:05.973 [restartedMain] INFO  o.s.d.r.config.RepositoryConfigurationDelegate - Multiple Spring Data modules found, entering strict repository configuration mode!
2020-07-05 23:24:05.974 [restartedMain] INFO  o.s.d.r.config.RepositoryConfigurationDelegate - Bootstrapping Spring Data Redis repositories in DEFAULT mode.
2020-07-05 23:24:05.982 [restartedMain] INFO  o.s.d.r.config.RepositoryConfigurationDelegate - Finished Spring Data repository scanning in 8ms. Found 0 Redis repository interfaces.
2020-07-05 23:24:06.115 [restartedMain] INFO  o.s.boot.web.embedded.tomcat.TomcatWebServer - Tomcat initialized with port(s): 8001 (http)
2020-07-05 23:24:06.116 [restartedMain] INFO  org.apache.coyote.http11.Http11NioProtocol - Initializing ProtocolHandler ["http-nio-8001"]
2020-07-05 23:24:06.116 [restartedMain] INFO  org.apache.catalina.core.StandardService - Starting service [Tomcat]
2020-07-05 23:24:06.116 [restartedMain] INFO  org.apache.catalina.core.StandardEngine - Starting Servlet engine: [Apache Tomcat/9.0.34]
2020-07-05 23:24:06.131 [restartedMain] INFO  o.a.c.core.ContainerBase.[Tomcat].[localhost].[/] - Initializing Spring embedded WebApplicationContext
2020-07-05 23:24:06.131 [restartedMain] INFO  org.springframework.web.context.ContextLoader - Root WebApplicationContext: initialization completed in 527 ms
2020-07-05 23:24:07.076 [restartedMain] INFO  s.d.s.w.PropertySourcedRequestMappingHandlerMapping - Mapped URL path [/v2/api-docs] onto method [springfox.documentation.swagger2.web.Swagger2Controller#getDocumentation(String, HttpServletRequest)]
2020-07-05 23:24:07.138 [restartedMain] INFO  o.s.scheduling.concurrent.ThreadPoolTaskExecutor - Initializing ExecutorService 'applicationTaskExecutor'
2020-07-05 23:24:07.148 [restartedMain] INFO  o.s.b.d.autoconfigure.OptionalLiveReloadServer - LiveReload server is running on port 35729
2020-07-05 23:24:07.233 [restartedMain] INFO  s.d.s.web.plugins.DocumentationPluginsBootstrapper - Context refreshed
2020-07-05 23:24:07.234 [restartedMain] INFO  s.d.s.web.plugins.DocumentationPluginsBootstrapper - Found 1 custom documentation plugin(s)
2020-07-05 23:24:07.242 [restartedMain] INFO  s.d.spring.web.scanners.ApiListingReferenceScanner - Scanning for api listing references
2020-07-05 23:24:07.294 [restartedMain] INFO  org.apache.coyote.http11.Http11NioProtocol - Starting ProtocolHandler ["http-nio-8001"]
2020-07-05 23:24:07.297 [restartedMain] INFO  o.s.boot.web.embedded.tomcat.TomcatWebServer - Tomcat started on port(s): 8001 (http) with context path ''
2020-07-05 23:24:07.297 [restartedMain] INFO  com.chz.EduApplication - Started EduApplication in 1.739 seconds (JVM running for 2038.133)
2020-07-05 23:24:07.299 [restartedMain] INFO  o.s.b.d.a.ConditionEvaluationDeltaLoggingListener - Condition evaluation unchanged
