2020-06-25 13:26:03.820 [restartedMain] INFO  com.chz.EduApplication - Starting EduApplication on DESKTOP-I2J9OJP with PID 7088 (D:\workspace_for_idea\谷粒学院\guli_parent\out\production\service_edu started by 82341 in D:\workspace_for_idea\谷粒学院\guli_parent)
2020-06-25 13:26:03.825 [restartedMain] INFO  com.chz.EduApplication - The following profiles are active: dev
2020-06-25 13:26:03.980 [restartedMain] INFO  o.s.b.d.env.DevToolsPropertyDefaultsPostProcessor - Devtools property defaults active! Set 'spring.devtools.add-properties' to 'false' to disable
2020-06-25 13:26:03.980 [restartedMain] INFO  o.s.b.d.env.DevToolsPropertyDefaultsPostProcessor - For additional web related logging consider setting the 'logging.level.web' property to 'DEBUG'
2020-06-25 13:26:10.629 [restartedMain] INFO  o.s.d.r.config.RepositoryConfigurationDelegate - Multiple Spring Data modules found, entering strict repository configuration mode!
2020-06-25 13:26:10.642 [restartedMain] INFO  o.s.d.r.config.RepositoryConfigurationDelegate - Bootstrapping Spring Data Redis repositories in DEFAULT mode.
2020-06-25 13:26:10.777 [restartedMain] INFO  o.s.d.r.config.RepositoryConfigurationDelegate - Finished Spring Data repository scanning in 89ms. Found 0 Redis repository interfaces.
2020-06-25 13:26:12.102 [restartedMain] INFO  o.s.boot.web.embedded.tomcat.TomcatWebServer - Tomcat initialized with port(s): 8001 (http)
2020-06-25 13:26:12.121 [restartedMain] INFO  org.apache.coyote.http11.Http11NioProtocol - Initializing ProtocolHandler ["http-nio-8001"]
2020-06-25 13:26:12.123 [restartedMain] INFO  org.apache.catalina.core.StandardService - Starting service [Tomcat]
2020-06-25 13:26:12.123 [restartedMain] INFO  org.apache.catalina.core.StandardEngine - Starting Servlet engine: [Apache Tomcat/9.0.34]
2020-06-25 13:26:12.223 [restartedMain] INFO  o.a.c.core.ContainerBase.[Tomcat].[localhost].[/] - Initializing Spring embedded WebApplicationContext
2020-06-25 13:26:12.224 [restartedMain] INFO  org.springframework.web.context.ContextLoader - Root WebApplicationContext: initialization completed in 8243 ms
2020-06-25 13:26:14.646 [restartedMain] INFO  s.d.s.w.PropertySourcedRequestMappingHandlerMapping - Mapped URL path [/v2/api-docs] onto method [springfox.documentation.swagger2.web.Swagger2Controller#getDocumentation(String, HttpServletRequest)]
2020-06-25 13:26:14.895 [restartedMain] INFO  o.s.scheduling.concurrent.ThreadPoolTaskExecutor - Initializing ExecutorService 'applicationTaskExecutor'
2020-06-25 13:26:14.998 [restartedMain] INFO  o.s.b.d.autoconfigure.OptionalLiveReloadServer - LiveReload server is running on port 35729
2020-06-25 13:26:15.866 [restartedMain] INFO  s.d.s.web.plugins.DocumentationPluginsBootstrapper - Context refreshed
2020-06-25 13:26:15.907 [restartedMain] INFO  s.d.s.web.plugins.DocumentationPluginsBootstrapper - Found 1 custom documentation plugin(s)
2020-06-25 13:26:15.965 [restartedMain] INFO  s.d.spring.web.scanners.ApiListingReferenceScanner - Scanning for api listing references
2020-06-25 13:26:16.200 [restartedMain] INFO  org.apache.coyote.http11.Http11NioProtocol - Starting ProtocolHandler ["http-nio-8001"]
2020-06-25 13:26:16.231 [restartedMain] INFO  o.s.boot.web.embedded.tomcat.TomcatWebServer - Tomcat started on port(s): 8001 (http) with context path ''
2020-06-25 13:26:16.234 [restartedMain] INFO  com.chz.EduApplication - Started EduApplication in 14.83 seconds (JVM running for 17.939)
2020-06-25 13:26:28.422 [SpringContextShutdownHook] INFO  o.s.scheduling.concurrent.ThreadPoolTaskExecutor - Shutting down ExecutorService 'applicationTaskExecutor'
2020-06-25 13:35:29.354 [restartedMain] INFO  com.chz.EduApplication - Starting EduApplication on DESKTOP-I2J9OJP with PID 10828 (D:\workspace_for_idea\谷粒学院\guli_parent\out\production\service_edu started by 82341 in D:\workspace_for_idea\谷粒学院\guli_parent)
2020-06-25 13:35:29.358 [restartedMain] INFO  com.chz.EduApplication - The following profiles are active: dev
2020-06-25 13:35:29.409 [restartedMain] INFO  o.s.b.d.env.DevToolsPropertyDefaultsPostProcessor - Devtools property defaults active! Set 'spring.devtools.add-properties' to 'false' to disable
2020-06-25 13:35:29.410 [restartedMain] INFO  o.s.b.d.env.DevToolsPropertyDefaultsPostProcessor - For additional web related logging consider setting the 'logging.level.web' property to 'DEBUG'
2020-06-25 13:35:30.305 [restartedMain] INFO  o.s.d.r.config.RepositoryConfigurationDelegate - Multiple Spring Data modules found, entering strict repository configuration mode!
2020-06-25 13:35:30.306 [restartedMain] INFO  o.s.d.r.config.RepositoryConfigurationDelegate - Bootstrapping Spring Data Redis repositories in DEFAULT mode.
2020-06-25 13:35:30.342 [restartedMain] INFO  o.s.d.r.config.RepositoryConfigurationDelegate - Finished Spring Data repository scanning in 23ms. Found 0 Redis repository interfaces.
2020-06-25 13:35:30.992 [restartedMain] INFO  o.s.boot.web.embedded.tomcat.TomcatWebServer - Tomcat initialized with port(s): 8001 (http)
2020-06-25 13:35:31.002 [restartedMain] INFO  org.apache.coyote.http11.Http11NioProtocol - Initializing ProtocolHandler ["http-nio-8001"]
2020-06-25 13:35:31.003 [restartedMain] INFO  org.apache.catalina.core.StandardService - Starting service [Tomcat]
2020-06-25 13:35:31.003 [restartedMain] INFO  org.apache.catalina.core.StandardEngine - Starting Servlet engine: [Apache Tomcat/9.0.34]
2020-06-25 13:35:31.088 [restartedMain] INFO  o.a.c.core.ContainerBase.[Tomcat].[localhost].[/] - Initializing Spring embedded WebApplicationContext
2020-06-25 13:35:31.089 [restartedMain] INFO  org.springframework.web.context.ContextLoader - Root WebApplicationContext: initialization completed in 1679 ms
2020-06-25 13:35:32.912 [restartedMain] INFO  s.d.s.w.PropertySourcedRequestMappingHandlerMapping - Mapped URL path [/v2/api-docs] onto method [springfox.documentation.swagger2.web.Swagger2Controller#getDocumentation(String, HttpServletRequest)]
2020-06-25 13:35:33.070 [restartedMain] INFO  o.s.scheduling.concurrent.ThreadPoolTaskExecutor - Initializing ExecutorService 'applicationTaskExecutor'
2020-06-25 13:35:33.118 [restartedMain] INFO  o.s.b.d.autoconfigure.OptionalLiveReloadServer - LiveReload server is running on port 35729
2020-06-25 13:35:33.586 [restartedMain] INFO  s.d.s.web.plugins.DocumentationPluginsBootstrapper - Context refreshed
2020-06-25 13:35:33.602 [restartedMain] INFO  s.d.s.web.plugins.DocumentationPluginsBootstrapper - Found 1 custom documentation plugin(s)
2020-06-25 13:35:33.635 [restartedMain] INFO  s.d.spring.web.scanners.ApiListingReferenceScanner - Scanning for api listing references
2020-06-25 13:35:33.799 [restartedMain] INFO  org.apache.coyote.http11.Http11NioProtocol - Starting ProtocolHandler ["http-nio-8001"]
2020-06-25 13:35:33.812 [restartedMain] INFO  org.apache.coyote.http11.Http11NioProtocol - Pausing ProtocolHandler ["http-nio-8001"]
2020-06-25 13:35:33.813 [restartedMain] INFO  org.apache.catalina.core.StandardService - Stopping service [Tomcat]
2020-06-25 13:35:33.817 [restartedMain] INFO  org.apache.coyote.http11.Http11NioProtocol - Stopping ProtocolHandler ["http-nio-8001"]
2020-06-25 13:35:33.817 [restartedMain] INFO  org.apache.coyote.http11.Http11NioProtocol - Destroying ProtocolHandler ["http-nio-8001"]
2020-06-25 13:35:33.854 [restartedMain] INFO  o.s.b.a.l.ConditionEvaluationReportLoggingListener - 

Error starting ApplicationContext. To display the conditions report re-run your application with 'debug' enabled.
2020-06-25 13:35:33.899 [restartedMain] INFO  o.s.scheduling.concurrent.ThreadPoolTaskExecutor - Shutting down ExecutorService 'applicationTaskExecutor'
2020-06-25 13:36:01.184 [restartedMain] INFO  com.chz.EduApplication - Starting EduApplication on DESKTOP-I2J9OJP with PID 3664 (D:\workspace_for_idea\谷粒学院\guli_parent\out\production\service_edu started by 82341 in D:\workspace_for_idea\谷粒学院\guli_parent)
2020-06-25 13:36:01.187 [restartedMain] INFO  com.chz.EduApplication - The following profiles are active: dev
2020-06-25 13:36:01.233 [restartedMain] INFO  o.s.b.d.env.DevToolsPropertyDefaultsPostProcessor - Devtools property defaults active! Set 'spring.devtools.add-properties' to 'false' to disable
2020-06-25 13:36:01.233 [restartedMain] INFO  o.s.b.d.env.DevToolsPropertyDefaultsPostProcessor - For additional web related logging consider setting the 'logging.level.web' property to 'DEBUG'
2020-06-25 13:36:02.082 [restartedMain] INFO  o.s.d.r.config.RepositoryConfigurationDelegate - Multiple Spring Data modules found, entering strict repository configuration mode!
2020-06-25 13:36:02.084 [restartedMain] INFO  o.s.d.r.config.RepositoryConfigurationDelegate - Bootstrapping Spring Data Redis repositories in DEFAULT mode.
2020-06-25 13:36:02.113 [restartedMain] INFO  o.s.d.r.config.RepositoryConfigurationDelegate - Finished Spring Data repository scanning in 18ms. Found 0 Redis repository interfaces.
2020-06-25 13:36:02.800 [restartedMain] INFO  o.s.boot.web.embedded.tomcat.TomcatWebServer - Tomcat initialized with port(s): 8001 (http)
2020-06-25 13:36:02.808 [restartedMain] INFO  org.apache.coyote.http11.Http11NioProtocol - Initializing ProtocolHandler ["http-nio-8001"]
2020-06-25 13:36:02.809 [restartedMain] INFO  org.apache.catalina.core.StandardService - Starting service [Tomcat]
2020-06-25 13:36:02.809 [restartedMain] INFO  org.apache.catalina.core.StandardEngine - Starting Servlet engine: [Apache Tomcat/9.0.34]
2020-06-25 13:36:02.903 [restartedMain] INFO  o.a.c.core.ContainerBase.[Tomcat].[localhost].[/] - Initializing Spring embedded WebApplicationContext
2020-06-25 13:36:02.903 [restartedMain] INFO  org.springframework.web.context.ContextLoader - Root WebApplicationContext: initialization completed in 1669 ms
2020-06-25 13:36:04.654 [restartedMain] INFO  s.d.s.w.PropertySourcedRequestMappingHandlerMapping - Mapped URL path [/v2/api-docs] onto method [springfox.documentation.swagger2.web.Swagger2Controller#getDocumentation(String, HttpServletRequest)]
2020-06-25 13:36:04.782 [restartedMain] INFO  o.s.scheduling.concurrent.ThreadPoolTaskExecutor - Initializing ExecutorService 'applicationTaskExecutor'
2020-06-25 13:36:04.819 [restartedMain] INFO  o.s.b.d.autoconfigure.OptionalLiveReloadServer - LiveReload server is running on port 35729
2020-06-25 13:36:05.282 [restartedMain] INFO  s.d.s.web.plugins.DocumentationPluginsBootstrapper - Context refreshed
2020-06-25 13:36:05.301 [restartedMain] INFO  s.d.s.web.plugins.DocumentationPluginsBootstrapper - Found 1 custom documentation plugin(s)
2020-06-25 13:36:05.338 [restartedMain] INFO  s.d.spring.web.scanners.ApiListingReferenceScanner - Scanning for api listing references
2020-06-25 13:36:05.501 [restartedMain] INFO  org.apache.coyote.http11.Http11NioProtocol - Starting ProtocolHandler ["http-nio-8001"]
2020-06-25 13:36:05.512 [restartedMain] INFO  org.apache.coyote.http11.Http11NioProtocol - Pausing ProtocolHandler ["http-nio-8001"]
2020-06-25 13:36:05.513 [restartedMain] INFO  org.apache.catalina.core.StandardService - Stopping service [Tomcat]
2020-06-25 13:36:05.516 [restartedMain] INFO  org.apache.coyote.http11.Http11NioProtocol - Stopping ProtocolHandler ["http-nio-8001"]
2020-06-25 13:36:05.517 [restartedMain] INFO  org.apache.coyote.http11.Http11NioProtocol - Destroying ProtocolHandler ["http-nio-8001"]
2020-06-25 13:36:05.519 [restartedMain] INFO  o.s.b.a.l.ConditionEvaluationReportLoggingListener - 

Error starting ApplicationContext. To display the conditions report re-run your application with 'debug' enabled.
2020-06-25 13:36:05.543 [restartedMain] INFO  o.s.scheduling.concurrent.ThreadPoolTaskExecutor - Shutting down ExecutorService 'applicationTaskExecutor'
2020-06-25 13:38:51.553 [restartedMain] INFO  com.chz.EduApplication - Starting EduApplication on DESKTOP-I2J9OJP with PID 6520 (D:\workspace_for_idea\谷粒学院\guli_parent\out\production\service_edu started by 82341 in D:\workspace_for_idea\谷粒学院\guli_parent)
2020-06-25 13:38:51.556 [restartedMain] INFO  com.chz.EduApplication - The following profiles are active: dev
2020-06-25 13:38:51.661 [restartedMain] INFO  o.s.b.d.env.DevToolsPropertyDefaultsPostProcessor - Devtools property defaults active! Set 'spring.devtools.add-properties' to 'false' to disable
2020-06-25 13:38:51.662 [restartedMain] INFO  o.s.b.d.env.DevToolsPropertyDefaultsPostProcessor - For additional web related logging consider setting the 'logging.level.web' property to 'DEBUG'
2020-06-25 13:38:52.762 [restartedMain] INFO  o.s.d.r.config.RepositoryConfigurationDelegate - Multiple Spring Data modules found, entering strict repository configuration mode!
2020-06-25 13:38:52.763 [restartedMain] INFO  o.s.d.r.config.RepositoryConfigurationDelegate - Bootstrapping Spring Data Redis repositories in DEFAULT mode.
2020-06-25 13:38:52.794 [restartedMain] INFO  o.s.d.r.config.RepositoryConfigurationDelegate - Finished Spring Data repository scanning in 18ms. Found 0 Redis repository interfaces.
2020-06-25 13:38:53.426 [restartedMain] INFO  o.s.boot.web.embedded.tomcat.TomcatWebServer - Tomcat initialized with port(s): 8001 (http)
2020-06-25 13:38:53.434 [restartedMain] INFO  org.apache.coyote.http11.Http11NioProtocol - Initializing ProtocolHandler ["http-nio-8001"]
2020-06-25 13:38:53.435 [restartedMain] INFO  org.apache.catalina.core.StandardService - Starting service [Tomcat]
2020-06-25 13:38:53.435 [restartedMain] INFO  org.apache.catalina.core.StandardEngine - Starting Servlet engine: [Apache Tomcat/9.0.34]
2020-06-25 13:38:53.519 [restartedMain] INFO  o.a.c.core.ContainerBase.[Tomcat].[localhost].[/] - Initializing Spring embedded WebApplicationContext
2020-06-25 13:38:53.519 [restartedMain] INFO  org.springframework.web.context.ContextLoader - Root WebApplicationContext: initialization completed in 1855 ms
2020-06-25 13:38:55.304 [restartedMain] INFO  s.d.s.w.PropertySourcedRequestMappingHandlerMapping - Mapped URL path [/v2/api-docs] onto method [springfox.documentation.swagger2.web.Swagger2Controller#getDocumentation(String, HttpServletRequest)]
2020-06-25 13:38:55.445 [restartedMain] INFO  o.s.scheduling.concurrent.ThreadPoolTaskExecutor - Initializing ExecutorService 'applicationTaskExecutor'
2020-06-25 13:38:55.483 [restartedMain] INFO  o.s.b.d.autoconfigure.OptionalLiveReloadServer - LiveReload server is running on port 35729
2020-06-25 13:38:55.914 [restartedMain] INFO  s.d.s.web.plugins.DocumentationPluginsBootstrapper - Context refreshed
2020-06-25 13:38:55.930 [restartedMain] INFO  s.d.s.web.plugins.DocumentationPluginsBootstrapper - Found 1 custom documentation plugin(s)
2020-06-25 13:38:55.964 [restartedMain] INFO  s.d.spring.web.scanners.ApiListingReferenceScanner - Scanning for api listing references
2020-06-25 13:38:56.109 [restartedMain] INFO  org.apache.coyote.http11.Http11NioProtocol - Starting ProtocolHandler ["http-nio-8001"]
2020-06-25 13:38:56.132 [restartedMain] INFO  o.s.boot.web.embedded.tomcat.TomcatWebServer - Tomcat started on port(s): 8001 (http) with context path ''
2020-06-25 13:38:56.136 [restartedMain] INFO  com.chz.EduApplication - Started EduApplication in 5.185 seconds (JVM running for 6.761)
2020-06-25 13:39:41.151 [http-nio-8001-exec-1] INFO  o.a.c.core.ContainerBase.[Tomcat].[localhost].[/] - Initializing Spring DispatcherServlet 'dispatcherServlet'
2020-06-25 13:39:41.152 [http-nio-8001-exec-1] INFO  org.springframework.web.servlet.DispatcherServlet - Initializing Servlet 'dispatcherServlet'
2020-06-25 13:39:41.160 [http-nio-8001-exec-1] INFO  org.springframework.web.servlet.DispatcherServlet - Completed initialization in 8 ms
2020-06-25 13:40:28.699 [http-nio-8001-exec-7] INFO  com.zaxxer.hikari.HikariDataSource - HikariPool - Starting...
2020-06-25 13:40:29.687 [http-nio-8001-exec-7] INFO  com.zaxxer.hikari.HikariDataSource - HikariPool - Start completed.
2020-06-25 13:53:40.732 [Thread-13] INFO  o.s.scheduling.concurrent.ThreadPoolTaskExecutor - Shutting down ExecutorService 'applicationTaskExecutor'
2020-06-25 13:53:40.736 [Thread-13] INFO  com.zaxxer.hikari.HikariDataSource - HikariPool - Shutdown initiated...
2020-06-25 13:53:40.745 [Thread-13] INFO  com.zaxxer.hikari.HikariDataSource - HikariPool - Shutdown completed.
2020-06-25 13:53:41.701 [restartedMain] INFO  com.chz.EduApplication - Starting EduApplication on DESKTOP-I2J9OJP with PID 6520 (D:\workspace_for_idea\谷粒学院\guli_parent\out\production\service_edu started by 82341 in D:\workspace_for_idea\谷粒学院\guli_parent)
2020-06-25 13:53:41.701 [restartedMain] INFO  com.chz.EduApplication - The following profiles are active: dev
2020-06-25 13:53:42.158 [restartedMain] INFO  o.s.d.r.config.RepositoryConfigurationDelegate - Multiple Spring Data modules found, entering strict repository configuration mode!
2020-06-25 13:53:42.158 [restartedMain] INFO  o.s.d.r.config.RepositoryConfigurationDelegate - Bootstrapping Spring Data Redis repositories in DEFAULT mode.
2020-06-25 13:53:42.168 [restartedMain] INFO  o.s.d.r.config.RepositoryConfigurationDelegate - Finished Spring Data repository scanning in 8ms. Found 0 Redis repository interfaces.
2020-06-25 13:53:42.312 [restartedMain] INFO  o.s.boot.web.embedded.tomcat.TomcatWebServer - Tomcat initialized with port(s): 8001 (http)
2020-06-25 13:53:42.313 [restartedMain] INFO  org.apache.coyote.http11.Http11NioProtocol - Initializing ProtocolHandler ["http-nio-8001"]
2020-06-25 13:53:42.313 [restartedMain] INFO  org.apache.catalina.core.StandardService - Starting service [Tomcat]
2020-06-25 13:53:42.314 [restartedMain] INFO  org.apache.catalina.core.StandardEngine - Starting Servlet engine: [Apache Tomcat/9.0.34]
2020-06-25 13:53:42.332 [restartedMain] INFO  o.a.c.core.ContainerBase.[Tomcat].[localhost].[/] - Initializing Spring embedded WebApplicationContext
2020-06-25 13:53:42.332 [restartedMain] INFO  org.springframework.web.context.ContextLoader - Root WebApplicationContext: initialization completed in 626 ms
2020-06-25 13:53:43.259 [restartedMain] INFO  s.d.s.w.PropertySourcedRequestMappingHandlerMapping - Mapped URL path [/v2/api-docs] onto method [springfox.documentation.swagger2.web.Swagger2Controller#getDocumentation(String, HttpServletRequest)]
2020-06-25 13:53:43.311 [restartedMain] INFO  o.s.scheduling.concurrent.ThreadPoolTaskExecutor - Initializing ExecutorService 'applicationTaskExecutor'
2020-06-25 13:53:43.321 [restartedMain] INFO  o.s.b.d.autoconfigure.OptionalLiveReloadServer - LiveReload server is running on port 35729
2020-06-25 13:53:43.417 [restartedMain] INFO  s.d.s.web.plugins.DocumentationPluginsBootstrapper - Context refreshed
2020-06-25 13:53:43.418 [restartedMain] INFO  s.d.s.web.plugins.DocumentationPluginsBootstrapper - Found 1 custom documentation plugin(s)
2020-06-25 13:53:43.428 [restartedMain] INFO  s.d.spring.web.scanners.ApiListingReferenceScanner - Scanning for api listing references
2020-06-25 13:53:43.477 [restartedMain] INFO  org.apache.coyote.http11.Http11NioProtocol - Starting ProtocolHandler ["http-nio-8001"]
2020-06-25 13:53:43.482 [restartedMain] INFO  o.s.boot.web.embedded.tomcat.TomcatWebServer - Tomcat started on port(s): 8001 (http) with context path ''
2020-06-25 13:53:43.483 [restartedMain] INFO  com.chz.EduApplication - Started EduApplication in 1.834 seconds (JVM running for 894.108)
2020-06-25 13:53:43.486 [restartedMain] INFO  o.s.b.d.a.ConditionEvaluationDeltaLoggingListener - Condition evaluation unchanged
2020-06-25 13:59:38.658 [Thread-22] INFO  o.s.scheduling.concurrent.ThreadPoolTaskExecutor - Shutting down ExecutorService 'applicationTaskExecutor'
2020-06-25 13:59:39.524 [restartedMain] INFO  com.chz.EduApplication - Starting EduApplication on DESKTOP-I2J9OJP with PID 6520 (D:\workspace_for_idea\谷粒学院\guli_parent\out\production\service_edu started by 82341 in D:\workspace_for_idea\谷粒学院\guli_parent)
2020-06-25 13:59:39.524 [restartedMain] INFO  com.chz.EduApplication - The following profiles are active: dev
2020-06-25 13:59:39.943 [restartedMain] INFO  o.s.d.r.config.RepositoryConfigurationDelegate - Multiple Spring Data modules found, entering strict repository configuration mode!
2020-06-25 13:59:39.943 [restartedMain] INFO  o.s.d.r.config.RepositoryConfigurationDelegate - Bootstrapping Spring Data Redis repositories in DEFAULT mode.
2020-06-25 13:59:39.952 [restartedMain] INFO  o.s.d.r.config.RepositoryConfigurationDelegate - Finished Spring Data repository scanning in 8ms. Found 0 Redis repository interfaces.
2020-06-25 13:59:40.111 [restartedMain] INFO  o.s.boot.web.embedded.tomcat.TomcatWebServer - Tomcat initialized with port(s): 8001 (http)
2020-06-25 13:59:40.112 [restartedMain] INFO  org.apache.coyote.http11.Http11NioProtocol - Initializing ProtocolHandler ["http-nio-8001"]
2020-06-25 13:59:40.112 [restartedMain] INFO  org.apache.catalina.core.StandardService - Starting service [Tomcat]
2020-06-25 13:59:40.112 [restartedMain] INFO  org.apache.catalina.core.StandardEngine - Starting Servlet engine: [Apache Tomcat/9.0.34]
2020-06-25 13:59:40.129 [restartedMain] INFO  o.a.c.core.ContainerBase.[Tomcat].[localhost].[/] - Initializing Spring embedded WebApplicationContext
2020-06-25 13:59:40.129 [restartedMain] INFO  org.springframework.web.context.ContextLoader - Root WebApplicationContext: initialization completed in 601 ms
2020-06-25 13:59:41.057 [restartedMain] INFO  s.d.s.w.PropertySourcedRequestMappingHandlerMapping - Mapped URL path [/v2/api-docs] onto method [springfox.documentation.swagger2.web.Swagger2Controller#getDocumentation(String, HttpServletRequest)]
2020-06-25 13:59:41.125 [restartedMain] INFO  o.s.scheduling.concurrent.ThreadPoolTaskExecutor - Initializing ExecutorService 'applicationTaskExecutor'
2020-06-25 13:59:41.136 [restartedMain] INFO  o.s.b.d.autoconfigure.OptionalLiveReloadServer - LiveReload server is running on port 35729
2020-06-25 13:59:41.257 [restartedMain] INFO  s.d.s.web.plugins.DocumentationPluginsBootstrapper - Context refreshed
2020-06-25 13:59:41.258 [restartedMain] INFO  s.d.s.web.plugins.DocumentationPluginsBootstrapper - Found 1 custom documentation plugin(s)
2020-06-25 13:59:41.266 [restartedMain] INFO  s.d.spring.web.scanners.ApiListingReferenceScanner - Scanning for api listing references
2020-06-25 13:59:41.317 [restartedMain] INFO  org.apache.coyote.http11.Http11NioProtocol - Starting ProtocolHandler ["http-nio-8001"]
2020-06-25 13:59:41.323 [restartedMain] INFO  o.s.boot.web.embedded.tomcat.TomcatWebServer - Tomcat started on port(s): 8001 (http) with context path ''
2020-06-25 13:59:41.324 [restartedMain] INFO  com.chz.EduApplication - Started EduApplication in 1.86 seconds (JVM running for 1251.949)
2020-06-25 13:59:41.327 [restartedMain] INFO  o.s.b.d.a.ConditionEvaluationDeltaLoggingListener - Condition evaluation unchanged
2020-06-25 14:03:42.076 [http-nio-8001-exec-1] INFO  o.a.c.core.ContainerBase.[Tomcat].[localhost].[/] - Initializing Spring DispatcherServlet 'dispatcherServlet'
2020-06-25 14:03:42.078 [http-nio-8001-exec-1] INFO  org.springframework.web.servlet.DispatcherServlet - Initializing Servlet 'dispatcherServlet'
2020-06-25 14:03:42.086 [http-nio-8001-exec-1] INFO  org.springframework.web.servlet.DispatcherServlet - Completed initialization in 6 ms
2020-06-25 14:03:42.100 [http-nio-8001-exec-1] INFO  com.zaxxer.hikari.HikariDataSource - HikariPool - Starting...
2020-06-25 14:03:42.115 [http-nio-8001-exec-1] INFO  com.zaxxer.hikari.HikariDataSource - HikariPool - Start completed.
2020-06-25 14:41:38.206 [http-nio-8001-exec-1] INFO  c.c.eduservice.config.MPConfig$MyMetaObjectHandler - autoFill ===> insert
2020-06-25 14:41:38.723 [http-nio-8001-exec-1] INFO  c.c.eduservice.config.MPConfig$MyMetaObjectHandler - autoFill ===> insert
2020-06-25 14:50:29.893 [http-nio-8001-exec-9] INFO  c.c.eduservice.config.MPConfig$MyMetaObjectHandler - autoFill ===> insert
2020-06-25 14:50:30.254 [http-nio-8001-exec-9] INFO  c.c.eduservice.config.MPConfig$MyMetaObjectHandler - autoFill ===> insert
2020-06-25 14:59:22.207 [http-nio-8001-exec-6] INFO  c.c.eduservice.config.MPConfig$MyMetaObjectHandler - autoFill ===> insert
2020-06-25 14:59:22.311 [http-nio-8001-exec-6] INFO  c.c.eduservice.config.MPConfig$MyMetaObjectHandler - autoFill ===> insert
2020-06-25 15:01:22.833 [http-nio-8001-exec-9] INFO  c.c.eduservice.config.MPConfig$MyMetaObjectHandler - autoFill ===> insert
2020-06-25 15:01:22.926 [http-nio-8001-exec-9] INFO  c.c.eduservice.config.MPConfig$MyMetaObjectHandler - autoFill ===> insert
2020-06-25 17:09:05.284 [http-nio-8001-exec-9] INFO  c.c.eduservice.config.MPConfig$MyMetaObjectHandler - autoFill ===> insert
2020-06-25 17:09:05.417 [http-nio-8001-exec-9] INFO  c.c.eduservice.config.MPConfig$MyMetaObjectHandler - autoFill ===> insert
2020-06-25 17:09:57.070 [restartedMain] INFO  com.chz.EduApplication - Starting EduApplication on DESKTOP-I2J9OJP with PID 1052 (D:\workspace_for_idea\谷粒学院\guli_parent\out\production\service_edu started by 82341 in D:\workspace_for_idea\谷粒学院\guli_parent)
2020-06-25 17:09:57.074 [restartedMain] INFO  com.chz.EduApplication - The following profiles are active: dev
2020-06-25 17:09:57.138 [restartedMain] INFO  o.s.b.d.env.DevToolsPropertyDefaultsPostProcessor - Devtools property defaults active! Set 'spring.devtools.add-properties' to 'false' to disable
2020-06-25 17:09:57.139 [restartedMain] INFO  o.s.b.d.env.DevToolsPropertyDefaultsPostProcessor - For additional web related logging consider setting the 'logging.level.web' property to 'DEBUG'
2020-06-25 17:09:57.985 [restartedMain] INFO  o.s.d.r.config.RepositoryConfigurationDelegate - Multiple Spring Data modules found, entering strict repository configuration mode!
2020-06-25 17:09:57.987 [restartedMain] INFO  o.s.d.r.config.RepositoryConfigurationDelegate - Bootstrapping Spring Data Redis repositories in DEFAULT mode.
2020-06-25 17:09:58.018 [restartedMain] INFO  o.s.d.r.config.RepositoryConfigurationDelegate - Finished Spring Data repository scanning in 19ms. Found 0 Redis repository interfaces.
2020-06-25 17:09:58.609 [restartedMain] INFO  o.s.boot.web.embedded.tomcat.TomcatWebServer - Tomcat initialized with port(s): 8001 (http)
2020-06-25 17:09:58.619 [restartedMain] INFO  org.apache.coyote.http11.Http11NioProtocol - Initializing ProtocolHandler ["http-nio-8001"]
2020-06-25 17:09:58.620 [restartedMain] INFO  org.apache.catalina.core.StandardService - Starting service [Tomcat]
2020-06-25 17:09:58.620 [restartedMain] INFO  org.apache.catalina.core.StandardEngine - Starting Servlet engine: [Apache Tomcat/9.0.34]
2020-06-25 17:09:58.701 [restartedMain] INFO  o.a.c.core.ContainerBase.[Tomcat].[localhost].[/] - Initializing Spring embedded WebApplicationContext
2020-06-25 17:09:58.702 [restartedMain] INFO  org.springframework.web.context.ContextLoader - Root WebApplicationContext: initialization completed in 1563 ms
2020-06-25 17:10:00.412 [restartedMain] INFO  s.d.s.w.PropertySourcedRequestMappingHandlerMapping - Mapped URL path [/v2/api-docs] onto method [springfox.documentation.swagger2.web.Swagger2Controller#getDocumentation(String, HttpServletRequest)]
2020-06-25 17:10:00.540 [restartedMain] INFO  o.s.scheduling.concurrent.ThreadPoolTaskExecutor - Initializing ExecutorService 'applicationTaskExecutor'
2020-06-25 17:10:00.577 [restartedMain] INFO  o.s.b.d.autoconfigure.OptionalLiveReloadServer - LiveReload server is running on port 35729
2020-06-25 17:10:00.965 [restartedMain] INFO  s.d.s.web.plugins.DocumentationPluginsBootstrapper - Context refreshed
2020-06-25 17:10:00.981 [restartedMain] INFO  s.d.s.web.plugins.DocumentationPluginsBootstrapper - Found 1 custom documentation plugin(s)
2020-06-25 17:10:01.015 [restartedMain] INFO  s.d.spring.web.scanners.ApiListingReferenceScanner - Scanning for api listing references
2020-06-25 17:10:01.169 [restartedMain] INFO  org.apache.coyote.http11.Http11NioProtocol - Starting ProtocolHandler ["http-nio-8001"]
2020-06-25 17:10:01.189 [restartedMain] INFO  o.s.boot.web.embedded.tomcat.TomcatWebServer - Tomcat started on port(s): 8001 (http) with context path ''
2020-06-25 17:10:01.192 [restartedMain] INFO  com.chz.EduApplication - Started EduApplication in 5.041 seconds (JVM running for 7.04)
2020-06-25 17:10:13.999 [http-nio-8001-exec-2] INFO  o.a.c.core.ContainerBase.[Tomcat].[localhost].[/] - Initializing Spring DispatcherServlet 'dispatcherServlet'
2020-06-25 17:10:14.000 [http-nio-8001-exec-2] INFO  org.springframework.web.servlet.DispatcherServlet - Initializing Servlet 'dispatcherServlet'
2020-06-25 17:10:14.009 [http-nio-8001-exec-2] INFO  org.springframework.web.servlet.DispatcherServlet - Completed initialization in 8 ms
2020-06-25 17:10:14.107 [http-nio-8001-exec-2] INFO  com.zaxxer.hikari.HikariDataSource - HikariPool - Starting...
2020-06-25 17:10:14.861 [http-nio-8001-exec-2] INFO  com.zaxxer.hikari.HikariDataSource - HikariPool - Start completed.
2020-06-25 17:10:38.100 [http-nio-8001-exec-3] INFO  c.c.eduservice.config.MPConfig$MyMetaObjectHandler - autoFill ===> insert
2020-06-25 17:10:38.191 [http-nio-8001-exec-3] INFO  c.c.eduservice.config.MPConfig$MyMetaObjectHandler - autoFill ===> insert
2020-06-25 17:13:38.746 [http-nio-8001-exec-6] INFO  c.c.eduservice.config.MPConfig$MyMetaObjectHandler - autoFill ===> insert
2020-06-25 17:13:38.831 [http-nio-8001-exec-6] INFO  c.c.eduservice.config.MPConfig$MyMetaObjectHandler - autoFill ===> insert
2020-06-25 17:16:18.390 [Thread-13] INFO  o.s.scheduling.concurrent.ThreadPoolTaskExecutor - Shutting down ExecutorService 'applicationTaskExecutor'
2020-06-25 17:16:18.392 [Thread-13] INFO  com.zaxxer.hikari.HikariDataSource - HikariPool - Shutdown initiated...
2020-06-25 17:16:18.397 [Thread-13] INFO  com.zaxxer.hikari.HikariDataSource - HikariPool - Shutdown completed.
2020-06-25 17:16:19.241 [restartedMain] INFO  com.chz.EduApplication - Starting EduApplication on DESKTOP-I2J9OJP with PID 1052 (D:\workspace_for_idea\谷粒学院\guli_parent\out\production\service_edu started by 82341 in D:\workspace_for_idea\谷粒学院\guli_parent)
2020-06-25 17:16:19.241 [restartedMain] INFO  com.chz.EduApplication - The following profiles are active: dev
2020-06-25 17:16:19.614 [restartedMain] INFO  o.s.d.r.config.RepositoryConfigurationDelegate - Multiple Spring Data modules found, entering strict repository configuration mode!
2020-06-25 17:16:19.614 [restartedMain] INFO  o.s.d.r.config.RepositoryConfigurationDelegate - Bootstrapping Spring Data Redis repositories in DEFAULT mode.
2020-06-25 17:16:19.623 [restartedMain] INFO  o.s.d.r.config.RepositoryConfigurationDelegate - Finished Spring Data repository scanning in 8ms. Found 0 Redis repository interfaces.
2020-06-25 17:16:19.768 [restartedMain] INFO  o.s.boot.web.embedded.tomcat.TomcatWebServer - Tomcat initialized with port(s): 8001 (http)
2020-06-25 17:16:19.769 [restartedMain] INFO  org.apache.coyote.http11.Http11NioProtocol - Initializing ProtocolHandler ["http-nio-8001"]
2020-06-25 17:16:19.769 [restartedMain] INFO  org.apache.catalina.core.StandardService - Starting service [Tomcat]
2020-06-25 17:16:19.769 [restartedMain] INFO  org.apache.catalina.core.StandardEngine - Starting Servlet engine: [Apache Tomcat/9.0.34]
2020-06-25 17:16:19.785 [restartedMain] INFO  o.a.c.core.ContainerBase.[Tomcat].[localhost].[/] - Initializing Spring embedded WebApplicationContext
2020-06-25 17:16:19.785 [restartedMain] INFO  org.springframework.web.context.ContextLoader - Root WebApplicationContext: initialization completed in 540 ms
2020-06-25 17:16:20.587 [restartedMain] INFO  s.d.s.w.PropertySourcedRequestMappingHandlerMapping - Mapped URL path [/v2/api-docs] onto method [springfox.documentation.swagger2.web.Swagger2Controller#getDocumentation(String, HttpServletRequest)]
2020-06-25 17:16:20.628 [restartedMain] INFO  o.s.scheduling.concurrent.ThreadPoolTaskExecutor - Initializing ExecutorService 'applicationTaskExecutor'
2020-06-25 17:16:20.639 [restartedMain] INFO  o.s.b.d.autoconfigure.OptionalLiveReloadServer - LiveReload server is running on port 35729
2020-06-25 17:16:20.725 [restartedMain] INFO  s.d.s.web.plugins.DocumentationPluginsBootstrapper - Context refreshed
2020-06-25 17:16:20.726 [restartedMain] INFO  s.d.s.web.plugins.DocumentationPluginsBootstrapper - Found 1 custom documentation plugin(s)
2020-06-25 17:16:20.732 [restartedMain] INFO  s.d.spring.web.scanners.ApiListingReferenceScanner - Scanning for api listing references
2020-06-25 17:16:20.778 [restartedMain] INFO  org.apache.coyote.http11.Http11NioProtocol - Starting ProtocolHandler ["http-nio-8001"]
2020-06-25 17:16:20.782 [restartedMain] INFO  o.s.boot.web.embedded.tomcat.TomcatWebServer - Tomcat started on port(s): 8001 (http) with context path ''
2020-06-25 17:16:20.782 [restartedMain] INFO  com.chz.EduApplication - Started EduApplication in 1.602 seconds (JVM running for 386.63)
2020-06-25 17:16:20.786 [restartedMain] INFO  o.s.b.d.a.ConditionEvaluationDeltaLoggingListener - Condition evaluation unchanged
2020-06-25 17:20:20.296 [restartedMain] INFO  com.chz.EduApplication - Starting EduApplication on DESKTOP-I2J9OJP with PID 10148 (D:\workspace_for_idea\谷粒学院\guli_parent\out\production\service_edu started by 82341 in D:\workspace_for_idea\谷粒学院\guli_parent)
2020-06-25 17:20:20.299 [restartedMain] INFO  com.chz.EduApplication - The following profiles are active: dev
2020-06-25 17:20:20.347 [restartedMain] INFO  o.s.b.d.env.DevToolsPropertyDefaultsPostProcessor - Devtools property defaults active! Set 'spring.devtools.add-properties' to 'false' to disable
2020-06-25 17:20:20.348 [restartedMain] INFO  o.s.b.d.env.DevToolsPropertyDefaultsPostProcessor - For additional web related logging consider setting the 'logging.level.web' property to 'DEBUG'
2020-06-25 17:20:21.347 [restartedMain] INFO  o.s.d.r.config.RepositoryConfigurationDelegate - Multiple Spring Data modules found, entering strict repository configuration mode!
2020-06-25 17:20:21.351 [restartedMain] INFO  o.s.d.r.config.RepositoryConfigurationDelegate - Bootstrapping Spring Data Redis repositories in DEFAULT mode.
2020-06-25 17:20:21.391 [restartedMain] INFO  o.s.d.r.config.RepositoryConfigurationDelegate - Finished Spring Data repository scanning in 21ms. Found 0 Redis repository interfaces.
2020-06-25 17:20:22.124 [restartedMain] INFO  o.s.boot.web.embedded.tomcat.TomcatWebServer - Tomcat initialized with port(s): 8001 (http)
2020-06-25 17:20:22.134 [restartedMain] INFO  org.apache.coyote.http11.Http11NioProtocol - Initializing ProtocolHandler ["http-nio-8001"]
2020-06-25 17:20:22.135 [restartedMain] INFO  org.apache.catalina.core.StandardService - Starting service [Tomcat]
2020-06-25 17:20:22.135 [restartedMain] INFO  org.apache.catalina.core.StandardEngine - Starting Servlet engine: [Apache Tomcat/9.0.34]
2020-06-25 17:20:22.237 [restartedMain] INFO  o.a.c.core.ContainerBase.[Tomcat].[localhost].[/] - Initializing Spring embedded WebApplicationContext
2020-06-25 17:20:22.238 [restartedMain] INFO  org.springframework.web.context.ContextLoader - Root WebApplicationContext: initialization completed in 1890 ms
2020-06-25 17:20:24.345 [restartedMain] INFO  s.d.s.w.PropertySourcedRequestMappingHandlerMapping - Mapped URL path [/v2/api-docs] onto method [springfox.documentation.swagger2.web.Swagger2Controller#getDocumentation(String, HttpServletRequest)]
2020-06-25 17:20:24.511 [restartedMain] INFO  o.s.scheduling.concurrent.ThreadPoolTaskExecutor - Initializing ExecutorService 'applicationTaskExecutor'
2020-06-25 17:20:24.553 [restartedMain] INFO  o.s.b.d.autoconfigure.OptionalLiveReloadServer - LiveReload server is running on port 35729
2020-06-25 17:20:25.019 [restartedMain] INFO  s.d.s.web.plugins.DocumentationPluginsBootstrapper - Context refreshed
2020-06-25 17:20:25.041 [restartedMain] INFO  s.d.s.web.plugins.DocumentationPluginsBootstrapper - Found 1 custom documentation plugin(s)
2020-06-25 17:20:25.076 [restartedMain] INFO  s.d.spring.web.scanners.ApiListingReferenceScanner - Scanning for api listing references
2020-06-25 17:20:25.233 [restartedMain] INFO  org.apache.coyote.http11.Http11NioProtocol - Starting ProtocolHandler ["http-nio-8001"]
2020-06-25 17:20:25.254 [restartedMain] INFO  o.s.boot.web.embedded.tomcat.TomcatWebServer - Tomcat started on port(s): 8001 (http) with context path ''
2020-06-25 17:20:25.257 [restartedMain] INFO  com.chz.EduApplication - Started EduApplication in 5.783 seconds (JVM running for 7.294)
2020-06-25 17:20:33.542 [http-nio-8001-exec-1] INFO  o.a.c.core.ContainerBase.[Tomcat].[localhost].[/] - Initializing Spring DispatcherServlet 'dispatcherServlet'
2020-06-25 17:20:33.542 [http-nio-8001-exec-1] INFO  org.springframework.web.servlet.DispatcherServlet - Initializing Servlet 'dispatcherServlet'
2020-06-25 17:20:33.548 [http-nio-8001-exec-1] INFO  org.springframework.web.servlet.DispatcherServlet - Completed initialization in 6 ms
2020-06-25 17:20:33.666 [http-nio-8001-exec-3] INFO  com.zaxxer.hikari.HikariDataSource - HikariPool - Starting...
2020-06-25 17:20:34.399 [http-nio-8001-exec-3] INFO  com.zaxxer.hikari.HikariDataSource - HikariPool - Start completed.
2020-06-25 17:20:55.699 [http-nio-8001-exec-5] INFO  c.c.eduservice.config.MPConfig$MyMetaObjectHandler - autoFill ===> insert
2020-06-25 17:20:55.753 [http-nio-8001-exec-5] INFO  c.c.eduservice.config.MPConfig$MyMetaObjectHandler - autoFill ===> insert
2020-06-25 17:23:24.557 [restartedMain] INFO  com.chz.EduApplication - Starting EduApplication on DESKTOP-I2J9OJP with PID 11008 (D:\workspace_for_idea\谷粒学院\guli_parent\out\production\service_edu started by 82341 in D:\workspace_for_idea\谷粒学院\guli_parent)
2020-06-25 17:23:24.561 [restartedMain] INFO  com.chz.EduApplication - The following profiles are active: dev
2020-06-25 17:23:24.600 [restartedMain] INFO  o.s.b.d.env.DevToolsPropertyDefaultsPostProcessor - Devtools property defaults active! Set 'spring.devtools.add-properties' to 'false' to disable
2020-06-25 17:23:24.601 [restartedMain] INFO  o.s.b.d.env.DevToolsPropertyDefaultsPostProcessor - For additional web related logging consider setting the 'logging.level.web' property to 'DEBUG'
2020-06-25 17:23:25.427 [restartedMain] INFO  o.s.d.r.config.RepositoryConfigurationDelegate - Multiple Spring Data modules found, entering strict repository configuration mode!
2020-06-25 17:23:25.428 [restartedMain] INFO  o.s.d.r.config.RepositoryConfigurationDelegate - Bootstrapping Spring Data Redis repositories in DEFAULT mode.
2020-06-25 17:23:25.460 [restartedMain] INFO  o.s.d.r.config.RepositoryConfigurationDelegate - Finished Spring Data repository scanning in 20ms. Found 0 Redis repository interfaces.
2020-06-25 17:23:26.082 [restartedMain] INFO  o.s.boot.web.embedded.tomcat.TomcatWebServer - Tomcat initialized with port(s): 8001 (http)
2020-06-25 17:23:26.094 [restartedMain] INFO  org.apache.coyote.http11.Http11NioProtocol - Initializing ProtocolHandler ["http-nio-8001"]
2020-06-25 17:23:26.095 [restartedMain] INFO  org.apache.catalina.core.StandardService - Starting service [Tomcat]
2020-06-25 17:23:26.095 [restartedMain] INFO  org.apache.catalina.core.StandardEngine - Starting Servlet engine: [Apache Tomcat/9.0.34]
2020-06-25 17:23:26.181 [restartedMain] INFO  o.a.c.core.ContainerBase.[Tomcat].[localhost].[/] - Initializing Spring embedded WebApplicationContext
2020-06-25 17:23:26.182 [restartedMain] INFO  org.springframework.web.context.ContextLoader - Root WebApplicationContext: initialization completed in 1581 ms
2020-06-25 17:23:27.919 [restartedMain] INFO  s.d.s.w.PropertySourcedRequestMappingHandlerMapping - Mapped URL path [/v2/api-docs] onto method [springfox.documentation.swagger2.web.Swagger2Controller#getDocumentation(String, HttpServletRequest)]
2020-06-25 17:23:28.059 [restartedMain] INFO  o.s.scheduling.concurrent.ThreadPoolTaskExecutor - Initializing ExecutorService 'applicationTaskExecutor'
2020-06-25 17:23:28.096 [restartedMain] INFO  o.s.b.d.autoconfigure.OptionalLiveReloadServer - LiveReload server is running on port 35729
2020-06-25 17:23:28.521 [restartedMain] INFO  s.d.s.web.plugins.DocumentationPluginsBootstrapper - Context refreshed
2020-06-25 17:23:28.542 [restartedMain] INFO  s.d.s.web.plugins.DocumentationPluginsBootstrapper - Found 1 custom documentation plugin(s)
2020-06-25 17:23:28.574 [restartedMain] INFO  s.d.spring.web.scanners.ApiListingReferenceScanner - Scanning for api listing references
2020-06-25 17:23:28.732 [restartedMain] INFO  org.apache.coyote.http11.Http11NioProtocol - Starting ProtocolHandler ["http-nio-8001"]
2020-06-25 17:23:28.752 [restartedMain] INFO  o.s.boot.web.embedded.tomcat.TomcatWebServer - Tomcat started on port(s): 8001 (http) with context path ''
2020-06-25 17:23:28.754 [restartedMain] INFO  com.chz.EduApplication - Started EduApplication in 4.92 seconds (JVM running for 6.226)
2020-06-25 17:23:41.959 [http-nio-8001-exec-3] INFO  o.a.c.core.ContainerBase.[Tomcat].[localhost].[/] - Initializing Spring DispatcherServlet 'dispatcherServlet'
2020-06-25 17:23:41.960 [http-nio-8001-exec-3] INFO  org.springframework.web.servlet.DispatcherServlet - Initializing Servlet 'dispatcherServlet'
2020-06-25 17:23:41.969 [http-nio-8001-exec-3] INFO  org.springframework.web.servlet.DispatcherServlet - Completed initialization in 9 ms
2020-06-25 17:23:42.059 [http-nio-8001-exec-1] INFO  com.zaxxer.hikari.HikariDataSource - HikariPool - Starting...
2020-06-25 17:23:42.778 [http-nio-8001-exec-1] INFO  com.zaxxer.hikari.HikariDataSource - HikariPool - Start completed.
2020-06-25 19:47:05.594 [restartedMain] INFO  com.chz.EduApplication - Starting EduApplication on DESKTOP-I2J9OJP with PID 10492 (D:\workspace_for_idea\谷粒学院\guli_parent\out\production\service_edu started by 82341 in D:\workspace_for_idea\谷粒学院\guli_parent)
2020-06-25 19:47:05.596 [restartedMain] INFO  com.chz.EduApplication - The following profiles are active: dev
2020-06-25 19:47:05.635 [restartedMain] INFO  o.s.b.d.env.DevToolsPropertyDefaultsPostProcessor - Devtools property defaults active! Set 'spring.devtools.add-properties' to 'false' to disable
2020-06-25 19:47:05.635 [restartedMain] INFO  o.s.b.d.env.DevToolsPropertyDefaultsPostProcessor - For additional web related logging consider setting the 'logging.level.web' property to 'DEBUG'
2020-06-25 19:47:08.237 [restartedMain] INFO  o.s.d.r.config.RepositoryConfigurationDelegate - Multiple Spring Data modules found, entering strict repository configuration mode!
2020-06-25 19:47:08.239 [restartedMain] INFO  o.s.d.r.config.RepositoryConfigurationDelegate - Bootstrapping Spring Data Redis repositories in DEFAULT mode.
2020-06-25 19:47:08.266 [restartedMain] INFO  o.s.d.r.config.RepositoryConfigurationDelegate - Finished Spring Data repository scanning in 16ms. Found 0 Redis repository interfaces.
2020-06-25 19:47:08.830 [restartedMain] INFO  o.s.boot.web.embedded.tomcat.TomcatWebServer - Tomcat initialized with port(s): 8001 (http)
2020-06-25 19:47:08.838 [restartedMain] INFO  org.apache.coyote.http11.Http11NioProtocol - Initializing ProtocolHandler ["http-nio-8001"]
2020-06-25 19:47:08.839 [restartedMain] INFO  org.apache.catalina.core.StandardService - Starting service [Tomcat]
2020-06-25 19:47:08.839 [restartedMain] INFO  org.apache.catalina.core.StandardEngine - Starting Servlet engine: [Apache Tomcat/9.0.34]
2020-06-25 19:47:08.919 [restartedMain] INFO  o.a.c.core.ContainerBase.[Tomcat].[localhost].[/] - Initializing Spring embedded WebApplicationContext
2020-06-25 19:47:08.919 [restartedMain] INFO  org.springframework.web.context.ContextLoader - Root WebApplicationContext: initialization completed in 3284 ms
2020-06-25 19:47:10.579 [restartedMain] INFO  s.d.s.w.PropertySourcedRequestMappingHandlerMapping - Mapped URL path [/v2/api-docs] onto method [springfox.documentation.swagger2.web.Swagger2Controller#getDocumentation(String, HttpServletRequest)]
2020-06-25 19:47:10.707 [restartedMain] INFO  o.s.scheduling.concurrent.ThreadPoolTaskExecutor - Initializing ExecutorService 'applicationTaskExecutor'
2020-06-25 19:47:10.744 [restartedMain] INFO  o.s.b.d.autoconfigure.OptionalLiveReloadServer - LiveReload server is running on port 35729
2020-06-25 19:47:11.128 [restartedMain] INFO  s.d.s.web.plugins.DocumentationPluginsBootstrapper - Context refreshed
2020-06-25 19:47:11.143 [restartedMain] INFO  s.d.s.web.plugins.DocumentationPluginsBootstrapper - Found 1 custom documentation plugin(s)
2020-06-25 19:47:11.174 [restartedMain] INFO  s.d.spring.web.scanners.ApiListingReferenceScanner - Scanning for api listing references
2020-06-25 19:47:11.312 [restartedMain] INFO  org.apache.coyote.http11.Http11NioProtocol - Starting ProtocolHandler ["http-nio-8001"]
2020-06-25 19:47:11.332 [restartedMain] INFO  o.s.boot.web.embedded.tomcat.TomcatWebServer - Tomcat started on port(s): 8001 (http) with context path ''
2020-06-25 19:47:11.335 [restartedMain] INFO  com.chz.EduApplication - Started EduApplication in 7.713 seconds (JVM running for 10.154)
2020-06-25 19:47:46.622 [http-nio-8001-exec-1] INFO  o.a.c.core.ContainerBase.[Tomcat].[localhost].[/] - Initializing Spring DispatcherServlet 'dispatcherServlet'
2020-06-25 19:47:46.622 [http-nio-8001-exec-1] INFO  org.springframework.web.servlet.DispatcherServlet - Initializing Servlet 'dispatcherServlet'
2020-06-25 19:47:46.629 [http-nio-8001-exec-1] INFO  org.springframework.web.servlet.DispatcherServlet - Completed initialization in 7 ms
2020-06-25 20:05:10.025 [http-nio-8001-exec-10] INFO  com.zaxxer.hikari.HikariDataSource - HikariPool - Starting...
2020-06-25 20:05:10.941 [http-nio-8001-exec-10] INFO  com.zaxxer.hikari.HikariDataSource - HikariPool - Start completed.
2020-06-25 20:33:35.525 [http-nio-8001-exec-5] INFO  c.c.eduservice.config.MPConfig$MyMetaObjectHandler - autoFill ===> insert
2020-06-25 20:33:35.901 [http-nio-8001-exec-5] INFO  c.c.eduservice.config.MPConfig$MyMetaObjectHandler - autoFill ===> insert
2020-06-25 21:49:52.969 [restartedMain] INFO  com.chz.EduApplication - Starting EduApplication on DESKTOP-I2J9OJP with PID 16212 (D:\workspace_for_idea\谷粒学院\guli_parent\out\production\service_edu started by 82341 in D:\workspace_for_idea\谷粒学院\guli_parent)
2020-06-25 21:49:52.973 [restartedMain] INFO  com.chz.EduApplication - The following profiles are active: dev
2020-06-25 21:49:53.031 [restartedMain] INFO  o.s.b.d.env.DevToolsPropertyDefaultsPostProcessor - Devtools property defaults active! Set 'spring.devtools.add-properties' to 'false' to disable
2020-06-25 21:49:53.031 [restartedMain] INFO  o.s.b.d.env.DevToolsPropertyDefaultsPostProcessor - For additional web related logging consider setting the 'logging.level.web' property to 'DEBUG'
2020-06-25 21:49:56.478 [restartedMain] INFO  o.s.d.r.config.RepositoryConfigurationDelegate - Multiple Spring Data modules found, entering strict repository configuration mode!
2020-06-25 21:49:56.481 [restartedMain] INFO  o.s.d.r.config.RepositoryConfigurationDelegate - Bootstrapping Spring Data Redis repositories in DEFAULT mode.
2020-06-25 21:49:56.517 [restartedMain] INFO  o.s.d.r.config.RepositoryConfigurationDelegate - Finished Spring Data repository scanning in 22ms. Found 0 Redis repository interfaces.
2020-06-25 21:49:57.205 [restartedMain] INFO  o.s.boot.web.embedded.tomcat.TomcatWebServer - Tomcat initialized with port(s): 8001 (http)
2020-06-25 21:49:57.215 [restartedMain] INFO  org.apache.coyote.http11.Http11NioProtocol - Initializing ProtocolHandler ["http-nio-8001"]
2020-06-25 21:49:57.216 [restartedMain] INFO  org.apache.catalina.core.StandardService - Starting service [Tomcat]
2020-06-25 21:49:57.217 [restartedMain] INFO  org.apache.catalina.core.StandardEngine - Starting Servlet engine: [Apache Tomcat/9.0.34]
2020-06-25 21:49:57.309 [restartedMain] INFO  o.a.c.core.ContainerBase.[Tomcat].[localhost].[/] - Initializing Spring embedded WebApplicationContext
2020-06-25 21:49:57.309 [restartedMain] INFO  org.springframework.web.context.ContextLoader - Root WebApplicationContext: initialization completed in 4278 ms
2020-06-25 21:49:59.142 [restartedMain] INFO  s.d.s.w.PropertySourcedRequestMappingHandlerMapping - Mapped URL path [/v2/api-docs] onto method [springfox.documentation.swagger2.web.Swagger2Controller#getDocumentation(String, HttpServletRequest)]
2020-06-25 21:49:59.269 [restartedMain] INFO  o.s.scheduling.concurrent.ThreadPoolTaskExecutor - Initializing ExecutorService 'applicationTaskExecutor'
2020-06-25 21:49:59.305 [restartedMain] INFO  o.s.b.d.autoconfigure.OptionalLiveReloadServer - LiveReload server is running on port 35729
2020-06-25 21:49:59.715 [restartedMain] INFO  s.d.s.web.plugins.DocumentationPluginsBootstrapper - Context refreshed
2020-06-25 21:49:59.730 [restartedMain] INFO  s.d.s.web.plugins.DocumentationPluginsBootstrapper - Found 1 custom documentation plugin(s)
2020-06-25 21:49:59.763 [restartedMain] INFO  s.d.spring.web.scanners.ApiListingReferenceScanner - Scanning for api listing references
2020-06-25 21:49:59.912 [restartedMain] INFO  org.apache.coyote.http11.Http11NioProtocol - Starting ProtocolHandler ["http-nio-8001"]
2020-06-25 21:49:59.944 [restartedMain] INFO  o.s.boot.web.embedded.tomcat.TomcatWebServer - Tomcat started on port(s): 8001 (http) with context path ''
2020-06-25 21:49:59.947 [restartedMain] INFO  com.chz.EduApplication - Started EduApplication in 7.768 seconds (JVM running for 9.313)
2020-06-25 21:50:34.331 [http-nio-8001-exec-1] INFO  o.a.c.core.ContainerBase.[Tomcat].[localhost].[/] - Initializing Spring DispatcherServlet 'dispatcherServlet'
2020-06-25 21:50:34.332 [http-nio-8001-exec-1] INFO  org.springframework.web.servlet.DispatcherServlet - Initializing Servlet 'dispatcherServlet'
2020-06-25 21:50:34.338 [http-nio-8001-exec-1] INFO  org.springframework.web.servlet.DispatcherServlet - Completed initialization in 6 ms
2020-06-25 21:51:17.583 [http-nio-8001-exec-9] INFO  com.zaxxer.hikari.HikariDataSource - HikariPool - Starting...
2020-06-25 21:51:18.326 [http-nio-8001-exec-9] INFO  com.zaxxer.hikari.HikariDataSource - HikariPool - Start completed.
2020-06-25 21:52:04.956 [restartedMain] INFO  com.chz.EduApplication - Starting EduApplication on DESKTOP-I2J9OJP with PID 11596 (D:\workspace_for_idea\谷粒学院\guli_parent\out\production\service_edu started by 82341 in D:\workspace_for_idea\谷粒学院\guli_parent)
2020-06-25 21:52:04.959 [restartedMain] INFO  com.chz.EduApplication - The following profiles are active: dev
2020-06-25 21:52:05.011 [restartedMain] INFO  o.s.b.d.env.DevToolsPropertyDefaultsPostProcessor - Devtools property defaults active! Set 'spring.devtools.add-properties' to 'false' to disable
2020-06-25 21:52:05.011 [restartedMain] INFO  o.s.b.d.env.DevToolsPropertyDefaultsPostProcessor - For additional web related logging consider setting the 'logging.level.web' property to 'DEBUG'
2020-06-25 21:52:06.505 [restartedMain] INFO  o.s.d.r.config.RepositoryConfigurationDelegate - Multiple Spring Data modules found, entering strict repository configuration mode!
2020-06-25 21:52:06.507 [restartedMain] INFO  o.s.d.r.config.RepositoryConfigurationDelegate - Bootstrapping Spring Data Redis repositories in DEFAULT mode.
2020-06-25 21:52:06.546 [restartedMain] INFO  o.s.d.r.config.RepositoryConfigurationDelegate - Finished Spring Data repository scanning in 25ms. Found 0 Redis repository interfaces.
2020-06-25 21:52:07.140 [restartedMain] INFO  o.s.boot.web.embedded.tomcat.TomcatWebServer - Tomcat initialized with port(s): 8001 (http)
2020-06-25 21:52:07.148 [restartedMain] INFO  org.apache.coyote.http11.Http11NioProtocol - Initializing ProtocolHandler ["http-nio-8001"]
2020-06-25 21:52:07.149 [restartedMain] INFO  org.apache.catalina.core.StandardService - Starting service [Tomcat]
2020-06-25 21:52:07.150 [restartedMain] INFO  org.apache.catalina.core.StandardEngine - Starting Servlet engine: [Apache Tomcat/9.0.34]
2020-06-25 21:52:07.233 [restartedMain] INFO  o.a.c.core.ContainerBase.[Tomcat].[localhost].[/] - Initializing Spring embedded WebApplicationContext
2020-06-25 21:52:07.234 [restartedMain] INFO  org.springframework.web.context.ContextLoader - Root WebApplicationContext: initialization completed in 2223 ms
2020-06-25 21:52:08.972 [restartedMain] INFO  s.d.s.w.PropertySourcedRequestMappingHandlerMapping - Mapped URL path [/v2/api-docs] onto method [springfox.documentation.swagger2.web.Swagger2Controller#getDocumentation(String, HttpServletRequest)]
2020-06-25 21:52:09.107 [restartedMain] INFO  o.s.scheduling.concurrent.ThreadPoolTaskExecutor - Initializing ExecutorService 'applicationTaskExecutor'
2020-06-25 21:52:09.144 [restartedMain] INFO  o.s.b.d.autoconfigure.OptionalLiveReloadServer - LiveReload server is running on port 35729
2020-06-25 21:52:09.556 [restartedMain] INFO  s.d.s.web.plugins.DocumentationPluginsBootstrapper - Context refreshed
2020-06-25 21:52:09.574 [restartedMain] INFO  s.d.s.web.plugins.DocumentationPluginsBootstrapper - Found 1 custom documentation plugin(s)
2020-06-25 21:52:09.608 [restartedMain] INFO  s.d.spring.web.scanners.ApiListingReferenceScanner - Scanning for api listing references
2020-06-25 21:52:09.770 [restartedMain] INFO  org.apache.coyote.http11.Http11NioProtocol - Starting ProtocolHandler ["http-nio-8001"]
2020-06-25 21:52:09.791 [restartedMain] INFO  o.s.boot.web.embedded.tomcat.TomcatWebServer - Tomcat started on port(s): 8001 (http) with context path ''
2020-06-25 21:52:09.794 [restartedMain] INFO  com.chz.EduApplication - Started EduApplication in 5.381 seconds (JVM running for 6.665)
2020-06-25 21:52:16.024 [http-nio-8001-exec-1] INFO  o.a.c.core.ContainerBase.[Tomcat].[localhost].[/] - Initializing Spring DispatcherServlet 'dispatcherServlet'
2020-06-25 21:52:16.024 [http-nio-8001-exec-1] INFO  org.springframework.web.servlet.DispatcherServlet - Initializing Servlet 'dispatcherServlet'
2020-06-25 21:52:16.034 [http-nio-8001-exec-1] INFO  org.springframework.web.servlet.DispatcherServlet - Completed initialization in 9 ms
2020-06-25 21:52:25.018 [http-nio-8001-exec-10] INFO  com.zaxxer.hikari.HikariDataSource - HikariPool - Starting...
2020-06-25 21:52:25.765 [http-nio-8001-exec-10] INFO  com.zaxxer.hikari.HikariDataSource - HikariPool - Start completed.
2020-06-25 21:56:58.715 [restartedMain] INFO  com.chz.EduApplication - Starting EduApplication on DESKTOP-I2J9OJP with PID 7296 (D:\workspace_for_idea\谷粒学院\guli_parent\out\production\service_edu started by 82341 in D:\workspace_for_idea\谷粒学院\guli_parent)
2020-06-25 21:56:58.718 [restartedMain] INFO  com.chz.EduApplication - The following profiles are active: dev
2020-06-25 21:56:58.769 [restartedMain] INFO  o.s.b.d.env.DevToolsPropertyDefaultsPostProcessor - Devtools property defaults active! Set 'spring.devtools.add-properties' to 'false' to disable
2020-06-25 21:56:58.769 [restartedMain] INFO  o.s.b.d.env.DevToolsPropertyDefaultsPostProcessor - For additional web related logging consider setting the 'logging.level.web' property to 'DEBUG'
2020-06-25 21:57:00.331 [restartedMain] INFO  o.s.d.r.config.RepositoryConfigurationDelegate - Multiple Spring Data modules found, entering strict repository configuration mode!
2020-06-25 21:57:00.333 [restartedMain] INFO  o.s.d.r.config.RepositoryConfigurationDelegate - Bootstrapping Spring Data Redis repositories in DEFAULT mode.
2020-06-25 21:57:00.362 [restartedMain] INFO  o.s.d.r.config.RepositoryConfigurationDelegate - Finished Spring Data repository scanning in 17ms. Found 0 Redis repository interfaces.
2020-06-25 21:57:00.933 [restartedMain] INFO  o.s.boot.web.embedded.tomcat.TomcatWebServer - Tomcat initialized with port(s): 8001 (http)
2020-06-25 21:57:00.941 [restartedMain] INFO  org.apache.coyote.http11.Http11NioProtocol - Initializing ProtocolHandler ["http-nio-8001"]
2020-06-25 21:57:00.942 [restartedMain] INFO  org.apache.catalina.core.StandardService - Starting service [Tomcat]
2020-06-25 21:57:00.942 [restartedMain] INFO  org.apache.catalina.core.StandardEngine - Starting Servlet engine: [Apache Tomcat/9.0.34]
2020-06-25 21:57:01.024 [restartedMain] INFO  o.a.c.core.ContainerBase.[Tomcat].[localhost].[/] - Initializing Spring embedded WebApplicationContext
2020-06-25 21:57:01.024 [restartedMain] INFO  org.springframework.web.context.ContextLoader - Root WebApplicationContext: initialization completed in 2255 ms
2020-06-25 21:57:02.717 [restartedMain] INFO  s.d.s.w.PropertySourcedRequestMappingHandlerMapping - Mapped URL path [/v2/api-docs] onto method [springfox.documentation.swagger2.web.Swagger2Controller#getDocumentation(String, HttpServletRequest)]
2020-06-25 21:57:02.846 [restartedMain] INFO  o.s.scheduling.concurrent.ThreadPoolTaskExecutor - Initializing ExecutorService 'applicationTaskExecutor'
2020-06-25 21:57:02.885 [restartedMain] INFO  o.s.b.d.autoconfigure.OptionalLiveReloadServer - LiveReload server is running on port 35729
2020-06-25 21:57:03.299 [restartedMain] INFO  s.d.s.web.plugins.DocumentationPluginsBootstrapper - Context refreshed
2020-06-25 21:57:03.316 [restartedMain] INFO  s.d.s.web.plugins.DocumentationPluginsBootstrapper - Found 1 custom documentation plugin(s)
2020-06-25 21:57:03.347 [restartedMain] INFO  s.d.spring.web.scanners.ApiListingReferenceScanner - Scanning for api listing references
2020-06-25 21:57:03.488 [restartedMain] INFO  org.apache.coyote.http11.Http11NioProtocol - Starting ProtocolHandler ["http-nio-8001"]
2020-06-25 21:57:03.509 [restartedMain] INFO  o.s.boot.web.embedded.tomcat.TomcatWebServer - Tomcat started on port(s): 8001 (http) with context path ''
2020-06-25 21:57:03.511 [restartedMain] INFO  com.chz.EduApplication - Started EduApplication in 5.303 seconds (JVM running for 6.58)
2020-06-25 21:58:17.851 [http-nio-8001-exec-1] INFO  o.a.c.core.ContainerBase.[Tomcat].[localhost].[/] - Initializing Spring DispatcherServlet 'dispatcherServlet'
2020-06-25 21:58:17.852 [http-nio-8001-exec-1] INFO  org.springframework.web.servlet.DispatcherServlet - Initializing Servlet 'dispatcherServlet'
2020-06-25 21:58:17.860 [http-nio-8001-exec-1] INFO  org.springframework.web.servlet.DispatcherServlet - Completed initialization in 8 ms
2020-06-25 21:58:17.955 [http-nio-8001-exec-1] INFO  com.zaxxer.hikari.HikariDataSource - HikariPool - Starting...
2020-06-25 21:58:18.641 [http-nio-8001-exec-1] INFO  com.zaxxer.hikari.HikariDataSource - HikariPool - Start completed.
2020-06-25 22:04:19.937 [Thread-14] INFO  o.s.scheduling.concurrent.ThreadPoolTaskExecutor - Shutting down ExecutorService 'applicationTaskExecutor'
2020-06-25 22:04:19.941 [Thread-14] INFO  com.zaxxer.hikari.HikariDataSource - HikariPool - Shutdown initiated...
2020-06-25 22:04:19.949 [Thread-14] INFO  com.zaxxer.hikari.HikariDataSource - HikariPool - Shutdown completed.
2020-06-25 22:04:20.828 [restartedMain] INFO  com.chz.EduApplication - Starting EduApplication on DESKTOP-I2J9OJP with PID 7296 (D:\workspace_for_idea\谷粒学院\guli_parent\out\production\service_edu started by 82341 in D:\workspace_for_idea\谷粒学院\guli_parent)
2020-06-25 22:04:20.828 [restartedMain] INFO  com.chz.EduApplication - The following profiles are active: dev
2020-06-25 22:04:21.350 [restartedMain] INFO  o.s.d.r.config.RepositoryConfigurationDelegate - Multiple Spring Data modules found, entering strict repository configuration mode!
2020-06-25 22:04:21.350 [restartedMain] INFO  o.s.d.r.config.RepositoryConfigurationDelegate - Bootstrapping Spring Data Redis repositories in DEFAULT mode.
2020-06-25 22:04:21.369 [restartedMain] INFO  o.s.d.r.config.RepositoryConfigurationDelegate - Finished Spring Data repository scanning in 18ms. Found 0 Redis repository interfaces.
2020-06-25 22:04:21.520 [restartedMain] INFO  o.s.boot.web.embedded.tomcat.TomcatWebServer - Tomcat initialized with port(s): 8001 (http)
2020-06-25 22:04:21.520 [restartedMain] INFO  org.apache.coyote.http11.Http11NioProtocol - Initializing ProtocolHandler ["http-nio-8001"]
2020-06-25 22:04:21.521 [restartedMain] INFO  org.apache.catalina.core.StandardService - Starting service [Tomcat]
2020-06-25 22:04:21.521 [restartedMain] INFO  org.apache.catalina.core.StandardEngine - Starting Servlet engine: [Apache Tomcat/9.0.34]
2020-06-25 22:04:21.537 [restartedMain] INFO  o.a.c.core.ContainerBase.[Tomcat].[localhost].[/] - Initializing Spring embedded WebApplicationContext
2020-06-25 22:04:21.538 [restartedMain] INFO  org.springframework.web.context.ContextLoader - Root WebApplicationContext: initialization completed in 706 ms
2020-06-25 22:04:21.554 [restartedMain] INFO  org.apache.catalina.core.StandardService - Stopping service [Tomcat]
2020-06-25 22:04:21.564 [restartedMain] INFO  o.s.b.a.l.ConditionEvaluationReportLoggingListener - 

Error starting ApplicationContext. To display the conditions report re-run your application with 'debug' enabled.
2020-06-25 22:05:46.157 [restartedMain] INFO  com.chz.EduApplication - Starting EduApplication on DESKTOP-I2J9OJP with PID 14280 (D:\workspace_for_idea\谷粒学院\guli_parent\out\production\service_edu started by 82341 in D:\workspace_for_idea\谷粒学院\guli_parent)
2020-06-25 22:05:46.263 [restartedMain] INFO  com.chz.EduApplication - The following profiles are active: dev
2020-06-25 22:05:46.309 [restartedMain] INFO  o.s.b.d.env.DevToolsPropertyDefaultsPostProcessor - Devtools property defaults active! Set 'spring.devtools.add-properties' to 'false' to disable
2020-06-25 22:05:46.310 [restartedMain] INFO  o.s.b.d.env.DevToolsPropertyDefaultsPostProcessor - For additional web related logging consider setting the 'logging.level.web' property to 'DEBUG'
2020-06-25 22:05:47.499 [restartedMain] INFO  o.s.d.r.config.RepositoryConfigurationDelegate - Multiple Spring Data modules found, entering strict repository configuration mode!
2020-06-25 22:05:47.502 [restartedMain] INFO  o.s.d.r.config.RepositoryConfigurationDelegate - Bootstrapping Spring Data Redis repositories in DEFAULT mode.
2020-06-25 22:05:47.560 [restartedMain] INFO  o.s.d.r.config.RepositoryConfigurationDelegate - Finished Spring Data repository scanning in 36ms. Found 0 Redis repository interfaces.
2020-06-25 22:05:48.385 [restartedMain] INFO  o.s.boot.web.embedded.tomcat.TomcatWebServer - Tomcat initialized with port(s): 8001 (http)
2020-06-25 22:05:48.395 [restartedMain] INFO  org.apache.coyote.http11.Http11NioProtocol - Initializing ProtocolHandler ["http-nio-8001"]
2020-06-25 22:05:48.396 [restartedMain] INFO  org.apache.catalina.core.StandardService - Starting service [Tomcat]
2020-06-25 22:05:48.397 [restartedMain] INFO  org.apache.catalina.core.StandardEngine - Starting Servlet engine: [Apache Tomcat/9.0.34]
2020-06-25 22:05:48.504 [restartedMain] INFO  o.a.c.core.ContainerBase.[Tomcat].[localhost].[/] - Initializing Spring embedded WebApplicationContext
2020-06-25 22:05:48.505 [restartedMain] INFO  org.springframework.web.context.ContextLoader - Root WebApplicationContext: initialization completed in 2195 ms
2020-06-25 22:05:50.701 [restartedMain] INFO  s.d.s.w.PropertySourcedRequestMappingHandlerMapping - Mapped URL path [/v2/api-docs] onto method [springfox.documentation.swagger2.web.Swagger2Controller#getDocumentation(String, HttpServletRequest)]
2020-06-25 22:05:50.872 [restartedMain] INFO  o.s.scheduling.concurrent.ThreadPoolTaskExecutor - Initializing ExecutorService 'applicationTaskExecutor'
2020-06-25 22:05:50.919 [restartedMain] INFO  o.s.b.d.autoconfigure.OptionalLiveReloadServer - LiveReload server is running on port 35729
2020-06-25 22:05:51.477 [restartedMain] INFO  s.d.s.web.plugins.DocumentationPluginsBootstrapper - Context refreshed
2020-06-25 22:05:51.501 [restartedMain] INFO  s.d.s.web.plugins.DocumentationPluginsBootstrapper - Found 1 custom documentation plugin(s)
2020-06-25 22:05:51.544 [restartedMain] INFO  s.d.spring.web.scanners.ApiListingReferenceScanner - Scanning for api listing references
2020-06-25 22:05:51.751 [restartedMain] INFO  org.apache.coyote.http11.Http11NioProtocol - Starting ProtocolHandler ["http-nio-8001"]
2020-06-25 22:05:51.785 [restartedMain] INFO  o.s.boot.web.embedded.tomcat.TomcatWebServer - Tomcat started on port(s): 8001 (http) with context path ''
2020-06-25 22:05:51.789 [restartedMain] INFO  com.chz.EduApplication - Started EduApplication in 6.498 seconds (JVM running for 8.089)
