2020-12-23 16:35:09,535 INFO notifyConnectTimeout:200

2020-12-23 16:35:09,556 INFO notifySocketTimeout:8000

2020-12-23 16:35:09,556 INFO isHealthCheck:true

2020-12-23 16:35:09,556 INFO maxHealthCheckFailCount:12

2020-12-23 16:35:09,556 INFO maxContent:10485760

2020-12-23 16:35:17,605 INFO use local db service for init

2020-12-23 16:35:19,793 WARN Lexical error at line 4, column 66.  Encountered: <EOF> after : "".

2020-12-23 16:35:19,816 WARN Syntax error: Encountered "*" at line 1, column 1.

2020-12-23 16:35:19,980 WARN Table/View 'CONFIG_INFO' already exists in Schema 'NACOS'.

2020-12-23 16:35:20,250 WARN Table/View 'HIS_CONFIG_INFO' already exists in Schema 'NACOS'.

2020-12-23 16:35:20,361 WARN Table/View 'CONFIG_INFO_BETA' already exists in Schema 'NACOS'.

2020-12-23 16:35:20,460 WARN Table/View 'CONFIG_INFO_TAG' already exists in Schema 'NACOS'.

2020-12-23 16:35:20,527 WARN Table/View 'CONFIG_INFO_AGGR' already exists in Schema 'NACOS'.

2020-12-23 16:35:20,605 WARN Table/View 'APP_LIST' already exists in Schema 'NACOS'.

2020-12-23 16:35:20,683 WARN Table/View 'APP_CONFIGDATA_RELATION_SUBS' already exists in Schema 'NACOS'.

2020-12-23 16:35:20,749 WARN Table/View 'APP_CONFIGDATA_RELATION_PUBS' already exists in Schema 'NACOS'.

2020-12-23 16:35:20,895 WARN Table/View 'CONFIG_TAGS_RELATION' already exists in Schema 'NACOS'.

2020-12-23 16:35:21,002 WARN Table/View 'GROUP_CAPACITY' already exists in Schema 'NACOS'.

2020-12-23 16:35:21,083 WARN Table/View 'TENANT_CAPACITY' already exists in Schema 'NACOS'.

2020-12-23 16:35:21,160 WARN Table/View 'TENANT_INFO' already exists in Schema 'NACOS'.

2020-12-23 16:35:21,261 WARN Table/View 'USERS' already exists in Schema 'NACOS'.

2020-12-23 16:35:21,339 WARN Table/View 'ROLES' already exists in Schema 'NACOS'.

2020-12-23 16:35:21,427 WARN Table/View 'PERMISSIONS' already exists in Schema 'NACOS'.

2020-12-23 16:35:21,551 WARN The statement was aborted because it would have caused a duplicate key value in a unique or primary key constraint or unique index identified by 'SQL200718191640620' defined on 'USERS'.

2020-12-23 16:35:21,567 WARN The statement was aborted because it would have caused a duplicate key value in a unique or primary key constraint or unique index identified by 'UK_USERNAME_ROLE' defined on 'ROLES'.

2020-12-23 16:35:21,567 INFO use StandaloneDatabaseOperateImpl

2020-12-23 16:35:24,725 WARN DumpService start

2020-12-23 16:35:24,740 INFO start clear all config-info.

2020-12-23 16:35:24,792 WARN clear all config-info failed.

2020-12-23 16:35:24,793 WARN clear all config-info-tenant failed.

2020-12-23 16:35:24,942 INFO start clear all config-info-beta.

2020-12-23 16:35:24,942 WARN clear all config-info-beta failed.

2020-12-23 16:35:24,942 WARN clear all config-info-beta-tenant failed.

2020-12-23 16:35:25,087 INFO start clear all config-info-tag.

2020-12-23 16:35:25,087 WARN clear all config-info-tag failed.

2020-12-23 16:35:25,088 WARN clear all config-info-tag-tenant failed.

2020-12-23 17:01:49,269 INFO notifyConnectTimeout:200

2020-12-23 17:01:49,273 INFO notifySocketTimeout:8000

2020-12-23 17:01:49,273 INFO isHealthCheck:true

2020-12-23 17:01:49,274 INFO maxHealthCheckFailCount:12

2020-12-23 17:01:49,274 INFO maxContent:10485760

2020-12-23 17:01:54,220 INFO use local db service for init

2020-12-23 17:01:55,342 WARN Lexical error at line 4, column 66.  Encountered: <EOF> after : "".

2020-12-23 17:01:55,377 WARN Syntax error: Encountered "*" at line 1, column 1.

2020-12-23 17:01:55,541 WARN Table/View 'CONFIG_INFO' already exists in Schema 'NACOS'.

2020-12-23 17:01:55,697 WARN Table/View 'HIS_CONFIG_INFO' already exists in Schema 'NACOS'.

2020-12-23 17:01:55,785 WARN Table/View 'CONFIG_INFO_BETA' already exists in Schema 'NACOS'.

2020-12-23 17:01:55,852 WARN Table/View 'CONFIG_INFO_TAG' already exists in Schema 'NACOS'.

2020-12-23 17:01:55,930 WARN Table/View 'CONFIG_INFO_AGGR' already exists in Schema 'NACOS'.

2020-12-23 17:01:56,039 WARN Table/View 'APP_LIST' already exists in Schema 'NACOS'.

2020-12-23 17:01:56,163 WARN Table/View 'APP_CONFIGDATA_RELATION_SUBS' already exists in Schema 'NACOS'.

2020-12-23 17:01:56,252 WARN Table/View 'APP_CONFIGDATA_RELATION_PUBS' already exists in Schema 'NACOS'.

2020-12-23 17:01:56,361 WARN Table/View 'CONFIG_TAGS_RELATION' already exists in Schema 'NACOS'.

2020-12-23 17:01:56,441 WARN Table/View 'GROUP_CAPACITY' already exists in Schema 'NACOS'.

2020-12-23 17:01:56,507 WARN Table/View 'TENANT_CAPACITY' already exists in Schema 'NACOS'.

2020-12-23 17:01:56,596 WARN Table/View 'TENANT_INFO' already exists in Schema 'NACOS'.

2020-12-23 17:01:56,674 WARN Table/View 'USERS' already exists in Schema 'NACOS'.

2020-12-23 17:01:57,229 WARN Table/View 'ROLES' already exists in Schema 'NACOS'.

2020-12-23 17:01:57,721 WARN Table/View 'PERMISSIONS' already exists in Schema 'NACOS'.

2020-12-23 17:01:58,345 WARN The statement was aborted because it would have caused a duplicate key value in a unique or primary key constraint or unique index identified by 'SQL200718191640620' defined on 'USERS'.

2020-12-23 17:01:58,506 WARN The statement was aborted because it would have caused a duplicate key value in a unique or primary key constraint or unique index identified by 'UK_USERNAME_ROLE' defined on 'ROLES'.

2020-12-23 17:01:58,506 INFO use StandaloneDatabaseOperateImpl

2020-12-23 17:02:00,503 WARN DumpService start

2020-12-23 17:02:00,505 INFO start clear all config-info.

2020-12-23 17:02:00,511 WARN clear all config-info failed.

2020-12-23 17:02:00,512 WARN clear all config-info-tenant failed.

2020-12-23 17:02:00,577 INFO start clear all config-info-beta.

2020-12-23 17:02:00,577 WARN clear all config-info-beta failed.

2020-12-23 17:02:00,577 WARN clear all config-info-beta-tenant failed.

2020-12-23 17:02:00,689 INFO start clear all config-info-tag.

2020-12-23 17:02:00,689 WARN clear all config-info-tag failed.

2020-12-23 17:02:00,689 WARN clear all config-info-tag-tenant failed.

