2020-12-23 16:35:09,573 INFO Starting Nacos v1.3.1 on bash with PID 12004 (D:\workspace_for_idea\谷粒学院\nacos-server-1.3.1\nacos\target\nacos-server.jar started by 82341 in D:\workspace_for_idea\谷粒学院\nacos-server-1.3.1\nacos\bin)

2020-12-23 16:35:09,577 INFO The following profiles are active: standalone

2020-12-23 16:35:14,965 INFO Bean 'org.springframework.security.config.annotation.configuration.ObjectPostProcessorConfiguration' of type [org.springframework.security.config.annotation.configuration.ObjectPostProcessorConfiguration$$EnhancerBySpringCGLIB$$bbd95b58] is not eligible for getting processed by all BeanPostProcessors (for example: not eligible for auto-proxying)

2020-12-23 16:35:15,159 INFO Bean 'objectPostProcessor' of type [org.springframework.security.config.annotation.configuration.AutowireBeanFactoryObjectPostProcessor] is not eligible for getting processed by all BeanPostProcessors (for example: not eligible for auto-proxying)

2020-12-23 16:35:15,163 INFO Bean 'org.springframework.security.access.expression.method.DefaultMethodSecurityExpressionHandler@2e77b8cf' of type [org.springframework.security.access.expression.method.DefaultMethodSecurityExpressionHandler] is not eligible for getting processed by all BeanPostProcessors (for example: not eligible for auto-proxying)

2020-12-23 16:35:15,166 INFO Bean 'org.springframework.security.config.annotation.method.configuration.GlobalMethodSecurityConfiguration' of type [org.springframework.security.config.annotation.method.configuration.GlobalMethodSecurityConfiguration$$EnhancerBySpringCGLIB$$e0adfe0a] is not eligible for getting processed by all BeanPostProcessors (for example: not eligible for auto-proxying)

2020-12-23 16:35:15,171 INFO Bean 'methodSecurityMetadataSource' of type [org.springframework.security.access.method.DelegatingMethodSecurityMetadataSource] is not eligible for getting processed by all BeanPostProcessors (for example: not eligible for auto-proxying)

2020-12-23 16:35:16,657 INFO Tomcat initialized with port(s): 8848 (http)

2020-12-23 16:35:16,764 INFO Starting service [Tomcat]

2020-12-23 16:35:16,766 INFO Starting Servlet Engine: Apache Tomcat/9.0.13

2020-12-23 16:35:16,790 INFO The APR based Apache Tomcat Native library which allows optimal performance in production environments was not found on the java.library.path: [D:\jdk\jdk-14.0.2\bin;C:\WINDOWS\Sun\Java\bin;C:\WINDOWS\system32;C:\WINDOWS;D:\Xshell\;D:\Xftp\;C:\WINDOWS\System32\WindowsPowerShell\v1.0\;C:\Program Files (x86)\Intel\iCLS Client\;C:\Program Files\Intel\iCLS Client\;C:\Windows\system32;C:\Windows;C:\Windows\System32\Wbem;C:\WINDOWS\system32;C:\WINDOWS;C:\WINDOWS\System32\Wbem;C:\Windows\System32\WindowsPowerShell\v1.0\;C:\Program Files\Common Files\Autodesk Shared\;C:\WINDOWS\System32\OpenSSH\;C:\Program Files (x86)\Intel\Intel(R) Management Engine Components\DAL;C:\Program Files\Intel\Intel(R) Management Engine Components\DAL;C:\Program Files (x86)\Intel\Intel(R) Management Engine Components\IPT;C:\Program Files\Intel\Intel(R) Management Engine Components\IPT;C:\Program Files\Intel\WiFi\bin\;C:\Program Files\Common Files\Intel\WirelessCommon\;C:\Program Files\Microsoft SQL Server\120\Tools\Binn\;C:\Program Files\dotnet\;C:\Program Files\Microsoft SQL Server\130\Tools\Binn\;D:\maven\apache-maven-3.6.1\bin;C:\Program Files\NVIDIA Corporation\NVIDIA NvDLISR;C:\ProgramData\chocolatey\bin;D:\nodejs\;D:\gradle\gradle-6.4\bin;D:\golang\bin;C:\WINDOWS\system32;C:\WINDOWS;C:\WINDOWS\System32\Wbem;C:\WINDOWS\System32\WindowsPowerShell\v1.0\;C:\WINDOWS\System32\OpenSSH\;D:\vagrant\bin;D:\packer_1.6.2_windows_amd64;D:\mysql\mysql-8.0.17-winx64\bin;D:\jdk\jdk-14.0.2\bin;D:\rabbitmq\erl-23.1\bin;D:\minikube;D:\git_lfs\Git LFS;D:\git\Git\cmd;C:\Program Files (x86)\gnupg\bin;C:\Users\82341\AppData\Local\Programs\Python\Python38\Scripts\;C:\Users\82341\AppData\Local\Programs\Python\Python38\;E:\c++\Tools\WinNT;E:\c++\MSDev98\Bin;E:\c++\Tools;E:\VC98\bin;C:\Users\82341\AppData\Local\Microsoft\WindowsApps;C:\Users\82341\AppData\Roaming\npm;C:\Users\82341\go\bin;.]

2020-12-23 16:35:17,106 INFO Initializing Spring embedded WebApplicationContext

2020-12-23 16:35:17,106 INFO Root WebApplicationContext: initialization completed in 7399 ms

2020-12-23 16:35:18,369 WARN HikariPool-1 - idleTimeout has been set but has no effect because the pool is operating as a fixed size pool.

2020-12-23 16:35:18,370 INFO HikariPool-1 - Starting...

2020-12-23 16:35:18,401 WARN Registered driver with driverClassName=org.apache.derby.jdbc.EmbeddedDriver was not found, trying direct instantiation.

2020-12-23 16:35:19,594 INFO HikariPool-1 - Driver does not support get/set network timeout for connections. (Feature not implemented: No details.)

2020-12-23 16:35:19,599 INFO HikariPool-1 - Start completed.

2020-12-23 16:35:22,735 INFO Nacos-related cluster resource initialization

2020-12-23 16:35:22,779 INFO The cluster resource is initialized

2020-12-23 16:35:24,122 INFO Reflections took 434 ms to scan 1 urls, producing 6 keys and 24 values 

2020-12-23 16:35:24,171 INFO Reflections took 5 ms to scan 1 urls, producing 2 keys and 12 values 

2020-12-23 16:35:24,183 INFO Reflections took 8 ms to scan 1 urls, producing 3 keys and 15 values 

2020-12-23 16:35:26,268 INFO Initializing ExecutorService 'applicationTaskExecutor'

2020-12-23 16:35:26,490 INFO Adding welcome page: class path resource [static/index.html]

2020-12-23 16:35:27,044 INFO Creating filter chain: Ant [pattern='/**'], []

2020-12-23 16:35:27,087 INFO Creating filter chain: any request, [org.springframework.security.web.context.request.async.WebAsyncManagerIntegrationFilter@79d82f66, org.springframework.security.web.context.SecurityContextPersistenceFilter@2b1cd7bc, org.springframework.security.web.header.HeaderWriterFilter@4eb9f2af, org.springframework.security.web.csrf.CsrfFilter@e111c7c, org.springframework.security.web.authentication.logout.LogoutFilter@6c479fdf, org.springframework.security.web.savedrequest.RequestCacheAwareFilter@2e32fc22, org.springframework.security.web.servletapi.SecurityContextHolderAwareRequestFilter@712c5463, org.springframework.security.web.authentication.AnonymousAuthenticationFilter@19b206ee, org.springframework.security.web.session.SessionManagementFilter@479b5066, org.springframework.security.web.access.ExceptionTranslationFilter@1682c08c]

2020-12-23 16:35:27,210 INFO Exposing 2 endpoint(s) beneath base path '/actuator'

2020-12-23 16:35:27,241 INFO Initializing ExecutorService 'taskScheduler'

2020-12-23 16:35:27,419 INFO Tomcat started on port(s): 8848 (http) with context path '/nacos'

2020-12-23 16:35:27,426 INFO Started Nacos in 21.892 seconds (JVM running for 24.106)

2020-12-23 16:35:27,426 INFO Nacos Log files: D:\workspace_for_idea\谷粒学院\nacos-server-1.3.1\nacos\logs

2020-12-23 16:35:27,458 INFO Nacos Log files: D:\workspace_for_idea\谷粒学院\nacos-server-1.3.1\nacos\conf

2020-12-23 16:35:27,459 INFO Nacos Log files: D:\workspace_for_idea\谷粒学院\nacos-server-1.3.1\nacos\data

2020-12-23 16:35:27,461 INFO Nacos started successfully in stand alone mode. use embedded storage

2020-12-23 16:35:30,074 INFO Initializing Spring DispatcherServlet 'dispatcherServlet'

2020-12-23 16:35:30,074 INFO Initializing Servlet 'dispatcherServlet'

2020-12-23 16:35:30,082 INFO Completed initialization in 7 ms

2020-12-23 16:45:24,602 INFO [capacityManagement] start correct usage

2020-12-23 16:45:24,684 INFO [capacityManagement] end correct usage, cost: 0s

2020-12-23 16:45:25,208 WARN clearConfigHistory start

2020-12-23 16:55:24,694 INFO [capacityManagement] start correct usage

2020-12-23 16:55:24,694 INFO [capacityManagement] end correct usage, cost: 0s

2020-12-23 16:55:25,253 WARN clearConfigHistory start

2020-12-23 17:01:33,601 WARN [HttpClientManager] Start destroying HttpClient

2020-12-23 17:01:33,601 WARN [ThreadPoolManager] Start destroying ThreadPool

2020-12-23 17:01:33,601 WARN [NotifyCenter] Start destroying Publisher

2020-12-23 17:01:33,602 WARN [NotifyCenter] Destruction of the end

2020-12-23 17:01:33,603 WARN [HttpClientManager] Destruction of the end

2020-12-23 17:01:33,606 INFO Shutting down ExecutorService 'taskScheduler'

2020-12-23 17:01:33,607 INFO Shutting down ExecutorService 'applicationTaskExecutor'

2020-12-23 17:01:49,284 INFO Starting Nacos v1.3.1 on bash with PID 1672 (D:\workspace_for_idea\谷粒学院\nacos-server-1.3.1\nacos\target\nacos-server.jar started by 82341 in D:\workspace_for_idea\谷粒学院\nacos-server-1.3.1\nacos\bin)

2020-12-23 17:01:49,285 INFO The following profiles are active: standalone

2020-12-23 17:01:52,919 INFO Bean 'org.springframework.security.config.annotation.configuration.ObjectPostProcessorConfiguration' of type [org.springframework.security.config.annotation.configuration.ObjectPostProcessorConfiguration$$EnhancerBySpringCGLIB$$5c0ea8ae] is not eligible for getting processed by all BeanPostProcessors (for example: not eligible for auto-proxying)

2020-12-23 17:01:52,998 INFO Bean 'objectPostProcessor' of type [org.springframework.security.config.annotation.configuration.AutowireBeanFactoryObjectPostProcessor] is not eligible for getting processed by all BeanPostProcessors (for example: not eligible for auto-proxying)

2020-12-23 17:01:53,001 INFO Bean 'org.springframework.security.access.expression.method.DefaultMethodSecurityExpressionHandler@245a26e1' of type [org.springframework.security.access.expression.method.DefaultMethodSecurityExpressionHandler] is not eligible for getting processed by all BeanPostProcessors (for example: not eligible for auto-proxying)

2020-12-23 17:01:53,005 INFO Bean 'org.springframework.security.config.annotation.method.configuration.GlobalMethodSecurityConfiguration' of type [org.springframework.security.config.annotation.method.configuration.GlobalMethodSecurityConfiguration$$EnhancerBySpringCGLIB$$80e34b60] is not eligible for getting processed by all BeanPostProcessors (for example: not eligible for auto-proxying)

2020-12-23 17:01:53,011 INFO Bean 'methodSecurityMetadataSource' of type [org.springframework.security.access.method.DelegatingMethodSecurityMetadataSource] is not eligible for getting processed by all BeanPostProcessors (for example: not eligible for auto-proxying)

2020-12-23 17:01:53,664 INFO Tomcat initialized with port(s): 8848 (http)

2020-12-23 17:01:53,710 INFO Starting service [Tomcat]

2020-12-23 17:01:53,710 INFO Starting Servlet Engine: Apache Tomcat/9.0.13

2020-12-23 17:01:53,726 INFO The APR based Apache Tomcat Native library which allows optimal performance in production environments was not found on the java.library.path: [D:\jdk\jdk-14.0.2\bin;C:\WINDOWS\Sun\Java\bin;C:\WINDOWS\system32;C:\WINDOWS;D:\Xshell\;D:\Xftp\;C:\WINDOWS\System32\WindowsPowerShell\v1.0\;C:\Program Files (x86)\Intel\iCLS Client\;C:\Program Files\Intel\iCLS Client\;C:\Windows\system32;C:\Windows;C:\Windows\System32\Wbem;C:\WINDOWS\system32;C:\WINDOWS;C:\WINDOWS\System32\Wbem;C:\Windows\System32\WindowsPowerShell\v1.0\;C:\Program Files\Common Files\Autodesk Shared\;C:\WINDOWS\System32\OpenSSH\;C:\Program Files (x86)\Intel\Intel(R) Management Engine Components\DAL;C:\Program Files\Intel\Intel(R) Management Engine Components\DAL;C:\Program Files (x86)\Intel\Intel(R) Management Engine Components\IPT;C:\Program Files\Intel\Intel(R) Management Engine Components\IPT;C:\Program Files\Intel\WiFi\bin\;C:\Program Files\Common Files\Intel\WirelessCommon\;C:\Program Files\Microsoft SQL Server\120\Tools\Binn\;C:\Program Files\dotnet\;C:\Program Files\Microsoft SQL Server\130\Tools\Binn\;D:\maven\apache-maven-3.6.1\bin;C:\Program Files\NVIDIA Corporation\NVIDIA NvDLISR;C:\ProgramData\chocolatey\bin;D:\nodejs\;D:\gradle\gradle-6.4\bin;D:\golang\bin;C:\WINDOWS\system32;C:\WINDOWS;C:\WINDOWS\System32\Wbem;C:\WINDOWS\System32\WindowsPowerShell\v1.0\;C:\WINDOWS\System32\OpenSSH\;D:\vagrant\bin;D:\packer_1.6.2_windows_amd64;D:\mysql\mysql-8.0.17-winx64\bin;D:\jdk\jdk-14.0.2\bin;D:\rabbitmq\erl-23.1\bin;D:\minikube;D:\git_lfs\Git LFS;D:\git\Git\cmd;C:\Program Files (x86)\gnupg\bin;C:\Users\82341\AppData\Local\Programs\Python\Python38\Scripts\;C:\Users\82341\AppData\Local\Programs\Python\Python38\;E:\c++\Tools\WinNT;E:\c++\MSDev98\Bin;E:\c++\Tools;E:\VC98\bin;C:\Users\82341\AppData\Local\Microsoft\WindowsApps;C:\Users\82341\AppData\Roaming\npm;C:\Users\82341\go\bin;E:\Todo Backup\bin\x64\;.]

2020-12-23 17:01:53,889 INFO Initializing Spring embedded WebApplicationContext

2020-12-23 17:01:53,889 INFO Root WebApplicationContext: initialization completed in 4504 ms

2020-12-23 17:01:54,508 WARN HikariPool-1 - idleTimeout has been set but has no effect because the pool is operating as a fixed size pool.

2020-12-23 17:01:54,508 INFO HikariPool-1 - Starting...

2020-12-23 17:01:54,518 WARN Registered driver with driverClassName=org.apache.derby.jdbc.EmbeddedDriver was not found, trying direct instantiation.

2020-12-23 17:01:55,237 INFO HikariPool-1 - Driver does not support get/set network timeout for connections. (Feature not implemented: No details.)

2020-12-23 17:01:55,240 INFO HikariPool-1 - Start completed.

2020-12-23 17:01:59,337 INFO Nacos-related cluster resource initialization

2020-12-23 17:01:59,347 INFO The cluster resource is initialized

2020-12-23 17:02:00,073 INFO Reflections took 61 ms to scan 1 urls, producing 6 keys and 24 values 

2020-12-23 17:02:00,122 INFO Reflections took 7 ms to scan 1 urls, producing 2 keys and 12 values 

2020-12-23 17:02:00,137 INFO Reflections took 9 ms to scan 1 urls, producing 3 keys and 15 values 

2020-12-23 17:02:01,386 INFO Initializing ExecutorService 'applicationTaskExecutor'

2020-12-23 17:02:01,671 INFO Adding welcome page: class path resource [static/index.html]

2020-12-23 17:02:02,272 INFO Creating filter chain: Ant [pattern='/**'], []

2020-12-23 17:02:02,332 INFO Creating filter chain: any request, [org.springframework.security.web.context.request.async.WebAsyncManagerIntegrationFilter@68d6d775, org.springframework.security.web.context.SecurityContextPersistenceFilter@17e9bc9e, org.springframework.security.web.header.HeaderWriterFilter@6ef60295, org.springframework.security.web.csrf.CsrfFilter@46039a21, org.springframework.security.web.authentication.logout.LogoutFilter@3a6045c6, org.springframework.security.web.savedrequest.RequestCacheAwareFilter@4130955c, org.springframework.security.web.servletapi.SecurityContextHolderAwareRequestFilter@3238e2aa, org.springframework.security.web.authentication.AnonymousAuthenticationFilter@b67cc70, org.springframework.security.web.session.SessionManagementFilter@2b4b96a4, org.springframework.security.web.access.ExceptionTranslationFilter@6d0be7ab]

2020-12-23 17:02:02,525 INFO Exposing 2 endpoint(s) beneath base path '/actuator'

2020-12-23 17:02:02,597 INFO Initializing ExecutorService 'taskScheduler'

2020-12-23 17:02:02,823 INFO Tomcat started on port(s): 8848 (http) with context path '/nacos'

2020-12-23 17:02:02,844 INFO Started Nacos in 15.2 seconds (JVM running for 15.963)

2020-12-23 17:02:02,844 INFO Nacos Log files: D:\workspace_for_idea\谷粒学院\nacos-server-1.3.1\nacos\logs

2020-12-23 17:02:02,850 INFO Nacos Log files: D:\workspace_for_idea\谷粒学院\nacos-server-1.3.1\nacos\conf

2020-12-23 17:02:02,913 INFO Nacos Log files: D:\workspace_for_idea\谷粒学院\nacos-server-1.3.1\nacos\data

2020-12-23 17:02:02,914 INFO Nacos started successfully in stand alone mode. use embedded storage

2020-12-23 17:02:08,669 INFO Initializing Spring DispatcherServlet 'dispatcherServlet'

2020-12-23 17:02:08,669 INFO Initializing Servlet 'dispatcherServlet'

2020-12-23 17:02:08,679 INFO Completed initialization in 9 ms

2020-12-23 17:12:00,396 INFO [capacityManagement] start correct usage

2020-12-23 17:12:00,415 INFO [capacityManagement] end correct usage, cost: 0s

2020-12-23 17:12:00,738 WARN clearConfigHistory start

2020-12-23 17:12:19,149 WARN [HttpClientManager] Start destroying HttpClient

2020-12-23 17:12:19,149 WARN [ThreadPoolManager] Start destroying ThreadPool

2020-12-23 17:12:19,151 WARN [HttpClientManager] Destruction of the end

2020-12-23 17:12:19,149 WARN [NotifyCenter] Start destroying Publisher

2020-12-23 17:12:19,152 WARN [NotifyCenter] Destruction of the end

2020-12-23 17:12:19,152 INFO Shutting down ExecutorService 'taskScheduler'

2020-12-23 17:12:19,157 INFO Shutting down ExecutorService 'applicationTaskExecutor'

2020-12-23 17:12:39,380 WARN [ThreadPoolManager] Destruction of the end

